  ┊ review diff
a/docs/A1_MVP_CUSTOMER_JOURNEY_AND_PAGE_FLOW.md → b/docs/A1_MVP_CUSTOMER_JOURNEY_AND_PAGE_FLOW.md
@@ -0,0 +1,533 @@
+# Adipoli German A1 MVP — Customer Journey and Page Flow
+
+Updated: 2026-06-02 10:40 CEST
+
+This is a concrete product artifact, not a strategy essay. Use it to design, QA, and cut screens from the customer’s point of view.
+
+## 1. Customer promise in plain words
+
+Adipoli German helps a Malayali adult beginner go from zero German to Goethe A1 readiness without guessing what to study next.
+
+The customer buys:
+
+- a guided A1 video course, not a content library;
+- Malayalam/Manglish-friendly teaching, but serious German outcomes;
+- phone-first daily lessons with one obvious next action;
+- listening, speaking, reading, and writing practice after each teaching block;
+- closed checkpoints that diagnose weak skills;
+- exact recovery tasks before moving on;
+- optional score-booster resources for higher marks.
+
+Plain sales line:
+
+> Start from Kerala. Follow a guided A1 path. Watch, listen, speak, write, get checked, fix weaknesses, and become ready for Goethe A1.
+
+What it must not promise:
+
+- “play games to learn German”; games are later/remediation only;
+- “AI tutor magic”; AI is optional support, not the product promise;
+- “browse 20 resources”; the app prescribes exactly what to do;
+- “fluent German”; the target is honest Goethe A1 readiness.
+
+## 2. First-page experience for a cold user
+
+Route reality today:
+
+- `/` is the first page a cold app user sees.
+- `/intro` exists as a focused first-moment page.
+- `/learn` is already a focused command center with the old lesson map hidden.
+- Mission routes such as `/missions/module-1/greet-frau-weber` and Module 2 routes are the current best proof of the scene-first direction.
+
+MVP decision:
+
+- Treat `/` as Page 1.
+- Page 1 must introduce the course enough to build trust, then immediately lead into a real German moment.
+- Do not make cold users read a course plan before hearing/saying German.
+- Do not show dashboards, games, old lesson queues, search, streaks, or broad roadmap on first touch.
+
+Cold-user Page 1 must show, above the fold on a phone:
+
+1. Brand/course identity: `Adipoli German · A1`.
+2. One promise: `German for Malayalis. Goethe A1 with Kerala context.`
+3. One tiny scene preview:
+   - Frau Weber: `Guten Morgen.`
+   - You: `Guten Morgen, Frau Weber.`
+4. One CTA: `Start listening`.
+5. One adult-safe visual: Kerala classroom / Goethe Kochi practice / learner scene.
+
+Cold-user Page 1 must not show:
+
+- module roadmaps;
+- “features” grids;
+- game tiles;
+- pricing pressure before the first taste;
+- Kuttan mascot chatter unless it clarifies the task;
+- long Manglish comedy copy;
+- generic Germany stock imagery;
+- more than one primary CTA.
+
+First 10-second customer script:
+
+> “This is a Malayali-focused A1 course. I can start by hearing one real line and answering it. I know exactly what to tap.”
+
+## 3. Onboarding path
+
+Onboarding should happen in two phases: taste first, setup second.
+
+### Phase A — first win before setup
+
… omitted 455 diff line(s) across 1 additional file(s)/section(s)
  ┊ review diff
a//shared/german-course/docs/README.md → b//shared/german-course/docs/README.md
@@ -24,10 +24,11 @@
 Only load deeper docs when the task needs them.
 
 1. [`COURSE_OPERATING_BRIEF_2026-05-19.md`](COURSE_OPERATING_BRIEF_2026-05-19.md) — source of truth.
-2. [`WHOLE_COURSE_MISSION_SPINE_2026-05-20.md`](WHOLE_COURSE_MISSION_SPINE_2026-05-20.md) — module/mission arc.
-3. [`PRODUCT_DIRECTION_RESET_2026-05-20.md`](PRODUCT_DIRECTION_RESET_2026-05-20.md) — why the app must be guided missions, not dashboard/game clutter.
-4. [`PREMIUM_QUALITY_BAR_AND_ANTI_HALLUCINATION_PROTOCOL_2026-05-21.md`](PREMIUM_QUALITY_BAR_AND_ANTI_HALLUCINATION_PROTOCOL_2026-05-21.md) — PASS/WEAK/FAIL evidence gates.
-5. [`AUTONOMOUS_EXECUTION_PLAN_2026-05-21.md`](AUTONOMOUS_EXECUTION_PLAN_2026-05-21.md) — what the agent may do without babysitting.
+2. [`A1_MVP_CUSTOMER_JOURNEY_AND_PAGE_FLOW.md`](A1_MVP_CUSTOMER_JOURNEY_AND_PAGE_FLOW.md) — concrete customer-facing page flow, MVP page list, low-text UX rules, and customer PASS/WEAK/FAIL gate.
+3. [`WHOLE_COURSE_MISSION_SPINE_2026-05-20.md`](WHOLE_COURSE_MISSION_SPINE_2026-05-20.md) — module/mission arc.
+4. [`PRODUCT_DIRECTION_RESET_2026-05-20.md`](PRODUCT_DIRECTION_RESET_2026-05-20.md) — why the app must be guided missions, not dashboard/game clutter.
+5. [`PREMIUM_QUALITY_BAR_AND_ANTI_HALLUCINATION_PROTOCOL_2026-05-21.md`](PREMIUM_QUALITY_BAR_AND_ANTI_HALLUCINATION_PROTOCOL_2026-05-21.md) — PASS/WEAK/FAIL evidence gates.
+6. [`AUTONOMOUS_EXECUTION_PLAN_2026-05-21.md`](AUTONOMOUS_EXECUTION_PLAN_2026-05-21.md) — what the agent may do without babysitting.
 
 ## Task-specific references
 
  ┊ review diff
a/GermanCourse_QC/a1-mvp-course-design-latest.md → b/GermanCourse_QC/a1-mvp-course-design-latest.md
@@ -0,0 +1,37 @@
+# A1 MVP course design — latest status
+
+Updated: 2026-06-02 10:40 CEST
+
+## Scope completed
+
+Designed the Adipoli German A1 MVP from the customer’s first touch onward: cold Page 1, first mission taste, post-win onboarding, phone-first course flow, video/practice/checkpoint/recovery/score-booster placement, MVP vs later pages, low-text UX budgets, and customer PASS/WEAK/FAIL gates.
+
+## Files changed
+
+- `docs/A1_MVP_CUSTOMER_JOURNEY_AND_PAGE_FLOW.md`
+  - Created as the active concrete customer-journey/page-flow artifact.
+  - Covers customer promise, first-page experience, onboarding path, phone-first flow, placement of video/practice/checkpoints/recovery/score boosters, MVP vs later pages, exact low-text UX rules, and customer PASS/WEAK/FAIL gate.
+  - Anchors current route reality: `/` as Page 1, `/intro` as optional first-moment page, `/learn` as command center, mission routes as the scene-first proof path.
+
+- `docs/README.md`
+  - Patched the Active build stack so `A1_MVP_CUSTOMER_JOURNEY_AND_PAGE_FLOW.md` is listed as an active concrete artifact, not another strategy doc.
+
+- `GermanCourse_QC/a1-mvp-course-design-latest.md`
+  - Added this status note.
+
+## Next phase
+
+Build one vertical course slice against the new flow, not another planning doc:
+
+1. Pick Module 1 first greeting or Module 2 self-introduction.
+2. Create one presenter-ready video outline/script.
+3. Add the post-video practice set.
+4. Add one closed mini-check.
+5. Add exact recovery prescriptions and one score-booster task.
+6. Browser/phone-QA it against the low-text and customer PASS/WEAK/FAIL gates.
+
+## Current quality call
+
+PASS as a design artifact: it is concrete enough to drive page and route work.
+
+Not yet PASS as product implementation: the next phase must prove the flow in an actual video → practice → checkpoint → recovery slice.
Done.

Changed:
- `/shared/german-course/docs/A1_MVP_CUSTOMER_JOURNEY_AND_PAGE_FLOW.md`
  - Created the concrete customer journey/page-flow artifact.
  - Covers promise, cold first page, onboarding, phone-first flow, video/practice/checkpoint/recovery/score-booster placement, MVP vs later pages, low-text UX budgets, and PASS/WEAK/FAIL gate.

- `/shared/german-course/docs/README.md`
  - Added the new file to the Active build stack as a concrete artifact, not a strategy doc.

- `/shared/german-course/GermanCourse_QC/a1-mvp-course-design-latest.md`
  - Added status note with files changed and next phase.

Verified:
- Read back the new doc headings and required sections.
- Read back README active-stack patch.
- Read back QC latest note.
- No commit, push, deploy, deletion, or paid media/API work.

Next: build the Module 1 first-greeting vertical slice, 60m — start there?

session_id: 20260602_103939_590b0c
