  ┊ review diff
a//shared/german-course/src/app/learn/[moduleId]/page.tsx → b//shared/german-course/src/app/learn/[moduleId]/page.tsx
@@ -333,7 +333,10 @@
                 className="mt-5 block md:mt-0"
                 aria-hidden="true"
               >
-                <KeralaClassroomScene className="h-32 shadow-[0_18px_48px_-32px_rgba(0,0,0,0.95)] md:h-auto md:shadow-[0_28px_70px_-44px_rgba(0,0,0,0.95)]" />
+                <KeralaClassroomScene
+                  variant={isModule1 ? 'ai-study' : 'abstract'}
+                  className="h-32 shadow-[0_18px_48px_-32px_rgba(0,0,0,0.95)] md:h-auto md:shadow-[0_28px_70px_-44px_rgba(0,0,0,0.95)]"
+                />
               </motion.div>
             ) : (
               <motion.div
  ┊ review diff
a//shared/german-course/scripts/qa_intro_start_path.mjs → b//shared/german-course/scripts/qa_intro_start_path.mjs
@@ -264,6 +264,7 @@
   assert(!state.text.includes('Greet Frau Weber without freezing'), 'Module 1 landing should not lead with an abstract mission title', { text: state.text.slice(0, 900) });
   assert(state.text.includes('Guten Morgen, Frau Weber. Ich lerne Deutsch.'), 'Module 1 landing phrase preview missing', { text: state.text.slice(0, 900) });
   assert(state.classroomSceneVisible, 'Module 1 landing should show the two-person classroom scene on mobile', state);
+  assert(state.sceneVariants.length === 1 && state.sceneVariants[0] === 'ai-study', 'Module 1 landing should use the adult-safe AI study visual as scene support, not the abstract placeholder', state);
   assert(!state.text.includes('Open a classroom moment.'), 'Module 1 landing should not use generic dashboard headline', { text: state.text.slice(0, 900) });
   assert(!state.text.includes('Next output'), 'Module 1 landing should not expose duplicated product labels', { text: state.text.slice(0, 900) });
   assert(!state.text.includes('Three short classroom wins'), 'Module 1 landing should keep progress copy compact', { text: state.text.slice(0, 900) });
  ┊ review diff
a//shared/german-course/scripts/qa_mission_pilot.py → b//shared/german-course/scripts/qa_mission_pilot.py
@@ -813,6 +813,7 @@
             "Module 1 mission progress",
             "Module 1 complete; Module 2 speaking is ready",
             "KeralaClassroomScene",
+            "variant={isModule1 ? 'ai-study' : 'abstract'}",
             "Frau Weber speaks. You answer.",
             "Examiner speaks. You answer.",
             "module1SceneLine",
  ┊ review diff
a//shared/german-course/scripts/qa_mission_pilot.py → b//shared/german-course/scripts/qa_mission_pilot.py
@@ -1385,7 +1385,7 @@
         "toLowerCase().includes('start listening')",
         "window.location.pathname === '/missions/module-1/greet-frau-weber'",
         "/missions/module-1/greet-frau-weber",
-        "Module 1 landing should lead with the spoken scene line",
+        "Module 1 landing should use the adult-safe AI study visual as scene support, not the abstract placeholder",
         "Module 1 landing primary CTA should jump straight to listening",
         "Open a classroom moment.",
         "Next output",
  ┊ review diff
a//shared/german-course/scripts/qa_mission_pilot.py → b//shared/german-course/scripts/qa_mission_pilot.py
@@ -1385,6 +1385,7 @@
         "toLowerCase().includes('start listening')",
         "window.location.pathname === '/missions/module-1/greet-frau-weber'",
         "/missions/module-1/greet-frau-weber",
+        "Module 1 landing should lead with the spoken scene line",
         "Module 1 landing should use the adult-safe AI study visual as scene support, not the abstract placeholder",
         "Module 1 landing primary CTA should jump straight to listening",
         "Open a classroom moment.",
  ┊ review diff
a//shared/german-course/src/app/learn/[moduleId]/page.tsx → b//shared/german-course/src/app/learn/[moduleId]/page.tsx
@@ -335,7 +335,7 @@
               >
                 <KeralaClassroomScene
                   variant={isModule1 ? 'ai-study' : 'abstract'}
-                  className="h-32 shadow-[0_18px_48px_-32px_rgba(0,0,0,0.95)] md:h-auto md:shadow-[0_28px_70px_-44px_rgba(0,0,0,0.95)]"
+                  className="h-32 shadow-[0_18px_48px_-32px_rgba(0,0,0,0.95)] md:h-48 lg:h-56 md:shadow-[0_28px_70px_-44px_rgba(0,0,0,0.95)]"
                 />
               </motion.div>
             ) : (
  ┊ review diff
a//shared/german-course/GermanCourse_QC/adipoli-6h-start-to-module1-checkpoint.md → b//shared/german-course/GermanCourse_QC/adipoli-6h-start-to-module1-checkpoint.md
@@ -300,3 +300,53 @@
 ?? scripts/qa_module2_production_mobile.mjs
 ?? scripts/render-video.ts
 
+## Iteration 2 — 2026-06-02T00:00:35+02:00
+
+- Course-soul docs/source inspected:
+  - `docs/COURSE_OPERATING_BRIEF_2026-05-19.md`
+  - `docs/PRODUCT_DIRECTION_RESET_2026-05-20.md`
+  - `docs/WHOLE_COURSE_MISSION_SPINE_2026-05-20.md`
+  - `docs/PREMIUM_QUALITY_BAR_AND_ANTI_HALLUCINATION_PROTOCOL_2026-05-21.md`
+  - `src/lib/missions/module1.ts`
+  - `src/app/page.tsx`
+  - `src/app/learn/[moduleId]/page.tsx`
+  - `src/app/missions/module-1/greet-frau-weber/page.tsx`
+  - `src/app/missions/module-1/please-thanks/page.tsx`
+  - `src/app/missions/module-1/polite-exit/page.tsx`
+  - `src/app/missions/module-2/_components/MissionUI.tsx`
+  - `scripts/qa_intro_start_path.mjs`
+  - `scripts/qa_mission_pilot.py`
+- Files changed:
+  - `src/app/learn/[moduleId]/page.tsx`
+  - `scripts/qa_intro_start_path.mjs`
+  - `scripts/qa_mission_pilot.py`
+  - `GermanCourse_QC/adipoli-6h-start-to-module1-checkpoint.md`
+- Visible text/UX cuts made:
+  - No new copy or screen added.
+  - Replaced the abstract `/learn/1` support illustration with the existing adult-safe AI study scene so the Module 1 landing feels like the same classroom moment as `/`, not a placeholder/dashboard card.
+  - Fixed the AI scene height on desktop after visual QA showed the image collapsed into a blurred background.
+  - Added QA guards so `/learn/1` must keep the route-scoped AI study visual and not regress to the abstract placeholder.
+- Module 1 journey status:
+  - `/` still opens with one compact German scene preview and routes directly to `/missions/module-1/greet-frau-weber?start=listen`.
+  - `/learn/1` now shows: `Guten Morgen.` + one output preview + one `Start listening` CTA + adult classroom visual.
+  - All three Module 1 mission routes remain one-screen, audio-gated, speak-then-repair flows with inline wins and next-scene handoff.
+- Images/audio/animation work done or intentionally skipped:
+  - Image work: reused existing `/images/adipoli-ai/kerala-study-baseline.png` only on `/learn/1`; route-scoped support, no global reskin.
+  - Audio unchanged; QA reverified real MP3 playback/serving through local and Tailscale paths.
+  - Animation unchanged.
+- QA/browser evidence:
+  - `npx tsc --noEmit --pretty false --noErrorTruncation` → PASS.
+  - `node scripts/qa_intro_start_path.mjs` → PASS.
+  - `python3 scripts/qa_mission_pilot.py` → PASS, including M1 mobile routes, audio gates, `/learn/1` start path, local + Tailscale gold-slice checks, and route reachability.
+  - Browser visual QA on `http://127.0.0.1:3000/learn/1` → AI scene visible, supportive, no nav/search clutter, console clean.
+- PASS/WEAK/FAIL against product bar:
+  - Immediate learner action: PASS.
+  - Low text: PASS; no extra learner copy.
+  - Conversation-scene UX: PASS for `/learn/1` launcher; mission routes unchanged and still pass.
+  - Audio evidence: PASS.
+  - Click economy: PASS; no extra tap.
+  - Kerala/Malayali identity: WEAK-to-PASS; stronger visual scene continuity, but Module 1 route copy remains minimally Kerala-specific by design.
+  - Adult-safe visual direction: PASS; route-scoped image support, no mascot/poster/reskin drift.
+- Next best lane:
+  - Inspect the first Module 1 mission audio label/turn model in-browser; decide whether `Your reply` before playback is intuitive enough or should become a clearer role/action label without adding text.
+

session_id: 20260601_235205_223afa
Iteration 2 done and checkpointed.

Changed:
- /shared/german-course/src/app/learn/[moduleId]/page.tsx
- /shared/german-course/scripts/qa_intro_start_path.mjs
- /shared/german-course/scripts/qa_mission_pilot.py
- /shared/german-course/GermanCourse_QC/adipoli-6h-start-to-module1-checkpoint.md

Fix made:
- /learn/1 now uses the existing adult-safe AI study scene instead of the abstract placeholder.
- Fixed desktop height after visual QA caught the image collapsing into background blur.
- Added QA guards so /learn/1 must keep the route-scoped AI scene support.

Verification:
- npx tsc --noEmit --pretty false --noErrorTruncation → PASS
- node scripts/qa_intro_start_path.mjs → PASS
- python3 scripts/qa_mission_pilot.py → PASS
- Browser visual QA on http://127.0.0.1:3000/learn/1 → AI scene visible, CTA clean, no nav/search clutter, console clean.

Product bar:
- Immediate action: PASS
- Low text: PASS
- Conversation-scene UX: PASS for /learn/1 launcher
- Audio evidence: PASS via existing QA
- Click economy: PASS
- Adult-safe visual direction: PASS
- Kerala/Malayali identity: stronger visually, still intentionally minimal in visible copy

Next lane: inspect the first Module 1 mission audio label/turn model — 25m.
