  ⟳ compacting context…
  ┊ review diff
a//shared/german-course/scripts/m1-video-defs.json → b//shared/german-course/scripts/m1-video-defs.json
@@ -119,7 +119,7 @@
       { "text": "Mission three: combine greeting, name, and one answer in a short Goethe-style exchange.", "mood": "waving" },
       { "text": "The opener: Hallo! Wie geht's? \u2014 Hello! How are you?", "german": "Wie geht's?", "mood": "pointing" },
       { "text": "The reply: Gut, danke! Und dir? \u2014 Good, thanks! And you? Ask BACK!", "german": "Und dir?", "mood": "happy" },
-      { "text": "Introduce yourself: Ich hei\u00DFe Kuttan. Und du? Try with your name!", "german": "Ich hei\u00DFe Kuttan.", "mood": "celebrating" }
+      { "text": "Introduce yourself: Ich hei\u00DFe Arun. Und Sie? Try with your real name.", "german": "Ich hei\u00DFe Arun.", "mood": "celebrating" }
     ],
     "vocabCards": [
       { "german": "Wie geht's?", "english": "How's it going?", "malayalam": "sukhamano?", "pronunciation": "vee gayts" },
  ┊ review diff
a//shared/german-course/src/app/missions/module-2/_components/MissionUI.tsx → b//shared/german-course/src/app/missions/module-2/_components/MissionUI.tsx
@@ -1004,16 +1004,20 @@
   promise,
   output,
   note,
+  promises = ['Hear', 'Speak + type', 'Repair'],
   cta,
   onStart,
 }: {
   title: string;
   promise: string;
   output: string;
-  note: string;
+  note?: string;
+  promises?: string[];
   cta: React.ReactNode;
   onStart: () => void;
 }) {
+  const visiblePromises = promises.slice(0, 3);
+
   return (
     <div className="grid gap-5 lg:grid-cols-[1fr_0.72fr] lg:items-center">
       <div>
@@ -1022,9 +1026,16 @@
           {title}
         </h1>
         <p className="mt-4 max-w-xl text-lg font-semibold leading-7 text-[#fff8ea]/72">{promise}</p>
+        <div className="mt-5 flex flex-wrap gap-2" aria-label="Mission promises">
+          {visiblePromises.map((item) => (
+            <span key={item} className="rounded-full border border-[#f1d27a]/25 bg-[#f1d27a]/10 px-3 py-1.5 text-xs font-black text-[#f1d27a]">
+              {item}
+            </span>
+          ))}
+        </div>
         <div className="mt-6 grid gap-3 sm:flex sm:items-center">
           <PrimaryButton onClick={onStart}>{cta}</PrimaryButton>
-          <p className="max-w-md text-sm font-semibold leading-6 text-white/52">{note}</p>
+          {note && <p className="max-w-md text-sm font-semibold leading-6 text-white/52">{note}</p>}
         </div>
       </div>
       <div className="rounded-[1.35rem] border border-white/12 bg-black/18 p-4 sm:p-5">
  ┊ review diff
a//shared/german-course/src/app/missions/module-1/greet-frau-weber/page.tsx → b//shared/german-course/src/app/missions/module-1/greet-frau-weber/page.tsx
@@ -91,7 +91,7 @@
             title="Greet the class."
             promise="Goethe Kochi morning. Frau Weber looks at you. One calm greeting starts the course."
             output="Guten Morgen. Ich lerne Deutsch."
-            note="Tiny start, real output: hear, say, type, repair."
+            promises={['Hear', 'Speak + type', 'Repair trap']}
             cta={<>Start first mission <ArrowRight className="h-5 w-5" /></>}
             onStart={next}
           />
  ┊ review diff
a//shared/german-course/src/app/missions/module-1/please-thanks/page.tsx → b//shared/german-course/src/app/missions/module-1/please-thanks/page.tsx
@@ -91,7 +91,7 @@
             title="Use Danke + Bitte."
             promise="Frau Weber helps you in Goethe Kochi. Answer like an adult, not like a phrase list."
             output="Danke. Bitte."
-            note="Tiny politeness rhythm: hear, choose, say/type, repair."
+            promises={['Hear', 'Choose', 'Speak + type']}
             cta={<>Start danke drill <ArrowRight className="h-5 w-5" /></>}
             onStart={next}
           />
  ┊ review diff
a//shared/german-course/src/app/missions/module-1/polite-exit/page.tsx → b//shared/german-course/src/app/missions/module-1/polite-exit/page.tsx
@@ -91,7 +91,7 @@
             title="Exit politely."
             promise="Goethe Kochi class ends. One clean thank-you and goodbye makes you sound adult."
             output="Vielen Dank. Auf Wiedersehen."
-            note="Hear it, choose it, say/type it, repair the bedtime trap."
+            promises={['Hear', 'Speak + type', 'Repair trap']}
             cta={<>Start polite exit <ArrowRight className="h-5 w-5" /></>}
             onStart={next}
           />
  ┊ review diff
a//shared/german-course/src/app/missions/module-2/spell-name/page.tsx → b//shared/german-course/src/app/missions/module-2/spell-name/page.tsx
@@ -69,7 +69,7 @@
             title="Spell your Kerala name."
             promise="Goethe asks. You answer with German letter names, not English ones."
             output="K-U-T-T-A-N · Ka, U, Te…"
-            note="Catch buchstabieren, then rehearse the spelling aloud."
+            promises={['Catch prompt', 'Spell aloud', 'Repair trap']}
             cta={<>Start spelling mission <ArrowRight className="h-5 w-5" /></>}
             onStart={next}
           />
  ┊ review diff
a//shared/german-course/src/app/missions/module-2/self-intro/page.tsx → b//shared/german-course/src/app/missions/module-2/self-intro/page.tsx
@@ -99,7 +99,7 @@
             title="Introduce yourself."
             promise="Goethe Kochi mock. Kuttan freezes. You build the first clean answer."
             output="Ich heiße … · Ich komme aus …"
-            note="Hear it first, then speak and type it."
+            promises={['Hear model', 'Speak + type', 'Repair trap']}
             cta={<>Start mission <ArrowRight className="h-5 w-5" /></>}
             onStart={next}
           />
  ┊ review diff
a//shared/german-course/src/app/missions/module-2/from-kerala/page.tsx → b//shared/german-course/src/app/missions/module-2/from-kerala/page.tsx
@@ -65,7 +65,7 @@
             title="Say where you are from."
             promise="Answer origin and current city without turning it into a long story."
             output="Ich komme aus Kerala. · Ich wohne in Kochi."
-            note="This is the aus/in trap before Goethe speaking."
+            promises={['Hear question', 'Say origin', 'Fix aus/in']}
             cta={<>Start origin mission <ArrowRight className="h-5 w-5" /></>}
             onStart={next}
           />
  ┊ review diff
a//shared/german-course/src/app/missions/module-2/job-languages/page.tsx → b//shared/german-course/src/app/missions/module-2/job-languages/page.tsx
@@ -65,7 +65,7 @@
             title="Say job and languages."
             promise="Give a short adult profile: profession first, then languages."
             output="Ich bin Student. · Ich spreche Malayalam und Englisch."
-            note="No article after ich bin for simple jobs."
+            promises={['Say job', 'Add languages', 'Fix article']}
             cta={<>Start profile mission <ArrowRight className="h-5 w-5" /></>}
             onStart={next}
           />
  ┊ review diff
a//shared/german-course/src/app/missions/module-2/final-self-intro/page.tsx → b//shared/german-course/src/app/missions/module-2/final-self-intro/page.tsx
@@ -86,7 +86,7 @@
             title="Deliver your self-intro."
             promise="Twenty seconds. One clean Goethe A1 answer across name, origin, job, and languages."
             output="Name · origin · job · languages."
-            note="This is the Module 2 win: say it, type it, then repair one risky mistake."
+            promises={['Say full intro', 'Type it', 'Repair one trap']}
             cta={<>Start final mission <ArrowRight className="h-5 w-5" /></>}
             onStart={next}
           />
  ┊ review diff
a//shared/german-course/scripts/qa_mission_pilot.py → b//shared/german-course/scripts/qa_mission_pilot.py
@@ -179,6 +179,9 @@
         "Goethe A1 speaking win",
         "You will produce",
         "lg:grid-cols-[1fr_0.72fr]",
+        "aria-label=\"Mission promises\"",
+        "promises = ['Hear', 'Speak + type', 'Repair']",
+        "visiblePromises.map",
     ]
     missing_intro_ui = [snippet for snippet in required_intro_ui if snippet not in mission_ui]
     if missing_intro_ui:
  ┊ review diff
a//shared/german-course/scripts/qa_mission_pilot.py → b//shared/german-course/scripts/qa_mission_pilot.py
@@ -195,6 +195,10 @@
         if not m:
             fail(f"could not locate opening step block: {page}")
         block = m.group(1)
+        if "promises={[" not in block:
+            fail(f"opening screen should use 2-3 micro-promise chips instead of explanatory note text: {page}")
+        if "note=\"" in block:
+            fail(f"opening screen reintroduced explanatory note text instead of chips: {page}")
         old_crowding = ["Today’s output", "Mission 2.1", "Mission 2.2", "Mission 2.3", "Mission 2.4", "Mission 2.5"]
         hits = [snippet for snippet in old_crowding if snippet in block]
         if hits:
  ⟳ compacting context…
  ┊ review diff
a//shared/german-course/src/app/missions/module-2/_components/MissionUI.tsx → b//shared/german-course/src/app/missions/module-2/_components/MissionUI.tsx
@@ -354,7 +354,7 @@
   const row = (
     <div
       className={clsx(
-        'fixed bottom-3 left-4 right-4 z-50 mx-auto grid max-w-6xl gap-3 rounded-2xl border border-white/10 bg-[#102018]/92 p-2 shadow-2xl shadow-black/25 backdrop-blur-md sm:flex sm:flex-wrap sm:items-center',
+        'fixed bottom-[max(0.75rem,env(safe-area-inset-bottom))] left-1/2 z-50 mx-auto grid w-[min(calc(100%-1rem),42rem)] -translate-x-1/2 gap-2 rounded-2xl border border-white/10 bg-[#102018]/88 p-2 shadow-xl shadow-black/20 backdrop-blur-md sm:flex sm:flex-wrap sm:items-center sm:justify-center',
         className
       )}
     >
  ┊ review diff
a//shared/german-course/scripts/qa_mission_pilot.py → b//shared/german-course/scripts/qa_mission_pilot.py
@@ -584,10 +584,9 @@
 def assert_mission_mobile_controls() -> None:
     mission_ui = MISSION_UI.read_text(encoding="utf-8")
     required_shared = [
-        "fixed bottom-3 left-4 right-4 z-50 mx-auto grid max-w-6xl gap-3 rounded-2xl border border-white/10 bg-[#102018]/92 p-2",
-        "return mounted ? createPortal(row, document.body) : null;",
-        "backdrop-blur-md sm:flex sm:flex-wrap sm:items-center",
-        "export function SecondaryLink",
+        "fixed bottom-[max(0.75rem,env(safe-area-inset-bottom))] left-1/2",
+        "w-[min(calc(100%-1rem),42rem)] -translate-x-1/2",
+        "bg...[truncated]
         "export function BuilderStep",
         "export function BuilderWordBank",
         "export function BuilderWordButton",
  ┊ review diff
a//shared/german-course/scripts/qa_mission_pilot.py → b//shared/german-course/scripts/qa_mission_pilot.py
@@ -586,7 +586,10 @@
     required_shared = [
         "fixed bottom-[max(0.75rem,env(safe-area-inset-bottom))] left-1/2",
         "w-[min(calc(100%-1rem),42rem)] -translate-x-1/2",
-        "bg...[truncated]
+        "bg-[#102018]/88 p-2 shadow-xl",
+        "return mounted ? createPortal(row, document.body) : null;",
+        "backdrop-blur-md sm:flex sm:flex-wrap sm:items-center sm:justify-center",
+        "export function SecondaryLink",
         "export function BuilderStep",
         "export function BuilderWordBank",
         "export function BuilderWordButton",

session_id: 20260523_062253_dc647e
Iteration 16 complete.

Changed:
- src/app/missions/module-2/_components/MissionUI.tsx
- src/app/missions/module-1/greet-frau-weber/page.tsx
- src/app/missions/module-1/please-thanks/page.tsx
- src/app/missions/module-1/polite-exit/page.tsx
- src/app/missions/module-2/self-intro/page.tsx
- src/app/missions/module-2/spell-name/page.tsx
- src/app/missions/module-2/from-kerala/page.tsx
- src/app/missions/module-2/job-languages/page.tsx
- src/app/missions/module-2/final-self-intro/page.tsx
- scripts/m1-video-defs.json
- scripts/qa_mission_pilot.py
- GermanCourse_QC/adipoli-6h-uiux-m1-m2-checkpoint.md

What improved:
- Replaced explanatory mission-intro note sentences across M1/M2 with compact 2–3 chip promises:
  - Hear
  - Speak + type
  - Repair trap
- Tightened the fixed bottom mission action rail so it is no longer a giant dark full-width overlay:
  - centered
  - max 42rem
  - safe-area aware
  - lighter shadow/background
- Updated M1 video basis sample from “Ich heiße Kuttan” to adult-safe “Ich heiße Arun” without global renaming.
- Extended QA guard so mission intro pages cannot silently reintroduce explanatory note text instead of micro-promise chips.

Verification:
- PASS targeted ESLint on changed mission files + shared MissionUI.
- PASS JSON validation for M1/M2 video defs.
- PASS python3 -m py_compile scripts/qa_mission_pilot.py.
- PASS python3 scripts/qa_mission_pilot.py.
- PASS curl HTTP 200:
  - /
  - /intro
  - /learn
  - /learn/1
  - /learn/2
  - /missions/module-1/greet-frau-weber
  - /missions/module-2/self-intro
- PASS browser/QA route flow:
  - /intro → /learn → first M1 mission
  - direct-final sequence status checks
  - route reachability
  - audio-backed mission gates
- WEAK app-wide lint still fails inherited noisy files outside this lane; targeted changed-file lint is clean.

Note:
- Existing dev server had hung; I restarted it and verified local routes on 0.0.0.0:3000 / 127.0.0.1:3000.
- Browser harness showed a Next dev-tools recoverable hydration warning once, but Puppeteer mission QA passed without console blocker.

Checkpoint appended:
- /shared/german-course/GermanCourse_QC/adipoli-6h-uiux-m1-m2-checkpoint.md

Name recommendation:
- Keep “Kuttan” as home/family nickname flavor.
- Use Arun or Kiran for adult public learner examples.
- No global rename without Boss approval.
