  ┊ review diff
a//shared/german-course/src/app/missions/module-2/_components/MissionUI.tsx → b//shared/german-course/src/app/missions/module-2/_components/MissionUI.tsx
@@ -1052,6 +1052,7 @@
   onContinue,
   continueDisabled,
   turnCue = 'Your turn.',
+  requireTyped = true,
 }: {
   title: string;
   prompt: React.ReactNode;
@@ -1070,14 +1071,17 @@
   onContinue: () => void;
   continueDisabled: boolean;
   turnCue?: string;
+  requireTyped?: boolean;
 }) {
   const [modelAudioFinished, setModelAudioFinished] = useState(false);
+  const primaryDisabled = !modelAudioFinished || (requireTyped && continueDisabled);
 
   return (
     <div
       className="grid gap-6 lg:grid-cols-[0.85fr_1fr] lg:items-center"
       data-testid="speak-write-step"
       data-model-audio-finished={modelAudioFinished ? 'true' : 'false'}
+      data-typing-required={requireTyped ? 'true' : 'false'}
     >
       <div data-testid="immersive-reply-step" data-model-audio-finished={modelAudioFinished ? 'true' : 'false'}>
         <Mic className="mb-4 h-11 w-11 text-[#f1d27a]" />
  ┊ review diff
a//shared/german-course/src/app/missions/module-2/_components/MissionUI.tsx → b//shared/german-course/src/app/missions/module-2/_components/MissionUI.tsx
@@ -1113,6 +1113,11 @@
       <div data-testid="tiny-write-step">
         <PenLine className="mb-4 h-11 w-11 text-[#f1d27a]" />
         <label htmlFor={inputId} className="sr-only">{label}</label>
+        {!requireTyped && (
+          <p className="mb-3 text-sm font-semibold text-white/52">
+            Optional anchor. Speak first.
+          </p>
+        )}
         <input
           id={inputId}
           value={value}
@@ -1121,6 +1126,7 @@
           disabled={!modelAudioFinished}
           data-testid="tiny-write-input"
           data-typing-locked={modelAudioFinished ? 'false' : 'true'}
+          aria-required={requireTyped}
           className={clsx(
             'w-full rounded-[1.35rem] border px-5 py-4 text-xl font-black text-white outline-none ring-[#f1d27a]/35 placeholder:text-white/30 focus:border-[#f1d27a]/50 focus:ring-4',
             modelAudioFinished
@@ -1129,13 +1135,17 @@
           )}
         />
         <p className="sr-only" aria-live="polite">
-          {modelAudioFinished ? 'Say it once, then write the short anchor line.' : 'Writing unlocks after the model audio finishes.'}
+          {modelAudioFinished
+            ? requireTyped
+              ? 'Say it once, then write the short anchor line.'
+              : 'Say it once. The short written anchor is optional on this pass.'
+            : 'Writing unlocks after the model audio finishes.'}
         </p>
         {value && !isStrong && <p className="mt-3 text-sm font-semibold text-[#ffc9c2]">{weakFeedback}</p>}
         {isStrong && <p className="mt-3 rounded-2xl bg-[#3fbf75]/14 p-4 font-semibold text-[#bcf7d0]">{strongFeedback}</p>}
       </div>
       <ActionRow className="lg:col-span-2">
-        <PrimaryButton onClick={onContinue} disabled={!modelAudioFinished || continueDisabled}>{cta}</PrimaryButton>
+        <PrimaryButton onClick={onContinue} disabled={primaryDisabled}>{cta}</PrimaryButton>
       </ActionRow>
     </div>
   );
  ┊ review diff
a//shared/german-course/src/app/missions/module-1/greet-frau-weber/page.tsx → b//shared/german-course/src/app/missions/module-1/greet-frau-weber/page.tsx
@@ -121,8 +121,8 @@
 
         {step === 3 && (
           <SpeakWriteStep
-            title="Answer, then anchor it."
-            prompt="Hear the model once. Say the full line. Type only the opener."
+            title="Answer aloud."
+            prompt="Hear the model once. Say the full line. Optional: write the opener."
             audioSrc={audioSources.formalOpener}
             audioLabel="Reply model"
             modelText="Guten Morgen, Frau Weber. Ich lerne Deutsch."
@@ -132,12 +132,13 @@
             onChange={setTypedAnswer}
             placeholder="Guten Morgen"
             isStrong={typedIsStrong}
-            weakFeedback={<>Type the tiny anchor: <i>Guten Morgen</i>.</>}
+            weakFeedback={<>If you write it, use: <i>Guten Morgen</i>.</>}
             strongFeedback="Good."
             cta={<>Repair the trap <ArrowRight className="h-5 w-5" /></>}
             onContinue={next}
             continueDisabled={!canContinue}
             turnCue="Your turn."
+            requireTyped={false}
           />
         )}
 
  ┊ review diff
a//shared/german-course/src/app/missions/module-2/self-intro/page.tsx → b//shared/german-course/src/app/missions/module-2/self-intro/page.tsx
@@ -127,23 +127,24 @@
 
         {step === 3 && (
           <SpeakWriteStep
-            title="Say it, then type it."
-            prompt="Frau Weber asks. Listen first, answer aloud, then write only your name line."
+            title="Answer aloud."
+            prompt="Frau Weber asks. Listen, say your answer, then write the name line only if useful."
             audioSrc={audioSources.modelIntroShort}
             audioLabel="Reply model"
             modelText="Ich heiße Kuttan. Ich komme aus Kerala."
             inputId="typed-intro"
-            label="Your answer"
+            label="Optional name anchor"
             value={typedAnswer}
             onChange={setTypedAnswer}
             placeholder="Ich heiße ..."
             isStrong={typedIsStrong}
-            weakFeedback={<>Use <i>Ich heiße…</i>.</>}
-            strongFeedback="Good. Short written output, spoken answer first."
+            weakFeedback={<>If you write it, use <i>Ich heiße…</i>.</>}
+            strongFeedback="Good. Short written anchor saved."
             cta={<>Repair common mistake <ArrowRight className="h-5 w-5" /></>}
             onContinue={next}
             continueDisabled={!canContinue}
             turnCue="Your turn."
+            requireTyped={false}
           />
         )}
 
  ┊ review diff
a//shared/german-course/scripts/qa_mission_pilot.py → b//shared/german-course/scripts/qa_mission_pilot.py
@@ -798,13 +798,14 @@
     greet_src = MODULE1_MISSION_PAGE.read_text(encoding="utf-8")
     tiny_anchor_required = [
         "typedNormalized.includes('guten morgen');",
-        "Say the full line. Type only the opener.",
+        "Optional: write the opener.",
         "placeholder=\"Guten Morgen\"",
         "Tiny anchor",
+        "requireTyped={false}",
     ]
     missing_tiny_anchor = [snippet for snippet in tiny_anchor_required if snippet not in greet_src]
     if missing_tiny_anchor:
-        fail(f"Module 1 first mission must keep phone typing to a tiny opener anchor: {missing_tiny_anchor}")
+        fail(f"Module 1 first mission must keep phone typing to an optional tiny opener anchor: {missing_tiny_anchor}")
     print("module1_mission_sequence_path=ok")
 
 
  ⟳ compacting context…
  ┊ review diff
a//shared/german-course/scripts/qa_mission_pilot.py → b//shared/german-course/scripts/qa_mission_pilot.py
@@ -644,11 +644,14 @@
         "answer: 'Your name?',",
         "src={currentQuestionReference.audio}",
         "label=\"Question\"",
+        "Optional name anchor",
+        "write the name line only if useful",
+        "requireTyped={false}",
     ]
     missing = [snippet for snippet in required if snippet not in src]
     if missing:
-        fail(f"self-intro recognition step lost compact current-question reference: {missing}")
-    print("self_intro_recognition_reference=focused")
+        fail(f"self-intro recognition/production step lost compact optional-anchor behavior: {missing}")
+    print("self_intro_recognition_reference=focused optional_anchor=ok")
 
 
 def assert_module1_first_mission_path() -> None:

session_id: 20260530_204418_580e3a
Iteration 13 done.

Changed:
- `src/app/missions/module-2/_components/MissionUI.tsx`
  - Added `requireTyped?: boolean` to `SpeakWriteStep`.
  - Default stays `true`.
  - Optional mode still gates progression on model-audio completion, but no longer forces typing.
  - Shows “Optional anchor. Speak first.” instead of making phone typing the main task.

- `src/app/missions/module-1/greet-frau-weber/page.tsx`
  - First M1 production moment is now “Answer aloud.”
  - Tiny `Guten Morgen` writing is optional support, not a progression gate.

- `src/app/missions/module-2/self-intro/page.tsx`
  - M2 self-intro now uses optional name anchor.
  - Learner can continue after hearing the real model audio, without mandatory typing.

- `scripts/qa_mission_pilot.py`
  - Added guard that M1 greeting keeps optional tiny-anchor behavior.
  - Added guard that M2 self-intro keeps optional-anchor behavior.

- Appended checkpoint:
  - `GermanCourse_QC/adipoli-6h-uiux-m1-m2-checkpoint.md`

Verification:
- PASS: `python3 scripts/qa_mission_pilot.py`
  - Local + Tailscale route/audio checks passed.
  - M1/M2 immersive mobile QA passed.
  - Gold-slice first journey passed.
  - `self_intro_recognition_reference=focused optional_anchor=ok`.

- PASS: targeted ESLint:
  - `npx eslint src/app/missions/module-2/_components/MissionUI.tsx src/app/missions/module-1/greet-frau-weber/page.tsx src/app/missions/module-2/self-intro/page.tsx`

- WEAK/inherited:
  - Full `npm run lint` still fails on unrelated pre-existing app-wide lint debt: auth effects, games, random-in-render, legacy `module` variable rules, Remotion cursor mutation, shared hooks, etc.

Kuttan/name note:
- Still recommend `Arun` or `Kiran` as the adult-safe public name before launch.
- Keep `Kuttan` only as home nickname/family flavor if Boss approves.
- No mass rename done.

Next lane: Mobile-play optional anchors, 25m.
