  ⟳ compacting context…
  ┊ review diff
a//shared/german-course/src/app/missions/module-2/_components/MissionUI.tsx → b//shared/german-course/src/app/missions/module-2/_components/MissionUI.tsx
@@ -1029,6 +1029,108 @@
       </div>
       <ActionRow className="lg:col-span-2">
         <PrimaryButton onClick={onContinue} disabled={!modelAudioFinished}>{cta}</PrimaryButton>
+      </ActionRow>
+    </div>
+  );
+}
+
+export function SpeakWriteStep({
+  title,
+  prompt,
+  audioSrc,
+  audioLabel = 'Model',
+  modelText,
+  inputId,
+  label,
+  value,
+  onChange,
+  placeholder,
+  isStrong,
+  weakFeedback,
+  strongFeedback,
+  cta,
+  onContinue,
+  continueDisabled,
+  turnCue = 'Your turn.',
+}: {
+  title: string;
+  prompt: React.ReactNode;
+  audioSrc: string;
+  audioLabel?: string;
+  modelText: React.ReactNode;
+  inputId: string;
+  label: string;
+  value: string;
+  onChange: (value: string) => void;
+  placeholder: string;
+  isStrong: boolean;
+  weakFeedback: React.ReactNode;
+  strongFeedback: React.ReactNode;
+  cta: React.ReactNode;
+  onContinue: () => void;
+  continueDisabled: boolean;
+  turnCue?: string;
+}) {
+  const [modelAudioFinished, setModelAudioFinished] = useState(false);
+
+  return (
+    <div
+      className="grid gap-6 lg:grid-cols-[0.85fr_1fr] lg:items-center"
+      data-testid="speak-write-step"
+      data-model-audio-finished={modelAudioFinished ? 'true' : 'false'}
+    >
+      <div data-testid="immersive-reply-step" data-model-audio-finished={modelAudioFinished ? 'true' : 'false'}>
+        <Mic className="mb-4 h-11 w-11 text-[#f1d27a]" />
+        <h2 className="text-3xl font-black leading-tight sm:text-5xl">{title}</h2>
+        <p className="mt-3 text-base leading-7 text-white/66">{prompt}</p>
+        <div className="mt-5 rounded-[1.55rem] border border-[#f1d27a]/18 bg-[#f1d27a]/7 p-3 sm:p-4">
+          <NativeAudio
+            src={audioSrc}
+            label={audioLabel}
+            onEnded={() => setModelAudioFinished(true)}
+            started={modelAudioFinished}
+            showStatus
+            turnCue={turnCue}
+            compact
+          />
+          <div
+            className={clsx(
+              'mt-4 rounded-2xl border border-white/10 bg-[#0f1d14]/72 p-4 transition',
+              modelAudioFinished ? 'opacity-100' : 'opacity-45'
+            )}
+            data-testid="immersive-model-line"
+          >
+            <p className="sr-only">Reply model</p>
+            <p className="text-2xl font-black leading-snug">{modelText}</p>
+          </div>
+        </div>
… omitted 30 diff line(s) across 1 additional file(s)/section(s)
  ┊ review diff
a//shared/german-course/src/app/missions/module-1/greet-frau-weber/page.tsx → b//shared/german-course/src/app/missions/module-1/greet-frau-weber/page.tsx
@@ -13,8 +13,7 @@
   PremiumCard,
   RecognitionStep,
   RepairStep,
-  ReplyAloudStep,
-  TinyWriteStep,
+  SpeakWriteStep,
   normalizeMissionAnswer,
   useMissionStepForQA,
 } from '@/app/missions/module-2/_components/MissionUI';
  ┊ review diff
a//shared/german-course/src/app/missions/module-1/greet-frau-weber/page.tsx → b//shared/german-course/src/app/missions/module-1/greet-frau-weber/page.tsx
@@ -48,9 +48,9 @@
         return heard;
       case 2:
         return recognitionCorrect;
+      case 3:
+        return typedIsStrong;
       case 4:
-        return typedIsStrong;
-      case 5:
         return repairCorrect;
       default:
         return true;
  ┊ review diff
a//shared/german-course/src/app/missions/module-1/greet-frau-weber/page.tsx → b//shared/german-course/src/app/missions/module-1/greet-frau-weber/page.tsx
@@ -120,22 +120,12 @@
         )}
 
         {step === 3 && (
-          <ReplyAloudStep
-            title="Answer aloud."
-            prompt="When Frau Weber stops, say the classroom line."
+          <SpeakWriteStep
+            title="Answer, then anchor it."
+            prompt="Hear the model once. Say it aloud. Type the same short line."
             audioSrc={audioSources.formalOpener}
             audioLabel="Reply model"
             modelText="Guten Morgen, Frau Weber. Ich lerne Deutsch."
-            cta={<>Write the anchor line <ArrowRight className="h-5 w-5" /></>}
-            onContinue={next}
-            turnCue="Your turn."
-          />
-        )}
-
-        {step === 4 && (
-          <TinyWriteStep
-            title="Write one line."
-            prompt="Short enough for a phone. Useful enough for class."
             inputId="typed-module1-greeting"
             label="Your line"
             value={typedAnswer}
@@ -147,10 +137,11 @@
             cta={<>Repair the trap <ArrowRight className="h-5 w-5" /></>}
             onContinue={next}
             continueDisabled={!canContinue}
+            turnCue="Your turn."
           />
         )}
 
-        {step === 5 && (
+        {step === 4 && (
           <RepairStep
             title="Fix the time trap."
             explanation={<>Morning class. Not bedtime.</>}
  ┊ review diff
a//shared/german-course/src/app/missions/module-1/greet-frau-weber/page.tsx → b//shared/german-course/src/app/missions/module-1/greet-frau-weber/page.tsx
@@ -161,7 +161,7 @@
           />
         )}
 
-        {step === 6 && (
+        {step === 5 && (
           <Module1MissionWinStep
             currentMissionId={mission.id}
             title="First class win."
  ┊ review diff
a//shared/german-course/src/lib/missions/module1.ts → b//shared/german-course/src/lib/missions/module1.ts
@@ -32,7 +32,7 @@
     active: true,
     railLabel: 'Module 1 · First classroom greeting',
     tone: 'green',
-    steps: ['Start', 'Hear', 'Catch', 'Reply', 'Write', 'Repair', 'Win'],
+    steps: ['Start', 'Hear', 'Catch', 'Speak + write', 'Repair', 'Win'],
     next: {
       href: '/missions/module-1/please-thanks',
       cta: 'Next: danke + bitte',
  ┊ review diff
a//shared/german-course/scripts/qa_module2_production_mobile.mjs → b//shared/german-course/scripts/qa_module2_production_mobile.mjs
@@ -21,6 +21,7 @@
   const missionUi = fs.readFileSync(path.join(ROOT, 'src/app/missions/module-2/_components/MissionUI.tsx'), 'utf8');
   const required = [
     'data-testid="immersive-reply-step"',
+    'data-testid="speak-write-step"',
     'data-testid="tiny-write-step"',
     'data-testid="tiny-write-input"',
     'Listen',
  ┊ review diff
a//shared/german-course/scripts/qa_module2_production_mobile.mjs → b//shared/german-course/scripts/qa_module2_production_mobile.mjs
@@ -71,7 +71,9 @@
   ];
   for (const [relativePath, name] of immersiveSources) {
     const source = fs.readFileSync(path.join(ROOT, relativePath), 'utf8');
-    if (!source.includes('<ReplyAloudStep') || !source.includes('<TinyWriteStep')) throw new Error(`${name}: missing immersive reply/tiny write steps`);
+    const hasSeparateSpeakWrite = source.includes('<ReplyAloudStep') && source.includes('<TinyWriteStep');
+    const hasMergedSpeakWrite = source.includes('<SpeakWriteStep');
+    if (!hasSeparateSpeakWrite && !hasMergedSpeakWrite) throw new Error(`${name}: missing immersive speak/write step`);
     if (source.includes('<BuilderStep') || source.includes('<ProductionStep')) throw new Error(`${name}: converted immersive path must not use builder/production chore steps`);
   }
 }
  ┊ review diff
a//shared/german-course/scripts/qa_module2_production_mobile.mjs → b//shared/german-course/scripts/qa_module2_production_mobile.mjs
@@ -117,11 +117,15 @@
 
   const before = await page.evaluate(() => {
     const step = document.querySelector('[data-testid="immersive-reply-step"]');
+    const merged = Boolean(document.querySelector('[data-testid="speak-write-step"]'));
     const audio = document.querySelector('[data-testid="custom-mission-audio"] audio');
-    const cta = Array.from(document.querySelectorAll('button')).find((button) => /write/i.test(button.textContent ?? ''));
+    const cta = Array.from(document.querySelectorAll('button')).find((button) => /write|repair|trap/i.test(button.textContent ?? ''));
+    const input = document.querySelector('[data-testid="tiny-write-input"]');
     return {
+      merged,
       stepFinished: step?.getAttribute('data-model-audio-finished'),
       ctaDisabled: cta?.disabled ?? null,
+      inputDisabled: input?.disabled ?? null,
       audioReadyState: audio?.readyState ?? -1,
       audioError: audio?.error?.code ?? null,
       nav: Boolean(document.querySelector('nav')),
  ┊ review diff
a//shared/german-course/scripts/qa_module2_production_mobile.mjs → b//shared/german-course/scripts/qa_module2_production_mobile.mjs
@@ -147,9 +147,25 @@
   });
   await page.waitForFunction(() => {
     const step = document.querySelector('[data-testid="immersive-reply-step"]');
-    const cta = Array.from(document.querySelectorAll('button')).find((button) => /write/i.test(button.textContent ?? ''));
-    return step?.getAttribute('data-model-audio-finished') === 'true' && cta && !cta.disabled;
+    const button = Array.from(document.querySelectorAll('button')).find((candidate) => /write|repair|trap/i.test(candidate.textContent ?? ''));
+    const input = document.querySelector('[data-testid="tiny-write-input"]');
+    return step?.getAttribute('data-model-audio-finished') === 'true' && button && (!input || !input.disabled || !button.disabled);
   }, { timeout: 5000 });
+
+  if (before.merged) {
+    await page.type('[data-testid="tiny-write-input"]', typedValue);
+    await page.waitForFunction(() => {
+      const cta = Array.from(document.querySelectorAll('button')).find((button) => /(repair|trap)/i.test(button.textContent ?? ''));
+      return cta && !cta.disabled;
+    }, { timeout: 5000 });
+    const after = await page.evaluate(() => ({
+      inputValue: document.querySelector('[data-testid="tiny-write-input"]')?.value ?? '',
+      feedback: document.body.innerText,
+    }));
+    if (!after.inputValue || !/good/i.test(after.feedback)) throw new Error(`${name}: merged speak/write did not accept short typed line: ${JSON.stringify(after)}`);
+    console.log(`immersive_reply_tiny_write[${name}]=PASS merged=true audioGated=true typed="${after.inputValue}"`);
+    return;
+  }
 
   await page.goto(`${BASE_URL}${route}?adipoliQa=1&adipoliQaStep=4`, { waitUntil: 'domcontentloaded', timeout: 45000 });
   await page.waitForSelector('[data-testid="tiny-write-step"]', { timeout: 15000 });
  ┊ review diff
a//shared/german-course/scripts/qa_module2_production_mobile.mjs → b//shared/german-course/scripts/qa_module2_production_mobile.mjs
@@ -147,9 +147,10 @@
   });
   await page.waitForFunction(() => {
     const step = document.querySelector('[data-testid="immersive-reply-step"]');
+    const merged = Boolean(document.querySelector('[data-testid="speak-write-step"]'));
     const button = Array.from(document.querySelectorAll('button')).find((candidate) => /write|repair|trap/i.test(candidate.textContent ?? ''));
     const input = document.querySelector('[data-testid="tiny-write-input"]');
-    return step?.getAttribute('data-model-audio-finished') === 'true' && button && (!input || !input.disabled || !button.disabled);
+    return step?.getAttribute('data-model-audio-finished') === 'true' && button && (merged ? input && !input.disabled : !button.disabled);
   }, { timeout: 5000 });
 
   if (before.merged) {
  ┊ review diff
a//shared/german-course/scripts/qa_gold_slice_first_journey.mjs → b//shared/german-course/scripts/qa_gold_slice_first_journey.mjs
@@ -156,21 +156,32 @@
 
   await page.waitForSelector('[data-testid="immersive-reply-step"]', { timeout: 10000 });
   let immersive = await page.evaluate(() => ({
+    merged: Boolean(document.querySelector('[data-testid="speak-write-step"]')),
     finished: document.querySelector('[data-testid="immersive-reply-step"]')?.getAttribute('data-model-audio-finished'),
-    writeButtonDisabled: Array.from(document.querySelectorAll('button')).find((button) => button.innerText.includes('Write the anchor line'))?.disabled,
+    actionDisabled: Array.from(document.querySelectorAll('button')).find((button) => /write|repair|trap/i.test(button.innerText))?.disabled,
+    inputDisabled: document.querySelector('[data-testid="tiny-write-input"]')?.disabled ?? null,
   }));
-  assert(immersive.finished === 'false' && immersive.writeButtonDisabled === true, 'immersive reply should be gated before model audio finishes', immersive);
+  assert(immersive.finished === 'false' && immersive.actionDisabled === true, 'immersive reply should be gated before model audio finishes', immersive);
   const replyAudio = await playAllVisibleAudio(page, 1);
   await page.waitForFunction(() => {
     const step = document.querySelector('[data-testid="immersive-reply-step"]');
-    const button = Array.from(document.querySelectorAll('button')).find((candidate) => candidate.innerText.includes('Write the anchor line'));
-    return step?.getAttribute('data-model-audio-finished') === 'true' && button && !button.disabled;
+    const merged = Boolean(document.querySelector('[data-testid="speak-write-step"]'));
+    const button = Array.from(document.querySelectorAll('button')).find((candidate) => /write|repair|trap/i.test(candidate.innerText));
+    const input = document.querySelector('[data-testid="tiny-write-input"]');
+    return step?.getAttribute('data-model-audio-finished') === 'true' && button && (merged ? input && !input.disabled : !button.disabled);
   }, { timeout: 10000 });
-  await clickButtonContaining(page, 'Write the anchor line');
-
-  await page.waitForSelector('[data-testid="tiny-write-step"]', { timeout: 10000 });
-  await page.type('[data-testid="tiny-write-input"]', 'Guten Morgen, Frau Weber. Ich lerne Deutsch.');
-  await page.waitForFunction(() => Array.from(document.querySelectorAll('button')).some((button) => button.innerText.includes('Repair the trap') && !button.disabled), { timeout: 10000 });
+
+  immersive = await page.evaluate(() => ({ merged: Boolean(document.querySelector('[data-testid="speak-write-step"]')) }));
+  if (immersive.merged) {
+    await page.type('[data-testid="tiny-write-input"]', 'Guten Morgen, Frau Weber. Ich lerne Deutsch.');
+    await page.waitForFunction(() => Array.from(document.querySelectorAll('button')).some((button) => button.innerText.includes('Repair the trap') && !button.disabled), { timeout: 10000 });
+  } else {
+    await clickButtonContaining(page, 'Write the anchor line');
+
+    await page.waitForSelector('[data-testid="tiny-write-step"]', { timeout: 10000 });
+    await page.type('[data-testid="tiny-write-input"]', 'Guten Morgen, Frau Weber. Ich lerne Deutsch.');
+    await page.waitForFunction(() => Array.from(document.querySelectorAll('button')).some((button) => button.innerText.includes('Repair the trap') && !button.disabled), { timeout: 10000 });
+  }
   await clickButtonContaining(page, 'Repair the trap');
 
   await page.waitForFunction(() => document.body.innerText.includes('Fix the time trap.'), { timeout: 10000 });
  ┊ review diff
a//shared/german-course/scripts/qa_mission_pilot.py → b//shared/german-course/scripts/qa_mission_pilot.py
@@ -963,10 +963,10 @@
         if "<HearStep" not in src:
             pages_missing_shared.append(f"{page.name}:<HearStep")
         if page in {MISSION_PAGE, SPELL_NAME_PAGE, FROM_KERALA_PAGE, JOB_LANGUAGES_PAGE, FINAL_SELF_INTRO_PAGE}:
-            if "<ReplyAloudStep" not in src:
-                pages_missing_shared.append(f"{page.name}:<ReplyAloudStep")
-            if "<TinyWriteStep" not in src:
-                pages_missing_shared.append(f"{page.name}:<TinyWriteStep")
+            if "<ReplyAloudStep" not in src and "<SpeakWriteStep" not in src:
+                pages_missing_shared.append(f"{page.name}:<ReplyAloudStep or <SpeakWriteStep")
+            if "<TinyWriteStep" not in src and "<SpeakWriteStep" not in src:
+                pages_missing_shared.append(f"{page.name}:<TinyWriteStep or <SpeakWriteStep")
             if "<BuilderStep" in src or "<ProductionStep" in src:
                 pages_with_old_inline.append(f"{page.name}:builder/production chore on converted immersive Module 2 mission")
         else:
  ┊ review diff
a//shared/german-course/scripts/qa_mission_pilot.py → b//shared/german-course/scripts/qa_mission_pilot.py
@@ -783,7 +783,10 @@
             "side={<Module1NextMissionCard currentMissionId={mission.id} />}",
             "useMissionStepForQA(0, missionSteps.length - 1)",
         ]
-        required_page.extend(["ReplyAloudStep", "TinyWriteStep", "<ReplyAloudStep", "<TinyWriteStep"])
+        if "<ReplyAloudStep" not in src and "<SpeakWriteStep" not in src:
+            missing_page.append("<ReplyAloudStep or <SpeakWriteStep")
+        if "<TinyWriteStep" not in src and "<SpeakWriteStep" not in src:
+            missing_page.append("<TinyWriteStep or <SpeakWriteStep")
         if "<BuilderStep" in src or "<ProductionStep" in src:
             fail(f"Module 1 mission must use immersive reply + tiny write, not builder/production chores: {page}")
         missing_page = [snippet for snippet in required_page if snippet not in src]
  ┊ review diff
a//shared/german-course/scripts/qa_mission_pilot.py → b//shared/german-course/scripts/qa_mission_pilot.py
@@ -783,13 +783,14 @@
             "side={<Module1NextMissionCard currentMissionId={mission.id} />}",
             "useMissionStepForQA(0, missionSteps.length - 1)",
         ]
+        extra_missing_page = []
         if "<ReplyAloudStep" not in src and "<SpeakWriteStep" not in src:
-            missing_page.append("<ReplyAloudStep or <SpeakWriteStep")
+            extra_missing_page.append("<ReplyAloudStep or <SpeakWriteStep")
         if "<TinyWriteStep" not in src and "<SpeakWriteStep" not in src:
-            missing_page.append("<TinyWriteStep or <SpeakWriteStep")
+            extra_missing_page.append("<TinyWriteStep or <SpeakWriteStep")
         if "<BuilderStep" in src or "<ProductionStep" in src:
             fail(f"Module 1 mission must use immersive reply + tiny write, not builder/production chores: {page}")
-        missing_page = [snippet for snippet in required_page if snippet not in src]
+        missing_page = [snippet for snippet in required_page if snippet not in src] + extra_missing_page
         if missing_page:
             fail(f"{page.name} missing Module 1 shared mission snippets: {missing_page}")
         if "SpeechSynthesisUtterance" in src or "speechSynthesis" in src or "new Audio(" in src:
  ┊ review diff
a//shared/german-course/scripts/qa_mission_pilot.py → b//shared/german-course/scripts/qa_mission_pilot.py
@@ -1243,6 +1243,7 @@
         "'/missions/module-2/self-intro'",
         "'/missions/module-2/final-self-intro'",
         "data-testid=\"immersive-reply-step\"",
+        "data-testid=\"speak-write-step\"",
         "data-testid=\"tiny-write-step\"",
         "data-testid=\"tiny-write-input\"",
         "async function inspectImmersiveStep",
  ┊ review diff
a//tmp/adipoli_iteration7_checkpoint.md → b//tmp/adipoli_iteration7_checkpoint.md
@@ -0,0 +1,10 @@
+
+## Iteration 7 — 2026-05-30T19:41:26+02:00
+- Source/docs inspected: required course-soul docs, active M1/M2 mission UI, Module 1 mission data, QA guards, and current checkpoint tail.
+- Files changed: `src/app/missions/module-2/_components/MissionUI.tsx`, `src/app/missions/module-1/greet-frau-weber/page.tsx`, `src/lib/missions/module1.ts`, `scripts/qa_module2_production_mobile.mjs`, `scripts/qa_gold_slice_first_journey.mjs`, `scripts/qa_mission_pilot.py`.
+- UX/text reductions made: merged the first learner mission's separate `Answer aloud` screen and `Write one line` screen into one phone-first `SpeakWriteStep`. The first path now goes hear scene → pick meaning → hear model + answer aloud + tiny write on one screen → repair → win. This removes one screen and one chore click from the gold-slice path without adding copy or visuals.
+- M1/M2 learner path status: Module 1 first mission now uses the merged speak/write pattern; other M1/M2 immersive missions remain voice-first and builder-free on the reviewed path. Module 1 step rail for the first mission now reflects `Speak + write` instead of separate Reply/Write steps.
+- Images/video/animation: intentionally skipped images/video this iteration; the high-friction issue was interaction flow, not missing decoration. Existing reduced-motion mission transitions preserved.
+- QA run + PASS/WEAK/FAIL: PASS targeted eslint via `npx eslint ...` (one inherited unused helper warning in `qa_gold_slice_first_journey.mjs` only); PASS `npx tsc --noEmit --pretty false`; PASS `node scripts/qa_module2_production_mobile.mjs` on localhost; PASS `node scripts/qa_gold_slice_first_journey.mjs` on localhost; PASS `python3 scripts/qa_mission_pilot.py` including localhost + Tailscale route/audio/browser guards.
+- Kuttan/name recommendation: unchanged. Still recommend adult-safe public name `Arun` or `Kiran`, with Kuttan only as home nickname; do not mass-rename without Boss approval.
+- Next best lane: apply the merged speak/write pattern to remaining high-frequency M1/M2 missions where a separate reply screen plus tiny-write screen still creates avoidable phone friction, then re-run gold-slice and mission pilot QA.

session_id: 20260530_193511_6c16d2
Iteration 7 done.

Changed:
- Added `SpeakWriteStep` in `src/app/missions/module-2/_components/MissionUI.tsx`
- Converted first learner mission `/missions/module-1/greet-frau-weber` from:
  - Answer aloud screen
  - click Continue
  - separate Write screen
- Into one phone-first screen:
  - hear model
  - answer aloud
  - type the tiny anchor line
  - continue to repair

Result:
- First path now removes one screen and one chore click.
- No builder/chip UI added.
- No “Said it” button.
- No extra images/video clutter.
- Module 1 first rail now says `Speak + write` instead of split `Reply` / `Write`.

QA:
- PASS `npx eslint ...`
  - one inherited warning only: unused helper in `qa_gold_slice_first_journey.mjs`
- PASS `npx tsc --noEmit --pretty false`
- PASS `node scripts/qa_module2_production_mobile.mjs`
- PASS `node scripts/qa_gold_slice_first_journey.mjs`
- PASS `python3 scripts/qa_mission_pilot.py`
  - includes localhost + Tailscale route/audio/browser guards

Checkpoint appended:
- `/shared/german-course/GermanCourse_QC/adipoli-6h-uiux-m1-m2-checkpoint.md`

Name recommendation unchanged:
- Use `Arun` or `Kiran` publicly.
- Keep `Kuttan` only as home nickname/family flavor.
- No mass rename without approval.

Next: merge speak/write into M1 thanks mission, 25m.
