  ⟳ compacting context…
  ┊ review diff
a//shared/german-course/src/app/missions/module-2/_components/MissionUI.tsx → b//shared/german-course/src/app/missions/module-2/_components/MissionUI.tsx
@@ -78,6 +78,7 @@
   src,
   label,
   compact = false,
+  bare = false,
   onPlay,
   onEnded,
   started = false,
@@ -87,6 +88,7 @@
   src: string;
   label: string;
   compact?: boolean;
+  bare?: boolean;
   onPlay?: (src: string) => void;
   onEnded?: (src: string) => void;
   started?: boolean;
  ┊ review diff
a//shared/german-course/src/app/missions/module-2/_components/MissionUI.tsx → b//shared/german-course/src/app/missions/module-2/_components/MissionUI.tsx
@@ -128,7 +128,15 @@
   };
 
   return (
-    <div className={clsx('rounded-2xl border border-[#d7b35a]/25 bg-[#fff7df]/8', compact ? 'p-3' : 'p-4')} data-testid="custom-mission-audio">
+    <div
+      className={clsx(
+        'rounded-2xl',
+        bare ? 'border-0 bg-transparent p-0' : 'border border-[#d7b35a]/25 bg-[#fff7df]/8',
+        !bare && (compact ? 'p-3' : 'p-4')
+      )}
+      data-testid="custom-mission-audio"
+      data-audio-surface={bare ? 'flat' : 'card'}
+    >
       <div className="flex items-start justify-between gap-3">
         <div className="min-w-0 flex-1">
           <div className="flex items-baseline justify-between gap-3">
  ┊ review diff
a//shared/german-course/src/app/missions/module-2/self-intro/page.tsx → b//shared/german-course/src/app/missions/module-2/self-intro/page.tsx
@@ -113,13 +113,11 @@
             onContinue={next}
             continueDisabled={!canContinue}
             side={(
-              <div className="rounded-[1.8rem] border border-white/12 bg-white/[0.04] p-4">
-                <div className="rounded-2xl border border-white/10 bg-[#0f1d14]/65 p-4">
-                  <p className="text-2xl font-black">{currentQuestionReference.prompt}</p>
-                  <p className="mt-1 text-sm font-black text-[#f1d27a]">{currentQuestionReference.answer}</p>
-                  <div className="mt-4">
-                    <NativeAudio src={currentQuestionReference.audio} label="Question" compact />
-                  </div>
+              <div className="rounded-[1.3rem] bg-white/[0.045] p-3 shadow-inner shadow-black/10" data-testid="flat-question-card">
+                <p className="text-2xl font-black">{currentQuestionReference.prompt}</p>
+                <p className="mt-1 text-sm font-black text-[#f1d27a]">{currentQuestionReference.answer}</p>
+                <div className="mt-4 border-t border-white/10 pt-3">
+                  <NativeAudio src={currentQuestionReference.audio} label="Question" compact bare />
                 </div>
               </div>
             )}
  ┊ review diff
a//shared/german-course/scripts/qa_mission_pilot.py → b//shared/german-course/scripts/qa_mission_pilot.py
@@ -360,10 +360,13 @@
 
 def assert_scene_check_copy_stays_visual_minimal() -> None:
     mission_ui = MISSION_UI.read_text(encoding="utf-8")
+    self_intro = MISSION_PAGE.read_text(encoding="utf-8")
     required = [
         "<p className=\"sr-only\" data-testid=\"hear-step-instructions\">{instructions}</p>",
         "<p className=\"sr-only\" data-testid=\"recognition-prompt\">{prompt}</p>",
         "data-testid=\"recognition-scene-audio\"",
+        "bare?: boolean",
+        "data-audio-surface={bare ? 'flat' : 'card'}",
     ]
     missing = [snippet for snippet in required if snippet not in mission_ui]
     if missing:
  ┊ review diff
a//shared/german-course/scripts/qa_mission_pilot.py → b//shared/german-course/scripts/qa_mission_pilot.py
@@ -389,6 +389,20 @@
             old_audio_labels.append(str(page))
     if old_audio_labels:
         fail(f"learner-facing audio label still says model: {old_audio_labels}")
+    required_flat_question = [
+        "data-testid=\"flat-question-card\"",
+        "<NativeAudio src={currentQuestionReference.audio} label=\"Question\" compact bare />",
+    ]
+    missing_flat_question = [snippet for snippet in required_flat_question if snippet not in self_intro]
+    if missing_flat_question:
+        fail(f"self-intro recognition card must stay flat/light: {missing_flat_question}")
+    nested_question_card = [
+        "rounded-[1.8rem] border border-white/12 bg-white/[0.04] p-4",
+        "rounded-2xl border border-white/10 bg-[#0f1d14]/65 p-4",
+    ]
+    nested_hits = [snippet for snippet in nested_question_card if snippet in self_intro]
+    if nested_hits:
+        fail(f"self-intro recognition question card is nested/dashboard-like again: {nested_hits}")
     print("scene_check_copy=visual_minimal")
 
 
  ┊ review diff
a//shared/german-course/scripts/qa_module2_production_mobile.mjs → b//shared/german-course/scripts/qa_module2_production_mobile.mjs
@@ -31,6 +31,8 @@
     'data-testid="optional-anchor-note"',
     'data-testid="hear-step-instructions"',
     'data-testid="recognition-prompt"',
+    'data-audio-surface={bare ? \'flat\' : \'card\'}',
+    'bare?: boolean',
     '<p className="sr-only" data-testid="hear-step-instructions">{instructions}</p>',
     '<p className="sr-only" data-testid="recognition-prompt">{prompt}</p>',
     'data-model-line-hidden={modelAudioFinished ? \'false\' : \'true\'}',
  ┊ review diff
a//shared/german-course/scripts/qa_module2_production_mobile.mjs → b//shared/german-course/scripts/qa_module2_production_mobile.mjs
@@ -76,6 +76,13 @@
     if (!source.includes('requireTyped={false}')) throw new Error(`${name}: phone-first path must make tiny writing optional after audio, not a gate`);
     if (source.includes('title="Say it, then type it."')) throw new Error(`${name}: chore copy returned on immersive step`);
   }
+  const selfIntro = fs.readFileSync(path.join(ROOT, 'src/app/missions/module-2/self-intro/page.tsx'), 'utf8');
+  if (!selfIntro.includes('data-testid="flat-question-card"') || !selfIntro.includes('<NativeAudio src={currentQuestionReference.audio} label="Question" compact bare />')) {
+    throw new Error('m2-self-intro: recognition question card must stay flat and use flat audio surface');
+  }
+  if (selfIntro.includes('rounded-[1.8rem] border border-white/12 bg-white/[0.04] p-4') || selfIntro.includes('rounded-2xl border border-white/10 bg-[#0f1d14]/65 p-4')) {
+    throw new Error('m2-self-intro: nested dashboard-like recognition question card returned');
+  }
 }
 
 async function inspectRoute(page, route, name) {

session_id: 20260530_225456_70e17a
Iteration 27 done.

Changed:
- `src/app/missions/module-2/_components/MissionUI.tsx`
  - Added `bare` mode to the custom audio UI.
  - Keeps real `<audio>`, progress, duration, and play/pause, but removes the extra widget border/background when embedded inside a scene card.

- `src/app/missions/module-2/self-intro/page.tsx`
  - Flattened the M2 self-intro recognition card.
  - Removed old nested outer-card → inner-card → audio-card stack.
  - Result: “Catch the question” screen feels less like a dashboard, more like a simple scene check.

- `scripts/qa_mission_pilot.py`
- `scripts/qa_module2_production_mobile.mjs`
  - Added guards so the nested dashboard-like recognition card cannot return silently.

- Appended checkpoint:
  - `GermanCourse_QC/adipoli-6h-uiux-m1-m2-checkpoint.md`

QA:
- PASS `npx eslint` on changed mission TSX files.
- PASS Python/Node syntax checks.
- PASS `git diff --check`.
- PASS `npx tsc --noEmit --pretty false`.
- PASS `python3 scripts/qa_mission_pilot.py`
  - local + Tailscale checks
  - start path
  - audio assets
  - 8 immersive M1/M2 missions
  - reduced motion
  - 26 reachable routes
- PASS `ADIPOLI_QA_BASE_URL=http://100.96.56.53:3000 node scripts/qa_module2_production_mobile.mjs`
- WEAK `npm run lint -- --max-warnings=0`
  - still fails from inherited broad repo issues outside this patch; changed files pass targeted lint.

Visual check:
- `/missions/module-2/self-intro?adipoliQa=1&adipoliQaStep=2`
- The recognition screen is flatter and cleaner.
- Remaining visual weight is mostly necessary audio controls and answer cards, not prose or nested containers.

Kuttan/name note:
- No rename done.
- Recommendation unchanged: adult-safe public learner name like `Arun` or `Kiran`; keep `Kuttan` only as home nickname/family flavor if Boss approves.

Next best lane, 25m: strengthen Module 1 mission endings so M1 feels like real ability wins, not just a bridge into M2.
