  ┊ review diff
a//shared/german-course/src/app/missions/module-1/greet-frau-weber/page.tsx → b//shared/german-course/src/app/missions/module-1/greet-frau-weber/page.tsx
@@ -9,7 +9,6 @@
   MissionShell,
   Module1MissionWinStep,
   Module1NextMissionCard,
-  NativeAudio,
   PremiumCard,
   RecognitionStep,
   RepairStep,
  ┊ review diff
a//shared/german-course/src/app/missions/module-1/greet-frau-weber/page.tsx → b//shared/german-course/src/app/missions/module-1/greet-frau-weber/page.tsx
@@ -172,11 +172,7 @@
             ability="“Guten Morgen, Frau Weber. Ich lerne Deutsch.”"
             onReplay={() => setStep(0)}
             side={<Module1NextMissionCard currentMissionId={mission.id} />}
-          >
-            <div className="mt-7 max-w-xl">
-              <NativeAudio src={audioSources.ichLerneDeutsch} label="Review" />
-            </div>
-          </Module1MissionWinStep>
+          />
         )}
       </PremiumCard>
     </MissionShell>
  ┊ review diff
a//shared/german-course/scripts/qa_module2_production_mobile.mjs → b//shared/german-course/scripts/qa_module2_production_mobile.mjs
@@ -83,6 +83,11 @@
   if (selfIntro.includes('rounded-[1.8rem] border border-white/12 bg-white/[0.04] p-4') || selfIntro.includes('rounded-2xl border border-white/10 bg-[#0f1d14]/65 p-4')) {
     throw new Error('m2-self-intro: nested dashboard-like recognition question card returned');
   }
+
+  const firstM1Win = fs.readFileSync(path.join(ROOT, 'src/app/missions/module-1/greet-frau-weber/page.tsx'), 'utf8');
+  if (firstM1Win.includes('label="Review"') || firstM1Win.includes('audioSources.ichLerneDeutsch')) {
+    throw new Error('m1-greet: first win screen reintroduced a review-audio chore instead of ending cleanly');
+  }
 }
 
 async function inspectRoute(page, route, name) {
  ⟳ compacting context…
  ┊ review diff
a//shared/german-course/src/app/missions/module-2/_components/MissionUI.tsx → b//shared/german-course/src/app/missions/module-2/_components/MissionUI.tsx
@@ -904,6 +904,91 @@
   );
 }
 
+export function SpeakRepairStep<T extends string>({
+  title,
+  prompt,
+  audioSrc,
+  audioLabel = 'Your reply',
+  modelText,
+  options,
+  value,
+  onChange,
+  isCorrect,
+  wrongFeedback,
+  correctFeedback,
+  cta,
+  onContinue,
+  turnCue = 'Your turn.',
+}: {
+  title: string;
+  prompt: React.ReactNode;
+  audioSrc: string;
+  audioLabel?: string;
+  modelText: React.ReactNode;
+  options: ChoiceOption<T>[];
+  value: T | null;
+  onChange: (value: T) => void;
+  isCorrect: boolean;
+  wrongFeedback: React.ReactNode;
+  correctFeedback: React.ReactNode;
+  cta: React.ReactNode;
+  onContinue: () => void;
+  turnCue?: string;
+}) {
+  const [modelAudioFinished, setModelAudioFinished] = useState(false);
+
+  return (
+    <div
+      className="grid gap-6 lg:grid-cols-[0.82fr_1fr] lg:items-center"
+      data-testid="speak-repair-step"
+      data-model-audio-finished={modelAudioFinished ? 'true' : 'false'}
+      data-typing-required="false"
+    >
+      <div>
+        <Mic className="mb-4 h-11 w-11 text-[#f1d27a]" />
+        <h2 className="text-3xl font-black leading-tight sm:text-5xl">{title}</h2>
+        <p className="sr-only" data-testid="speak-repair-prompt">{prompt}</p>
+        <div className="mt-5 rounded-[1.55rem] border border-[#f1d27a]/18 bg-[#f1d27a]/7 p-3 sm:p-4">
+          <NativeAudio
+            src={audioSrc}
+            label={audioLabel}
+            onEnded={() => setModelAudioFinished(true)}
+            started={modelAudioFinished}
+            showStatus
+            turnCue={turnCue}
+            compact
+          />
+          <div
+            className={clsx(
+              'mt-4 rounded-2xl border border-white/10 bg-[#0f1d14]/72 p-4 transition',
+              modelAudioFinished ? 'opacity-100' : 'sr-only'
+            )}
+            data-testid="immersive-model-line"
+            data-model-line-hidden={modelAudioFinished ? 'false' : 'true'}
+          >
+            <p className="sr-only">Say this aloud.</p>
+            <p className="text-2xl font-black leading-snug">{modelText}</p>
+          </div>
+        </div>
+      </div>
+      <div className={clsx(!modelAudioFinished && 'sr-only')} data-testid="inline-repair-choice">
+        <ChoiceStep
+          options={options}
+          value={value}
+          onChange={onChange}
+          isCorrect={isCorrect}
+          wrongFeedback={wrongFeedback}
+          correctFeedback={correctFeedback}
… omitted 13 diff line(s) across 1 additional file(s)/section(s)
  ┊ review diff
a//shared/german-course/src/lib/missions/module2.ts → b//shared/german-course/src/lib/missions/module2.ts
@@ -35,13 +35,13 @@
     missionNumber: 'Mission 2.1',
     title: 'Tell the examiner your name',
     output: 'Ich heiße ...',
-    proof: 'Listen • answer aloud • tiny write • repair',
+    proof: 'Listen • answer aloud • quick repair',
     href: '/missions/module-2/self-intro',
     state: 'Start here',
     active: true,
     railLabel: 'Module 2 · Goethe A1 Sprechen',
     tone: 'green',
-    steps: ['Start', 'Hear', 'Catch', 'Speak + write', 'Repair', 'Win'],
+    steps: ['Start', 'Hear', 'Catch', 'Speak + repair', 'Win'],
     next: {
       href: '/missions/module-2/spell-name',
       cta: 'Next: spell your name',
  ┊ review diff
a//shared/german-course/src/app/missions/module-2/self-intro/page.tsx → b//shared/german-course/src/app/missions/module-2/self-intro/page.tsx
@@ -7,7 +7,7 @@
   ChevronLeft,
   Headphones,
 } from 'lucide-react';
-import { HearStep, MissionIntro, MissionShell, MissionWinStep, NativeAudio, NextMissionCard, PremiumCard, RecognitionStep, RepairStep, SpeakWriteStep, normalizeMissionAnswer, useMissionStepForQA } from '../_components/MissionUI';
+import { HearStep, MissionIntro, MissionShell, MissionWinStep, NativeAudio, NextMissionCard, PremiumCard, RecognitionStep, SpeakRepairStep, useMissionStepForQA } from '../_components/MissionUI';
 import { module2MissionAudio, module2MissionById } from '@/lib/missions/module2';
 
 const mission = module2MissionById.selfIntro;
  ┊ review diff
a//shared/german-course/src/app/missions/module-2/self-intro/page.tsx → b//shared/german-course/src/app/missions/module-2/self-intro/page.tsx
@@ -31,11 +31,8 @@
   const searchParams = useSearchParams();
   const [heard, setHeard] = useState(false);
   const [recognition, setRecognition] = useState<string | null>(null);
-  const [typedAnswer, setTypedAnswer] = useState('');
   const [repairChoice, setRepairChoice] = useState<string | null>(null);
 
-  const typedNormalized = normalizeMissionAnswer(typedAnswer);
-  const typedIsStrong = typedNormalized.includes('ich heisse');
   const recognitionCorrect = recognition === 'formal-name-question';
   const repairCorrect = repairChoice === 'ich-komme';
 
  ┊ review diff
a//shared/german-course/src/app/missions/module-2/self-intro/page.tsx → b//shared/german-course/src/app/missions/module-2/self-intro/page.tsx
@@ -43,13 +43,11 @@
       case 2:
         return recognitionCorrect;
       case 3:
-        return typedIsStrong;
-      case 4:
         return repairCorrect;
       default:
         return true;
     }
-  }, [heard, recognitionCorrect, repairCorrect, step, typedIsStrong]);
+  }, [heard, recognitionCorrect, repairCorrect, step]);
 
   const next = () => setStep((value) => Math.min(value + 1, missionSteps.length - 1));
   const back = () => setStep((value) => Math.max(value - 1, 0));
  ┊ review diff
a//shared/german-course/src/app/missions/module-2/self-intro/page.tsx → b//shared/german-course/src/app/missions/module-2/self-intro/page.tsx
@@ -121,33 +121,12 @@
         )}
 
         {step === 3 && (
-          <SpeakWriteStep
-            title="Answer aloud."
-            prompt="Frau Weber asks. Listen, say your answer, then write the name line only if useful."
+          <SpeakRepairStep
+            title="Answer, then fix."
+            prompt="Say the answer aloud. Then catch the one Manglish trap."
             audioSrc={audioSources.modelIntroShort}
             audioLabel="Your reply"
             modelText="Ich heiße Kuttan. Ich komme aus Kerala."
-            inputId="typed-intro"
-            label="Optional name anchor"
-            value={typedAnswer}
-            onChange={setTypedAnswer}
-            placeholder="Ich heiße ..."
-            isStrong={typedIsStrong}
-            weakFeedback={<>If you write it, use <i>Ich heiße…</i>.</>}
-            strongFeedback="Good. Short written anchor saved."
-            cta={<>Fix ich komme <ArrowRight className="h-5 w-5" /></>}
-            onContinue={next}
-            continueDisabled={!canContinue}
-            turnCue="Your turn."
-            requireTyped={false}
-          />
-        )}
-
-        {step === 4 && (
-          <RepairStep
-            title="Fix the Manglish trap."
-            explanation={<><span className="font-black text-[#ffc9c2]">Ich bin komme</span> sounds tempting. It is wrong.</>}
-            bridgeNote={<>Malayalam brain says “I am coming from…” German A1 wants the direct verb: <b className="text-white">Ich komme</b>.</>}
             options={[
               { id: 'ich-bin-komme', title: 'Ich bin komme aus Kerala.', subtitle: 'Extra bin creates the mistake.' },
               { id: 'ich-komme', title: 'Ich komme aus Kerala.', subtitle: 'Clean A1 answer.' },
@@ -160,12 +139,11 @@
             correctFeedback="Correct. That repair will save marks in Sprechen."
             cta={<>Unlock the win <ArrowRight className="h-5 w-5" /></>}
             onContinue={next}
-            continueDisabled={!canContinue}
-            autoContinueOnCorrect
+            turnCue="Now answer."
           />
         )}
 
-        {step === 5 && (
+        {step === 4 && (
           <MissionWinStep
             currentMissionId={mission.id}
             title="First speaking win."
  ┊ review diff
a//shared/german-course/scripts/qa_mission_pilot.py → b//shared/german-course/scripts/qa_mission_pilot.py
@@ -741,11 +741,12 @@
         "answer: 'Your name?',",
         "src={currentQuestionReference.audio}",
         "label=\"Question\"",
-        "Optional name anchor",
-        "write the name line only if useful",
-        "requireTyped={false}",
-    ]
-    missing = [snippet for snippet in required if snippet not in src]
+        "<SpeakRepairStep",
+        "Answer, then fix.",
+        "data-typing-required=\"false\"",
+        "inline-repair-choice",
+    ]
+    missing = [snippet for snippet in required if snippet not in src and snippet not in MISSION_UI.read_text(encoding="utf-8")]
     if missing:
         fail(f"self-intro recognition/production step lost compact optional-anchor behavior: {missing}")
     print("self_intro_recognition_reference=focused optional_anchor=ok")
  ┊ review diff
a//shared/german-course/scripts/qa_mission_pilot.py → b//shared/german-course/scripts/qa_mission_pilot.py
@@ -918,11 +918,13 @@
     pages = MODULE1_MISSION_PAGES + MISSION_PAGES
     for page in pages:
         src = page.read_text(encoding="utf-8")
-        if "requireTyped={false}" not in src:
-            fail(f"M1/M2 production step must be voice-first with optional tiny writing: {page}")
+        voice_first_no_type = "<SpeakRepairStep" in src or "data-typing-required=\"false\"" in src
+        optional_tiny_write = "requireTyped={false}" in src
+        if not (voice_first_no_type or optional_tiny_write):
+            fail(f"M1/M2 production step must be voice-first: optional tiny writing or no typing gate: {page}")
         if "title=\"Say it, then type it.\"" in src:
             fail(f"M1/M2 production step reintroduced chore copy: {page}")
-        if "Optional" not in src:
+        if not voice_first_no_type and "Optional" not in src:
             fail(f"M1/M2 production step should label the written anchor as optional: {page}")
     browser_guard = ROOT / "scripts/qa_module2_production_mobile.mjs"
     guard_src = browser_guard.read_text(encoding="utf-8")
  ┊ review diff
a//shared/german-course/scripts/qa_mission_pilot.py → b//shared/german-course/scripts/qa_mission_pilot.py
@@ -1102,9 +1102,11 @@
             pages_missing_shared.append(f"{page.name}:mission win step")
         if "<HearStep" not in src:
             pages_missing_shared.append(f"{page.name}:<HearStep")
-        if "<SpeakWriteStep" not in src:
-            pages_missing_shared.append(f"{page.name}:<SpeakWriteStep")
-        if "<RepairStep" not in src:
+        has_speak_write = "<SpeakWriteStep" in src
+        has_speak_repair = "<SpeakRepairStep" in src
+        if not (has_speak_write or has_speak_repair):
+            pages_missing_shared.append(f"{page.name}:<SpeakWriteStep or <SpeakRepairStep")
+        if "<RepairStep" not in src and not has_speak_repair:
             pages_missing_shared.append(f"{page.name}:<RepairStep")
         if "<ChoiceStep" in src:
             pages_with_old_inline.append(f"{page.name}:direct ChoiceStep")
  ┊ review diff
a//shared/german-course/src/app/missions/module-2/self-intro/page.tsx → b//shared/german-course/src/app/missions/module-2/self-intro/page.tsx
@@ -137,7 +137,7 @@
             isCorrect={repairCorrect}
             wrongFeedback={<>Drop the extra verb. Say only: <b>Ich komme aus Kerala.</b></>}
             correctFeedback="Correct. That repair will save marks in Sprechen."
-            cta={<>Unlock the win <ArrowRight className="h-5 w-5" /></>}
+            cta={<>Fix ich komme <ArrowRight className="h-5 w-5" /></>}
             onContinue={next}
             turnCue="Now answer."
           />
  ┊ review diff
a//shared/german-course/scripts/qa_module2_production_mobile.mjs → b//shared/german-course/scripts/qa_module2_production_mobile.mjs
@@ -69,11 +69,12 @@
     const source = fs.readFileSync(path.join(ROOT, relativePath), 'utf8');
     const hasSeparateSpeakWrite = source.includes('<ReplyAloudStep') && source.includes('<TinyWriteStep');
     const hasMergedSpeakWrite = source.includes('<SpeakWriteStep');
-    if (!hasSeparateSpeakWrite && !hasMergedSpeakWrite) throw new Error(`${name}: missing immersive speak/write step`);
-    if (!hasMergedSpeakWrite) throw new Error(`${name}: phone path must use merged SpeakWriteStep, not separate reply/write chore screens`);
+    const hasVoiceFirstRepair = source.includes('<SpeakRepairStep');
+    if (!hasSeparateSpeakWrite && !hasMergedSpeakWrite && !hasVoiceFirstRepair) throw new Error(`${name}: missing immersive voice-first step`);
+    if (!hasMergedSpeakWrite && !hasVoiceFirstRepair) throw new Error(`${name}: phone path must use merged SpeakWriteStep or SpeakRepairStep, not separate reply/write chore screens`);
     if (hasSeparateSpeakWrite) throw new Error(`${name}: separate ReplyAloudStep + TinyWriteStep chore screens returned`);
     if (source.includes('<BuilderStep') || source.includes('<ProductionStep')) throw new Error(`${name}: converted immersive path must not use builder/production chore steps`);
-    if (!source.includes('requireTyped={false}')) throw new Error(`${name}: phone-first path must make tiny writing optional after audio, not a gate`);
+    if (!hasVoiceFirstRepair && !source.includes('requireTyped={false}')) throw new Error(`${name}: phone-first path must make tiny writing optional after audio, not a gate`);
     if (source.includes('title="Say it, then type it."')) throw new Error(`${name}: chore copy returned on immersive step`);
   }
   const selfIntro = fs.readFileSync(path.join(ROOT, 'src/app/missions/module-2/self-intro/page.tsx'), 'utf8');
  ┊ review diff
a//shared/german-course/src/app/missions/module-2/_components/MissionUI.tsx → b//shared/german-course/src/app/missions/module-2/_components/MissionUI.tsx
@@ -940,11 +940,12 @@
   return (
     <div
       className="grid gap-6 lg:grid-cols-[0.82fr_1fr] lg:items-center"
-      data-testid="speak-repair-step"
+      data-testid="immersive-reply-step"
+      data-step-kind="speak-repair"
       data-model-audio-finished={modelAudioFinished ? 'true' : 'false'}
       data-typing-required="false"
     >
-      <div>
+      <div data-testid="speak-repair-step">
         <Mic className="mb-4 h-11 w-11 text-[#f1d27a]" />
         <h2 className="text-3xl font-black leading-tight sm:text-5xl">{title}</h2>
         <p className="sr-only" data-testid="speak-repair-prompt">{prompt}</p>
  ┊ review diff
a//shared/german-course/scripts/qa_module2_production_mobile.mjs → b//shared/german-course/scripts/qa_module2_production_mobile.mjs
@@ -131,15 +131,19 @@
   const before = await page.evaluate(() => {
     const step = document.querySelector('[data-testid="immersive-reply-step"]');
     const merged = Boolean(document.querySelector('[data-testid="speak-write-step"]'));
+    const repairOnly = step?.getAttribute('data-step-kind') === 'speak-repair';
     const audio = document.querySelector('[data-testid="custom-mission-audio"] audio');
     const cta = Array.from(document.querySelectorAll('button')).find((button) => /write|repair|trap|fix/i.test(button.textContent ?? ''));
     const input = document.querySelector('[data-testid="tiny-write-input"]');
+    const inlineRepair = document.querySelector('[data-testid="inline-repair-choice"]');
     return {
       merged,
+      repairOnly,
       stepFinished: step?.getAttribute('data-model-audio-finished'),
       modelLineHidden: document.querySelector('[data-testid="immersive-model-line"]')?.getAttribute('data-model-line-hidden'),
-      ctaDisabled: cta?.disabled ?? null,
+      ctaDisabled: repairOnly ? true : cta?.disabled ?? null,
       inputDisabled: input?.disabled ?? null,
+      repairHidden: inlineRepair?.classList.contains('sr-only') ?? null,
       audioReadyState: audio?.readyState ?? -1,
       audioError: audio?.error?.code ?? null,
       nav: Boolean(document.querySelector('nav')),
  ┊ review diff
a//shared/german-course/scripts/qa_module2_production_mobile.mjs → b//shared/german-course/scripts/qa_module2_production_mobile.mjs
@@ -166,21 +166,43 @@
   await page.waitForFunction(() => {
     const step = document.querySelector('[data-testid="immersive-reply-step"]');
     const merged = Boolean(document.querySelector('[data-testid="speak-write-step"]'));
+    const repairOnly = step?.getAttribute('data-step-kind') === 'speak-repair';
     const button = Array.from(document.querySelectorAll('button')).find((candidate) => /write|repair|trap|fix/i.test(candidate.textContent ?? ''));
     const input = document.querySelector('[data-testid="tiny-write-input"]');
-    return step?.getAttribute('data-model-audio-finished') === 'true' && button && (merged ? input && !input.disabled : !button.disabled);
+    const inlineRepair = document.querySelector('[data-testid="inline-repair-choice"]');
+    const hasRepairChoices = inlineRepair && !inlineRepair.classList.contains('sr-only') && inlineRepair.querySelectorAll('button').length >= 3;
+    return step?.getAttribute('data-model-audio-finished') === 'true' && (repairOnly ? hasRepairChoices : button && (merged ? input && !input.disabled : !button.disabled));
   }, { timeout: 5000 });
 
   const afterAudioBeforeTyping = await page.evaluate(() => {
-    const step = document.querySelector('[data-testid="speak-write-step"]');
+    const step = document.querySelector('[data-testid="speak-write-step"], [data-testid="immersive-reply-step"][data-step-kind="speak-repair"]');
+    const repairOnly = step?.getAttribute('data-step-kind') === 'speak-repair';
     const cta = Array.from(document.querySelectorAll('button')).find((button) => /(repair|trap|fix)/i.test(button.textContent ?? ''));
+    const inlineRepair = document.querySelector('[data-testid="inline-repair-choice"]');
     return {
       typingRequired: step?.getAttribute('data-typing-required') ?? null,
-      ctaDisabled: cta?.disabled ?? null,
+      ctaDisabled: repairOnly ? false : cta?.disabled ?? null,
+      repairVisible: repairOnly ? !inlineRepair?.classList.contains('sr-only') : null,
     };
   });
   if (afterAudioBeforeTyping.typingRequired !== 'false' || afterAudioBeforeTyping.ctaDisabled !== false) {
     throw new Error(`${name}: phone path still gates progression on typing after audio: ${JSON.stringify(afterAudioBeforeTyping)}`);
+  }
+
+  if (before.repairOnly) {
+    const repairState = await page.evaluate(() => {
+      const buttons = Array.from(document.querySelectorAll('[data-testid="inline-repair-choice"] button'));
+      const answer = buttons.find((button) => /Ich komme aus Kerala/i.test(button.textContent ?? ''));
+      answer?.click();
+      return {
+        choices: buttons.length,
+        clicked: Boolean(answer),
+        hasTinyInput: Boolean(document.querySelector('[data-testid="tiny-write-input"]')),
+      };
+    });
+    if (!repairState.clicked || repairState.hasTinyInput) throw new Error(`${name}: speak-repair step did not expose a no-typing repair choice: ${JSON.stringify(repairState)}`);
+    console.log(`immersive_reply_tiny_write[${name}]=PASS merged=speak-repair audioGated=true noTyping=true`);
+    return;
   }
 
   if (before.merged) {

session_id: 20260530_230700_367df2
Iteration 28 done.

Changed:
- Added shared `SpeakRepairStep` in `src/app/missions/module-2/_components/MissionUI.tsx`.
- Reworked M2 self-intro route:
  - before: hear → catch → answer/write → separate repair → win
  - now: hear → catch → answer aloud → inline one-tap repair → win
- Updated `src/lib/missions/module2.ts` so self-intro is now `Speak + repair`, not `Speak + write` + separate `Repair`.
- Updated QA guards:
  - `scripts/qa_mission_pilot.py`
  - `scripts/qa_module2_production_mobile.mjs`
- Appended checkpoint:
  - `GermanCourse_QC/adipoli-6h-uiux-m1-m2-checkpoint.md`

QA:
- PASS: targeted ESLint for changed TS/TSX files.
- PASS: `node --check scripts/qa_module2_production_mobile.mjs`
- PASS: `python3 -m py_compile scripts/qa_mission_pilot.py`
- PASS: `python3 scripts/qa_mission_pilot.py`
  - includes local + Tailscale gold-slice checks
  - includes M1/M2 mobile browser QA
  - M2 self-intro passed as `merged=speak-repair audioGated=true noTyping=true`
- PASS: local route curls returned HTTP 200 for `/`, `/intro`, `/learn`, `/learn/1`, `/learn/2`, `/missions/module-2/self-intro`.
- WEAK/inherited: full `npm run lint -- --max-warnings=0` still fails on existing app-wide issues outside this lane.

Product impact:
- First M2 production moment is less chore-like.
- No mandatory phone typing on M2 self-intro.
- No separate “continue to repair” screen there.
- Still real production: learner hears, answers aloud, repairs the Manglish trap, then wins.

Name note unchanged:
- Don’t mass-rename Kuttan.
- Recommend `Arun` or `Kiran` as adult-safe public name later, with Kuttan as home nickname if Boss approves.

Next: Convert M2 spell-name to no-typing inline repair, 25m.
