  ┊ review diff
a//shared/german-course/src/app/missions/module-2/_components/MissionUI.tsx → b//shared/german-course/src/app/missions/module-2/_components/MissionUI.tsx
@@ -506,194 +506,6 @@
     >
       {children}
     </Link>
-  );
-}
-
-export function BuilderWordBank({ children }: { children: React.ReactNode }) {
-  return <div className="mt-5 flex flex-wrap gap-2.5 sm:gap-3" data-testid="builder-word-bank">{children}</div>;
-}
-
-export function BuilderWordButton({
-  children,
-  onClick,
-  disabled = false,
-  chipLabel,
-  chipIndex,
-}: {
-  children: React.ReactNode;
-  onClick: () => void;
-  disabled?: boolean;
-  chipLabel?: string;
-  chipIndex?: number;
-}) {
-  const label = chipLabel ?? String(children);
-
-  return (
-    <button
-      type="button"
-      onClick={onClick}
-      disabled={disabled}
-      aria-label={`${disabled ? 'Placed' : 'Add'} builder chip: ${label}`}
-      aria-pressed={disabled}
-      data-testid="builder-chip"
-      data-builder-chip={label}
-      data-builder-index={chipIndex}
-      data-builder-state={disabled ? 'placed' : 'available'}
-      className={clsx(
-        'min-h-12 rounded-2xl border px-4 py-3 text-base font-black transition sm:px-5 sm:text-lg',
-        disabled
-          ? 'cursor-not-allowed border-[#3fbf75]/30 bg-[#3fbf75]/12 text-white/38 line-through decoration-[#3fbf75]/70 decoration-2'
-          : 'border-white/12 bg-white/[0.07] active:scale-[0.98] hover:border-[#f1d27a]/45 hover:bg-white/[0.1]'
-      )}
-    >
-      {children}
-    </button>
-  );
-}
-
-export function isBuilderChipUsed<T extends string>(bank: T[], selected: T[], chip: T, index: number) {
-  const occurrence = bank.slice(0, index + 1).filter((item) => item === chip).length;
-  const selectedCount = selected.filter((item) => item === chip).length;
-  return selectedCount >= occurrence;
-}
-
-export function canAddBuilderChip<T extends string>(selected: T[], targetLength: number) {
-  return selected.length < targetLength;
-}
-
-export function BuilderSupportRow({ children }: { children: React.ReactNode }) {
-  return <div className="mt-5 grid gap-3 sm:flex sm:flex-wrap sm:items-center">{children}</div>;
-}
-
-export function BuilderResetButton({
-  children,
-  onClick,
-  disabled = false,
-}: {
-  children: React.ReactNode;
-  onClick: () => void;
-  disabled?: boolean;
-}) {
-  return (
-    <button
-      type="button"
-      onClick={onClick}
-      disabled={disabled}
-      className={clsx(
-        'inline-flex min-h-12 w-full items-center justify-center gap-2 rounded-2xl px-4 py-3 font-bold transition sm:w-auto',
… omitted 116 diff line(s) across 1 additional file(s)/section(s)
  ┊ review diff
a//shared/german-course/src/app/missions/module-2/_components/MissionUI.tsx → b//shared/german-course/src/app/missions/module-2/_components/MissionUI.tsx
@@ -1071,156 +1071,6 @@
   );
 }
 
-export function ProductionStep({
-  title,
-  instructions,
-  modelText,
-  audioSrc,
-  audioLabel = 'Listen',
-  spokenChecked,
-  onSpokenChecked,
-  textareaId,
-  textareaLabel,
-  textareaValue,
-  onTextareaChange,
-  placeholder,
-  typedIsStrong,
-  weakFeedback,
-  strongFeedback,
-  cta,
-  onContinue,
-  continueDisabled,
-}: {
-  title: string;
-  instructions: React.ReactNode;
-  modelText?: React.ReactNode;
-  audioSrc?: string;
-  audioLabel?: string;
-  spokenChecked: boolean;
-  onSpokenChecked: () => void;
-  textareaId: string;
-  textareaLabel: string;
-  textareaValue: string;
-  onTextareaChange: (value: string) => void;
-  placeholder: string;
-  typedIsStrong: boolean;
-  weakFeedback: React.ReactNode;
-  strongFeedback: React.ReactNode;
-  cta: React.ReactNode;
-  onContinue: () => void;
-  continueDisabled: boolean;
-}) {
-  const [modelAudioFinished, setModelAudioFinished] = useState(false);
-  const needsModelAudio = Boolean(audioSrc);
-  const canMarkSpoken = !needsModelAudio || modelAudioFinished;
-  const canTypeOutput = !needsModelAudio || modelAudioFinished;
-  const productionSteps = [
-    { label: 'Listen', done: !needsModelAudio || modelAudioFinished },
-    { label: 'Say', done: spokenChecked },
-    { label: 'Type', done: typedIsStrong },
-  ];
-  const nextRequiredAction = !canTypeOutput
-    ? 'Finish audio.'
-    : !spokenChecked
-      ? 'Say it.'
-      : !typedIsStrong
-        ? 'Type it.'
-        : 'Ready.';
-  const visibleCta = continueDisabled ? 'Continue' : cta;
-
-  return (
-    <div className="grid gap-7 lg:grid-cols-[0.9fr_1.1fr]" data-testid="module2-production-step" data-model-audio-finished={modelAudioFinished ? 'true' : 'false'}>
-      <div>
-        <Mic className="mb-4 h-11 w-11 text-[#f1d27a]" />
-        <h2 className="text-3xl font-black leading-tight sm:text-5xl">{title}</h2>
-        {instructions && <p className="mt-3 text-base leading-7 text-white/66">{instructions}</p>}
-        <div className="sr-only" aria-label="Production order">
-          {productionSteps.map((item) => (
-            <div
-              key={item.label}
-              className={clsx(
-                'rounded-2xl border px-3 py-2 text-sm font-black transition',
-                item.done
-                  ? 'border-[#3fbf75]/30 bg-[#3fbf75]/13 text-[#bcf7d0]'
-                  : 'border-white/10 bg-white/[0.045] text-white/48'
-              )}
-            >
-              {item.label}
… omitted 78 diff line(s) across 1 additional file(s)/section(s)
  ┊ review diff
a//shared/german-course/scripts/qa_mission_pilot.py → b//shared/german-course/scripts/qa_mission_pilot.py
@@ -1439,6 +1439,30 @@
     print("mission_motion=reduced_motion_safe")
 
 
+def assert_no_retired_chore_components() -> None:
+    mission_ui = MISSION_UI.read_text(encoding="utf-8")
+    retired_snippets = [
+        "export function BuilderStep",
+        "export function BuilderWordBank",
+        "export function BuilderWordButton",
+        "export function BuilderResetButton",
+        "data-testid=\"builder-chip\"",
+        "data-testid=\"builder-slots\"",
+        "data-testid=\"builder-built-sentence\"",
+        "Sentence builder:",
+        "Undo",
+        "Clear",
+        "export function ProductionStep",
+        "data-testid=\"module2-production-step\"",
+        "module2-production-textarea",
+        "Said it",
+    ]
+    hits = [snippet for snippet in retired_snippets if snippet in mission_ui]
+    if hits:
+        fail(f"retired builder/production chore components still present in shared mission UI: {hits}")
+    print("retired_chore_components=absent")
+
+
 def assert_routes_reachable() -> None:
     for base in BASE_URLS:
         for path in ROUTE_PATHS:
  ┊ review diff
a//shared/german-course/scripts/qa_mission_pilot.py → b//shared/german-course/scripts/qa_mission_pilot.py
@@ -1503,6 +1503,7 @@
     assert_m1_m2_builder_browser_guard()
     assert_gold_slice_first_journey_browser_guard()
     assert_mission_motion_respects_preferences()
+    assert_no_retired_chore_components()
     assert_routes_reachable()
     print("PASS: mission pilot QA basics")
 
  ⟳ compacting context…
  ┊ review diff
a//shared/german-course/scripts/qa_mission_pilot.py → b//shared/german-course/scripts/qa_mission_pilot.py
@@ -921,12 +921,6 @@
         "return portalActions ? createPortal(row, document.body) : row;",
         "backdrop-blur-md sm:flex sm:flex-wrap sm:items-center sm:justify-center",
         "export function SecondaryLink",
-        "export function BuilderStep",
-        "export function BuilderWordBank",
-        "export function BuilderWordButton",
-        "export function BuilderSupportRow",
-        "export function BuilderResetButton",
-        "export function BuilderFeedback",
         "export function RepairChoiceButton",
         "export type ChoiceOption",
         "export function ChoiceStep",
@@ -940,44 +934,25 @@
         "compact\n          />",
         "export function RecognitionStep",
         "<ActionRow className=\"lg:col-span-2\">",
-        "export function ProductionStep",
+        "export function SpeakWriteStep",
         "export function MissionWinStep",
+        "export function Module1MissionWinStep",
         "Replay mission",
-        "textareaValue",
-        "onTextareaChange",
-        "typedIsStrong",
         "const [modelAudioFinished, setModelAudioFinished] = useState(false)",
-        "const canMarkSpoken = !needsModelAudio || modelAudioFinished",
-        "const canTypeOutput = !needsModelAudio || modelAudioFinished",
-        "const productionSteps = [",
-        "aria-label=\"Production order\"",
-        "Listen",
-        "Say",
-        "Type",
         "onEnded={() => setModelAudioFinished(true)}",
-        "Next required action: finish model audio",
-        "Audio finished — say yours now",
-        "Pattern hidden until audio finishes",
-        "Listen first — then reveal the A1 pattern.",
-        "Your pattern",
-        "needsModelAudio && !modelAudioFinished ? 'Listen first — then reveal the A1 pattern.' : modelText",
-        "Speaking and typing unlock only after the native model audio finishes.",
-        "Say your version aloud, then type it on the right.",
-        "disabled={!canMarkSpoken}",
-        "Said it",
-        "placeholder={canTypeOutput ? placeholder : 'Listen first…'}",
-        "disabled={!canTypeOutput}",
-        "aria-describedby={`${textareaId}-gate`}",
-        "Typing is locked until the model audio finishes. No silent skipping.",
-        "Now write the same A1 pattern from memory.",
-        "const nextRequiredAction = !canTypeOutput",
-        "Finish audio.",
-        "Say it.",
-        "Type it.",
-        "Ready.",
-        "const visibleCta = continueDisabled ? 'Continue' : cta",
-        "data-testid=\"module2-production-next-action\"",
-        "<PenLine className=\"mb-4 h-11 w-11 text-[#f1d27a]\" />",
+        "data-testid=\"speak-write-step\"",
+        "data-testid=\"immersive-reply-step\"",
+        "data-testid=\"immersive-model-line\"",
+        "data-testid=\"tiny-write-step\"",
+        "data-testid=\"tiny-write-input\"",
+        "data-model-audio-finished={modelAudioFinished ? 'true' : 'false'}",
+        "data-typing-locked={modelAudioFinished ? 'false' : 'true'}",
+        "placeholder={modelAudioFinished ? placeholder : 'Listen first…'}",
+        "disabled={!modelAudioFinished}",
+        "const primaryDisabled = !modelAudioFinished || (requireTyped && continueDisabled)",
+        "turnCue = 'Your turn.'",
+        "requireTyped = true",
+        "Optional. Speak first.",
         "side?: React.ReactNode",
         "lg:grid-cols-[0.85fr_1fr]",
         "lg:items-start",
@@ -986,41 +961,10 @@
         "correctFeedback",
         "value && !isCorrect",
         "w-full min-h-16 rounded-2xl border p-4 text-left transition",
-        "grid gap-3 sm:flex sm:flex-wrap sm:items-center",
-        "flex flex-wrap gap-2.5 sm:gap-3",
… omitted 116 diff line(s) across 1 additional file(s)/section(s)
  ┊ review diff
a//shared/german-course/scripts/qa_module2_production_mobile.mjs → b//shared/german-course/scripts/qa_module2_production_mobile.mjs
@@ -26,42 +26,23 @@
     'data-optional-anchor-hidden={!requireTyped && !modelAudioFinished ? \'true\' : \'false\'}',
     "className={clsx(!requireTyped && !modelAudioFinished && 'sr-only')}",
     'data-testid="tiny-write-input"',
-    'Listen',
-    'Say',
-    'Type',
-    'Pattern hidden until audio finishes',
-    'Listen first — then reveal the A1 pattern.',
-    'Next required action: finish model audio',
-    'Speaking and typing unlock only after the native model audio finishes.',
-    "disabled={!canTypeOutput}",
-    "placeholder={canTypeOutput ? placeholder : 'Listen first…'}",
-    'Typing is locked until the model audio finishes. No silent skipping.',
+    'data-testid="immersive-model-line"',
+    'data-model-line-hidden={modelAudioFinished ? \'false\' : \'true\'}',
+    "modelAudioFinished ? 'opacity-100' : 'sr-only'",
+    'data-model-audio-finished={modelAudioFinished ? \'true\' : \'false\'}',
+    "data-typing-locked={modelAudioFinished ? 'false' : 'true'}",
+    "placeholder={modelAudioFinished ? placeholder : 'Listen first…'}",
+    'disabled={!modelAudioFinished}',
+    'const primaryDisabled = !modelAudioFinished || (requireTyped && continueDisabled)',
+    'onEnded={() => setModelAudioFinished(true)}',
+    'Optional. Speak first.',
     'Finish the scene audio to unlock the next action.',
     'Next action ready.',
     '<PrimaryButton onClick={onContinue}>{cta}</PrimaryButton>',
-    'data-testid="module2-production-next-action"',
-    "continueDisabled ? 'Continue' : cta",
-    'Finish audio.',
-    'Say it.',
-    'Type it.',
     'pointer-events-none fixed inset-0 overflow-hidden',
     'useMissionStepForQA',
     "params.get('adipoliQa') !== '1'",
     "window.location.hostname.startsWith('100.96.')",
-    'data-testid="module2-production-step"',
-    'data-model-audio-finished={modelAudioFinished ? \'true\' : \'false\'}',
-    'data-testid="module2-production-textarea"',
-    "data-typing-locked={canTypeOutput ? 'false' : 'true'}",
-    'data-model-line-hidden={modelAudioFinished ? \'false\' : \'true\'}',
-    "modelAudioFinished ? 'opacity-100' : 'sr-only'",
-    'data-testid="builder-word-bank"',
-    'data-testid="builder-chip"',
-    'data-builder-chip={label}',
-    'data-builder-state={disabled ? \'placed\' : \'available\'}',
-    'data-testid="builder-slots"',
-    'data-testid="builder-slot"',
-    'data-testid="builder-built-sentence"',
-    "data-builder-correct={isCorrect ? 'true' : 'false'}",
   ];
   const missing = required.filter((snippet) => !missionUi.includes(snippet));
   if (missing.length) throw new Error(`Production/mobile source gate missing: ${missing.join(' | ')}`);

session_id: 20260530_221417_1308ec
Iteration 23 done.

Changed:
- `src/app/missions/module-2/_components/MissionUI.tsx`
  - Removed retired builder/chip shared components.
  - Removed unused `ProductionStep`.
  - Keeps current M1/M2 path voice-first: scene audio → answer aloud → tiny optional writing → repair → win.

- `scripts/qa_mission_pilot.py`
  - Updated QA to guard against reintroducing builder/production chore UI.
  - Added retired-component absence check.

- `scripts/qa_module2_production_mobile.mjs`
  - Updated browser/source guard to match the new non-builder, audio-gated `SpeakWriteStep` path.

- Appended checkpoint:
  - `GermanCourse_QC/adipoli-6h-uiux-m1-m2-checkpoint.md`

Verification:
- PASS: `npx tsc --noEmit --pretty false`
- PASS: targeted ESLint for `MissionUI.tsx`
- PASS: `python3 scripts/qa_mission_pilot.py`
  - Local + Tailscale browser QA passed.
  - 8 M1/M2 immersive missions passed.
  - No nav/search crowding.
  - No mobile overflow.
  - Audio-gated speak/write passed.
  - Gold-slice first journey passed.
  - Retired chore components absent.
- PASS: local curl smoke for `/`, `/intro`, `/learn`, `/learn/1`, `/learn/2`, M1/M2 mission routes.
- WEAK/inherited: full `npm run lint -- --max-warnings=0` still fails from existing unrelated app-wide lint issues in auth/games/remotion/content files.

No images generated this run. Correct call: this lane needed interaction-model cleanup, not decoration.

Kuttan recommendation unchanged: don’t mass-rename. Safer launch direction is Arun/Kiran as public adult-safe name, with Kuttan as home nickname if Boss approves.

Next: tighten one M1/M2 repair/win copy pass, 25m — avoid more container polish.
