  ⟳ compacting context…
  ┊ review diff
a//shared/german-course/src/app/missions/module-2/_components/MissionUI.tsx → b//shared/german-course/src/app/missions/module-2/_components/MissionUI.tsx
@@ -738,6 +738,8 @@
   cta,
   onContinue,
   continueDisabled,
+  autoContinueOnCorrect = false,
+  autoContinueDelayMs = 650,
 }: {
   options: ChoiceOption<T>[];
   value: T | null;
@@ -748,7 +750,15 @@
   cta: React.ReactNode;
   onContinue: () => void;
   continueDisabled: boolean;
+  autoContinueOnCorrect?: boolean;
+  autoContinueDelayMs?: number;
 }) {
+  useEffect(() => {
+    if (!autoContinueOnCorrect || continueDisabled || !isCorrect) return;
+    const timer = window.setTimeout(onContinue, autoContinueDelayMs);
+    return () => window.clearTimeout(timer);
+  }, [autoContinueDelayMs, autoContinueOnCorrect, continueDisabled, isCorrect, onContinue]);
+
   return (
     <div className="grid gap-3">
       {options.map((option) => {
  ┊ review diff
a//shared/german-course/src/app/missions/module-2/_components/MissionUI.tsx → b//shared/german-course/src/app/missions/module-2/_components/MissionUI.tsx
@@ -778,9 +778,9 @@
       {value && !isCorrect && <p className="rounded-2xl bg-[#c0392b]/14 p-4 font-semibold text-[#ffc9c2]">{wrongFeedback}</p>}
       {isCorrect && <p className="rounded-2xl bg-[#3fbf75]/14 p-4 font-semibold text-[#bcf7d0]">{correctFeedback}</p>}
       <div className="sr-only" aria-live="polite">
-        {continueDisabled ? 'Choose the correct answer to continue.' : 'Continue is ready.'}
-      </div>
-      {!continueDisabled && (
+        {continueDisabled ? 'Choose the correct answer to continue.' : autoContinueOnCorrect ? 'Correct. Moving forward.' : 'Continue is ready.'}
+      </div>
+      {!continueDisabled && !autoContinueOnCorrect && (
         <ActionRow>
           <PrimaryButton onClick={onContinue}>{cta}</PrimaryButton>
         </ActionRow>
  ┊ review diff
a//shared/german-course/src/app/missions/module-2/_components/MissionUI.tsx → b//shared/german-course/src/app/missions/module-2/_components/MissionUI.tsx
@@ -802,6 +802,7 @@
   cta,
   onContinue,
   continueDisabled,
+  autoContinueOnCorrect = false,
 }: {
   title: string;
   explanation: React.ReactNode;
@@ -815,6 +816,7 @@
   cta: React.ReactNode;
   onContinue: () => void;
   continueDisabled: boolean;
+  autoContinueOnCorrect?: boolean;
 }) {
   const hasSelectedRepair = value !== null;
 
  ┊ review diff
a//shared/german-course/src/app/missions/module-2/_components/MissionUI.tsx → b//shared/german-course/src/app/missions/module-2/_components/MissionUI.tsx
@@ -856,6 +856,7 @@
         cta={cta}
         onContinue={onContinue}
         continueDisabled={continueDisabled}
+        autoContinueOnCorrect={autoContinueOnCorrect}
       />
     </div>
   );
  ┊ review diff
a//shared/german-course/src/app/missions/module-2/_components/MissionUI.tsx → b//shared/german-course/src/app/missions/module-2/_components/MissionUI.tsx
@@ -957,6 +957,7 @@
   onContinue,
   continueDisabled,
   side,
+  autoContinueOnCorrect = false,
 }: {
   icon: React.ReactNode;
   title: string;
@@ -971,7 +972,14 @@
   onContinue: () => void;
   continueDisabled: boolean;
   side?: React.ReactNode;
+  autoContinueOnCorrect?: boolean;
 }) {
+  useEffect(() => {
+    if (!autoContinueOnCorrect || continueDisabled || !isCorrect) return;
+    const timer = window.setTimeout(onContinue, 650);
+    return () => window.clearTimeout(timer);
+  }, [autoContinueOnCorrect, continueDisabled, isCorrect, onContinue]);
+
   return (
     <div className="grid gap-7 lg:grid-cols-[0.85fr_1fr] lg:items-start">
       <div>
  ┊ review diff
a//shared/german-course/src/app/missions/module-2/_components/MissionUI.tsx → b//shared/german-course/src/app/missions/module-2/_components/MissionUI.tsx
@@ -1011,9 +1011,9 @@
         {isCorrect && <p className="rounded-2xl bg-[#3fbf75]/14 p-4 font-semibold text-[#bcf7d0]">{correctFeedback}</p>}
       </div>
       <div className="sr-only" aria-live="polite">
-        {continueDisabled ? 'Choose the correct answer to continue.' : 'Continue is ready.'}
-      </div>
-      {!continueDisabled && (
+        {continueDisabled ? 'Choose the correct answer to continue.' : autoContinueOnCorrect ? 'Correct. Moving forward.' : 'Continue is ready.'}
+      </div>
+      {!continueDisabled && !autoContinueOnCorrect && (
         <ActionRow className="lg:col-span-2">
           <PrimaryButton onClick={onContinue}>{cta}</PrimaryButton>
         </ActionRow>
  ⟳ compacting context…
  ┊ review diff
a//shared/german-course/scripts/qa_mission_pilot.py → b//shared/german-course/scripts/qa_mission_pilot.py
@@ -303,9 +303,12 @@
     choice_section = mission_ui.split("export function ChoiceStep", 1)[1].split("export function RepairStep", 1)[0]
     recognition_section = mission_ui.split("export function RecognitionStep", 1)[1].split("export function ReplyAloudStep", 1)[0]
     required = [
-        "{!continueDisabled && (",
+        "autoContinueOnCorrect",
+        "window.setTimeout(onContinue",
+        "{!continueDisabled && !autoContinueOnCorrect && (",
         "<PrimaryButton onClick={onContinue}>{cta}</PrimaryButton>",
         "Choose the correct answer to continue.",
+        "Correct. Moving forward.",
     ]
     missing_choice = [snippet for snippet in required if snippet not in choice_section]
     missing_recognition = [snippet for snippet in required if snippet not in recognition_section]
  ┊ review diff
a//shared/german-course/scripts/qa_gold_slice_first_journey.mjs → b//shared/german-course/scripts/qa_gold_slice_first_journey.mjs
@@ -150,9 +150,6 @@
   current = await state(page);
   assert(!current.buttons.some((button) => button.text.includes('Choose the greeting')), 'auto-advance should remove the extra hearing continue tap', current.buttons);
   await chooseOption(page, 'Guten Morgen');
-  await page.waitForFunction(() => Array.from(document.querySelectorAll('button')).some((button) => button.innerText.includes('Answer aloud') && !button.disabled), { timeout: 10000 });
-  await clickButtonContaining(page, 'Answer aloud');
-
   await page.waitForSelector('[data-testid="immersive-reply-step"]', { timeout: 10000 });
   let immersive = await page.evaluate(() => ({
     merged: Boolean(document.querySelector('[data-testid="speak-write-step"]')),
  ┊ review diff
a//shared/german-course/scripts/qa_gold_slice_first_journey.mjs → b//shared/german-course/scripts/qa_gold_slice_first_journey.mjs
@@ -183,8 +183,6 @@
 
   await page.waitForFunction(() => document.body.innerText.includes('Fix the time trap.'), { timeout: 10000 });
   await chooseOption(page, 'Guten Morgen, Frau Weber.');
-  await page.waitForFunction(() => Array.from(document.querySelectorAll('button')).some((button) => button.innerText.includes('Unlock first win') && !button.disabled), { timeout: 10000 });
-  await clickButtonContaining(page, 'Unlock first win');
 
   await page.waitForFunction(() => document.body.innerText.includes('First class win.') && document.body.innerText.includes('Handle thank-you politely.'), { timeout: 10000 });
   current = await state(page);

session_id: 20260530_215512_5e06ad
Iteration 21 done.

Changed:
- `src/app/missions/module-2/_components/MissionUI.tsx`
- 3 Module 1 mission pages
- 5 Module 2 mission pages
- `scripts/qa_mission_pilot.py`
- `scripts/qa_gold_slice_first_journey.mjs`
- appended checkpoint: `GermanCourse_QC/adipoli-6h-uiux-m1-m2-checkpoint.md`

Product fix:
- Removed the extra “correct answer → continue button” chore loop.
- Recognition and repair steps now auto-advance after a correct choice.
- This cuts 2 extra taps from every reviewed M1/M2 mission while keeping feedback/accessibility text.

QA:
- PASS: targeted `npx eslint` on changed TSX files.
- PASS: `node --check scripts/qa_gold_slice_first_journey.mjs`.
- PASS: `python3 scripts/qa_mission_pilot.py`.
  - Local + Tailscale gold-slice browser QA passed.
  - 8 M1/M2 voice-first missions passed mobile QA.
  - Audio, route, no-nav/search, opening text, and no-builder guards passed.
- WEAK: app-wide `npm run lint` still fails from inherited unrelated auth/game/legacy files, not this change.

Checkpoint appended at:
`/shared/german-course/GermanCourse_QC/adipoli-6h-uiux-m1-m2-checkpoint.md`

Next: Collapse optional writing anchor in `SpeakWriteStep`, 25m.
