  ┊ review diff
a//shared/german-course/scripts/qa_module2_production_mobile.mjs → b//shared/german-course/scripts/qa_module2_production_mobile.mjs
@@ -138,7 +138,7 @@
 
 async function inspectImmersiveStep(page, route, name, typedValue, repairAnswerPattern) {
   await page.setViewport({ width: 390, height: 844, deviceScaleFactor: 2, isMobile: true });
-  const immersiveStep = name === 'm1-greet' || name === 'm1-please-thanks' || name === 'm2-job-languages' ? 0 : (name === 'm1-polite-exit' || name === 'm2-spell-name' || name === 'm2-from-kerala' ? 1 : 3);
+  const immersiveStep = getImmersiveStepForMission(name);
   await page.goto(`${BASE_URL}${route}?adipoliQa=1&adipoliQaStep=${immersiveStep}`, { waitUntil: 'domcontentloaded', timeout: 45000 });
   await page.waitForSelector('[data-testid="immersive-reply-step"]', { timeout: 15000 });
   await new Promise((resolve) => setTimeout(resolve, 300));
  ┊ review diff
a//shared/german-course/scripts/qa_module2_production_mobile.mjs → b//shared/german-course/scripts/qa_module2_production_mobile.mjs
@@ -16,6 +16,55 @@
   ['/missions/module-2/job-languages', 'm2-job-languages', 'Ich bin Student und spreche Malayalam und Englisch', /Ich bin Student/i],
   ['/missions/module-2/final-self-intro', 'm2-final-self-intro', 'Ich heiße Kuttan. Ich komme aus Kerala.', /Ich heiße Kuttan/i],
 ];
+
+const module2SequenceMissions = [
+  {
+    route: '/missions/module-2/self-intro',
+    name: 'm2-self-intro',
+    completedId: 'selfIntro',
+    correctAnswer: /Ich komme aus Kerala/i,
+    expectedNextPath: '/missions/module-2/spell-name',
+    expectedNextSearch: 'start=listen',
+  },
+  {
+    route: '/missions/module-2/spell-name',
+    name: 'm2-spell-name',
+    completedId: 'spellName',
+    correctAnswer: /Kah - Ooh - Tay/i,
+    expectedNextPath: '/missions/module-2/from-kerala',
+    expectedNextSearch: 'start=listen',
+  },
+  {
+    route: '/missions/module-2/from-kerala',
+    name: 'm2-from-kerala',
+    completedId: 'fromKerala',
+    correctAnswer: /Ich komme aus Kerala/i,
+    expectedNextPath: '/missions/module-2/job-languages',
+    expectedNextSearch: 'start=listen',
+  },
+  {
+    route: '/missions/module-2/job-languages',
+    name: 'm2-job-languages',
+    completedId: 'jobLanguages',
+    correctAnswer: /Ich bin Student und spreche Malayalam und Englisch/i,
+    expectedNextPath: '/missions/module-2/final-self-intro',
+    expectedNextSearch: 'start=listen',
+  },
+  {
+    route: '/missions/module-2/final-self-intro',
+    name: 'm2-final-self-intro',
+    completedId: 'finalSelfIntro',
+    correctAnswer: /Ich heiße Kuttan\. Ich komme aus Kerala/i,
+    expectedNextPath: '/learn/2',
+    expectedNextSearch: '',
+  },
+];
+
+function getImmersiveStepForMission(name) {
+  if (name === 'm1-greet' || name === 'm1-please-thanks' || name === 'm2-job-languages') return 0;
+  if (name === 'm1-polite-exit' || name === 'm2-spell-name' || name === 'm2-from-kerala') return 1;
+  return 3;
+}
 
 function assertSourceProductionGate() {
   const missionUi = fs.readFileSync(path.join(ROOT, 'src/app/missions/module-2/_components/MissionUI.tsx'), 'utf8');
  ┊ review diff
a//shared/german-course/scripts/qa_module2_production_mobile.mjs → b//shared/german-course/scripts/qa_module2_production_mobile.mjs
@@ -324,6 +324,137 @@
   console.log(`immersive_reply_tiny_write[${name}]=PASS audioGated=true typed="${after.inputValue}"`);
 }
 
+async function proveBrowserAudioPlayback(page, name) {
+  await page.waitForSelector('[data-testid="custom-mission-audio"] audio', { timeout: 15000 });
+  const proof = await page.evaluate(async () => {
+    const audio = document.querySelector('[data-testid="custom-mission-audio"] audio');
+    if (!audio) return { found: false };
+    audio.muted = true;
+    audio.currentTime = 0;
+    const startedAt = audio.currentTime;
+    await audio.play();
+    await new Promise((resolve, reject) => {
+      const started = Date.now();
+      const tick = () => {
+        if (audio.currentTime > startedAt + 0.04) {
+          resolve(undefined);
+          return;
+        }
+        if (Date.now() - started > 3000) {
+          reject(new Error('audio currentTime did not advance'));
+          return;
+        }
+        requestAnimationFrame(tick);
+      };
+      tick();
+    });
+    const result = {
+      found: true,
+      src: audio.currentSrc || audio.src,
+      readyState: audio.readyState,
+      duration: Number.isFinite(audio.duration) ? audio.duration : 0,
+      currentTime: audio.currentTime,
+      error: audio.error ? audio.error.code : null,
+    };
+    audio.pause();
+    return result;
+  });
+  if (!proof.found || proof.readyState < 2 || !proof.duration || proof.currentTime <= 0.04 || proof.error !== null) {
+    throw new Error(`${name}: browser audio playback proof failed: ${JSON.stringify(proof)}`);
+  }
+  console.log(`module2_sequence_audio[${name}]=PASS duration=${proof.duration.toFixed(3)} advanced=${proof.currentTime.toFixed(3)}`);
+  return proof;
+}
+
+async function clickRepairAnswer(page, name, correctAnswer) {
+  await page.waitForFunction(() => {
+    const repair = document.querySelector('[data-testid="inline-repair-choice"]');
+    return repair && !repair.classList.contains('sr-only') && repair.querySelectorAll('button').length >= 2;
+  }, { timeout: 10000 });
+  const clicked = await page.evaluate((answerSource) => {
+    const answerPattern = new RegExp(answerSource, 'i');
+    const buttons = Array.from(document.querySelectorAll('[data-testid="inline-repair-choice"] button'));
+    const answer = buttons.find((button) => answerPattern.test(button.textContent ?? ''));
+    answer?.click();
+    return {
+      clicked: Boolean(answer),
+      options: buttons.map((button) => button.textContent?.replace(/\s+/g, ' ').trim()),
+      hasTinyInput: Boolean(document.querySelector('[data-testid="tiny-write-input"]')),
+    };
+  }, correctAnswer.source);
+  if (!clicked.clicked || clicked.hasTinyInput) {
+    throw new Error(`${name}: sequence repair click failed or long typing returned: ${JSON.stringify(clicked)}`);
+  }
+}
+
+async function clickNextMissionCard(page, mission) {
+  await page.waitForFunction((expectedPath) => {
+    return Array.from(document.querySelectorAll('a')).some((anchor) => {
+      try {
+        return new URL(anchor.href).pathname === expectedPath;
+      } catch {
+        return false;
+      }
+    });
+  }, { timeout: 10000 }, mission.expectedNextPath);
+
+  const clicked = await page.evaluate((expectedPath) => {
… omitted 59 diff line(s) across 1 additional file(s)/section(s)
  ┊ review diff
a//shared/german-course/scripts/qa_module2_production_mobile.mjs → b//shared/german-course/scripts/qa_module2_production_mobile.mjs
@@ -510,6 +510,7 @@
     await withQaPage(`route:${name}`, (page) => inspectRoute(page, route, name));
     await withQaPage(`immersive:${name}`, (page) => inspectImmersiveStep(page, route, name, typedValue, repairAnswerPattern));
   }
+  await withQaPage('module2-sequence', inspectModule2Sequence);
   if (browserIssues.length) {
     throw new Error(`Browser console/page errors during M1/M2 mobile QA:\n${browserIssues.join('\n')}`);
   }

session_id: 20260601_023558_030534
Iteration 3 complete.

Lane: Module 2 gold path quality.

Changed:
- `/shared/german-course/scripts/qa_module2_production_mobile.mjs`

What improved:
- QA now proves Module 2 as a full five-mission arc, not isolated route loads.
- Browser plays real audio on each M2 mission.
- Completes the audio-gated repair/output step.
- Confirms no long mobile typing burden.
- Clicks actual next cards:
  `self-intro → spell-name → from-kerala → job-languages → final-self-intro → /learn/2`
- Verifies completion persisted:
  `selfIntro, spellName, fromKerala, jobLanguages, finalSelfIntro`

Verification:
- `node --check scripts/qa_module2_production_mobile.mjs` PASS
- `ADIPOLI_QA_BASE_URL=http://127.0.0.1:3000 node scripts/qa_module2_production_mobile.mjs` PASS
- `npx tsc --noEmit --pretty false --incremental false` PASS
- `node scripts/qa_intro_start_path.mjs` PASS
- `node scripts/qa_gold_slice_first_journey.mjs` PASS
- `python3 scripts/qa_mission_pilot.py` PASS
- `git diff --check -- scripts/qa_module2_production_mobile.mjs` PASS

Note:
- The existing dev server had hung; I killed/restarted it with `npm run dev -- -H 0.0.0.0`, then verified root HTTP 200.

Checkpoint appended:
- `/shared/german-course/GermanCourse_QC/adipoli-6h-quality-incremental-checkpoint.md`

PASS. Next useful slice: Module 3 first audio mission, 45m.
