  ⟳ compacting context…
  ┊ review diff
a//shared/german-course/course-production/a1-mvp/module-01/lesson-03-video-script.md → b//shared/german-course/course-production/a1-mvp/module-01/lesson-03-video-script.md
@@ -215,6 +215,8 @@
 ## 31:00–36:30 — Ten-line shadowing set
 
 **Teaching point:** Pronunciation improves by shadowing short useful lines, not reading a phonetics lecture.
+
+**Exam relevance:** In Goethe A1 speaking, small pronunciation errors are okay, but the examiner must understand core lines like `Ich lerne Deutsch`, `Danke schön`, and `Auf Wiedersehen`.
 
 **Instructions on screen:**
 
  ┊ review diff
a//shared/german-course/course-production/a1-mvp/module-01/lesson-01-storyboard-and-slides.md → b//shared/german-course/course-production/a1-mvp/module-01/lesson-01-storyboard-and-slides.md
@@ -154,8 +154,12 @@
 
 Kerala language-school practice desk for an adult Goethe A1 learner, notebook with simple German greeting line, pen, phone audio player, warm daylight, minimal text, serious exam-prep mood, adult-safe, premium educational illustration.
 
-## Slide rules
+## Phone-friendly editing notes
 
+- Keep every practice scene to one visible German line when possible.
+- Tables should appear briefly and collapse back to the current phrase.
+- Use large subtitle text for Frau Weber / learner turns.
+- Do not show the full dialogue and the word table at the same time on mobile.
 - Maximum one German dialogue line visible at a time during practice.
 - Tables are allowed only for comparison, not for dense grammar.
 - No feature grids, badges, game tiles, or big course roadmap in Lesson 1.
  ┊ review diff
a/GermanCourse_QC/a1-mvp-continuous-3h-20260602-123514/iteration-2-report.md → b/GermanCourse_QC/a1-mvp-continuous-3h-20260602-123514/iteration-2-report.md
@@ -0,0 +1,108 @@
+# A1 MVP continuous 3h — Iteration 2 report
+
+Timestamp: 2026-06-02 12:50 CEST
+
+## What I inspected
+
+- `docs/README.md`
+- `docs/COURSE_OPERATING_BRIEF_2026-05-19.md`
+- `docs/A1_MVP_CUSTOMER_JOURNEY_AND_PAGE_FLOW.md`
+- `docs/A1_MVP_SYLLABUS_TEST_AND_RECOVERY.md`
+- `course-production/a1-mvp/module-01/MODULE_01_PRODUCTION_BRIEF.md`
+- `course-production/a1-mvp/module-01/lesson-01-video-script.md`
+- `course-production/a1-mvp/module-01/lesson-01-storyboard-and-slides.md`
+- `course-production/a1-mvp/module-01/module-01-checkpoint-rubric.md`
+- Existing Module 1 scripts 2–7, storyboards, and practice pack.
+
+## Files changed
+
+- `course-production/a1-mvp/module-01/lesson-03-video-script.md`
+- `course-production/a1-mvp/module-01/lesson-01-storyboard-and-slides.md`
+- `GermanCourse_QC/a1-mvp-continuous-3h-checkpoint.md`
+- `GermanCourse_QC/a1-mvp-course-design-final-report.md`
+- `GermanCourse_QC/a1-mvp-continuous-3h-20260602-123514/iteration-2-report.md`
+
+## Fixes made
+
+1. Added an explicit Goethe A1 speaking relevance note to Lesson 03 pronunciation shadowing.
+2. Renamed Lesson 01 storyboard slide rules into explicit phone-friendly editing notes and added mobile-specific constraints.
+
+## Verification
+
+Command run:
+
+```bash
+python3 - <<'PY'
+from pathlib import Path
+base = Path('/shared/german-course/course-production/a1-mvp/module-01')
+script_files = [base / f'lesson-{i:02d}-video-script.md' for i in range(1,8)]
+storyboard_files = [base/'lesson-01-storyboard-and-slides.md', base/'lessons-02-07-storyboards-and-slides.md']
+pack = base/'module-01-must-do-and-score-booster-pack.md'
+checks = {
+    'hook': ['Hook', 'Cold open'],
+    'learner_outcome': ['Learner output by end'],
+    'teaching_point': ['Teaching point'],
+    'boss_placeholder': ['[Boss explains in Malayalam/Manglish'],
+    'onscreen': ['On-screen'],
+    'practice': ['Practice pause', 'Practice:', 'Practice prompts', 'Say-aloud drill', 'Drill:'],
+    'closed_check': ['closed check', 'Closed mini-test'],
+    'cta': ['CTA', 'Button / next app action'],
+    'exam_relevance': ['Exam relevance', 'A1 note', 'Goethe', 'A1 speaking'],
+}
+failed = False
+for p in script_files:
+    txt = p.read_text()
+    missing = [name for name, needles in checks.items() if not any(n.lower() in txt.lower() for n in needles)]
+    print(f'{p.name}: missing={missing or "NONE"} lines={txt.count(chr(10))+1}')
+    if missing:
+        failed = True
+for p in storyboard_files:
+    txt = p.read_text()
+    required = ['AI image prompt', 'Phone-friendly editing notes']
+    missing = [r for r in required if r.lower() not in txt.lower()]
+    print(f'{p.name}: missing={missing or "NONE"} lesson_refs={sum(txt.count(f"Lesson {i:02d}") for i in range(1,8))}')
+    if missing:
+        failed = True
+txt = pack.read_text()
+for needle in ['Must-do path, exact order', 'Score-booster tasks', 'LINK NEEDED', 'Time box', 'Output']:
+    print(f'pack_has[{needle}]={needle in txt}')
+    if needle not in txt:
+        failed=True
+if failed:
+    raise SystemExit(1)
+PY
+```
+
+Result: exit code 0.
+
+Output summary:
… omitted 30 diff line(s) across 1 additional file(s)/section(s)
  ┊ review diff
a//shared/german-course/GermanCourse_QC/a1-mvp-continuous-3h-checkpoint.md → b//shared/german-course/GermanCourse_QC/a1-mvp-continuous-3h-checkpoint.md
@@ -60,3 +60,49 @@
 
 Create Module 1 app/practice wiring specs or implement the first required practice set: `answer Frau Weber` + mini-check + recovery card. 60–90m.
 - Iteration 1 exit code: 0; log: /shared/german-course/GermanCourse_QC/a1-mvp-continuous-3h-20260602-123514/iteration-output/iteration-1.log
+
+---
+
+## Iteration 2
+
+### Files changed
+
+- `course-production/a1-mvp/module-01/lesson-03-video-script.md`
+- `course-production/a1-mvp/module-01/lesson-01-storyboard-and-slides.md`
+- `GermanCourse_QC/a1-mvp-continuous-3h-checkpoint.md`
+- `GermanCourse_QC/a1-mvp-course-design-final-report.md`
+- `GermanCourse_QC/a1-mvp-continuous-3h-20260602-123514/iteration-2-report.md`
+
+### Verification run
+
+Ran a stricter structural QA over all 7 Module 1 scripts, both storyboard artifacts, and the practice pack.
+
+Result: exit code 0.
+
+Confirmed:
+
+- all 7 scripts include hook/cold-open signal;
+- all 7 include learner outcome, teaching point, on-screen text, practice, closed check, CTA, and Goethe/A1 relevance signal;
+- all 7 include Boss Malayalam/Manglish explanation placeholders;
+- both storyboard artifacts include AI image prompt coverage and phone-friendly editing notes;
+- the Module 1 pack includes exact must-do path, score-booster tasks, `LINK NEEDED` markers, time boxes, and outputs.
+
+### Fixes made
+
+- Lesson 03 now explicitly links pronunciation shadowing to Goethe A1 speaking understandability.
+- Lesson 01 storyboard now has explicit phone-friendly editing notes instead of generic slide rules.
+
+### PASS / WEAK / FAIL
+
+- Module 1 scripts 1–7: **PASS** for production-draft structural completeness.
+- Storyboards/slides lessons 1–7: **PASS** for production-draft coverage and phone-friendly constraints.
+- Must-do/score-booster pack: **PASS/WEAK** — exact tasks/order/output/time boxes exist; public-resource links remain intentionally unverified.
+- German/audio quality: **WEAK** until human/prerendered audio and accent review happen.
+- Rendered videos: **NOT CLAIMED**.
+- Browser/app QA for new Module 1 pack: **NOT CLAIMED**.
+
+### Next unfinished item
+
+Implement or spec the first Module 1 app practice set: `answer Frau Weber` + mini-check + recovery card. 60–90m.
+
+- Iteration 2 exit code: 0; report: /shared/german-course/GermanCourse_QC/a1-mvp-continuous-3h-20260602-123514/iteration-2-report.md
  ┊ review diff
a//shared/german-course/GermanCourse_QC/a1-mvp-course-design-final-report.md → b//shared/german-course/GermanCourse_QC/a1-mvp-course-design-final-report.md
@@ -1,6 +1,6 @@
 # A1 MVP course-design final report
 
-Updated: 2026-06-02 15:20 CEST
+Updated: 2026-06-02 12:50 CEST
 
 ## Files created/changed
 
  ┊ review diff
a//shared/german-course/GermanCourse_QC/a1-mvp-course-design-final-report.md → b//shared/german-course/GermanCourse_QC/a1-mvp-course-design-final-report.md
@@ -112,8 +112,15 @@
 Ran a structural check over Module 1 scripts:
 
 - all seven `lesson-XX-video-script.md` files exist;
-- all seven include required structural signals: hook, teaching point, practice, closed check, CTA;
-- all seven contain A1 German examples.
+- all seven include required structural signals: hook/cold-open, learner outcome, teaching point, Boss Malayalam/Manglish explanation placeholder, on-screen text, practice, closed check, CTA, and Goethe/A1 relevance;
+- all seven contain A1 German examples;
+- both storyboard artifacts include AI image prompt coverage and phone-friendly editing notes;
+- the Module 1 pack includes exact must-do path, score-booster tasks, `LINK NEEDED` markers, time boxes, and outputs.
+
+Iteration 2 found and fixed two production-draft gaps:
+
+- Lesson 03 had pronunciation practice but needed a clearer Goethe A1 speaking relevance note.
+- Lesson 01 storyboard had useful slide rules but needed explicit phone-friendly editing notes.
 
 Observed caveat: the script placeholders are written as `[Boss explains in Malayalam/Manglish: ...]`, not the exact bare string `[Boss explains in Malayalam/Manglish]`. That is acceptable and more useful for recording.
 
Iteration 2 done.

Changed:
- /shared/german-course/course-production/a1-mvp/module-01/lesson-03-video-script.md
- /shared/german-course/course-production/a1-mvp/module-01/lesson-01-storyboard-and-slides.md
- /shared/german-course/GermanCourse_QC/a1-mvp-continuous-3h-checkpoint.md
- /shared/german-course/GermanCourse_QC/a1-mvp-course-design-final-report.md
- /shared/german-course/GermanCourse_QC/a1-mvp-continuous-3h-20260602-123514/iteration-2-report.md

What I fixed:
- Lesson 03 pronunciation script now explicitly ties shadowing to Goethe A1 speaking understandability.
- Lesson 01 storyboard now has explicit phone-friendly editing notes, not generic slide rules.

Verification:
- Ran stricter structural QA across all 7 Module 1 scripts, both storyboard artifacts, and the Module 1 practice pack.
- Exit code: 0.
- All scripts now have: hook/cold-open, learner outcome, teaching point, Boss Malayalam/Manglish placeholder, on-screen text, practice, closed check, CTA, and Goethe/A1 relevance.
- Storyboards have AI image prompts + phone-friendly notes.
- Practice pack has exact must-do order, outputs, time boxes, score-booster tasks, and `LINK NEEDED` markers instead of fake links.

Status:
- Module 1 production draft: PASS.
- Publish readiness: WEAK until recording/audio QA/app wiring/browser QA/public-link verification.
- No commit, push, deploy, auth/pricing/payment changes.

Next: wire Module 1 `answer Frau Weber` practice + mini-check + recovery card, 75m.

session_id: 20260602_124800_c5ade4
