  ‚îä review diff
a/course-production/a1-mvp/module-01/lesson-02-video-script.md ‚Üí b/course-production/a1-mvp/module-01/lesson-02-video-script.md
@@ -0,0 +1,255 @@
+# Module 1 ¬∑ Lesson 02 Video Script ‚Äî Why A1 Matters for Malayalis
+
+Updated: 2026-06-02 15:20 CEST
+
+**Purpose:** Keep motivation short and practical: learners understand the exact A1 path and produce one personal reason sentence.
+
+**Presenter language:** Boss records explanation later in Malayalam/Manglish. This script uses English stage directions plus exact German/on-screen text.
+
+**Target length:** 25 minutes.
+
+**Learner output by end:** Say and write one A1-safe sentence: `Ich lerne Deutsch.` + an English/Manglish reason for learning.
+
+---
+
+## 0:00‚Äì0:45 ‚Äî Hook: A1 is not ‚ÄúGerman full language‚Äù
+
+**Visual:** Kerala learner opening the Adipoli app. One card: `Goethe A1 path`.
+
+**Presenter:**
+
+[Boss explains in Malayalam/Manglish: ‚ÄúA1 is not full German. A1 is the first survival/exam level. We will not study randomly. We will follow one path.‚Äù]
+
+**On-screen:**
+
+```text
+A1 = first German survival level.
+Goal: hear, speak, read, write simple German.
+```
+
+**Practice pause:**
+
+> Say aloud: **Ich lerne Deutsch.**
+
+Pause 5 seconds.
+
+---
+
+## 0:45‚Äì4:00 ‚Äî What Goethe A1 actually checks
+
+**Teaching point:** Goethe A1 is practical: listening, reading, writing, speaking. It is not a grammar-only exam.
+
+**On-screen table:**
+
+| Exam skill | What A1 asks | First Module 1 proof |
+|---|---|---|
+| H√∂ren | understand simple audio | hear `Guten Morgen` |
+| Sprechen | answer simple prompts | reply politely |
+| Lesen | recognise short lines | match greetings |
+| Schreiben | write simple info | `Ich lerne Deutsch.` |
+
+**Presenter:**
+
+[Boss explains in Malayalam/Manglish: Learners from Kerala often waste time collecting materials. This course prescribes: watch this, say this, do this check, fix this weak spot.]
+
+**Mini recall:**
+
+> Which skill is used when you hear **Guten Morgen** and understand it?
+
+Answer on screen after pause:
+
+```text
+H√∂ren = listening.
+```
+
+---
+
+## 4:00‚Äì7:30 ‚Äî The Adipoli must-do path
+
+**Teaching point:** The course is spoon-fed. The learner should not decide among 20 resources.
+
+**On-screen:**
+
+```text
+Every lesson:
+1. Watch
+2. Listen
+3. Say
+4. Practice
‚Ä¶ omitted 177 diff line(s) across 1 additional file(s)/section(s)
  ‚îä review diff
a/course-production/a1-mvp/module-01/lesson-03-video-script.md ‚Üí b/course-production/a1-mvp/module-01/lesson-03-video-script.md
@@ -0,0 +1,333 @@
+# Module 1 ¬∑ Lesson 03 Video Script ‚Äî German Sounds for Malayalam Speakers
+
+Updated: 2026-06-02 15:20 CEST
+
+**Purpose:** Train the highest-risk beginner sounds early so learners can say greetings and first sentences confidently.
+
+**Presenter language:** Boss records explanation later in Malayalam/Manglish. This script uses English stage directions plus exact German/on-screen text.
+
+**Target length:** 45 minutes.
+
+**Learner output by end:** Shadow 10 lines using `ch`, `sch`, German `w/v`, and umlauts; recognise the dangerous differences.
+
+---
+
+## 0:00‚Äì1:00 ‚Äî Hook: accent is not the goal; being understood is
+
+**Visual:** Learner says `Ich lerne Deutsch.`; audio waveform highlights `ich` and `Deutsch`.
+
+**Presenter:**
+
+[Boss explains in Malayalam/Manglish: ‚ÄúWe are not trying to sound native today. We are preventing the few pronunciation mistakes that can block understanding.‚Äù]
+
+**On-screen:**
+
+```text
+Goal: clear A1 German.
+Not perfect accent.
+```
+
+**Practice pause:**
+
+> Say once: **Ich lerne Deutsch.**
+
+---
+
+## 1:00‚Äì6:30 ‚Äî Sound 1: soft `ch` in `ich`
+
+**Teaching point:** After front vowels like `i`, German `ch` is a soft sound. Do not turn every `ich` into `isch`.
+
+**On-screen:**
+
+```text
+ich ‚âÝ isch
+Ich lerne Deutsch.
+```
+
+**Presenter:**
+
+[Boss explains in Malayalam/Manglish: Put the tongue near the top/front of the mouth; let air pass softly. Do not make a full Malayalam/English ‚Äúsh‚Äù sound. Good enough is fine.]
+
+**Drill:**
+
+1. **ich**
+2. **Ich**
+3. **Ich lerne.**
+4. **Ich lerne Deutsch.**
+
+Pause 3 seconds after each.
+
+**Tiny discrimination check:**
+
+Presenter says two versions:
+
+- A: `ich` with soft `ch`
+- B: `isch`
+
+Learner chooses which is better for standard German.
+
+**Answer:** A.
+
+---
+
+## 6:30‚Äì12:00 ‚Äî Sound 2: `sch` is allowed, but only where written
+
+**Teaching point:** German `sch` is like ‚Äúsh‚Äù. It appears in words such as `sch√∂n`. Do not use it for every `ch`.
+
+**On-screen table:**
+
‚Ä¶ omitted 255 diff line(s) across 1 additional file(s)/section(s)
  ‚îä review diff
a/course-production/a1-mvp/module-01/lesson-04-video-script.md ‚Üí b/course-production/a1-mvp/module-01/lesson-04-video-script.md
@@ -0,0 +1,288 @@
+# Module 1 ¬∑ Lesson 04 Video Script ‚Äî Formal Greetings by Time and Context
+
+Updated: 2026-06-02 15:20 CEST
+
+**Purpose:** Learners choose and answer safe greetings in formal A1 situations.
+
+**Presenter language:** Boss records explanation later in Malayalam/Manglish. This script uses English stage directions plus exact German/on-screen text.
+
+**Target length:** 35 minutes.
+
+**Learner output by end:** Answer 8 greeting prompts using `Guten Morgen`, `Guten Tag`, `Guten Abend`, `Hallo`, and `Auf Wiedersehen` appropriately.
+
+---
+
+## 0:00‚Äì1:00 ‚Äî Hook: one wrong greeting can feel awkward
+
+**Visual:** Language-school reception / Goethe Kochi practice desk. Clock shows 9:00.
+
+**Audio / on-screen German:**
+
+> Frau Weber: **Guten Morgen.**
+
+**Practice pause:**
+
+> Reply aloud: **Guten Morgen, Frau Weber.**
+
+**Presenter:**
+
+[Boss explains in Malayalam/Manglish: ‚ÄúToday we are not learning 25 greetings. We learn the safe set you can actually use.‚Äù]
+
+---
+
+## 1:00‚Äì5:30 ‚Äî The safe greeting set
+
+**Teaching point:** Formal greetings are safer with teachers, examiners, offices, doctors, counters, and unknown adults.
+
+**On-screen table:**
+
+| Context | German | Meaning |
+|---|---|---|
+| Morning | Guten Morgen | Good morning |
+| Day / formal hello | Guten Tag | Good day/hello |
+| Evening | Guten Abend | Good evening |
+| Casual/neutral | Hallo | Hello |
+| Leaving | Auf Wiedersehen | Goodbye |
+
+**Presenter:**
+
+[Boss explains in Malayalam/Manglish: If you are unsure in an exam or office, `Guten Tag` is usually a safe formal default.]
+
+**Say-aloud drill:**
+
+1. **Guten Morgen.**
+2. **Guten Tag.**
+3. **Guten Abend.**
+4. **Hallo.**
+5. **Auf Wiedersehen.**
+
+---
+
+## 5:30‚Äì9:30 ‚Äî Morning: `Guten Morgen`
+
+**Teaching point:** Use `Guten Morgen` in the morning. Reply with the same greeting.
+
+**On-screen scene:**
+
+```text
+9:00 AM
+Frau Weber: Guten Morgen.
+You: Guten Morgen, Frau Weber.
+```
+
+**Presenter:**
+
+[Boss explains in Malayalam/Manglish: Add `Frau Weber` when addressing the teacher politely. In Goethe speaking, polite clear greeting is useful.]
+
+**Practice prompts:**
+
‚Ä¶ omitted 210 diff line(s) across 1 additional file(s)/section(s)
  ‚îä review diff
a/course-production/a1-mvp/module-01/lesson-05-video-script.md ‚Üí b/course-production/a1-mvp/module-01/lesson-05-video-script.md
@@ -0,0 +1,267 @@
+# Module 1 ¬∑ Lesson 05 Video Script ‚Äî Politeness Survival
+
+Updated: 2026-06-02 15:20 CEST
+
+**Purpose:** Give learners a small formal-safe politeness toolkit: `bitte`, `danke`, `Entschuldigung`, and safer defaults.
+
+**Presenter language:** Boss records explanation later in Malayalam/Manglish. This script uses English stage directions plus exact German/on-screen text.
+
+**Target length:** 35 minutes.
+
+**Learner output by end:** Use `bitte`, `danke`, `Entschuldigung`, and formal-safe replies in tiny scenes.
+
+---
+
+## 0:00‚Äì1:00 ‚Äî Hook: polite words reduce panic
+
+**Visual:** Learner at Goethe Kochi reception. They do not know what to say; three words appear.
+
+**On-screen:**
+
+```text
+bitte
+danke
+Entschuldigung
+```
+
+**Presenter:**
+
+[Boss explains in Malayalam/Manglish: ‚ÄúWhen you know only a little German, politeness protects you. These words are survival tools.‚Äù]
+
+**Practice pause:**
+
+> Say aloud: **Danke.**
+
+---
+
+## 1:00‚Äì6:00 ‚Äî `danke` and `danke sch√∂n`
+
+**Teaching point:** `danke` = thank you. `danke sch√∂n` = thank you very much / thanks nicely.
+
+**On-screen table:**
+
+| German | Meaning | Use |
+|---|---|---|
+| danke | thank you | normal thanks |
+| danke sch√∂n | thank you very much | warmer/polite thanks |
+
+**Presenter:**
+
+[Boss explains in Malayalam/Manglish: In formal situations, `danke` is never wasted. Use it after help, after a prompt, after receiving something.]
+
+**Dialogue:**
+
+```text
+Frau Weber: Sehr gut.
+You: Danke.
+```
+
+**Say-aloud drill:**
+
+1. **Danke.**
+2. **Danke sch√∂n.**
+3. **Danke, Frau Weber.**
+
+---
+
+## 6:00‚Äì11:30 ‚Äî `bitte`: please / here you are / you‚Äôre welcome
+
+**Teaching point:** `bitte` is flexible. At A1, learn it as polite glue.
+
+**On-screen:**
+
+```text
+bitte = please / here you are / you‚Äôre welcome
+```
+
+**Presenter:**
+
‚Ä¶ omitted 189 diff line(s) across 1 additional file(s)/section(s)
  ‚îä review diff
a/course-production/a1-mvp/module-01/lesson-06-video-script.md ‚Üí b/course-production/a1-mvp/module-01/lesson-06-video-script.md
@@ -0,0 +1,251 @@
+# Module 1 ¬∑ Lesson 06 Video Script ‚Äî Goodbye and Repair Phrases
+
+Updated: 2026-06-02 15:20 CEST
+
+**Purpose:** Teach learners to exit politely and recover when they do not understand: `Auf Wiedersehen`, `Tsch√ºss`, `Noch einmal, bitte`, `Langsam, bitte`.
+
+**Presenter language:** Boss records explanation later in Malayalam/Manglish. This script uses English stage directions plus exact German/on-screen text.
+
+**Target length:** 30 minutes.
+
+**Learner output by end:** Ask for repetition/slow speech and leave politely in a tiny exchange.
+
+---
+
+## 0:00‚Äì1:00 ‚Äî Hook: not understanding is normal
+
+**Visual:** Frau Weber says a German line too fast. Learner pauses, then uses a repair phrase.
+
+**On-screen dialogue:**
+
+```text
+Frau Weber: Lernen Sie Deutsch?
+You: Noch einmal, bitte.
+```
+
+**Presenter:**
+
+[Boss explains in Malayalam/Manglish: ‚ÄúA beginner should not freeze when German is fast. You need repair phrases from week one.‚Äù]
+
+**Practice pause:**
+
+> Say aloud: **Noch einmal, bitte.**
+
+---
+
+## 1:00‚Äì6:00 ‚Äî Formal goodbye: `Auf Wiedersehen`
+
+**Teaching point:** `Auf Wiedersehen` is formal/safe goodbye.
+
+**On-screen:**
+
+```text
+Auf Wiedersehen.
+Goodbye.
+```
+
+**Presenter:**
+
+[Boss explains in Malayalam/Manglish: Use this with teacher, examiner, office, doctor, unknown adult. It is long, but safe.]
+
+**Pronunciation chunks:**
+
+```text
+Auf  Wie-der-se-hen
+```
+
+**Dialogue:**
+
+```text
+Frau Weber: Auf Wiedersehen.
+You: Auf Wiedersehen, Frau Weber.
+```
+
+**Say-aloud drill:**
+
+1. **Auf Wiedersehen.**
+2. **Auf Wiedersehen, Frau Weber.**
+3. **Danke. Auf Wiedersehen.**
+
+---
+
+## 6:00‚Äì10:00 ‚Äî Casual goodbye: `Tsch√ºss`
+
+**Teaching point:** `Tsch√ºss` is common and casual. Good for friends/classmates; formal contexts can use `Auf Wiedersehen`.
+
+**On-screen table:**
+
+| Context | Goodbye |
‚Ä¶ omitted 173 diff line(s) across 1 additional file(s)/section(s)
  ‚îä review diff
a/course-production/a1-mvp/module-01/lesson-07-video-script.md ‚Üí b/course-production/a1-mvp/module-01/lesson-07-video-script.md
@@ -0,0 +1,300 @@
+# Module 1 ¬∑ Lesson 07 Video Script ‚Äî First Mini-Conversation
+
+Updated: 2026-06-02 15:20 CEST
+
+**Purpose:** Combine Module 1 phrases into one useful first exchange: greet ‚Üí answer ‚Üí ask repeat if needed ‚Üí thank ‚Üí leave.
+
+**Presenter language:** Boss records explanation later in Malayalam/Manglish. This script uses English stage directions plus exact German/on-screen text.
+
+**Target length:** 40 minutes.
+
+**Learner output by end:** Perform a tiny formal conversation with Frau Weber and complete the Module 1 readiness check.
+
+---
+
+## 0:00‚Äì1:00 ‚Äî Hook: your first real German exchange
+
+**Visual:** Frau Weber in a video-call/language-school frame. Learner stands/sits ready.
+
+**On-screen dialogue, one line at a time:**
+
+```text
+Frau Weber: Guten Morgen.
+You: Guten Morgen, Frau Weber.
+```
+
+**Presenter:**
+
+[Boss explains in Malayalam/Manglish: ‚ÄúToday we connect the pieces. This is not a grammar class. This is your first German conversation.‚Äù]
+
+**Practice pause:**
+
+> Reply aloud: **Guten Morgen, Frau Weber.**
+
+---
+
+## 1:00‚Äì5:30 ‚Äî Conversation map
+
+**Teaching point:** A tiny conversation has order. Learner follows a simple structure.
+
+**On-screen:**
+
+```text
+1. Greet
+2. Answer
+3. Ask repeat if needed
+4. Thank
+5. Leave
+```
+
+**Presenter:**
+
+[Boss explains in Malayalam/Manglish: If you know the order, you freeze less. In A1, simple and complete is better than fancy and broken.]
+
+**Say the map aloud:**
+
+> Greet ‚Üí answer ‚Üí repeat ‚Üí thank ‚Üí leave.
+
+---
+
+## 5:30‚Äì10:30 ‚Äî Part 1: greet and answer
+
+**On-screen scene:**
+
+```text
+Frau Weber: Guten Tag.
+You: Guten Tag.
+```
+
+**Teaching point:** Match the greeting or use the safe formal reply.
+
+**Presenter:**
+
+[Boss explains in Malayalam/Manglish: With teacher/examiner, safe formal energy. `Guten Tag` is your friend.]
+
+**Practice prompts:**
+
+1. Frau Weber: **Guten Morgen.** ‚Üí **Guten Morgen, Frau Weber.**
+2. Examiner: **Guten Tag.** ‚Üí **Guten Tag.**
‚Ä¶ omitted 222 diff line(s) across 1 additional file(s)/section(s)
  ‚îä review diff
a/course-production/a1-mvp/module-01/lessons-02-07-storyboards-and-slides.md ‚Üí b/course-production/a1-mvp/module-01/lessons-02-07-storyboards-and-slides.md
@@ -0,0 +1,325 @@
+# Module 1 ¬∑ Lessons 02‚Äì07 Storyboards and Slides
+
+Updated: 2026-06-02 15:20 CEST
+
+**Scope:** Compact storyboard/slide plan for Module 1 MVP lessons 2‚Äì7.
+
+**Production rule:** Visuals support the lesson scene only. No UI reskin, no childish mascot energy, no fake German text inside generated images. Boss narration stays Malayalam/Manglish; on-screen text stays low and proofread.
+
+---
+
+## Shared visual style for Lessons 02‚Äì07
+
+- Adult Malayali learner, Kerala home/classroom/Goethe Kochi practice context.
+- Warm but serious exam-prep mood.
+- Simple teacher/video-call frames for Frau Weber.
+- One German line or one tiny table at a time.
+- Phone-friendly crops: face + phrase card, not dense whiteboard.
+- Use clocks, reception desks, audio cards, and tiny dialogue bubbles to compress explanation.
+- Avoid: mascot chatter, game badges, feature grids, big roadmaps, generic Germany stock landmarks.
+
+---
+
+## Lesson 02 ‚Äî Why A1 Matters for Malayalis
+
+### Slide/scene sequence
+
+1. **A1 is the first survival level**
+   - Visual: Kerala learner opening app; one `Goethe A1` card.
+   - Text: `A1 = first German survival level.`
+   - Talking head: Boss gives short Manglish framing.
+
+2. **Four exam skills**
+   - Low-text table:
+     - `H√∂ren` ‚Äî hear
+     - `Sprechen` ‚Äî speak
+     - `Lesen` ‚Äî read
+     - `Schreiben` ‚Äî write
+   - Use icons: ear, mouth, eye, pen.
+
+3. **Adipoli path**
+   - Text only:
+     ```text
+     Watch ‚Üí Listen ‚Üí Say ‚Üí Check ‚Üí Fix
+     ```
+   - No full roadmap.
+
+4. **First identity line**
+   - Visual: notebook/phone input.
+   - Text: `Ich lerne Deutsch.` / `I am learning German.`
+   - Practice pause graphic: `Say it aloud.`
+
+5. **Reason choice**
+   - Visual: five simple chips.
+   - Text: `Goethe A1`, `Germany plan`, `Family`, `Work/Ausbildung`, `Confidence`.
+   - Learner says one reason in English/Manglish.
+
+6. **Must-do vs booster**
+   - Two-card comparison.
+   - Must-do: `answer 5 greetings`.
+   - Booster: `shadow 10 more lines`.
+
+7. **Closed check**
+   - Text: `No notes. Find the weak spot.`
+   - Keep calm, not exam-scary.
+
+### AI image prompt
+
+Adult Malayali beginner at a Kerala home-study desk, opening a phone-first Goethe A1 German course app, serious warm exam-prep mood, small notebook with one clear phrase card area, no readable fake text, no mascot, premium educational illustration, low clutter, no childish cartoon style.
+
+### Phone-friendly editing notes
+
+- Keep path graphic on screen under 20 seconds.
+- Put Boss talking-head beside or above one card, not over a dense slide.
+- Cut any long Germany/migration motivational speech.
+
+---
+
+## Lesson 03 ‚Äî German Sounds for Malayalam Speakers
‚Ä¶ omitted 247 diff line(s) across 1 additional file(s)/section(s)
  ‚îä review diff
a/course-production/a1-mvp/module-01/module-01-must-do-and-score-booster-pack.md ‚Üí b/course-production/a1-mvp/module-01/module-01-must-do-and-score-booster-pack.md
@@ -0,0 +1,271 @@
+# Module 1 ¬∑ Must-Do and Score-Booster Practice Pack
+
+Updated: 2026-06-02 15:20 CEST
+
+**Module:** First German Moment
+
+**Purpose:** Give the learner exact prescribed tasks after/between videos. No resource dumping. Every task has order, output, and time box.
+
+**Publishing note:** Public-resource links are not verified in this run. Curation slots are included as `LINK NEEDED ‚Äî verify before publishing` rather than fake links.
+
+---
+
+## Module 1 required outcome
+
+By the end of Module 1, learner can:
+
+```text
+Hear and answer a first formal greeting.
+Say: Guten Morgen, Frau Weber.
+Say/write: Ich lerne Deutsch.
+Ask: Noch einmal, bitte. / Langsam, bitte.
+Leave: Auf Wiedersehen.
+```
+
+Closed Module 1 checkpoint comes after Lesson 7.
+
+---
+
+## Must-do path, exact order
+
+### 1. First audio reply
+
+- **When:** Before Lesson 1 / first mission.
+- **Task:** Play Frau Weber greeting once. Answer aloud.
+- **Input:** `Frau Weber: Guten Morgen.`
+- **Output:** Learner says `Guten Morgen, Frau Weber.`
+- **Time box:** 3m.
+- **Weakness tag if failed:** `sprechen:greeting_reply`, `hoeren:greetings`.
+
+### 2. Lesson 1 practice ‚Äî answer Frau Weber
+
+- **When:** After Lesson 1.
+- **Task:** Shadow 5 lines, then answer 3 teacher prompts.
+- **Output:** Learner says:
+  1. `Guten Morgen, Frau Weber.`
+  2. `Ja. Ich lerne Deutsch.`
+  3. `Auf Wiedersehen.`
+- **Time box:** 12m.
+- **Pass:** completes all 3 aloud.
+
+### 3. First writing memory
+
+- **When:** After Lesson 1 practice.
+- **Task:** Hide the model. Type/write one sentence from memory.
+- **Output:** `Ich lerne Deutsch.`
+- **Time box:** 5m.
+- **Pass:** sentence understandable; `Ich` and `Deutsch` capitalised.
+- **Weakness tag if failed:** `schreiben:first_sentence`.
+
+### 4. Lesson 2 path check
+
+- **When:** After Lesson 2.
+- **Task:** Say the course path and one personal reason.
+- **Output:**
+  - Says: `Watch ‚Üí Listen ‚Üí Say ‚Üí Check ‚Üí Fix`.
+  - Says in English/Manglish: ‚ÄúI am learning German for ____.‚Äù
+- **Time box:** 6m.
+- **Pass:** reason chosen; no resource-browsing confusion.
+
+### 5. Lesson 3 sound drill
+
+- **When:** After Lesson 3.
+- **Task:** Shadow the 10-line sound set slowly.
+- **Output:** Learner says all 10 lines:
+  1. `Ich.`
+  2. `Ich lerne Deutsch.`
+  3. `Guten Morgen, Frau Weber.`
+  4. `Auf Wiedersehen.`
‚Ä¶ omitted 193 diff line(s) across 1 additional file(s)/section(s)
  ‚îä review diff
a//shared/german-course/docs/README.md ‚Üí b//shared/german-course/docs/README.md
@@ -39,7 +39,7 @@
 - Exercise design: [`EXERCISE_QUALITY_RULES.md`](EXERCISE_QUALITY_RULES.md), [`PRODUCTION_EXERCISE_SPECS.md`](PRODUCTION_EXERCISE_SPECS.md)
 - Story canon: [`A1_STORY_BIBLE.md`](A1_STORY_BIBLE.md)
 - Video/script production: [`SCRIPT_ARCHITECTURE.md`](SCRIPT_ARCHITECTURE.md), [`VIDEO_SCRIPT_TEMPLATE.md`](VIDEO_SCRIPT_TEMPLATE.md), [`MANUAL_PRODUCTION_WORKFLOW.md`](MANUAL_PRODUCTION_WORKFLOW.md), [`REMOTION_PIPELINE.md`](REMOTION_PIPELINE.md)
-- Active Module 1 production pack: [`../course-production/a1-mvp/module-01/`](../course-production/a1-mvp/module-01/) ‚Äî brief, first video script, storyboard/slides, checkpoint rubric
+- Active Module 1 production pack: [`../course-production/a1-mvp/module-01/`](../course-production/a1-mvp/module-01/) ‚Äî brief, scripts 1‚Äì7, storyboard/slides, checkpoint rubric, must-do/score-booster pack
 - Module/product QA: [`MODULE_PRODUCT_SCORECARD_TEMPLATE.md`](MODULE_PRODUCT_SCORECARD_TEMPLATE.md), `GermanCourse_QC/`
 - Launch/business later: [`LAUNCH_CHECKLIST.md`](LAUNCH_CHECKLIST.md), [`INSTAGRAM_MARKETING_PLAN.md`](INSTAGRAM_MARKETING_PLAN.md), [`CAMPAIGN_PLAN.md`](CAMPAIGN_PLAN.md)
 
  ‚îä review diff
a/GermanCourse_QC/a1-mvp-continuous-3h-checkpoint.md ‚Üí b/GermanCourse_QC/a1-mvp-continuous-3h-checkpoint.md
@@ -6,3 +6,56 @@
 
 Focus: finish Module 1 scripts 2‚Äì7, then storyboards/resource pack, then final report.
 
+---
+
+## Iteration 1
+
+### Files created
+
+- `course-production/a1-mvp/module-01/lesson-02-video-script.md`
+- `course-production/a1-mvp/module-01/lesson-03-video-script.md`
+- `course-production/a1-mvp/module-01/lesson-04-video-script.md`
+- `course-production/a1-mvp/module-01/lesson-05-video-script.md`
+- `course-production/a1-mvp/module-01/lesson-06-video-script.md`
+- `course-production/a1-mvp/module-01/lesson-07-video-script.md`
+- `course-production/a1-mvp/module-01/lessons-02-07-storyboards-and-slides.md`
+- `course-production/a1-mvp/module-01/module-01-must-do-and-score-booster-pack.md`
+
+### Files changed
+
+- `docs/README.md`
+- `GermanCourse_QC/a1-mvp-continuous-3h-checkpoint.md`
+- `GermanCourse_QC/a1-mvp-course-design-final-report.md`
+
+### Verification run
+
+Command:
+
+```bash
+python3 - <<'PY'
+from pathlib import Path
+base = Path('/shared/german-course/course-production/a1-mvp/module-01')
+files = [base / f'lesson-{i:02d}-video-script.md' for i in range(1,8)]
+required = ['Hook', 'Teaching point', 'Practice', 'closed check', 'CTA']
+for p in files:
+    text = p.read_text()
+    missing = [r for r in required if r.lower() not in text.lower()]
+    print(p.name, missing)
+PY
+```
+
+Result: all seven scripts exist and no structural keyword gaps were reported.
+
+### PASS / WEAK / FAIL
+
+- Module 1 scripts 1‚Äì7: **PASS** for existence and required structure.
+- Presenter-readiness: **PASS** ‚Äî scripts include hooks, learner outcomes, teaching points, A1 German examples, practice pauses, tiny closed checks, CTAs, and Boss Malayalam/Manglish explanation placeholders.
+- German A1 safety: **PASS/WEAK** ‚Äî examples are simple and natural enough for production draft; still needs human pronunciation/audio review before recording.
+- Storyboards/slides for lessons 2‚Äì7: **PASS** ‚Äî compact, low-text, phone-friendly, adult-safe, route-scoped visual support.
+- Must-do/score-booster pack: **PASS/WEAK** ‚Äî exact tasks/order/output/time boxes exist; public-resource links are intentionally marked `LINK NEEDED ‚Äî verify before publishing`.
+- Rendered videos: **NOT CLAIMED**.
+- Browser/app QA: **NOT CLAIMED**.
+
+### Next unfinished item
+
+Create Module 1 app/practice wiring specs or implement the first required practice set: `answer Frau Weber` + mini-check + recovery card. 60‚Äì90m.
  ‚îä review diff
a/GermanCourse_QC/a1-mvp-course-design-final-report.md ‚Üí b/GermanCourse_QC/a1-mvp-course-design-final-report.md
@@ -1,23 +1,32 @@
 # A1 MVP course-design final report
 
-Updated: 2026-06-02 11:05 CEST
+Updated: 2026-06-02 15:20 CEST
 
 ## Files created/changed
 
-Created/updated in this run:
+Created/updated across the A1 MVP course-design pass:
 
-- `docs/README.md` ‚Äî active docs index now points to the customer journey, syllabus/test/recovery doc, and Module 1 production pack.
+- `docs/README.md` ‚Äî active docs index now points to the customer journey, syllabus/test/recovery doc, and complete Module 1 production pack.
 - `docs/A1_MVP_CUSTOMER_JOURNEY_AND_PAGE_FLOW.md` ‚Äî customer journey, page flow, low-text UX rules, MVP/later page split, customer PASS/WEAK/FAIL gate.
 - `docs/A1_MVP_SYLLABUS_TEST_AND_RECOVERY.md` ‚Äî 56-lesson / 35h05m A1 syllabus, must-do path, score-booster path, diagnostics, weakness tags, recovery prescriptions.
 - `course-production/a1-mvp/module-01/MODULE_01_PRODUCTION_BRIEF.md` ‚Äî Module 1 promise, lesson map, must-do path, score-booster path, checkpoint/recovery, UX notes.
-- `course-production/a1-mvp/module-01/lesson-01-video-script.md` ‚Äî first presenter-ready video script for Boss to later record in Malayalam/Manglish.
-- `course-production/a1-mvp/module-01/lesson-01-storyboard-and-slides.md` ‚Äî slide/storyboard plan, visual prompts, table, scene sequence.
-- `course-production/a1-mvp/module-01/module-01-checkpoint-rubric.md` ‚Äî closed-book mini-test, scoring, weakness tags, recovery prescriptions.
+- `course-production/a1-mvp/module-01/lesson-01-video-script.md` ‚Äî first presenter-ready video script.
+- `course-production/a1-mvp/module-01/lesson-02-video-script.md` ‚Äî why A1 matters for Malayalis / prescribed exam-course path / learner reason output.
+- `course-production/a1-mvp/module-01/lesson-03-video-script.md` ‚Äî German sounds for Malayalam speakers: `ch/sch/w/v/√§/√∂/√º`.
+- `course-production/a1-mvp/module-01/lesson-04-video-script.md` ‚Äî formal greetings by time/context.
+- `course-production/a1-mvp/module-01/lesson-05-video-script.md` ‚Äî politeness survival: `bitte`, `danke`, `Entschuldigung`, safer defaults.
+- `course-production/a1-mvp/module-01/lesson-06-video-script.md` ‚Äî goodbye and repair phrases: `Auf Wiedersehen`, `Tsch√ºss`, `Noch einmal, bitte`, `Langsam, bitte`.
+- `course-production/a1-mvp/module-01/lesson-07-video-script.md` ‚Äî first mini-conversation: greet, answer, repair, thank, leave.
+- `course-production/a1-mvp/module-01/lesson-01-storyboard-and-slides.md` ‚Äî first storyboard/slides.
+- `course-production/a1-mvp/module-01/lessons-02-07-storyboards-and-slides.md` ‚Äî compact storyboards/slides, visual prompts, talking-head notes, phone-friendly editing notes for lessons 2‚Äì7.
+- `course-production/a1-mvp/module-01/module-01-checkpoint-rubric.md` ‚Äî closed-book Module 1 diagnostic with scoring, weakness tags, recovery cards.
+- `course-production/a1-mvp/module-01/module-01-must-do-and-score-booster-pack.md` ‚Äî exact must-do practice path, recovery cards, and score-booster curation slots.
 - `public/images/mvp-style-samples/a1-kerala-study-evening-20260602.png` ‚Äî MVP visual style sample, 1536x1024 PNG.
 - `GermanCourse_QC/a1-mvp-course-design-latest.md` ‚Äî status note from the syllabus pass.
+- `GermanCourse_QC/a1-mvp-continuous-3h-checkpoint.md` ‚Äî current continuous-run checkpoint.
 - `GermanCourse_QC/a1-mvp-course-design-final-report.md` ‚Äî this report.
 
-Git state was checked earlier: large dirty tree, no commit made.
+No commit, push, deploy, pricing/auth/payment, or paid media/API generation was done in this pass.
 
 ## Customer journey now
 
@@ -33,7 +42,7 @@
 8. Recovery if weak ‚Äî exact tasks, not generic ‚Äúrevise more‚Äù.
 9. Module diagnostic and final Goethe mock later.
 
-Bluntly: the product is now a spoon-fed course path, not a games app or resource library.
+Bluntly: the product direction is now a spoon-fed guided course path, not a games app or resource library.
 
 ## Full A1 MVP structure now
 
@@ -70,54 +79,58 @@
 - Exact recovery prescriptions.
 - Public resources allowed only as one assigned task with output and time box.
 
-## Module 1 production artifacts
+## Module 1 production status
 
 Now exists:
 
-- `course-production/a1-mvp/module-01/MODULE_01_PRODUCTION_BRIEF.md`
-  - 7-video Module 1 map, 240m target, must-do path, score-booster path, checkpoint/recovery, phone/desktop notes.
-- `course-production/a1-mvp/module-01/lesson-01-video-script.md`
-  - 25m presenter-ready first video: `Guten Morgen`, `Guten Morgen, Frau Weber`, `Ich lerne Deutsch`, first mini-dialogue, closed check, CTA.
-- `course-production/a1-mvp/module-01/lesson-01-storyboard-and-slides.md`
-  - scene sequence, slide/table plan, AI-image prompts, low-text rules.
-- `course-production/a1-mvp/module-01/module-01-checkpoint-rubric.md`
-  - closed-book Module 1 diagnostic with manual scoring, weakness tags, and exact recovery cards.
+- Production brief.
+- All 7 presenter-ready owned video scripts.
+- Storyboards/slides for Lesson 1 and compact storyboards/slides for Lessons 2‚Äì7.
+- Closed-book Module 1 checkpoint rubric.
+- Must-do and score-booster practice pack.
 
-What does not exist:
+Module 1 lesson map is now production-draft complete:
 
-- No rendered video file.
-- No app route/browser QA for this pack yet.
-- No complete scripts for all 7 Module 1 videos yet.
+1. `lesson-01-video-script.md` ‚Äî `Guten Morgen`, first reply, `Ich lerne Deutsch`.
‚Ä¶ omitted 62 diff line(s) across 1 additional file(s)/section(s)
  ‚îä review diff
a/GermanCourse_QC/a1-mvp-continuous-3h-20260602-123514/iteration-01-report.md ‚Üí b/GermanCourse_QC/a1-mvp-continuous-3h-20260602-123514/iteration-01-report.md
@@ -0,0 +1,23 @@
+# A1 MVP continuous 3h run ¬∑ Iteration 1 report
+
+Run dir: `/shared/german-course/GermanCourse_QC/a1-mvp-continuous-3h-20260602-123514`
+Checkpoint: `/shared/german-course/GermanCourse_QC/a1-mvp-continuous-3h-checkpoint.md`
+
+## Done
+
+- Completed Module 1 Lesson 02‚Äì07 presenter-ready scripts.
+- Created compact storyboards/slides for Lessons 02‚Äì07.
+- Created Module 1 must-do and score-booster practice pack.
+- Patched docs index so the full Module 1 pack is discoverable.
+- Updated final report and checkpoint.
+
+## Quality status
+
+- Scripts: PASS for draft production structure.
+- Storyboards: PASS for low-text adult-safe production plan.
+- Practice pack: PASS/WEAK ‚Äî exact tasks exist; public links intentionally not faked.
+- Rendered videos/app/browser QA: not claimed.
+
+## Next unfinished item
+
+Build/spec the first Module 1 app practice set: `answer Frau Weber` + mini-check + recovery card.
Done.

Created:
- `/shared/german-course/course-production/a1-mvp/module-01/lesson-02-video-script.md`
- `/shared/german-course/course-production/a1-mvp/module-01/lesson-03-video-script.md`
- `/shared/german-course/course-production/a1-mvp/module-01/lesson-04-video-script.md`
- `/shared/german-course/course-production/a1-mvp/module-01/lesson-05-video-script.md`
- `/shared/german-course/course-production/a1-mvp/module-01/lesson-06-video-script.md`
- `/shared/german-course/course-production/a1-mvp/module-01/lesson-07-video-script.md`
- `/shared/german-course/course-production/a1-mvp/module-01/lessons-02-07-storyboards-and-slides.md`
- `/shared/german-course/course-production/a1-mvp/module-01/module-01-must-do-and-score-booster-pack.md`
- `/shared/german-course/GermanCourse_QC/a1-mvp-continuous-3h-20260602-123514/iteration-01-report.md`

Updated:
- `/shared/german-course/docs/README.md`
- `/shared/german-course/GermanCourse_QC/a1-mvp-continuous-3h-checkpoint.md`
- `/shared/german-course/GermanCourse_QC/a1-mvp-course-design-final-report.md`

Verification:
- Ran a structural artifact check.
- All Lesson 02‚Äì07 scripts exist.
- Required script elements are present: hook, teaching point, practice, closed check, CTA.
- Lesson-specific required content checked: A1 path, `ch/sch/w/v/√§/√∂/√º`, greetings, politeness, repair phrases, first mini-conversation.
- Storyboard and practice-pack files also passed the targeted checks.

Blunt status:
- Module 1 production draft: PASS.
- Storyboards/slides: PASS.
- Must-do/score-booster pack: PASS/WEAK ‚Äî tasks are exact, but public links are intentionally marked `LINK NEEDED ‚Äî verify before publishing`.
- Rendered videos: not claimed.
- Browser/app QA: not claimed.
- No commit/push/deploy/auth/pricing/payment changes.

Git status for touched scope is untracked/dirty; no commit made.

Next: Wire Module 1 first practice set ‚Äî `answer Frau Weber` + mini-check + recovery card, 75m.

session_id: 20260602_123514_d53143
