  ┊ review diff
a//shared/german-course/src/app/learn/[moduleId]/page.tsx → b//shared/german-course/src/app/learn/[moduleId]/page.tsx
@@ -87,7 +87,7 @@
   const heroTitle = isModule1
     ? 'Open a classroom moment.'
     : isModule2
-    ? 'Build your self-intro.'
+    ? 'Start your self-intro.'
     : courseModule.title;
   const heroDescription = isModule1
     ? module1Complete
@@ -96,7 +96,7 @@
     : isModule2
     ? module2SequenceComplete
       ? 'Module 2 is done. Review the final answer before Module 3.'
-      : `${nextModule2Mission.title}. Listen, speak, type, repair.`
+      : `${nextModule2Mission.title}. Say it, type it, repair one trap.`
     : courseModule.description;
   const heroChips = isModule1 || isModule2
     ? ['Hear', 'Speak + type', 'Repair']
  ┊ review diff
a//shared/german-course/src/app/learn/[moduleId]/page.tsx → b//shared/german-course/src/app/learn/[moduleId]/page.tsx
@@ -280,30 +280,28 @@
                   initial={{ opacity: 0, y: 15 }}
                   animate={{ opacity: 1, y: 0 }}
                   transition={{ delay: 0.75 }}
+                  className="w-full md:w-auto"
                 >
-                  <Link href={primaryHref}>
-                    <motion.button
-                      whileHover={{ scale: 1.03 }}
-                      whileTap={{ scale: 0.97 }}
-                      className="flex w-full items-center justify-center gap-2 rounded-2xl px-6 py-4 text-base font-semibold text-white shadow-2xl md:w-auto md:min-w-[280px]"
-                      style={{
-                        background: courseModule.color,
-                        boxShadow: `0 12px 32px -8px ${courseModule.color}`,
-                      }}
-                    >
-                      <Play className="h-5 w-5 fill-current" />
-                      {isModule2
-                        ? module2SequenceComplete
-                          ? 'Review final self-intro'
-                          : `Start mission ${nextModule2Mission.missionNumber.replace('Mission ', '')}`
-                        : isModule1
-                          ? module1Complete
-                            ? 'Start Module 2 speaking'
-                            : `Start ${nextModule1Mission.missionNumber}`
-                        : completedModuleLessons === 0
-                          ? 'Start module'
-                          : 'Continue learning'}
-                    </motion.button>
+                  <Link
+                    href={primaryHref}
+                    className="inline-flex w-full items-center justify-center gap-2 rounded-2xl px-6 py-4 text-base font-semibold text-white shadow-2xl transition hover:scale-[1.02] active:scale-[0.98] md:w-auto md:min-w-[280px]"
+                    style={{
+                      background: courseModule.color,
+                      boxShadow: `0 12px 32px -8px ${courseModule.color}`,
+                    }}
+                  >
+                    <Play className="h-5 w-5 fill-current" />
+                    {isModule2
+                      ? module2SequenceComplete
+                        ? 'Review final self-intro'
+                        : `Start mission ${nextModule2Mission.missionNumber.replace('Mission ', '')}`
+                      : isModule1
+                        ? module1Complete
+                          ? 'Start Module 2 speaking'
+                          : `Start ${nextModule1Mission.missionNumber}`
+                      : completedModuleLessons === 0
+                        ? 'Start module'
+                        : 'Continue learning'}
                   </Link>
                 </motion.div>
               )}
  ┊ review diff
a//shared/german-course/src/app/learn/[moduleId]/page.tsx → b//shared/german-course/src/app/learn/[moduleId]/page.tsx
@@ -239,7 +239,7 @@
                 >
                   <div className="mb-2 flex items-center justify-between gap-3">
                     <span className="font-black text-white">{completedMissionCount}/5 complete</span>
-                    <span className="text-white/55">{module2SequenceComplete ? 'Ready for review' : 'Next output'}</span>
+                    <span className="text-white/55">{module2SequenceComplete ? 'Ready for review' : 'Say now'}</span>
                   </div>
                   <div className="h-1.5 overflow-hidden rounded-full bg-white/10">
                     <div
  ┊ review diff
a//shared/german-course/src/app/learn/[moduleId]/page.tsx → b//shared/german-course/src/app/learn/[moduleId]/page.tsx
@@ -419,7 +419,7 @@
           className="rounded-[1.75rem] border border-[var(--foreground)]/10 bg-[var(--card)]/75 p-3 shadow-xl shadow-black/10 md:p-4"
         >
           <div className="flex items-center justify-between gap-3 px-1">
-            <p className="text-[11px] font-black uppercase tracking-[0.2em] text-[var(--foreground)]/46">5-step self-intro path</p>
+            <p className="text-[11px] font-black uppercase tracking-[0.2em] text-[var(--foreground)]/46">5 speaking wins</p>
             <span className="text-xs font-black text-[#3fbf75]">{completedMissionCount}/5</span>
           </div>
 
  ┊ review diff
a//shared/german-course/scripts/qa_mission_pilot.py → b//shared/german-course/scripts/qa_mission_pilot.py
@@ -343,13 +343,13 @@
         "['Hear', 'Speak + type', 'Repair']",
         "module2NextOutput",
         "Ready for review",
-        "Next output",
+        "Say now",
         "20-second Goethe self-intro",
-        "`${nextModule2Mission.title}. Listen, speak, type, repair.`",
+        "`${nextModule2Mission.title}. Say it, type it, repair one trap.`",
         "readCompletedModule2Missions",
         "module2-mission-completed",
         "Module 2 · ${module2SequenceComplete ? 'review' : nextModule2Mission.missionNumber}",
-        "5-step self-intro path",
+        "5 speaking wins",
         "Compact Module 2 mission progress",
         "Mission map",
         "Start mission ${nextModule2Mission.missionNumber.replace('Mission ', '')}",
  ┊ review diff
a//shared/german-course/src/app/missions/module-2/_components/MissionUI.tsx → b//shared/german-course/src/app/missions/module-2/_components/MissionUI.tsx
@@ -154,7 +154,7 @@
           <span className="min-w-0 truncate font-bold text-white/78">{currentMission.title}</span>
         </div>
         <div className="flex items-center gap-2 sm:ml-auto" aria-label="Module 2 completion ribbon">
-          <span className="shrink-0 rounded-full border border-[#3fbf75]/22 bg-[#3fbf75]/10 px-2.5 py-1 text-[0.64rem] font-black uppercase tracking-[0.12em] text-[#bcf7d0]">
+          <span className="sr-only">
             {completedCount}/5 done
           </span>
           <div className="flex items-center gap-1.5" role="list" aria-label="Module 2 mission completion status">
  ┊ review diff
a//shared/german-course/src/app/missions/module-2/_components/MissionUI.tsx → b//shared/german-course/src/app/missions/module-2/_components/MissionUI.tsx
@@ -223,7 +223,7 @@
           <span className="min-w-0 truncate font-bold text-white/78">{currentMission.title}</span>
         </div>
         <div className="flex items-center gap-2 sm:ml-auto" aria-label="Module 1 completion ribbon">
-          <span className="shrink-0 rounded-full border border-[#3fbf75]/22 bg-[#3fbf75]/10 px-2.5 py-1 text-[0.64rem] font-black uppercase tracking-[0.12em] text-[#bcf7d0]">
+          <span className="sr-only">
             {completedCount}/{module1MissionCards.length} done
           </span>
           <div className="flex items-center gap-1.5" role="list" aria-label="Module 1 mission completion status">
  ┊ review diff
a//shared/german-course/src/app/missions/module-2/self-intro/page.tsx → b//shared/german-course/src/app/missions/module-2/self-intro/page.tsx
@@ -97,7 +97,7 @@
         {step === 0 && (
           <MissionIntro
             title="Introduce yourself."
-            promise="Goethe Kochi mock. Kuttan freezes. You build the first clean answer."
+            promise="Goethe Kochi mock. Build your first clean answer."
             output="Ich heiße … · Ich komme aus …"
             promises={['Hear model', 'Speak + type', 'Repair trap']}
             cta={<>Start mission <ArrowRight className="h-5 w-5" /></>}
  ⟳ compacting context…

session_id: 20260523_074340_300ed3
Iteration 24 done.

Changed:
- /shared/german-course/src/app/learn/[moduleId]/page.tsx
  - Module 2 hero tightened: “Start your self-intro.”
  - Copy made more action-led: “Say it, type it, repair one trap.”
  - “Next output” → “Say now”
  - “5-step self-intro path” → “5 speaking wins”
  - Replaced invalid nested button-in-Link with one clean full-width Link CTA.

- /shared/german-course/src/app/missions/module-2/_components/MissionUI.tsx
  - Removed visual duplicate completion pill from M1/M2 mission ribbon by making it screen-reader-only.
  - Keeps accessibility, reduces visual clutter.

- /shared/german-course/src/app/missions/module-2/self-intro/page.tsx
  - Removed confusing first-screen phrase “Kuttan freezes.”
  - New promise: “Goethe Kochi mock. Build your first clean answer.”

- /shared/german-course/scripts/qa_mission_pilot.py
  - Updated QA assertions to guard the new tighter text.

Verified:
- Targeted ESLint on changed files: PASS
- python3 scripts/qa_mission_pilot.py: PASS
  - 26 routes reachable
  - M1/M2 opening words <= 3
  - native audio pages OK
  - intro path browser QA OK
- Curl PASS:
  - /
  - /intro
  - /learn
  - /learn/1
  - /learn/2
  - /missions/module-2/self-intro
  - /missions/module-2/spell-name
- Browser PASS:
  - /learn/2 CTA clicked to /missions/module-2/self-intro
  - Start mission advances to audio step
  - Native audio present, readyState=4, play() succeeded

Known inherited weakness:
- Full npm run lint -- --quiet still fails on unrelated existing app-wide issues in games/auth/tests/remotion etc. Not caused by this iteration.

Checkpoint appended:
- /shared/german-course/GermanCourse_QC/adipoli-6h-uiux-m1-m2-checkpoint.md

Name recommendation remains:
- Public adult-safe name should probably be Arun or Kiran.
- Keep “Kuttan” only as family/home nickname flavor.
- No mass rename without Boss approval.
