  ┊ review diff
a//shared/german-course/src/app/learn/[moduleId]/page.tsx → b//shared/german-course/src/app/learn/[moduleId]/page.tsx
@@ -349,26 +349,39 @@
           initial={{ opacity: 0, y: 20 }}
           animate={{ opacity: 1, y: 0 }}
           transition={{ delay: 0.15 }}
-          className="rounded-[1.75rem] border border-[#d4a520]/25 bg-[var(--card)]/75 p-4 shadow-xl shadow-black/10 md:p-5"
+          className="rounded-[1.75rem] border border-[#d4a520]/25 bg-[var(--card)]/75 p-3 shadow-xl shadow-black/10 md:p-4"
         >
-          <div className="flex flex-col gap-3 md:flex-row md:items-center md:justify-between">
-            <div>
-              <p className="text-xs font-black uppercase tracking-[0.22em] text-[#d4a520]">Module 1 path</p>
-              <h2 className="mt-1 text-xl font-black text-[var(--foreground)] md:text-2xl">Three classroom wins.</h2>
-              <p className="mt-2 max-w-xl text-sm leading-6 text-[var(--foreground)]/62">
-                Finish greeting, thanks, and goodbye. Then Module 2 speaking opens.
-              </p>
-            </div>
-            <div className="rounded-2xl border border-[#d4a520]/25 bg-[#d4a520]/10 px-4 py-3 text-sm font-black text-[#d4a520] md:text-right">
-              {module1Complete ? 'Module 2 opens next' : `${nextModule1Mission.missionNumber} is queued`}
-            </div>
+          <div className="flex items-center justify-between gap-3 px-1">
+            <p className="text-[11px] font-black uppercase tracking-[0.2em] text-[var(--foreground)]/46">3 classroom wins</p>
+            <span className="text-xs font-black text-[#3fbf75]">{completedModule1MissionCount}/3</span>
           </div>
 
-          <details className="mt-4 rounded-2xl border border-[var(--foreground)]/10 bg-black/10 p-3">
-            <summary className="cursor-pointer text-sm font-black text-[var(--foreground)]/72">
-              Open the three-mission map
+          <div className="mt-3 grid grid-cols-3 gap-2" role="list" aria-label="Compact Module 1 mission progress">
+            {module1MissionCards.map((mission, index) => {
+              const isDone = completedModule1MissionSet.has(mission.id);
+              const isNextMission = mission.id === nextModule1Mission.id && !module1Complete;
+              const dotClass = `flex h-11 items-center justify-center rounded-2xl border text-sm font-black transition ${
+                isDone
+                  ? 'border-[#3fbf75]/40 bg-[#3fbf75]/12 text-[#2fbf75]'
+                  : isNextMission
+                    ? 'border-[#d4a520]/70 bg-[#d4a520]/18 text-[#d4a520] ring-2 ring-[#d4a520]/18'
+                    : 'border-[var(--foreground)]/10 bg-[var(--foreground)]/[0.045] text-[var(--foreground)]/55 hover:border-[#d4a520]/35 hover:text-[var(--foreground)]'
+              }`;
+              return (
+                <Link key={mission.id} href={mission.href} role="listitem" aria-label={`Open ${mission.missionNumber}: ${mission.title}`}>
+                  <span className={dotClass} title={`${mission.missionNumber}: ${mission.title}`}>
+                    {isDone ? <CheckCircle className="h-4 w-4" aria-hidden="true" /> : index + 1}
+                  </span>
+                </Link>
+              );
+            })}
+          </div>
+
+          <details className="mt-3 rounded-2xl border border-[var(--foreground)]/10 bg-black/10 p-3">
+            <summary className="cursor-pointer text-sm font-black text-[var(--foreground)]/68">
+              Mission map
             </summary>
-            <div className="mt-3 grid gap-3 md:grid-cols-3">
+            <div className="mt-3 grid gap-2 md:grid-cols-3">
               {module1MissionCards.map((mission, index) => {
                 const isDone = completedModule1MissionSet.has(mission.id);
                 const isNextMission = mission.id === nextModule1Mission.id && !module1Complete;
@@ -376,15 +389,15 @@
                   <Link
                     key={mission.id}
                     href={mission.href}
-                    className={`rounded-2xl border p-4 transition ${
+                    className={`rounded-2xl border p-3 transition ${
                       isDone
                         ? 'border-[#3fbf75]/35 bg-[#3fbf75]/10 text-[#2fbf75]'
                         : isNextMission
-                          ? 'border-[#d4a520]/65 bg-[#d4a520]/16 text-[#d4a520] ring-1 ring-[#d4a520]/20'
-                          : 'border-[var(--foreground)]/10 bg-black/10 text-[var(--foreground)]/70 hover:border-[#d4a520]/35'
+                          ? 'border-[#d4a520]/45 bg-[#d4a520]/12 text-[#d4a520] ring-1 ring-[#d4a520]/16'
+                          : 'border-[var(--foreground)]/10 bg-black/10 text-[var(--foreground)]/64 hover:border-[#d4a520]/35'
                     }`}
                   >
-                    <div className="flex items-start justify-between gap-3">
+                    <div className="flex items-center justify-between gap-3">
                       <span className={`flex h-8 w-8 shrink-0 items-center justify-center rounded-xl text-xs font-black ${isDone ? 'bg-[#3fbf75] text-[#102018]' : isNextMission ? 'bg-[#d4a520] text-[#102018]' : 'bg-[#d4a520]/18 text-[#d4a520]'}`}>
                         {isDone ? <CheckCircle className="h-4 w-4" /> : index + 1}
                       </span>
@@ -392,9 +405,8 @@
                         {isDone ? 'Done' : isNextMission ? 'Start next' : 'Review'}
                       </span>
… omitted 9 diff line(s) across 1 additional file(s)/section(s)
  ┊ review diff
a//shared/german-course/scripts/qa_mission_pilot.py → b//shared/german-course/scripts/qa_mission_pilot.py
@@ -523,10 +523,9 @@
         ]),
         ("/learn/1 module page", module, [
             "Module 1 · ${module1Complete ? 'mission review' : nextModule1Mission.missionNumber}",
-            "Three classroom wins.",
-            "Finish greeting, thanks, and goodbye. Then Module 2 speaking opens.",
-            "is queued",
-            "Open the three-mission map",
+            "3 classroom wins",
+            "Compact Module 1 mission progress",
+            "Mission map",
             "nextModule1Mission.href",
             "module1CompletionHref = module2MissionCards[0]?.href",
             "module1NextOutput",
  ┊ review diff
a//shared/german-course/scripts/qa_mission_pilot.py → b//shared/german-course/scripts/qa_mission_pilot.py
@@ -547,6 +547,16 @@
             fail(f"{label} missing Module 1 sequence snippets: {missing}")
     if module.count("`Start ${nextModule1Mission.missionNumber}`") > 1:
         fail("/learn/1 should expose one obvious primary Start Mission CTA, not a duplicate lower CTA")
+    module1_landing_crowding = [
+        "Module 1 path",
+        "Three classroom wins.",
+        "Finish greeting, thanks, and goodbye. Then Module 2 speaking opens.",
+        "is queued",
+        "Open the three-mission map",
+    ]
+    module1_landing_crowding_hits = [snippet for snippet in module1_landing_crowding if snippet in module]
+    if module1_landing_crowding_hits:
+        fail(f"/learn/1 reintroduced duplicate lower-card text: {module1_landing_crowding_hits}")
     if "pathname === '/learn/1'" not in navigation and "pathname === \'/learn/1\'" not in navigation:
         fail("focused Module 1 landing should hide fixed bottom navigation")
     if "pathname === '/learn/1'" not in global_search and "pathname === \'/learn/1\'" not in global_search:
  ⟳ compacting context…

session_id: 20260523_073147_da963f
Iteration 23 completed.

Changed:
- /shared/german-course/src/app/learn/[moduleId]/page.tsx
- /shared/german-course/scripts/qa_mission_pilot.py
- Appended checkpoint:
  /shared/german-course/GermanCourse_QC/adipoli-6h-uiux-m1-m2-checkpoint.md

What improved:
- Compactified `/learn/1` lower Module 1 card.
- Removed duplicated/text-heavy copy:
  - “Module 1 path”
  - long “Three classroom wins...” explanation
  - queued badge copy
  - “Open the three-mission map”
- Replaced it with:
  - `3 classroom wins`
  - `0/3`
  - compact 1/2/3 mission progress row
  - collapsed `Mission map`
- Kept the main CTA dominant: `Start Mission 1.1`.
- Added QA guard so the old crowded lower-card copy cannot quietly return.

Verified:
- `npx eslint 'src/app/learn/[moduleId]/page.tsx'` PASS
- `python3 -m py_compile scripts/qa_mission_pilot.py` PASS
- `npx tsc --noEmit --pretty false` PASS
- `python3 scripts/qa_mission_pilot.py` PASS
- Route smoke PASS:
  - `/`
  - `/intro`
  - `/learn`
  - `/learn/1`
  - `/learn/2`
  - all Module 1 mission routes tested
  - key Module 2 mission routes tested
- Browser QA PASS:
  - `/learn/1` visually shorter/cleaner.
  - CTA still obvious.
  - Clicked into Module 1 mission.
  - Started mission and reached audio-first step.
  - Console clean: no JS errors/messages.

Caveat:
- `npm run lint` still fails app-wide with inherited repo noise: 99 errors / 146 warnings across auth/games/older components/remotion/content files. Not caused by this scoped patch.

Name recommendation:
- Still do not mass-rename.
- Best adult-safe compromise: public learner name `Arun` or `Kiran`, keep `Kuttan` only as a home nickname/family-flavor layer if Boss approves later.

Next best lane:
- Inspect `/learn/2` and first two Module 2 mission routes at mobile width for the same crowding/click-fatigue pattern.
