  ┊ review diff
a/src/components/course/KeralaClassroomScene.tsx → b/src/components/course/KeralaClassroomScene.tsx
@@ -0,0 +1,39 @@
+import { clsx } from 'clsx';
+
+export function KeralaClassroomScene({ className = '' }: { className?: string }) {
+  return (
+    <div
+      className={clsx(
+        'relative overflow-hidden rounded-[1.55rem] border border-[#1a2e1a]/10 bg-gradient-to-br from-[#fff8e8] via-[#f6ddb0] to-[#d9b16b] shadow-[0_22px_60px_-42px_rgba(17,31,17,0.95)]',
+        className
+      )}
+      aria-label="Calm Kerala classroom visual for the first German mission"
+    >
+      <div className="pointer-events-none absolute inset-0 bg-[radial-gradient(circle_at_18%_18%,rgba(255,255,255,0.62),transparent_24%),radial-gradient(circle_at_84%_20%,rgba(31,157,85,0.18),transparent_22%),linear-gradient(135deg,rgba(255,255,255,0.0),rgba(17,31,17,0.1))]" />
+      <div className="relative p-4">
+        <div className="mx-auto w-full max-w-[15rem] rounded-[1.2rem] border border-[#1a2e1a]/12 bg-[#132414] p-3 shadow-[inset_0_0_0_1px_rgba(255,255,255,0.06)]">
+          <div className="mb-2 flex items-center justify-between">
+            <span className="h-2 w-10 rounded-full bg-[#d4a520]/85" />
+            <span className="rounded-full bg-white/10 px-2 py-0.5 text-[0.62rem] font-black tracking-[0.18em] text-[#f1d27a]">A1</span>
+          </div>
+          <div className="space-y-1.5">
+            <span className="block h-2 rounded-full bg-white/72" />
+            <span className="block h-2 w-2/3 rounded-full bg-white/42" />
+          </div>
+        </div>
+
+        <div className="mx-auto mt-3 flex max-w-[14rem] items-end justify-center gap-5">
+          <div className="flex flex-col items-center gap-1.5">
+            <span className="h-8 w-8 rounded-full border border-[#1a2e1a]/10 bg-[#7f4f24]" />
+            <span className="h-8 w-10 rounded-t-2xl bg-[#1f9d55]" />
+          </div>
+          <div className="h-6 w-16 rounded-t-[1.2rem] border border-[#1a2e1a]/10 bg-[#8a5a2b]/75" />
+          <div className="flex flex-col items-center gap-1.5">
+            <span className="h-8 w-8 rounded-full border border-[#1a2e1a]/10 bg-[#a86a36]" />
+            <span className="h-8 w-10 rounded-t-2xl bg-[#d4a520]" />
+          </div>
+        </div>
+      </div>
+    </div>
+  );
+}
  ┊ review diff
a//shared/german-course/src/app/intro/page.tsx → b//shared/german-course/src/app/intro/page.tsx
@@ -3,7 +3,7 @@
 import { useCallback, useEffect, useState } from 'react';
 import { motion } from 'framer-motion';
 import { useRouter } from 'next/navigation';
-import { Kuttan } from '@/components/character/Kuttan';
+import { KeralaClassroomScene } from '@/components/course/KeralaClassroomScene';
 import { useGameStore } from '@/lib/store';
 import { ArrowRight } from 'lucide-react';
 
  ┊ review diff
a//shared/german-course/src/app/intro/page.tsx → b//shared/german-course/src/app/intro/page.tsx
@@ -52,8 +52,8 @@
           Kerala → Goethe A1
         </div>
 
-        <div className="mx-auto mb-3 rounded-[1.25rem] border border-[#1a2e1a]/10 bg-white/55 p-2 shadow-[0_18px_48px_-36px_rgba(17,31,17,0.75)]">
-          <Kuttan mood="waving" size="sm" />
+        <div className="mx-auto mb-4 w-full max-w-[17rem]">
+          <KeralaClassroomScene className="h-40" />
         </div>
 
         <h1 className="text-4xl font-black leading-[0.96] tracking-[-0.045em] sm:text-5xl">
  ┊ review diff
a//shared/german-course/src/app/page.tsx → b//shared/german-course/src/app/page.tsx
@@ -7,6 +7,7 @@
 import { Clock, CheckCircle2, Circle, ArrowRight, Trophy, CalendarDays, Lightbulb } from 'lucide-react';
 import { GameButton } from '@/components/game';
 import { Kuttan } from '@/components/character/Kuttan';
+import { KeralaClassroomScene } from '@/components/course/KeralaClassroomScene';
 import { DailyChallenge, AchievementPopup } from '@/components/engagement';
 import { getRandomMessage } from '@/lib/content/dialogue';
 import { useGameStore } from '@/lib/store';
  ┊ review diff
a//shared/german-course/src/app/page.tsx → b//shared/german-course/src/app/page.tsx
@@ -236,6 +236,9 @@
           className="mx-auto flex min-h-[calc(100vh-3rem)] w-full max-w-md flex-col justify-center"
         >
           <div className="rounded-[2rem] border border-[#d4a520]/25 bg-gradient-to-br from-[#111f11] via-[#152815] to-[#0d160d] p-5 text-white shadow-2xl shadow-black/30 sm:p-6">
+            <div className="mb-4">
+              <KeralaClassroomScene className="h-36 border-white/10" />
+            </div>
             <div className="mb-5">
               <p className="text-[11px] font-black uppercase tracking-[0.24em] text-[#d4a520]">Guided A1 start</p>
               <h1 className="mt-2 text-3xl font-black leading-none tracking-tight">{module2HomeTitle}</h1>
  ┊ review diff
a//shared/german-course/scripts/qa_mission_pilot.py → b//shared/german-course/scripts/qa_mission_pilot.py
@@ -227,6 +227,7 @@
         "Guten Morgen. Ich lerne Deutsch.",
         "Open first mission",
         "router.replace('/learn')",
+        "KeralaClassroomScene",
     ]
     missing_intro = [snippet for snippet in required_intro if snippet not in intro]
     if missing_intro:
  ┊ review diff
a//shared/german-course/scripts/qa_mission_pilot.py → b//shared/german-course/scripts/qa_mission_pilot.py
@@ -239,6 +239,7 @@
         fail(f"intro reintroduced multi-slide/crowded first-run flow: {intro_crowding}")
     required_home = [
         "Guided A1 start",
+        "KeralaClassroomScene",
         "nextModule1Mission",
         "completedModule1MissionCount",
         "`Start ${nextModule1Mission.missionNumber}`",
  ⟳ compacting context…
  ┊ review diff
a//shared/german-course/GermanCourse_QC/adipoli-6h-uiux-m1-m2-checkpoint.md → b//shared/german-course/GermanCourse_QC/adipoli-6h-uiux-m1-m2-checkpoint.md
@@ -3863,44 +3863,18 @@
 
 ## 2026-05-23T06:33:54+02:00 — Iteration 17
 
-- Source/docs inspected: required course-soul docs already loaded for this loop; active first path files inspected from current repo state (, , , , Module 1/2 mission routes, mission QA guards) plus the failing browser guard scripts.
-- Files changed: , , , .
+- Source/docs inspected: required course-soul docs already loaded for this loop; active first path files inspected from current repo state (`/intro`, `/`, `/learn`, `/learn/1`, Module 1/2 mission routes, mission QA guards) plus the failing browser guard scripts.
+- Files changed: `src/components/course/KeralaClassroomScene.tsx`, `src/app/intro/page.tsx`, `src/app/page.tsx`, `scripts/qa_mission_pilot.py`.
 - UX/text reductions made: kept intro single-screen and text-light; replaced character-only intro visual with a calm Kerala classroom scene so the first page communicates adult classroom mission context without extra copy. Home guided-start card now uses the same compact classroom visual.
-- M1/M2 learner path status:  browser path passes. Module 1 still leads through the three-mission classroom sequence before Module 2; Module 2 mission sequence remains guarded and route-reachable.
+- M1/M2 learner path status: `/intro -> /learn -> /missions/module-1/greet-frau-weber` browser path passes. Module 1 still leads through the three-mission classroom sequence before Module 2; Module 2 mission sequence remains guarded and route-reachable.
 - Images/video/animation work: used a local CSS/SVG-like React illustration, not generated images. No paid/video generation. Animation unchanged except the visual is static/calm; no frantic beginner-game motion added.
 - QA run + PASS/WEAK/FAIL:
-  - PASS targeted ESLint: 
-/shared/german-course/scripts/qa_mission_pilot.py
-  0:0  warning  File ignored because no matching configuration was supplied
-
-✖ 1 problem (0 errors, 1 warning) (only expected warning: Python file ignored by ESLint config).
-  - PASS Python syntax: .
-  - Initial FAIL:  browser/curl timed out after the visual change because the existing Next dev server had hung/stale compiled state.
-  - Fix applied: restarted the local dev server on .
-  - PASS curl after restart: , , , , ,  all returned HTTP 200 quickly.
-  - PASS direct-final browser guard: direct_final_sequence_status[module1-final-mission]=ok storage=["politeExit"] count=1/3 done
-direct_final_sequence_status[module2-final-mission]=ok storage=["finalSelfIntro"] count=1/5 done
-PASS: direct-final sequence status browser QA.
-  - PASS full mission QA: native_audio_pages=5 shared_native_audio=ok
-opening_words[self-intro]=2
-opening_words[spell-name]=3
-opening_words[from-kerala]=3
-opening_words[job-languages]=3
-opening_words[final-self-intro]=3
-opening_words[greet-frau-weber]=3
-opening_words[please-thanks]=3
-opening_words[polite-exit]=3
-start_path_source=ok
-module2_mission_data=shared sequence_progress=ok
-module1_mission_sequence_path=ok
-mobile_action_controls=shared all_missions=5
-sequence_status_completion_storage=ok
-m1_m2_video_basis_adult_safe=27
-PASS: intro start-path browser QA (/intro → /learn → M1 mission)
-direct_final_sequence_status[module1-final-mission]=ok storage=["politeExit"] count=1/3 done
-direct_final_sequence_status[module2-final-mission]=ok storage=["finalSelfIntro"] count=1/5 done
-PASS: direct-final sequence status browser QA
-routes_reachable=26
-PASS: mission pilot QA basics → , .
-- Kuttan/name recommendation: unchanged and still my recommendation: public-facing adult learner should be  or ; keep  as a home nickname/flavor only. Do not mass-rename without Boss approval.
+  - PASS targeted ESLint: `npx eslint src/components/course/KeralaClassroomScene.tsx src/app/intro/page.tsx src/app/page.tsx scripts/qa_mission_pilot.py` (only expected warning: Python file ignored by ESLint config).
+  - PASS Python syntax: `python3 -m py_compile scripts/qa_mission_pilot.py`.
+  - Initial FAIL: `/intro` browser/curl timed out after the visual change because the existing Next dev server had hung/stale compiled state.
+  - Fix applied: restarted the local dev server on `0.0.0.0:3000`.
+  - PASS curl after restart: `/`, `/intro`, `/learn`, `/learn/1`, `/learn/2`, `/missions/module-1/greet-frau-weber` all returned HTTP 200 quickly.
+  - PASS direct-final browser guard: `node scripts/qa_direct_final_sequence_status.mjs`.
+  - PASS full mission QA: `python3 scripts/qa_mission_pilot.py` -> `PASS: mission pilot QA basics`, `routes_reachable=26`.
+- Kuttan/name recommendation: unchanged and still my recommendation: public-facing adult learner should be `Arun` or `Kiran`; keep `Kuttan` as a home nickname/flavor only. Do not mass-rename without Boss approval.
 - Next best lane: make the next Module 1 surface more obviously mission-complete after the first win, then keep pushing M1/M2 toward replayable guided missions rather than more homepage polish.

session_id: 20260523_063238_e8aceb
Iteration 17 done.

Fixed the blocker:
- `/intro` timeout was from a hung/stale Next dev server state after the visual change.
- Restarted dev server on `0.0.0.0:3000`.
- `/intro` now responds normally.

Product improvement made:
- Added `src/components/course/KeralaClassroomScene.tsx`.
- Replaced the character-only `/intro` visual with a calm Kerala classroom scene.
- Added the same visual to the homepage guided-start card.
- Kept the first screen short: one headline, one context line, promise chips, one CTA, tiny phrase preview.
- No generated images, no paid video/API work, no Kuttan mass-rename.

Verification:
- PASS targeted ESLint:
  `npx eslint src/components/course/KeralaClassroomScene.tsx src/app/intro/page.tsx src/app/page.tsx scripts/qa_mission_pilot.py`
  Only expected warning: Python file ignored by ESLint config.
- PASS Python syntax:
  `python3 -m py_compile scripts/qa_mission_pilot.py`
- PASS curl after restart:
  `/`, `/intro`, `/learn`, `/learn/1`, `/learn/2`, `/missions/module-1/greet-frau-weber`
- PASS direct-final browser guard:
  `node scripts/qa_direct_final_sequence_status.mjs`
- PASS full mission QA:
  `python3 scripts/qa_mission_pilot.py`
  Result: `PASS: mission pilot QA basics`, `routes_reachable=26`.

Checkpoint appended:
`/shared/german-course/GermanCourse_QC/adipoli-6h-uiux-m1-m2-checkpoint.md`

Kuttan note:
- Still recommend adult-safe public name: `Arun` or `Kiran`.
- Keep `Kuttan` only as a home nickname/family flavor.
- No rename done without approval.

Next best lane:
- Stop polishing the container. Improve the post-M1 win state / Module 1 continuity so the learner clearly feels: “I finished the classroom greeting mission; now continue the sequence.”
