  ┊ review diff
a//shared/german-course/src/app/missions/module-2/spell-name/page.tsx → b//shared/german-course/src/app/missions/module-2/spell-name/page.tsx
@@ -1,6 +1,7 @@
 'use client';
 
-import { useMemo, useState } from 'react';
+import { useEffect, useMemo, useState } from 'react';
+import { useSearchParams } from 'next/navigation';
 
 import { ArrowRight, ChevronLeft, Keyboard } from 'lucide-react';
 import { HearStep, MissionIntro, MissionShell, MissionWinStep, NativeAudio, NextMissionCard, PremiumCard, RecognitionStep, RepairStep, SpeakWriteStep, useMissionStepForQA } from '../_components/MissionUI';
@@ -16,6 +17,7 @@
 
 export default function Module2SpellNameMissionPage() {
   const [step, setStep] = useMissionStepForQA(0, missionSteps.length - 1);
+  const searchParams = useSearchParams();
   const [heard, setHeard] = useState(false);
   const [meaning, setMeaning] = useState<string | null>(null);
   const [typedLetters, setTypedLetters] = useState('');
@@ -42,6 +44,13 @@
 
   const next = () => setStep((value) => Math.min(value + 1, missionSteps.length - 1));
   const back = () => setStep((value) => Math.max(value - 1, 0));
+
+  useEffect(() => {
+    if (searchParams.get('adipoliQa') === '1') return;
+    if (searchParams.get('start') !== 'listen') return;
+    const timer = window.setTimeout(() => setStep((value) => (value === 0 ? 1 : value)), 0);
+    return () => window.clearTimeout(timer);
+  }, [searchParams, setStep]);
 
   return (
     <MissionShell currentStep={step} steps={missionSteps} railLabel={mission.railLabel} tone={mission.tone} currentMissionId={mission.id}>
a//shared/german-course/src/app/missions/module-2/from-kerala/page.tsx → b//shared/german-course/src/app/missions/module-2/from-kerala/page.tsx
@@ -1,6 +1,7 @@
 'use client';
 
-import { useMemo, useState } from 'react';
+import { useEffect, useMemo, useState } from 'react';
+import { useSearchParams } from 'next/navigation';
 
 import { ArrowRight, ChevronLeft, MapPin } from 'lucide-react';
 import { HearStep, MissionIntro, MissionShell, MissionWinStep, NativeAudio, NextMissionCard, PremiumCard, RecognitionStep, RepairStep, SpeakWriteStep, normalizeMissionAnswer, useMissionStepForQA } from '../_components/MissionUI';
@@ -12,6 +13,7 @@
 
 export default function Module2FromKeralaMissionPage() {
   const [step, setStep] = useMissionStepForQA(0, missionSteps.length - 1);
+  const searchParams = useSearchParams();
   const [heard, setHeard] = useState(false);
   const [meaning, setMeaning] = useState<string | null>(null);
   const [typedAnswer, setTypedAnswer] = useState('');
@@ -39,6 +41,13 @@
 
   const next = () => setStep((value) => Math.min(value + 1, missionSteps.length - 1));
   const back = () => setStep((value) => Math.max(value - 1, 0));
+
+  useEffect(() => {
+    if (searchParams.get('adipoliQa') === '1') return;
+    if (searchParams.get('start') !== 'listen') return;
+    const timer = window.setTimeout(() => setStep((value) => (value === 0 ? 1 : value)), 0);
+    return () => window.clearTimeout(timer);
+  }, [searchParams, setStep]);
 
   return (
     <MissionShell currentStep={step} steps={missionSteps} railLabel={mission.railLabel} tone={mission.tone} currentMissionId={mission.id}>
a//shared/german-course/src/app/missions/module-2/job-languages/page.tsx → b//shared/german-course/src/app/missions/module-2/job-languages/page.tsx
@@ -1,6 +1,7 @@
 'use client';
 
-import { useMemo, useState } from 'react';
+import { useEffect, useMemo, useState } from 'react';
+import { useSearchParams } from 'next/navigation';
 
 import { ArrowRight, BriefcaseBusiness, ChevronLeft } from 'lucide-react';
 import { HearStep, MissionIntro, MissionShell, MissionWinStep, NativeAudio, NextMissionCard, PremiumCard, RecognitionStep, RepairStep, SpeakWriteStep, normalizeMissionAnswer, useMissionStepForQA } from '../_components/MissionUI';
@@ -12,6 +13,7 @@
 
 export default function Module2JobLanguagesMissionPage() {
   const [step, setStep] = useMissionStepForQA(0, missionSteps.length - 1);
+  const searchParams = useSearchParams();
   const [heard, setHeard] = useState(false);
… omitted 48 diff line(s) across 2 additional file(s)/section(s)
  ┊ review diff
a//shared/german-course/src/app/learn/[moduleId]/page.tsx → b//shared/german-course/src/app/learn/[moduleId]/page.tsx
@@ -86,9 +86,9 @@
     : 0;
   const nextModule2Mission = module2MissionCards.find((mission) => mission.active && !completedMissionSet.has(mission.id)) ?? module2MissionCards[module2MissionCards.length - 1];
   const module2SequenceComplete = completedMissionCount === module2MissionCards.length;
-  const nextModule2MissionHref = completedMissionCount === 0 && nextModule2Mission.id === 'selfIntro'
-    ? `${nextModule2Mission.href}?start=listen`
-    : nextModule2Mission.href;
+  const nextModule2MissionHref = module2SequenceComplete
+    ? nextModule2Mission.href
+    : `${nextModule2Mission.href}?start=listen`;
 
   const heroTitle = isModule1
     ? module1Complete
  ┊ review diff
a//shared/german-course/src/app/learn/[moduleId]/page.tsx → b//shared/german-course/src/app/learn/[moduleId]/page.tsx
@@ -295,9 +295,7 @@
                     {isModule2
                       ? module2SequenceComplete
                         ? 'Replay answer'
-                        : completedMissionCount === 0 && nextModule2Mission.id === 'selfIntro'
-                          ? 'Start listening'
-                          : `Continue ${nextModule2Mission.missionNumber.replace('Mission ', '')}`
+                        : 'Start listening'
                       : isModule1
                         ? module1Complete
                           ? 'Start Module 2 speaking'
  ┊ review diff
a//shared/german-course/scripts/qa_intro_start_path.mjs → b//shared/german-course/scripts/qa_intro_start_path.mjs
@@ -139,6 +139,54 @@
   assert(state.text.includes('Listen first.'), 'Module 1 landing CTA should bypass mission preamble and start listening', { text: state.text.slice(0, 900) });
   assert(!state.visibleButtons.some((button) => button.toLowerCase().includes('back')), 'Module 1 landing-to-listening path should not show a competing Back button', state);
 
+  await page.goto(`${BASE_URL}/learn/2`, { waitUntil: 'domcontentloaded', timeout: 45000 });
+  await delay(700);
+  state = await pageState(page);
+  assert(state.path === '/learn/2', 'Module 2 landing did not load on /learn/2', state);
+  assert(state.text.includes('Tell the examiner your name'), 'Module 2 landing should lead with the current mission, not generic module copy', { text: state.text.slice(0, 900) });
+  assert(state.text.includes('Listen to the examiner first.'), 'Module 2 landing should keep the first action short', { text: state.text.slice(0, 900) });
+  assert(state.text.includes('Ich heiße ...'), 'Module 2 landing phrase preview missing', { text: state.text.slice(0, 900) });
+  assert(!state.visibleButtons.some((button) => button.toLowerCase().includes('back')), 'Module 2 focused landing should not show a competing Back button', state);
+  assert(
+    state.visibleLinks.filter((link) => link.text.toLowerCase().includes('start listening')).length === 1,
+    'Module 2 focused landing should expose one visible primary Start listening link',
+    state
+  );
+  assert(
+    state.links.some((link) => link.href === '/missions/module-2/self-intro?start=listen' && link.text.toLowerCase().includes('start listening')),
+    'Module 2 landing primary CTA should jump straight to self-intro listening',
+    state
+  );
+  await page.click('a[href="/missions/module-2/self-intro?start=listen"]');
+  await page.waitForFunction(() => window.location.pathname === '/missions/module-2/self-intro', { timeout: 10000 });
+  await delay(700);
+  state = await pageState(page);
+  assert(state.path === '/missions/module-2/self-intro', 'Module 2 landing CTA did not reach first mission', state);
+  assert(state.text.includes('Hear the question.'), 'Module 2 landing CTA should bypass mission preamble and start listening', { text: state.text.slice(0, 900) });
+  assert(!state.visibleButtons.some((button) => button.toLowerCase().includes('back')), 'Module 2 landing-to-listening path should not show a competing Back button', state);
+
+  await page.goto(`${BASE_URL}/`, { waitUntil: 'domcontentloaded', timeout: 45000 });
+  await page.evaluate(() => {
+    window.localStorage.setItem('adipoli:module2:completedMissions', JSON.stringify(['selfIntro']));
+  });
+  await page.goto(`${BASE_URL}/learn/2`, { waitUntil: 'domcontentloaded', timeout: 45000 });
+  await delay(700);
+  state = await pageState(page);
+  assert(state.text.includes('Spell a Kerala name cleanly'), 'Module 2 partial-progress landing should surface the next mission', { text: state.text.slice(0, 900) });
+  assert(!state.text.includes('Continue 2'), 'Module 2 partial-progress CTA should not expose sequence-number chore copy', { text: state.text.slice(0, 900) });
+  assert(
+    state.links.some((link) => link.href === '/missions/module-2/spell-name?start=listen' && link.text.toLowerCase().includes('start listening')),
+    'Module 2 partial-progress CTA should jump straight to next mission listening',
+    state
+  );
+  await page.click('a[href="/missions/module-2/spell-name?start=listen"]');
+  await page.waitForFunction(() => window.location.pathname === '/missions/module-2/spell-name', { timeout: 10000 });
+  await delay(700);
+  state = await pageState(page);
+  assert(state.text.includes('Hear the pressure.'), 'Module 2 next-mission CTA should bypass spelling preamble and start listening', { text: state.text.slice(0, 900) });
+  assert(!state.text.includes('Spell your Kerala name.'), 'Module 2 next-mission CTA should not land on the intro card first', { text: state.text.slice(0, 900) });
+  assert(!state.visibleButtons.some((button) => button.toLowerCase().includes('back')), 'Module 2 next-mission listening path should not show a competing Back button', state);
+
   const relevantErrors = consoleErrors.filter((line) => !line.includes('favicon') && !line.includes('404'));
   assert(relevantErrors.length === 0, 'browser console/page errors during intro start-path QA', { consoleErrors: relevantErrors });
   console.log('PASS: intro start-path browser QA (/ → listening, /intro → listening, /learn/1 → listening)');
  ┊ review diff
a//shared/german-course/scripts/qa_intro_start_path.mjs → b//shared/german-course/scripts/qa_intro_start_path.mjs
@@ -189,7 +189,7 @@
 
   const relevantErrors = consoleErrors.filter((line) => !line.includes('favicon') && !line.includes('404'));
   assert(relevantErrors.length === 0, 'browser console/page errors during intro start-path QA', { consoleErrors: relevantErrors });
-  console.log('PASS: intro start-path browser QA (/ → listening, /intro → listening, /learn/1 → listening)');
+  console.log('PASS: intro start-path browser QA (/ → listening, /intro → listening, /learn/1 → listening, /learn/2 fresh+partial → listening)');
 } finally {
   await browser.close();
 }
  ┊ review diff
a//shared/german-course/scripts/qa_mission_pilot.py → b//shared/german-course/scripts/qa_mission_pilot.py
@@ -466,6 +466,7 @@
         "Start Module 3",
         "nextModule2Mission.href",
         "nextModule2MissionHref",
+        "module2SequenceComplete\n    ? nextModule2Mission.href\n    : `${nextModule2Mission.href}?start=listen`",
         "module1CompletionHref = module2MissionCards[0]?.href ? `${module2MissionCards[0].href}?start=listen` : '/learn/2'",
         "showPrimaryCta = isModule1 ? !module1Complete : isModule2 ? !module2SequenceComplete : Boolean(nextLesson)",
         "{showPrimaryCta && (",
  ⟳ compacting context…
  ┊ review diff
a//shared/german-course/scripts/qa_mission_pilot.py → b//shared/german-course/scripts/qa_mission_pilot.py
@@ -461,7 +461,6 @@
         "Module 2 ability certificate",
         "Goethe self-intro",
         "Start listening",
-        "Continue ${nextModule2Mission.missionNumber.replace('Mission ', '')}",
         "Replay answer",
         "Start Module 3",
         "nextModule2Mission.href",
  ┊ review diff
a//shared/german-course/scripts/qa_mission_pilot.py → b//shared/german-course/scripts/qa_mission_pilot.py
@@ -474,7 +474,7 @@
     missing_module_static = [snippet for snippet in required_module_static if snippet not in module]
     if missing_module_static:
         fail(f"module 2 path missing mission-sequence snippets: {missing_module_static}")
-    module2_crowding = [snippet for snippet in ["Start mission 1: name answer", "Start mission ${nextModule2Mission.missionNumber.replace('Mission ', '')}", "5 speaking wins", "Say now", "5 playable missions", ">Playable<", "Continue</span>", "Open step", "Do the next speaking win now.", "Do this now", "Launch current Module 2 mission", "One active mission is spotlighted", "Quiet path for review — main action is above.", "Tap any mission only if you want to jump or review.", "module2PathPreview", "One guided speaking arc", "Path: {module2PathPreview.join(' → ')}", "Recommended: start the next mission above; use this row to jump or review.", "Recommended start", "Five-mission sequence", "cards below are for review", "Module 2 · speaking mission sequence", "Module 2 path", "Your speaking mission sequence", "Speaking path", "Open mission map", "Start: ${nextModule2Mission.title}", "Exam answers", "See your path", "Next line", "Next win", "Next answer", "Module 1 mission progress dots", "Module 2 mission progress dots", "Module 1 compact mission dots", "Module 2 compact mission dots"] if snippet in module]
+    module2_crowding = [snippet for snippet in ["Continue ${nextModule2Mission.missionNumber.replace('Mission ', '')}", "Start mission 1: name answer", "Start mission ${nextModule2Mission.missionNumber.replace('Mission ', '')}", "5 speaking wins", "Say now", "5 playable missions", ">Playable<", "Continue</span>", "Open step", "Do the next speaking win now.", "Do this now", "Launch current Module 2 mission", "One active mission is spotlighted", "Quiet path for review — main action is above.", "Tap any mission only if you want to jump or review.", "module2PathPreview", "One guided speaking arc", "Path: {module2PathPreview.join(' → ')}", "Recommended: start the next mission above; use this row to jump or review.", "Recommended start", "Five-mission sequence", "cards below are for review", "Module 2 · speaking mission sequence", "Module 2 path", "Your speaking mission sequence", "Speaking path", "Open mission map", "Start: ${nextModule2Mission.title}", "Exam answers", "See your path", "Next line", "Next win", "Next answer", "Module 1 mission progress dots", "Module 2 mission progress dots", "Module 1 compact mission dots", "Module 2 compact mission dots"] if snippet in module]
     if module2_crowding:
         fail(f"module 2 path reintroduced ambiguous CTA/system labels: {module2_crowding}")
     required_module_data = [
  ┊ review diff
a//shared/german-course/scripts/qa_mission_pilot.py → b//shared/german-course/scripts/qa_mission_pilot.py
@@ -1143,7 +1143,7 @@
         "Open a classroom moment.",
         "Next output",
         "Three short classroom wins",
-        "PASS: intro start-path browser QA (/ → listening, /intro → listening, /learn/1 → listening)",
+        "PASS: intro start-path browser QA (/ → listening, /intro → listening, /learn/1 → listening, /learn/2 fresh+partial → listening)",
     ]
     missing = [snippet for snippet in required if snippet not in src]
     if missing:
  ┊ review diff
a//shared/german-course/scripts/qa_intro_start_path.mjs → b//shared/german-course/scripts/qa_intro_start_path.mjs
@@ -61,10 +61,10 @@
   });
   page.on('pageerror', (err) => consoleErrors.push(err.message));
 
-  await page.evaluateOnNewDocument((keys) => {
+  await page.goto(`${BASE_URL}/`, { waitUntil: 'domcontentloaded', timeout: 45000 });
+  await page.evaluate((keys) => {
     for (const key of keys) window.localStorage.removeItem(key);
   }, STORAGE_KEYS);
-
   await page.goto(`${BASE_URL}/`, { waitUntil: 'domcontentloaded', timeout: 45000 });
   await delay(700);
   let state = await pageState(page);

session_id: 20260530_203523_7be708
Iteration 12 complete.

Changed:
- `/shared/german-course/src/app/learn/[moduleId]/page.tsx`
- `/shared/german-course/src/app/missions/module-2/spell-name/page.tsx`
- `/shared/german-course/src/app/missions/module-2/from-kerala/page.tsx`
- `/shared/german-course/src/app/missions/module-2/job-languages/page.tsx`
- `/shared/german-course/src/app/missions/module-2/final-self-intro/page.tsx`
- `/shared/german-course/scripts/qa_intro_start_path.mjs`
- `/shared/german-course/scripts/qa_mission_pilot.py`
- `/shared/german-course/GermanCourse_QC/adipoli-6h-uiux-m1-m2-checkpoint.md`

Product improvement:
- Module 2 now routes fresh learners directly:
  `/learn/2` → `/missions/module-2/self-intro?start=listen`
- Module 2 partial progress now routes to the next active mission listening step:
  completed self-intro → `/missions/module-2/spell-name?start=listen`
- Removed the chore-like `Continue 2.x` CTA expectation.
- Incomplete Module 2 CTA now stays simple: `Start listening`.
- Added QA guard so the old `Continue ${nextModule2Mission...}` pattern fails if reintroduced.
- Added `?start=listen` skip-intro support to the remaining Module 2 mission pages, with `adipoliQa=1` preserving deterministic QA.

QA:
- PASS: scoped ESLint
- PASS: `node --check scripts/qa_intro_start_path.mjs`
- PASS: `node scripts/qa_intro_start_path.mjs`
- PASS: `python3 scripts/qa_mission_pilot.py`
- PASS: local curl smoke for `/`, `/intro`, `/learn`, `/learn/1`, `/learn/2`, and Module 2 mission route
- PASS: mission QA local + Tailscale browser checks already inside `qa_mission_pilot.py`

Checkpoint appended:
`/shared/german-course/GermanCourse_QC/adipoli-6h-uiux-m1-m2-checkpoint.md`

No deploy, push, pricing/auth/payment change, image generation, or Kuttan rename.

Next: browser-play `/learn/2` partial → spell-name audio end → reply step, 25m.
