  ⟳ compacting context…
  ┊ review diff
a//shared/german-course/src/app/missions/module-2/self-intro/page.tsx → b//shared/german-course/src/app/missions/module-2/self-intro/page.tsx
@@ -1,6 +1,7 @@
 'use client';
 
-import { useMemo, useState } from 'react';
+import { useEffect, useMemo, useState } from 'react';
+import { useSearchParams } from 'next/navigation';
 import {
   ArrowRight,
   ChevronLeft,
  ┊ review diff
a//shared/german-course/src/app/missions/module-2/self-intro/page.tsx → b//shared/german-course/src/app/missions/module-2/self-intro/page.tsx
@@ -51,6 +51,7 @@
 
 export default function Module2SelfIntroMissionPage() {
   const [step, setStep] = useMissionStepForQA(0, missionSteps.length - 1);
+  const searchParams = useSearchParams();
   const [heard, setHeard] = useState(false);
   const [recognition, setRecognition] = useState<string | null>(null);
   const [selectedWords, setSelectedWords] = useState<string[]>([]);
  ┊ review diff
a//shared/german-course/src/app/missions/module-2/self-intro/page.tsx → b//shared/german-course/src/app/missions/module-2/self-intro/page.tsx
@@ -87,6 +87,14 @@
 
   const next = () => setStep((value) => Math.min(value + 1, missionSteps.length - 1));
   const back = () => setStep((value) => Math.max(value - 1, 0));
+
+  useEffect(() => {
+    if (searchParams.get('adipoliQa') === '1') return;
+    if (searchParams.get('start') !== 'listen') return;
+    const timer = window.setTimeout(() => setStep((value) => (value === 0 ? 1 : value)), 0);
+    return () => window.clearTimeout(timer);
+  }, [searchParams, setStep]);
+
   return (
     <MissionShell currentStep={step} steps={missionSteps} railLabel={mission.railLabel} tone={mission.tone} currentMissionId={mission.id}>
       <PremiumCard>
  ┊ review diff
a//shared/german-course/src/app/missions/module-2/_components/MissionUI.tsx → b//shared/german-course/src/app/missions/module-2/_components/MissionUI.tsx
@@ -1213,7 +1213,7 @@
   const currentMission = module1MissionCards[Math.max(currentIndex, 0)];
   const nextMission = currentMission?.next;
   const opensModule2 = nextMission?.href.startsWith('/missions/module-2');
-  const href = opensModule2 ? '/learn/2' : nextMission?.href ?? '/learn/2';
+  const href = opensModule2 ? `${nextMission.href}?start=listen` : nextMission?.href ?? '/learn/2';
 
   return (
     <Link
  ┊ review diff
a//shared/german-course/src/app/missions/module-2/_components/MissionUI.tsx → b//shared/german-course/src/app/missions/module-2/_components/MissionUI.tsx
@@ -1223,6 +1223,9 @@
       <Sparkles className="mb-4 h-9 w-9 text-[#f1d27a]" />
       <p className="text-sm font-black uppercase tracking-[0.22em] text-[#f1d27a]">Next</p>
       <h3 className="mt-3 text-3xl font-black">{nextMission?.title ?? 'Build your self-intro.'}</h3>
+      {opensModule2 && (
+        <p className="mt-3 text-sm font-semibold text-white/62">No dashboard stop. Straight into the examiner audio.</p>
+      )}
       <span className="mt-5 inline-flex items-center gap-2 font-black text-[#f1d27a]">
         {nextMission?.cta ?? 'Start Module 2 speaking'}
       </span>
  ┊ review diff
a//shared/german-course/src/app/missions/module-2/_components/MissionUI.tsx → b//shared/german-course/src/app/missions/module-2/_components/MissionUI.tsx
@@ -1213,7 +1213,7 @@
   const currentMission = module1MissionCards[Math.max(currentIndex, 0)];
   const nextMission = currentMission?.next;
   const opensModule2 = nextMission?.href.startsWith('/missions/module-2');
-  const href = opensModule2 ? `${nextMission.href}?start=listen` : nextMission?.href ?? '/learn/2';
+  const href = opensModule2 && nextMission ? `${nextMission.href}?start=listen` : nextMission?.href ?? '/learn/2';
 
   return (
     <Link
  ┊ review diff
a//shared/german-course/src/app/learn/page.tsx → b//shared/german-course/src/app/learn/page.tsx
@@ -130,6 +130,9 @@
   const completedMissionCount = module2MissionCards.filter((mission) => completedMissionSet.has(mission.id)).length;
   const nextModule2Mission = module2MissionCards.find((mission) => mission.active && !completedMissionSet.has(mission.id)) ?? module2MissionCards[module2MissionCards.length - 1];
   const module2SequenceComplete = completedMissionCount === module2MissionCards.length;
+  const nextModule2MissionHref = completedMissionCount === 0 && nextModule2Mission.id === 'selfIntro'
+    ? `${nextModule2Mission.href}?start=listen`
+    : nextModule2Mission.href;
   const nextMissionOutput = nextModule2Mission.output;
   const nextMissionOutputSentence = /[.!?]$/.test(nextMissionOutput) ? nextMissionOutput : `${nextMissionOutput}.`;
   const learnHeroKicker = !module1Complete
  ┊ review diff
a//shared/german-course/src/app/learn/page.tsx → b//shared/german-course/src/app/learn/page.tsx
@@ -160,7 +160,7 @@
     : module2SequenceComplete
       ? 'Ich heiße ... Ich komme aus Kerala. Ich spreche ...'
       : nextModule2Mission.output;
-  const learnHeroHref = !module1Complete ? `${nextModule1Mission.href}?start=listen` : nextModule2Mission.href;
+  const learnHeroHref = !module1Complete ? `${nextModule1Mission.href}?start=listen` : nextModule2MissionHref;
   const learnHeroCta = !module1Complete
     ? 'Start listening'
     : module2SequenceComplete
  ┊ review diff
a//shared/german-course/src/app/learn/[moduleId]/page.tsx → b//shared/german-course/src/app/learn/[moduleId]/page.tsx
@@ -84,8 +84,11 @@
     : 0;
   const nextModule2Mission = module2MissionCards.find((mission) => mission.active && !completedMissionSet.has(mission.id)) ?? module2MissionCards[module2MissionCards.length - 1];
   const module2SequenceComplete = completedMissionCount === module2MissionCards.length;
-  const heroTitle = isModule1
-    ? 'Open a classroom moment.'
+  const nextModule2MissionHref = completedMissionCount === 0 && nextModule2Mission.id === 'selfIntro'
+    ? `${nextModule2Mission.href}?start=listen`
+    : nextModule2Mission.href;
+
+  const moduleMissionCards = isModule1 ? module1MissionCards : module2MissionCards;
     : isModule2
     ? 'Start your self-intro.'
     : courseModule.title;
  ┊ review diff
a//shared/german-course/src/app/learn/[moduleId]/page.tsx → b//shared/german-course/src/app/learn/[moduleId]/page.tsx
@@ -88,7 +88,8 @@
     ? `${nextModule2Mission.href}?start=listen`
     : nextModule2Mission.href;
 
-  const moduleMissionCards = isModule1 ? module1MissionCards : module2MissionCards;
+  const heroTitle = isModule1
+    ? 'Open a classroom moment.'
     : isModule2
     ? 'Start your self-intro.'
     : courseModule.title;
  ┊ review diff
a//shared/german-course/src/app/learn/[moduleId]/page.tsx → b//shared/german-course/src/app/learn/[moduleId]/page.tsx
@@ -105,7 +105,7 @@
   const heroChips = isModule1 || isModule2
     ? ['Hear', 'Speak + type', 'Repair']
     : [`${courseModule.totalHours} hours`, `${courseModule.lessons.length} lessons`, `${courseModule.lessons.reduce((acc, l) => acc + l.vocabulary.length, 0)} words`];
-  const module1CompletionHref = module2MissionCards[0]?.href ?? '/learn/2';
+  const module1CompletionHref = module2MissionCards[0]?.href ? `${module2MissionCards[0].href}?start=listen` : '/learn/2';
   const module1NextOutput = module1Complete ? module2MissionCards[0]?.output : nextModule1Mission.output;
   const module2NextOutput = module2SequenceComplete
     ? '20-second Goethe self-intro'
  ┊ review diff
a//shared/german-course/src/app/learn/[moduleId]/page.tsx → b//shared/german-course/src/app/learn/[moduleId]/page.tsx
@@ -117,7 +117,7 @@
   );
   const showPrimaryCta = isModule1 || isModule2 || Boolean(nextLesson);
   const module1PrimaryHref = module1Complete ? module1CompletionHref : `${nextModule1Mission.href}?start=listen`;
-  const primaryHref = isModule1 ? module1PrimaryHref : isModule2 ? nextModule2Mission.href : `/play/${courseModule.id}/${nextLesson?.id ?? courseModule.lessons[0]?.id}`;
+  const primaryHref = isModule1 ? module1PrimaryHref : isModule2 ? nextModule2MissionHref : `/play/${courseModule.id}/${nextLesson?.id ?? courseModule.lessons[0]?.id}`;
 
   return (
     <div className="max-w-5xl mx-auto">
  ┊ review diff
a//shared/german-course/src/app/page.tsx → b//shared/german-course/src/app/page.tsx
@@ -118,6 +118,9 @@
   const completedModule2MissionCount = module2MissionCards.filter((mission) => completedModule2MissionSet.has(mission.id)).length;
   const nextModule2Mission = module2MissionCards.find((mission) => mission.active && !completedModule2MissionSet.has(mission.id)) ?? module2MissionCards[module2MissionCards.length - 1];
   const module2SequenceComplete = completedModule2MissionCount === module2MissionCards.length;
+  const nextModule2MissionHref = completedModule2MissionCount === 0 && nextModule2Mission.id === 'selfIntro'
+    ? `${nextModule2Mission.href}?start=listen`
+    : nextModule2Mission.href;
   const module2HomeTitle = !module1Complete
     ? nextModule1Mission.title
     : completedModule2MissionCount > 0
  ┊ review diff
a//shared/german-course/src/app/page.tsx → b//shared/german-course/src/app/page.tsx
@@ -137,7 +137,7 @@
     ? `${nextModule1Mission.href}?start=listen`
     : module2SequenceComplete
       ? '/learn/2'
-      : nextModule2Mission.href;
+      : nextModule2MissionHref;
   const module2HomeCta = !module1Complete
     ? 'Start listening'
     : module2SequenceComplete
  ┊ review diff
a//shared/german-course/scripts/qa_mission_pilot.py → b//shared/german-course/scripts/qa_mission_pilot.py
@@ -322,6 +322,8 @@
         "Speak + type",
         "Repair trap",
         "Speaking mission · ${nextModule2Mission.missionNumber.replace('Mission ', '')}",
+        "nextModule2MissionHref",
+        "`${nextModule2Mission.href}?start=listen`",
         "learnHeroHref",
         "learnHeroCta",
         "nextMissionOutputSentence",
  ┊ review diff
a//shared/german-course/scripts/qa_mission_pilot.py → b//shared/german-course/scripts/qa_mission_pilot.py
@@ -377,6 +377,8 @@
         "Replay final answer",
         "Preview Module 3",
         "nextModule2Mission.href",
+        "nextModule2MissionHref",
+        "module1CompletionHref = module2MissionCards[0]?.href ? `${module2MissionCards[0].href}?start=listen` : '/learn/2'",
         "showPrimaryCta = isModule1 || isModule2 || Boolean(nextLesson)",
         "{showPrimaryCta && (",
         "module2MissionCards.map",
  ┊ review diff
a//shared/german-course/scripts/qa_mission_pilot.py → b//shared/german-course/scripts/qa_mission_pilot.py
@@ -407,6 +407,27 @@
     missing_module_data = [snippet for snippet in required_module_data if snippet not in mission_data]
     if missing_module_data:
         fail(f"shared Module 2 mission data missing launch/audio snippets: {missing_module_data}")
+    mission_ui = MISSION_UI.read_text(encoding="utf-8")
+    mission_page = MISSION_PAGE.read_text(encoding="utf-8")
+    module1_data = MODULE1_MISSION_DATA.read_text(encoding="utf-8")
+    required_direct_handoff = [
+        "const opensModule2 = nextMission?.href.startsWith('/missions/module-2')",
+        "const href = opensModule2 && nextMission ? `${nextMission.href}?start=listen` : nextMission?.href ?? '/learn/2'",
+        "No dashboard stop. Straight into the examiner audio.",
+    ]
+    missing_direct_handoff = [snippet for snippet in required_direct_handoff if snippet not in mission_ui]
+    if missing_direct_handoff:
+        fail(f"Module 1 -> Module 2 direct handoff missing snippets: {missing_direct_handoff}")
+    if "href: '/missions/module-2/self-intro'" not in module1_data:
+        fail("Module 1 final mission should still target Module 2 self-intro, not a dashboard route")
+    required_module2_direct_listen = [
+        "useSearchParams",
+        "searchParams.get('start') !== 'listen'",
+        "setStep((value) => (value === 0 ? 1 : value))",
+    ]
+    missing_module2_direct_listen = [snippet for snippet in required_module2_direct_listen if snippet not in mission_page]
+    if missing_module2_direct_listen:
+        fail(f"Module 2 self-intro direct-listen guard missing snippets: {missing_module2_direct_listen}")
     tts_reuse = re.findall(r"/audio/tts/[^'\"]+", mission_data)
     if tts_reuse:
         fail(f"Module 2 mission sequence should use mission-specific dialogue audio, not generic lesson TTS: {tts_reuse}")
  ┊ review diff
a//shared/german-course/scripts/qa_direct_final_sequence_status.mjs → b//shared/german-course/scripts/qa_direct_final_sequence_status.mjs
@@ -95,7 +95,7 @@
     expectedWinText: 'Module 1 exit win.',
     expectedCount: '1/3 done',
     forbiddenCount: '3/3 done',
-    expectedNextHref: '/learn/2',
+    expectedNextHref: '/missions/module-2/self-intro?start=listen',
   });
 
   await runDirectFinalCase(page, {

session_id: 20260530_105039_1217e1
Iteration 3 done.

Changed:
- Direct M1 → M2 handoff now skips the `/learn/2` dashboard stop.
- Module 1 final win card routes to:
  `/missions/module-2/self-intro?start=listen`
- `/learn/2` primary CTA also routes to:
  `/missions/module-2/self-intro?start=listen`
- Module 2 self-intro auto-opens on the examiner-audio step when `?start=listen` is present.
- QA guard updated so this direct handoff can’t silently regress.

Files touched:
- `src/app/missions/module-2/self-intro/page.tsx`
- `src/app/missions/module-2/_components/MissionUI.tsx`
- `src/app/learn/page.tsx`
- `src/app/learn/[moduleId]/page.tsx`
- `src/app/page.tsx`
- `scripts/qa_mission_pilot.py`
- `scripts/qa_direct_final_sequence_status.mjs`
- `GermanCourse_QC/adipoli-6h-uiux-m1-m2-checkpoint.md`

Verification:
- PASS: `python3 scripts/qa_mission_pilot.py`
- PASS: `npx tsc --noEmit --pretty false`
- PASS: targeted ESLint on touched TSX files; warnings only, no errors.
- WEAK: full `npm run lint` still fails from inherited repo-wide issues, not this patch.
- PASS: curl 200 for `/`, `/intro`, `/learn`, `/learn/1`, `/learn/2`, `/missions/module-2/self-intro?start=listen`
- PASS: browser click `/learn/2` CTA → `/missions/module-2/self-intro?start=listen`
- PASS: after delay, visible state is “step 2 of 7” with examiner audio.
- PASS: browser console clean.

Checkpoint appended:
`/shared/german-course/GermanCourse_QC/adipoli-6h-uiux-m1-m2-checkpoint.md`

Kuttan note unchanged: keep as home nickname for now; recommend adult-safe public name `Arun` or `Kiran` before launch, but no mass rename without approval.

Next: Mobile M1 Mission 1 label-cut pass, 25m.
