  ┊ review diff
a//shared/german-course/src/app/learn/[moduleId]/page.tsx → b//shared/german-course/src/app/learn/[moduleId]/page.tsx
@@ -95,7 +95,7 @@
       : nextModule1Mission.title
     : isModule2
     ? module2SequenceComplete
-      ? 'Review your self-intro.'
+      ? 'You can introduce yourself.'
       : nextModule2Mission.title
     : courseModule.title;
   const heroDescription = isModule1
@@ -104,11 +104,15 @@
       : 'Listen first.'
     : isModule2
     ? module2SequenceComplete
-      ? 'Replay once before Module 3.'
+      ? 'Say it once, then continue.'
       : 'Listen to the examiner first.'
     : courseModule.description;
-  const heroChips = isModule1 || isModule2
+  const heroChips = isModule1
     ? ['Hear', 'Say + type', 'Fix mistake']
+    : isModule2
+    ? module2SequenceComplete
+      ? ['Goethe answer', 'Spoken + typed', 'Mistake repaired']
+      : ['Hear', 'Say + type', 'Fix mistake']
     : [`${courseModule.totalHours} hours`, `${courseModule.lessons.length} lessons`, `${courseModule.lessons.reduce((acc, l) => acc + l.vocabulary.length, 0)} words`];
   const module1CompletionHref = module2MissionCards[0]?.href ? `${module2MissionCards[0].href}?start=listen` : '/learn/2';
   const module1NextOutput = module1Complete ? module2MissionCards[0]?.output : nextModule1Mission.output;
@@ -249,7 +253,7 @@
                 >
                   <div className="flex items-center justify-between gap-3">
                     <span className="font-black text-white">{completedMissionCount}/5</span>
-                    <span className="text-white/55">{module2SequenceComplete ? 'Review' : 'Your line'}</span>
+                    <span className="text-white/55">{module2SequenceComplete ? 'Done' : 'Your line'}</span>
                   </div>
                   <div className="my-2 h-1.5 overflow-hidden rounded-full bg-white/10">
                     <div
@@ -258,7 +262,7 @@
                     />
                   </div>
                   <p className="truncate text-base font-black text-white">{module2NextOutput}</p>
-                  <span className="sr-only">Ready for review. Say it, type it, repair one trap.</span>
+                  <span className="sr-only">Ability unlocked. Say it, type it, repair one trap.</span>
                 </motion.div>
               ) : (
                 <motion.div
@@ -304,7 +308,7 @@
                     <Play className="h-5 w-5 fill-current" />
                     {isModule2
                       ? module2SequenceComplete
-                        ? 'Review final self-intro'
+                        ? 'Replay answer'
                         : completedMissionCount === 0 && nextModule2Mission.id === 'selfIntro'
                           ? 'Start listening'
                           : `Continue ${nextModule2Mission.missionNumber.replace('Mission ', '')}`
  ┊ review diff
a//shared/german-course/src/app/learn/[moduleId]/page.tsx → b//shared/german-course/src/app/learn/[moduleId]/page.tsx
@@ -446,96 +446,116 @@
           transition={{ delay: 0.15 }}
           className="rounded-[1.75rem] border border-[var(--foreground)]/10 bg-[var(--card)]/75 p-3 shadow-xl shadow-black/10 md:p-4"
         >
-          <div className="flex items-center justify-between gap-3 px-1">
-            <p className="text-[11px] font-black uppercase tracking-[0.2em] text-[var(--foreground)]/46">Exam answers</p>
-            <span className="text-xs font-black text-[#3fbf75]">{completedMissionCount}/5</span>
-          </div>
-
-          <div className="mt-3 grid grid-cols-5 gap-2" role="list" aria-label="Compact Module 2 mission progress">
-            {module2MissionCards.map((mission, index) => {
-              const isDone = completedMissionSet.has(mission.id);
-              const isNextMission = mission.id === nextModule2Mission.id && !module2SequenceComplete;
-              const dotClass = `flex h-11 items-center justify-center rounded-2xl border text-sm font-black transition ${
-                isDone
-                  ? 'border-[#3fbf75]/40 bg-[#3fbf75]/12 text-[#2fbf75]'
-                  : isNextMission
-                    ? 'border-[#d4a520]/70 bg-[#d4a520]/18 text-[#d4a520] ring-2 ring-[#d4a520]/18'
-                    : mission.active
-                      ? 'border-[var(--foreground)]/10 bg-[var(--foreground)]/[0.045] text-[var(--foreground)]/55 hover:border-[#d4a520]/35 hover:text-[var(--foreground)]'
-                      : 'border-[var(--foreground)]/10 bg-[var(--foreground)]/[0.035] text-[var(--foreground)]/30'
-              }`;
-              const dot = (
-                <span className={dotClass} title={`${mission.missionNumber}: ${mission.title}`}>
-                  {isDone ? <CheckCircle className="h-4 w-4" aria-hidden="true" /> : index + 1}
-                </span>
-              );
-
-              return mission.active && mission.href ? (
-                <Link key={mission.title} href={mission.href} role="listitem" aria-label={`Open ${mission.missionNumber}: ${mission.title}`}>
-                  {dot}
-                </Link>
-              ) : (
-                <span key={mission.title} role="listitem">{dot}</span>
-              );
-            })}
-          </div>
-
-          <details className="mt-3 rounded-2xl border border-[var(--foreground)]/10 bg-black/10 p-3">
-            <summary className="cursor-pointer text-sm font-black text-[var(--foreground)]/68">See your path</summary>
-            <div className="mt-3 grid gap-2 sm:grid-cols-5">
-              {module2MissionCards.map((mission, index) => {
-                const isDone = completedMissionSet.has(mission.id);
-                const isNextMission = mission.id === nextModule2Mission.id && !module2SequenceComplete;
-                const card = (
-                  <div
-                    className={`h-full rounded-2xl border p-3 transition ${
-                      isDone
-                        ? 'border-[#3fbf75]/40 bg-[#3fbf75]/10 text-[#2fbf75]'
-                        : isNextMission
-                          ? 'border-[#d4a520]/35 bg-[#d4a520]/8 text-[var(--foreground)]/76'
-                          : mission.active
-                            ? 'border-[var(--foreground)]/10 bg-[var(--card)]/55 text-[var(--foreground)]/60 hover:border-[#d4a520]/35 hover:text-[var(--foreground)]/82'
-                            : 'border-[var(--foreground)]/10 bg-[var(--card)]/45 text-[var(--foreground)]/38'
-                    }`}
+          {module2SequenceComplete ? (
+            <div className="rounded-[1.5rem] border border-[#3fbf75]/30 bg-[#3fbf75]/10 p-4 shadow-inner shadow-[#3fbf75]/10" aria-label="Module 2 ability certificate">
+              <div className="flex items-center justify-between gap-3">
+                <p className="text-[11px] font-black uppercase tracking-[0.18em] text-[#3fbf75]">Ability unlocked</p>
+                <span className="rounded-full bg-[#3fbf75] px-3 py-1 text-xs font-black text-[#102018]">5/5</span>
+              </div>
+              <div className="mt-4 grid gap-3 md:grid-cols-[1fr_auto] md:items-end">
+                <div>
+                  <h2 className="text-2xl font-black text-[var(--foreground)]">Goethe self-intro</h2>
+                  <p className="mt-1 text-sm font-semibold text-[var(--foreground)]/64">Ich heiße ... Ich komme aus Kerala.</p>
+                  <div className="mt-3 flex flex-wrap gap-2 text-xs font-black text-[var(--foreground)]/62">
+                    {['Listen', 'Speak', 'Write'].map((skill) => (
+                      <span key={skill} className="rounded-full border border-[#3fbf75]/25 bg-[#3fbf75]/8 px-3 py-1">{skill}</span>
+                    ))}
+                  </div>
+                </div>
+                <div className="flex flex-col gap-2 sm:flex-row md:flex-col">
+                  <Link
+                    href="/learn/3"
+                    className="inline-flex min-h-12 items-center justify-center rounded-2xl bg-[#d4a520] px-4 text-sm font-black text-[#102018] shadow-lg shadow-[#d4a520]/15 transition hover:bg-[#f1d27a]"
                   >
-                    <div className="flex items-center justify-between gap-2">
-                      <div className={`flex h-8 w-8 shrink-0 items-center justify-center rounded-xl text-xs font-black ${isDone ? 'bg-[#3fbf75] text-[#102018]' : isNextMission ? 'bg-[#d4a520] text-[#102018]' : 'bg-[var(--foreground)]/8 text-inherit'}`}>
-                        {isDone ? <CheckCircle className="h-4 w-4" /> : index + 1}
… omitted 126 diff line(s) across 1 additional file(s)/section(s)
  ┊ review diff
a//shared/german-course/scripts/qa_mission_pilot.py → b//shared/german-course/scripts/qa_mission_pilot.py
@@ -387,20 +387,21 @@
         "courseModule.titleGerman &&",
         "['Hear', 'Say + type', 'Fix mistake']",
         "module2NextOutput",
-        "Ready for review",
+        "Ability unlocked",
         "Your line",
         "20-second Goethe self-intro",
         "Say it, type it, repair one trap.",
         "readCompletedModule2Missions",
         "module2-mission-completed",
-        "Module 2 · ${module2SequenceComplete ? 'review' : nextModule2Mission.missionNumber}",
+        "Module 2 · ${module2SequenceComplete ? 'complete' : nextModule2Mission.missionNumber}",
         "Exam answers",
         "Compact Module 2 mission progress",
-        "See your path",
+        "Module 2 ability certificate",
+        "Goethe self-intro",
         "Start listening",
         "Continue ${nextModule2Mission.missionNumber.replace('Mission ', '')}",
-        "Replay final answer",
-        "Preview Module 3",
+        "Replay answer",
+        "Start Module 3",
         "nextModule2Mission.href",
         "nextModule2MissionHref",
         "module1CompletionHref = module2MissionCards[0]?.href ? `${module2MissionCards[0].href}?start=listen` : '/learn/2'",
  ┊ review diff
a//shared/german-course/src/app/learn/[moduleId]/page.tsx → b//shared/german-course/src/app/learn/[moduleId]/page.tsx
@@ -167,7 +167,7 @@
                 transition={{ delay: 0.15 }}
                 className="mb-3 inline-flex items-center gap-2 rounded-full border border-white/15 bg-white/5 px-3 py-1 text-[11px] font-semibold uppercase tracking-[0.2em] text-white/80 backdrop-blur-sm"
               >
-                {isModule1 ? `Module 1 · ${module1Complete ? 'mission review' : nextModule1Mission.missionNumber}` : isModule2 ? `Module 2 · ${module2SequenceComplete ? 'review' : nextModule2Mission.missionNumber}` : `Module ${courseModule.id}`}
+                {isModule1 ? `Module 1 · ${module1Complete ? 'mission review' : nextModule1Mission.missionNumber}` : isModule2 ? `Module 2 · ${module2SequenceComplete ? 'complete' : nextModule2Mission.missionNumber}` : `Module ${courseModule.id}`}
               </motion.div>
 
               <motion.h1
  ┊ review diff
a//shared/german-course/src/app/learn/[moduleId]/page.tsx → b//shared/german-course/src/app/learn/[moduleId]/page.tsx
@@ -124,7 +124,7 @@
   const nextLesson = courseModule.lessons.find(
     lesson => !userProgress.completedLessons.some(l => l.lessonId === lesson.id)
   );
-  const showPrimaryCta = isModule1 || isModule2 || Boolean(nextLesson);
+  const showPrimaryCta = isModule1 || (isModule2 && !module2SequenceComplete) || Boolean(nextLesson);
   const module1PrimaryHref = module1Complete ? module1CompletionHref : `${nextModule1Mission.href}?start=listen`;
   const primaryHref = isModule1 ? module1PrimaryHref : isModule2 ? nextModule2MissionHref : `/play/${courseModule.id}/${nextLesson?.id ?? courseModule.lessons[0]?.id}`;
 
  ┊ review diff
a//shared/german-course/scripts/qa_mission_pilot.py → b//shared/german-course/scripts/qa_mission_pilot.py
@@ -405,7 +405,7 @@
         "nextModule2Mission.href",
         "nextModule2MissionHref",
         "module1CompletionHref = module2MissionCards[0]?.href ? `${module2MissionCards[0].href}?start=listen` : '/learn/2'",
-        "showPrimaryCta = isModule1 || isModule2 || Boolean(nextLesson)",
+        "showPrimaryCta = isModule1 || (isModule2 && !module2SequenceComplete) || Boolean(nextLesson)",
         "{showPrimaryCta && (",
         "module2MissionCards.map",
     ]
  ┊ review diff
a//shared/german-course/src/app/learn/[moduleId]/page.tsx → b//shared/german-course/src/app/learn/[moduleId]/page.tsx
@@ -124,7 +124,7 @@
   const nextLesson = courseModule.lessons.find(
     lesson => !userProgress.completedLessons.some(l => l.lessonId === lesson.id)
   );
-  const showPrimaryCta = isModule1 || (isModule2 && !module2SequenceComplete) || Boolean(nextLesson);
+  const showPrimaryCta = isModule1 || (isModule2 ? !module2SequenceComplete : Boolean(nextLesson));
   const module1PrimaryHref = module1Complete ? module1CompletionHref : `${nextModule1Mission.href}?start=listen`;
   const primaryHref = isModule1 ? module1PrimaryHref : isModule2 ? nextModule2MissionHref : `/play/${courseModule.id}/${nextLesson?.id ?? courseModule.lessons[0]?.id}`;
 
  ┊ review diff
a//shared/german-course/scripts/qa_mission_pilot.py → b//shared/german-course/scripts/qa_mission_pilot.py
@@ -405,7 +405,7 @@
         "nextModule2Mission.href",
         "nextModule2MissionHref",
         "module1CompletionHref = module2MissionCards[0]?.href ? `${module2MissionCards[0].href}?start=listen` : '/learn/2'",
-        "showPrimaryCta = isModule1 || (isModule2 && !module2SequenceComplete) || Boolean(nextLesson)",
+        "showPrimaryCta = isModule1 || (isModule2 ? !module2SequenceComplete : Boolean(nextLesson))",
         "{showPrimaryCta && (",
         "module2MissionCards.map",
     ]

session_id: 20260530_123944_d39bff
Iteration 20 done.

Changed:
- `src/app/learn/[moduleId]/page.tsx`
- `scripts/qa_mission_pilot.py`
- Appended checkpoint:
  `GermanCourse_QC/adipoli-6h-uiux-m1-m2-checkpoint.md`

What I fixed:
- Completed `/learn/2` no longer feels like a review dashboard.
- Replaced “Review your self-intro” state with a compact ability win:
  - `You can introduce yourself.`
  - `MODULE 2 · COMPLETE`
  - `Ability unlocked`
  - `Goethe self-intro`
  - `Ich heiße ... Ich komme aus Kerala.`
  - `Listen / Speak / Write`
- Removed completed-state clutter:
  - no duplicate hero CTA
  - no visible completed-state `Exam answers`
  - no visible completed-state `See your path`
- Made `Start Module 3` the clear primary action.
- Kept `Replay answer` as secondary.
- Updated QA guard expectations so this cleaner certificate state is protected.

QA:
- PASS `python3 -m py_compile scripts/qa_mission_pilot.py`
- PASS `npx eslint --quiet 'src/app/learn/[moduleId]/page.tsx' scripts/qa_mission_pilot.py`
- PASS `python3 scripts/qa_mission_pilot.py`
- PASS route HTTP 200 spot-check:
  `/`, `/intro`, `/learn`, `/learn/1`, `/learn/2`, M1 missions, M2 self/final routes
- PASS browser visual QA on completed `/learn/2`
- PASS browser console: no JS errors
- WEAK inherited app-wide lint remains: `npm run lint -- --quiet` still fails with 99 unrelated existing errors across auth/games/tests/Remotion/module naming.

Kuttan note:
- No rename done.
- Recommendation unchanged: public adult-safe name should likely be `Arun` or `Kiran`; keep `Kuttan` as family/home nickname only if Boss wants that warmth.

Next: add `/learn/2` certificate browser guard, 25m.
