  ┊ review diff
a//shared/german-course/src/app/page.tsx → b//shared/german-course/src/app/page.tsx
@@ -118,23 +118,29 @@
   const completedModule2MissionCount = module2MissionCards.filter((mission) => completedModule2MissionSet.has(mission.id)).length;
   const nextModule2Mission = module2MissionCards.find((mission) => mission.active && !completedModule2MissionSet.has(mission.id)) ?? module2MissionCards[module2MissionCards.length - 1];
   const module2SequenceComplete = completedModule2MissionCount === module2MissionCards.length;
+  const module2CompleteHomeTitle = 'You can introduce yourself.';
+  const module2CompleteHomeProof = 'Ich heiße ... Ich komme aus Kerala.';
+  const module2CompleteHomeHref = '/learn/3';
+  const module2CompleteHomeCta = 'Start Module 3';
   const nextModule2MissionHref = completedModule2MissionCount === 0 && nextModule2Mission.id === 'selfIntro'
     ? `${nextModule2Mission.href}?start=listen`
     : nextModule2Mission.href;
   const module2HomeTitle = !module1Complete
     ? nextModule1Mission.title
+    : module2SequenceComplete
+      ? module2CompleteHomeTitle
     : completedModule2MissionCount > 0
       ? 'Continue your speaking path.'
       : 'Now introduce yourself.';
   const module2HomeHref = !module1Complete
     ? `${nextModule1Mission.href}?start=listen`
     : module2SequenceComplete
-      ? '/learn/2'
+      ? module2CompleteHomeHref
       : nextModule2MissionHref;
   const module2HomeCta = !module1Complete
     ? 'Start listening'
     : module2SequenceComplete
-      ? 'Review Module 2 path'
+      ? module2CompleteHomeCta
       : completedModule2MissionCount > 0
         ? `Continue ${nextModule2Mission.missionNumber}`
         : 'Begin the speaking path';
@@ -144,28 +150,28 @@
     : module2HomeTitle;
   const directFirstActionCta = !module1Complete ? 'Start listening' : module2HomeCta;
   const shouldShowModule2ResumeStrip = completedCount > 0;
-  const shouldSuppressHomeExtras = shouldShowModule2ResumeStrip && !module2SequenceComplete;
+  const shouldSuppressHomeExtras = shouldShowModule2ResumeStrip;
   const module2ResumeEyebrow = !module1Complete
     ? 'Continue Module 1 classroom path'
     : module2SequenceComplete
-      ? 'Module 2 speaking path complete'
+      ? 'Ability unlocked'
       : 'Continue Module 2 speaking path';
   const module2ResumeTitle = !module1Complete
     ? nextModule1Mission.title
     : module2SequenceComplete
-      ? 'Review your 20-second self-intro.'
+      ? module2CompleteHomeTitle
       : `${nextModule2Mission.missionNumber}: ${nextModule2Mission.title}`;
   const module2ResumeDescription = !module1Complete
     ? `Next output: ${nextModule1Mission.output}`
     : module2SequenceComplete
-      ? 'Keep the Goethe answer warm before moving into the next module.'
+      ? module2CompleteHomeProof
       : completedModule2MissionCount > 0
         ? `${completedModule2MissionCount}/5 done. Next output: ${nextModule2Mission.output}`
         : 'The old lesson queue can wait. Start with one listening, speaking, typing win.';
   const module2ResumeCta = !module1Complete
     ? 'Start listening'
     : module2SequenceComplete
-      ? 'Review Module 2'
+      ? module2CompleteHomeCta
       : completedModule2MissionCount > 0
         ? `Continue ${nextModule2Mission.missionNumber}`
         : 'Start speaking path';
  ┊ review diff
a//shared/german-course/scripts/qa_completed_ability_landings.mjs → b//shared/german-course/scripts/qa_completed_ability_landings.mjs
@@ -96,6 +96,20 @@
     state
   );
 
+  await page.goto(`${BASE_URL}/`, { waitUntil: 'domcontentloaded', timeout: 45000 });
+  await delay(800);
+  state = await pageState(page);
+  assert(state.path === '/', 'Homepage completed compass did not load', state);
+  assert(state.text.includes('You can introduce yourself.'), 'Homepage should surface completed Module 2 ability, not a generic resume line', { text: state.text.slice(0, 1000) });
+  assert(state.text.includes('Ich heiße ... Ich komme aus Kerala.'), 'Homepage should show the compact self-intro proof', { text: state.text.slice(0, 1000) });
+  assert(state.links.some((link) => link.href === '/learn/3' && link.text === 'Start Module 3'), 'Homepage completed compass should point to Module 3', state);
+  assert(!state.text.includes('Continue your speaking path.'), 'Homepage completed compass should not use unfinished-path copy', { text: state.text.slice(0, 1000) });
+  assert(!state.text.includes('Old lesson queue'), 'Homepage completed compass should not expose legacy lesson queue', { text: state.text.slice(0, 1200) });
+  await page.click('a[href="/learn/3"]');
+  await delay(500);
+  state = await pageState(page);
+  assert(state.path === '/learn/3', 'Homepage Start Module 3 CTA should navigate to Module 3', state);
+
   const relevantErrors = consoleErrors.filter((line) => !line.includes('favicon') && !line.includes('404'));
   assert(relevantErrors.length === 0, 'browser console/page errors during completed ability landing QA', { consoleErrors: relevantErrors });
   console.log(`PASS: completed ability landing QA (${BASE_URL})`);
  ┊ review diff
a//shared/german-course/scripts/qa_mission_pilot.py → b//shared/german-course/scripts/qa_mission_pilot.py
@@ -284,6 +284,10 @@
         "Five short Goethe A1 speaking missions: listen to native audio, speak, type, then repair one real mistake.",
         "Continue your speaking path.",
         "`${completedModule2MissionCount}/5 done. Next output: ${nextModule2Mission.output}`",
+        "module2CompleteHomeTitle",
+        "module2CompleteHomeProof",
+        "module2CompleteHomeHref = '/learn/3'",
+        "module2CompleteHomeCta = 'Start Module 3'",
         "module2HomeHref",
         "module2HomeCta",
         "directFirstActionHref",
@@ -292,17 +296,18 @@
         "module2-mission-completed",
         "Begin the speaking path",
         "Five short Goethe A1 speaking missions: listen to native audio, speak, type, then repair one real mistake.",
-        "'/learn/2'",
         "from-[#d4a520] to-[#b8891a]",
         "shouldShowModule2ResumeStrip",
-        "const shouldSuppressHomeExtras = shouldShowModule2ResumeStrip && !module2SequenceComplete;",
+        "const shouldSuppressHomeExtras = shouldShowModule2ResumeStrip;",
         "Continue Module 1 classroom path",
+        "Ability unlocked",
         "Continue Module 2 speaking path",
         "`Next output: ${nextModule1Mission.output}`",
         "The old lesson queue can wait. Start with one listening, speaking, typing win.",
         "module2ResumeCta",
         "module2ResumeProgressLabel",
-        "Review your 20-second self-intro.",
+        "You can introduce yourself.",
+        "Ich heiße ... Ich komme aus Kerala.",
         "showOldLessonQueue",
         "Old lesson queue",
         "Optional: open the previous lesson card.",
  ⟳ compacting context…
  ┊ review diff
a//shared/german-course/src/app/page.tsx → b//shared/german-course/src/app/page.tsx
@@ -149,7 +149,7 @@
     ? 'Greet Frau Weber.'
     : module2HomeTitle;
   const directFirstActionCta = !module1Complete ? 'Start listening' : module2HomeCta;
-  const shouldShowModule2ResumeStrip = completedCount > 0;
+  const shouldShowModule2ResumeStrip = completedCount > 0 || completedModule1MissionCount > 0 || completedModule2MissionCount > 0;
   const shouldSuppressHomeExtras = shouldShowModule2ResumeStrip;
   const module2ResumeEyebrow = !module1Complete
     ? 'Continue Module 1 classroom path'
  ┊ review diff
a//shared/german-course/src/app/page.tsx → b//shared/german-course/src/app/page.tsx
@@ -218,7 +218,7 @@
     router.push(task.route);
   };
 
-  if (completedCount === 0 && !schedule) {
+  if (completedCount === 0 && !schedule && !shouldShowModule2ResumeStrip) {
     return (
       <div className="min-h-screen px-4 py-5 pb-16 safe-top safe-bottom">
         <motion.section
  ┊ review diff
a//shared/german-course/scripts/qa_mission_pilot.py → b//shared/german-course/scripts/qa_mission_pilot.py
@@ -297,7 +297,7 @@
         "Begin the speaking path",
         "Five short Goethe A1 speaking missions: listen to native audio, speak, type, then repair one real mistake.",
         "from-[#d4a520] to-[#b8891a]",
-        "shouldShowModule2ResumeStrip",
+        "const shouldShowModule2ResumeStrip = completedCount > 0 || completedModule1MissionCount > 0 || completedModule2MissionCount > 0;",
         "const shouldSuppressHomeExtras = shouldShowModule2ResumeStrip;",
         "Continue Module 1 classroom path",
         "Ability unlocked",
  ┊ review diff
a//shared/german-course/scripts/qa_completed_ability_landings.mjs → b//shared/german-course/scripts/qa_completed_ability_landings.mjs
@@ -102,7 +102,11 @@
   assert(state.path === '/', 'Homepage completed compass did not load', state);
   assert(state.text.includes('You can introduce yourself.'), 'Homepage should surface completed Module 2 ability, not a generic resume line', { text: state.text.slice(0, 1000) });
   assert(state.text.includes('Ich heiße ... Ich komme aus Kerala.'), 'Homepage should show the compact self-intro proof', { text: state.text.slice(0, 1000) });
-  assert(state.links.some((link) => link.href === '/learn/3' && link.text === 'Start Module 3'), 'Homepage completed compass should point to Module 3', state);
+  assert(
+    state.links.some((link) => link.href === '/learn/3' && link.text.includes('Start Module 3')),
+    'Homepage completed compass should point to Module 3',
+    state
+  );
   assert(!state.text.includes('Continue your speaking path.'), 'Homepage completed compass should not use unfinished-path copy', { text: state.text.slice(0, 1000) });
   assert(!state.text.includes('Old lesson queue'), 'Homepage completed compass should not expose legacy lesson queue', { text: state.text.slice(0, 1200) });
   await page.click('a[href="/learn/3"]');

session_id: 20260530_130632_b5ebe0
Iteration 22 done.

Changed:
- `src/app/page.tsx`
  - Completed Module 2 homepage state is now compact:
    - “You can introduce yourself.”
    - “Ich heiße ... Ich komme aus Kerala.”
    - CTA: “Start Module 3”
  - Homepage now suppresses old rails/old lesson queue when M1/M2 mission memory exists, even if legacy lesson-progress storage is empty.
  - Completed M2 no longer loops the learner back into Module 2 review from `/`; it moves forward to `/learn/3`.

- `scripts/qa_completed_ability_landings.mjs`
  - Added browser QA for completed-M2 homepage state.
  - Verifies proof text, no old queue, CTA clicks to `/learn/3`.

- `scripts/qa_mission_pilot.py`
  - Updated source guard expectations to match the new compact completed-M2 home behavior.

Verified:
- PASS: `node scripts/qa_completed_ability_landings.mjs`
- PASS: `python3 scripts/qa_mission_pilot.py`
- PASS curl routes:
  - `/`
  - `/intro`
  - `/learn`
  - `/learn/1`
  - `/learn/2`
  - `/learn/3`
  - `/missions/module-1/greet-frau-weber`
  - `/missions/module-2/self-intro`
- Targeted eslint on changed TSX/MJS passed; Python file ignored by eslint.
- `npm run lint` still fails on inherited app-wide issues outside this scoped change.

Checkpoint appended:
`/shared/german-course/GermanCourse_QC/adipoli-6h-uiux-m1-m2-checkpoint.md`

Kuttan note:
Keep Kuttan for now. Public adult-safe default should likely be Arun or Kiran, with Kuttan as a family/home nickname if Boss approves. No rename done.

Next best lane: `/learn/1` ability landing cleanup, 25m — make Module 1 partial/completed states as compact as the new Module 2 home card.
