  ┊ review diff
a//shared/german-course/src/app/missions/module-2/_components/MissionUI.tsx → b//shared/german-course/src/app/missions/module-2/_components/MissionUI.tsx
@@ -579,11 +579,8 @@
   return (
     <>
       <div className="mt-7 rounded-[1.7rem] border border-[#f1d27a]/25 bg-black/18 p-4 shadow-inner shadow-black/20 sm:p-5">
-        <div className="mb-3 flex flex-wrap items-center justify-between gap-2">
-          <p className="text-[0.68rem] font-black uppercase tracking-[0.2em] text-[#f1d27a]">Sentence slots</p>
-          <p className="rounded-full border border-white/10 bg-white/8 px-3 py-1 text-xs font-black text-white/58">
-            {Math.min(selected.length, targetLength)}/{targetLength} placed
-          </p>
+        <div className="sr-only" aria-live="polite">
+          Sentence builder: {Math.min(selected.length, targetLength)} of {targetLength} chips placed.
         </div>
         <div className="grid grid-cols-2 gap-2 sm:grid-cols-3 lg:grid-cols-4" aria-label="Builder slots" data-testid="builder-slots">
           {slots.map((chip, index) => (
  ┊ review diff
a//shared/german-course/src/app/missions/module-2/_components/MissionUI.tsx → b//shared/german-course/src/app/missions/module-2/_components/MissionUI.tsx
@@ -624,10 +624,10 @@
       </BuilderWordBank>
       <BuilderSupportRow>
         <BuilderResetButton onClick={() => setSelected((current) => current.slice(0, -1))} disabled={selected.length === 0}>
-          Undo last chip
+          Undo
         </BuilderResetButton>
         <BuilderResetButton onClick={() => setSelected([])} disabled={selected.length === 0}>
-          Reset slots
+          Clear
         </BuilderResetButton>
         {selected.length > 0 && !isCorrect && <BuilderFeedback>{feedback}</BuilderFeedback>}
         {isCorrect && <BuilderFeedback state="success">{successFeedback}</BuilderFeedback>}
  ┊ review diff
a//shared/german-course/scripts/qa_mission_pilot.py → b//shared/german-course/scripts/qa_mission_pilot.py
@@ -237,6 +237,9 @@
         "No dashboard stop.",
         "Module 1 sequence progress",
         "Module 2 sequence progress",
+        "Sentence slots",
+        "Undo last chip",
+        "Reset slots",
     ]
     hits = []
     for page in MISSION_PAGES + MODULE1_MISSION_PAGES + [MISSION_UI]:
  ┊ review diff
a//shared/german-course/scripts/qa_mission_pilot.py → b//shared/german-course/scripts/qa_mission_pilot.py
@@ -820,11 +820,11 @@
         "export function isBuilderChipUsed",
         "export function canAddBuilderChip",
         "selectedCount >= occurrence",
-        "Sentence slots",
+        "Sentence builder:",
         "aria-label=\"Builder slots\"",
-        "{Math.min(selected.length, targetLength)}/{targetLength} placed",
-        "Reset slots",
-        "Undo last chip",
+        "{Math.min(selected.length, targetLength)} of {targetLength} chips placed",
+        "Clear",
+        "Undo",
         "disabled={selected.length === 0}",
         "setSelected((current) => current.slice(0, -1))",
         "disabled={disabled}",

session_id: 20260530_133903_149dc3
Iteration 26 complete.

Changed:
- `src/app/missions/module-2/_components/MissionUI.tsx`
  - Removed visible builder chrome: `Sentence slots` + `x/y placed`.
  - Kept builder progress as screen-reader-only.
  - Shortened buttons:
    - `Undo last chip` → `Undo`
    - `Reset slots` → `Clear`
  - This improves Module 1 builders and all Module 2 builder steps through the shared component.

- `scripts/qa_mission_pilot.py`
  - Added regression bans for the old verbose builder labels.

- Appended checkpoint:
  - `GermanCourse_QC/adipoli-6h-uiux-m1-m2-checkpoint.md`

QA:
- PASS: `npx eslint 'src/app/missions/module-2/_components/MissionUI.tsx' scripts/qa_mission_pilot.py`
  - Note: eslint warned Python file is ignored, exit code 0.
- PASS: `python3 -m py_compile scripts/qa_mission_pilot.py`
- PASS: `python3 scripts/qa_mission_pilot.py`
  - local + Tailscale route/audio checks
  - M1/M2 builder click gates
  - production unlock gates
  - gold-slice first journey
  - 26 reachable routes
- PASS: Browser visual QA on:
  - `http://127.0.0.1:3000/missions/module-1/greet-frau-weber?adipoliQa=1&adipoliQaStep=3`
  - Old builder header/count chip not visible.
  - No console errors.

Weakness still visible:
- Top mission ribbon still shows compact progress like `1/3 mission` and `0/3 done`. Not broken, but maybe still slightly dashboard-ish.

Kuttan/name note:
- No rename. Recommendation unchanged: public adult-safe name like Arun/Kiran is safer; keep “Kuttan” as home nickname only if Boss approves.

Next: recognition-card subtitle audit, 25m.
