  ┊ review diff
a//shared/german-course/src/app/missions/module-1/please-thanks/page.tsx → b//shared/german-course/src/app/missions/module-1/please-thanks/page.tsx
@@ -101,20 +101,16 @@
         {step === 1 && (
           <HearStep
             title="Hear the politeness rhythm."
-            instructions="Play the native audio. Listen for Danke and Bitte as a short classroom exchange."
+            instructions="Play both clips. Catch Danke and Bitte."
             heard={heard}
             onHeard={() => setHeard(true)}
             cta={<>Choose the response <ArrowRight className="h-5 w-5" /></>}
             onContinue={next}
             continueDisabled={!canContinue}
             audios={[
-              { src: audioSources.dankeBitte, label: 'Danke / Bitte rhythm' },
-              { src: audioSources.politenessContrast, label: 'Politeness contrast' },
+              { src: audioSources.dankeBitte, label: 'Danke + Bitte' },
+              { src: audioSources.politenessContrast, label: 'Polite reply' },
             ]}
-            sideNote={{
-              label: 'Scene',
-              text: 'Still in Kerala: a Goethe Kochi classroom help moment, not a mascot joke.',
-            }}
           />
         )}
 
@@ -132,7 +128,7 @@
             cta={<>Build the exchange <ArrowRight className="h-5 w-5" /></>}
             onContinue={next}
             continueDisabled={!canContinue}
-            side={<NativeAudio src={audioSources.exitSet} label="Classroom toolkit" />}
+            side={<NativeAudio src={audioSources.exitSet} label="Classroom phrases" />}
           />
         )}
 
@@ -162,7 +158,7 @@
             instructions="Play the model, say the exchange aloud, then write both words from memory."
             modelText="Danke. Bitte."
             audioSrc={audioSources.dankeBitte}
-            audioLabel="M1 Danke/Bitte model"
+            audioLabel="Model reply"
             spokenChecked={spokenChecked}
             onSpokenChecked={() => setSpokenChecked(true)}
             textareaId="typed-module1-please-thanks"
a//shared/german-course/src/app/missions/module-1/polite-exit/page.tsx → b//shared/german-course/src/app/missions/module-1/polite-exit/page.tsx
@@ -101,20 +101,16 @@
         {step === 1 && (
           <HearStep
             title="Hear the exit toolkit."
-            instructions="Listen for the safe formal goodbye and the Danke/Bitte rhythm."
+            instructions="Play both clips. Catch the formal goodbye."
             heard={heard}
             onHeard={() => setHeard(true)}
             cta={<>Choose the exit <ArrowRight className="h-5 w-5" /></>}
             onContinue={next}
             continueDisabled={!canContinue}
             audios={[
-              { src: audioSources.exitSet, label: 'Goodbye toolkit' },
-              { src: audioSources.dankeBitte, label: 'Danke / Bitte rhythm' },
+              { src: audioSources.exitSet, label: 'Formal goodbye' },
+              { src: audioSources.dankeBitte, label: 'Danke + Bitte' },
             ]}
-            sideNote={{
-              label: 'Scene',
-              text: 'Still in Kerala: this is the end of a Goethe Kochi classroom drill.',
-            }}
           />
         )}
 
@@ -132,7 +128,7 @@
             cta={<>Build the line <ArrowRight className="h-5 w-5" /></>}
             onContinue={next}
             continueDisabled={!canContinue}
-            side={<NativeAudio src={audioSources.apologyContrast} label="Politeness contrast" />}
+            side={<NativeAudio src={audioSources.apologyContrast} label="Sorry vs goodbye" />}
           />
         )}
 
@@ -162,7 +158,7 @@
             instructions="Play the model, say it aloud, then write the same A1 exit from memory."
             modelText="Vielen Dank. Auf Wiedersehen."
… omitted 6 diff line(s) across 1 additional file(s)/section(s)
  ┊ review diff
a//shared/german-course/scripts/qa_mission_pilot.py → b//shared/german-course/scripts/qa_mission_pilot.py
@@ -224,6 +224,24 @@
         if len(words) > MAX_OPENING_VISIBLE_WORDS:
             fail(f"opening screen too text-heavy in {page.name}: {len(words)} words > {MAX_OPENING_VISIBLE_WORDS}: {text}")
         print(f"opening_words[{page.parent.name}]={len(words)}")
+
+
+def assert_no_learner_facing_meta_labels() -> None:
+    banned_visible_copy = [
+        "not a mascot joke",
+        "Still in Kerala:",
+        "M1 Danke/Bitte model",
+        "M1 polite exit model",
+    ]
+    hits = []
+    for page in MISSION_PAGES + MODULE1_MISSION_PAGES:
+        src = page.read_text(encoding="utf-8")
+        for snippet in banned_visible_copy:
+            if snippet in src:
+                hits.append(f"{page.parent.name}:{snippet}")
+    if hits:
+        fail(f"learner-facing meta/internal labels present: {hits}")
+    print("visible_meta_labels=clean")
 
 
 def assert_start_path_source() -> None:
  ┊ review diff
a//shared/german-course/scripts/qa_mission_pilot.py → b//shared/german-course/scripts/qa_mission_pilot.py
@@ -1094,6 +1094,7 @@
     assert_native_audio_controls()
     assert_audio_files()
     assert_opening_text_light()
+    assert_no_learner_facing_meta_labels()
     assert_start_path_source()
     assert_mission_data_drives_path()
     assert_module1_first_mission_path()
  ⟳ compacting context…

session_id: 20260530_110525_7e12a3
Iteration 4 done.

Changed:
- `src/app/missions/module-1/please-thanks/page.tsx`
- `src/app/missions/module-1/polite-exit/page.tsx`
- `scripts/qa_mission_pilot.py`
- Appended checkpoint:
  `GermanCourse_QC/adipoli-6h-uiux-m1-m2-checkpoint.md`

What improved:
- Removed the learner-facing “SCENE / Still in Kerala / not a mascot joke” meta cards from early Module 1 listen steps.
- Shortened M1 instructions:
  - “Play both clips. Catch Danke and Bitte.”
  - “Play both clips. Catch the formal goodbye.”
- Cleaned internal-feeling labels:
  - “Danke + Bitte”
  - “Polite reply”
  - “Formal goodbye”
  - “Sorry vs goodbye”
  - “Model reply”
  - “Model exit”
- Added QA guard so these meta/internal labels don’t silently return:
  - `not a mascot joke`
  - `Still in Kerala:`
  - `M1 Danke/Bitte model`
  - `M1 polite exit model`

Verified:
- PASS: focused eslint + Python compile + `python3 scripts/qa_mission_pilot.py`
- PASS: `npx tsc --noEmit --pretty false`
- PASS: browser spot check on M1 Danke/Bitte listen step
  - no console errors
  - both audio buttons worked
  - CTA unlocked after audio playback
- WEAK/inherited: app-wide lint still fails on many existing unrelated files in auth/games/tests/components/lib/remotion, not from this iteration.

Kuttan naming note:
- No rename made.
- Recommendation stays: public/adult-safe name like Arun or Kiran; “Kuttan” only as a home/family nickname if approved.

Next: Clean Module 1 sequence labels, 25m.
