  ┊ review diff
a//shared/german-course/src/app/learn/page.tsx → b//shared/german-course/src/app/learn/page.tsx
@@ -3,7 +3,7 @@
 import { useState, useEffect, useMemo } from 'react';
 import Link from 'next/link';
 import { motion, AnimatePresence } from 'framer-motion';
-import { ChevronRight, Lock, CheckCircle, Play, ChevronDown, Flame } from 'lucide-react';
+import { ChevronRight, Lock, CheckCircle, Play, ChevronDown } from 'lucide-react';
 import { Kuttan } from '@/components/character/Kuttan';
 import { useGameStore } from '@/lib/store';
 import type { LessonProgress } from '@/lib/store';
@@ -133,8 +133,6 @@
   const nextModule2MissionHref = completedMissionCount === 0 && nextModule2Mission.id === 'selfIntro'
     ? `${nextModule2Mission.href}?start=listen`
     : nextModule2Mission.href;
-  const nextMissionOutput = nextModule2Mission.output;
-  const nextMissionOutputSentence = /[.!?]$/.test(nextMissionOutput) ? nextMissionOutput : `${nextMissionOutput}.`;
   const learnHeroKicker = !module1Complete
     ? `Module 1 · ${nextModule1Mission.missionNumber}`
     : module2SequenceComplete
@@ -146,10 +144,10 @@
       ? 'Review your 20-second self-intro.'
       : nextModule2Mission.title;
   const learnHeroContext = !module1Complete
-    ? `Next: ${nextModule1Mission.output}`
+    ? 'One classroom line. Listen first.'
     : module2SequenceComplete
       ? 'Complete. Replay before Module 3.'
-      : `Next: ${nextMissionOutputSentence}`;
+      : 'One exam-room answer. Listen first.';
   const learnHeroPromises = !module1Complete
     ? ['Hear model', 'Speak + type', 'Repair trap']
     : module2SequenceComplete
@@ -193,11 +191,6 @@
                   {learnHeroPreview}
                 </p>
               </div>
-              {userProgress.streak > 0 && (
-                <span className="inline-flex w-fit items-center gap-1 rounded-full bg-orange-500/15 px-3 py-1.5 text-xs font-bold text-orange-300">
-                  <Flame className="h-3 w-3 text-orange-400" /> {userProgress.streak}
-                </span>
-              )}
             </div>
 
             <div className="mt-4 flex flex-col gap-2 sm:flex-row sm:items-center">
@@ -218,8 +211,8 @@
             className="flex w-full items-center justify-between gap-3 rounded-2xl px-1 py-1 text-left text-sm font-bold text-white/62 transition hover:text-white"
           >
             <span className="flex flex-col gap-0.5 sm:flex-row sm:items-baseline sm:gap-2">
-              <span>{showCourseTools ? 'Hide classic lesson queue' : 'Need the old lesson map?'}</span>
-              <span className="font-medium text-white/38">Optional — not the first-session path.</span>
+              <span>{showCourseTools ? 'Hide old lesson map' : 'Old lesson map'}</span>
+              <span className="sr-only">Optional classic lesson queue; not the first-session path.</span>
             </span>
             <ChevronDown className={`h-4 w-4 shrink-0 transition-transform ${showCourseTools ? 'rotate-180' : ''}`} />
           </button>
a//shared/german-course/scripts/qa_mission_pilot.py → b//shared/german-course/scripts/qa_mission_pilot.py
@@ -346,18 +346,22 @@
         "`${nextModule2Mission.href}?start=listen`",
         "learnHeroHref",
         "learnHeroCta",
-        "nextMissionOutputSentence",
-        "`Next: ${nextMissionOutputSentence}`",
-        "`Next: ${nextModule1Mission.output}`",
+        "One classroom line. Listen first.",
+        "One exam-room answer. Listen first.",
         "Complete. Replay before Module 3.",
         "Review your 20-second self-intro.",
         "Ich heiße ... Ich komme aus Kerala. Ich spreche ...",
+        "Old lesson map",
+        "Optional classic lesson queue; not the first-session path.",
+        "showCourseTools",
+        "useState(false)",
+    ]
+    banned_learn_crowding = [
         "Need the old lesson map?",
         "Optional — not the first-session path.",
-        "showCourseTools",
-        "useState(false)",
-    ]
-    banned_learn_crowding = [
… omitted 6 diff line(s) across 1 additional file(s)/section(s)
  ⟳ compacting context…
  ┊ review diff
a//tmp/append_adipoli_checkpoint.py → b//tmp/append_adipoli_checkpoint.py
@@ -0,0 +1,18 @@
+from pathlib import Path
+
+checkpoint = Path('/shared/german-course/GermanCourse_QC/adipoli-6h-uiux-m1-m2-checkpoint.md')
+entry = r'''
+
+## Iteration 10 checkpoint — 2026-05-30T11:33:14+02:00
+
+- Time/iteration: iteration 10, 2026-05-30T11:33:14+02:00.
+- Source/docs inspected: course operating brief, product direction reset, whole-course mission spine, autonomous execution plan, premium anti-hallucination protocol; prior M1/M2 checkpoint tail; `/`, `/intro`, `/learn`, `/learn/1`, `/learn/2`, M1/M2 mission source and QA gate.
+- Files changed: `src/app/learn/page.tsx`; `scripts/qa_mission_pilot.py`; this checkpoint.
+- UX/text reductions made: removed duplicated visible `Next: ...` German phrase from `/learn`, cut hero context to `One classroom line. Listen first.` / `One exam-room answer. Listen first.`, removed competing flame/streak badge, shortened visible old-map toggle to `Old lesson map` with detail moved to sr-only.
+- M1/M2 learner path status: `/learn` now keeps one dominant `Start listening` CTA; browser-click verified it enters Module 1 listening; audio gate verified disabled-before-audio and enabled-after-model+reply audio. Module 1 and Module 2 missions remain covered by shared mission QA.
+- Images/video/animation: no new images generated this pass; skipped intentionally because the concrete blocker was copy/CTA hierarchy, and extra visuals would add clutter. No paid video/API work. Animation unchanged; no jank found in the touched first-path surface.
+- QA run + status: PASS for targeted lint (`npx eslint src/app/learn/page.tsx scripts/qa_mission_pilot.py`, Python file ignored warning only); PASS `python3 -m py_compile scripts/qa_mission_pilot.py`; PASS `python3 scripts/qa_mission_pilot.py`; PASS browser click/audio gate on `/learn` → Module 1 mission; PASS console clean; PASS curl 200 for `/`, `/intro`, `/learn`, `/learn/1`, `/learn/2`, M1 mission routes, and selected M2 mission routes. App-wide `npm run lint` remains FAIL due inherited repo issues outside this patch: auth/signup setState-in-effect, games, old mini-game purity issues, module variable naming, Remotion immutability, etc. No new lint error in touched TSX.
+- Kuttan/name recommendation: unchanged. Keep evaluating as identity risk; recommendation remains adult-safe public name such as Arun/Kiran with Kuttan as home nickname, but do not mass-rename without Boss approval.
+- Next best lane: make `/learn/1` as compact and mission-first as `/learn`, then browser-click `/learn` → `/learn/1` → first M1 mission and extend QA if any old lesson-list clutter is still visible.
+'''
+checkpoint.open('a', encoding='utf-8').write(entry)

session_id: 20260530_113308_af906b
Iteration 10 done.

Changed:
- `/shared/german-course/src/app/learn/page.tsx`
  - Removed duplicated “Next: [German phrase]” from `/learn`.
  - Cut hero context to:
    - `One classroom line. Listen first.`
    - `One exam-room answer. Listen first.`
  - Removed competing flame/streak badge.
  - Shortened visible old-map toggle to `Old lesson map`; detail moved to sr-only.

- `/shared/german-course/scripts/qa_mission_pilot.py`
  - Updated QA guard so old clutter does not come back:
    - bans visible `Next:` phrase duplication
    - bans old “Need the old lesson map?” copy
    - bans `<Flame` in the `/learn` hero

- Appended checkpoint:
  - `/shared/german-course/GermanCourse_QC/adipoli-6h-uiux-m1-m2-checkpoint.md`

QA:
- PASS: `npx eslint src/app/learn/page.tsx scripts/qa_mission_pilot.py`
  - only warning: Python file ignored by ESLint
- PASS: `python3 -m py_compile scripts/qa_mission_pilot.py`
- PASS: `python3 scripts/qa_mission_pilot.py`
- PASS: browser `/learn` visual check
  - duplicate phrase removed
  - `Start listening` is now the dominant CTA
- PASS: browser click `/learn` → Module 1 listening step
- PASS: audio gate
  - “Choose the greeting” disabled before audio
  - enabled after playing Frau Weber + learner reply audio
- PASS: console clean after interaction
- PASS: curl 200 for:
  - `/`
  - `/intro`
  - `/learn`
  - `/learn/1`
  - `/learn/2`
  - M1 mission routes
  - selected M2 mission routes

Known inherited blocker:
- `npm run lint` still FAILS app-wide with 99 errors / 146 warnings in unrelated inherited files: auth signup effect state, old games, mini-game purity, `module` variable naming, Remotion immutability, etc.
- No new lint error in the touched TSX file.

Product judgment:
- This was a real UI/UX improvement, not strategy churn.
- The `/learn` screen is cleaner now: one phrase, one CTA, less dashboard noise.
- No image added this pass because the problem was CTA hierarchy/copy duplication; an image would likely add clutter.

Kuttan note:
- Recommendation unchanged: adult-safe public name like Arun or Kiran, with “Kuttan” kept as a home nickname/flavor. No mass rename without approval.

Next best lane:
Tighten `/learn/1` mission-first layout, 45m.
