  ┊ review diff
a//shared/german-course/src/app/learn/[moduleId]/page.tsx → b//shared/german-course/src/app/learn/[moduleId]/page.tsx
@@ -105,10 +105,10 @@
     : isModule2
     ? module2SequenceComplete
       ? 'Replay once before Module 3.'
-      : 'Examiner audio first.'
+      : 'Listen to the examiner first.'
     : courseModule.description;
   const heroChips = isModule1 || isModule2
-    ? ['Hear', 'Speak + type', 'Repair']
+    ? ['Hear', 'Say + type', 'Fix']
     : [`${courseModule.totalHours} hours`, `${courseModule.lessons.length} lessons`, `${courseModule.lessons.reduce((acc, l) => acc + l.vocabulary.length, 0)} words`];
   const module1CompletionHref = module2MissionCards[0]?.href ? `${module2MissionCards[0].href}?start=listen` : '/learn/2';
   const module1NextOutput = module1Complete ? module2MissionCards[0]?.output : nextModule1Mission.output;
@@ -249,7 +249,7 @@
                 >
                   <div className="flex items-center justify-between gap-3">
                     <span className="font-black text-white">{completedMissionCount}/5</span>
-                    <span className="text-white/55">{module2SequenceComplete ? 'Review' : 'Say now'}</span>
+                    <span className="text-white/55">{module2SequenceComplete ? 'Review' : 'Your line'}</span>
                   </div>
                   <div className="my-2 h-1.5 overflow-hidden rounded-full bg-white/10">
                     <div
@@ -305,7 +305,9 @@
                     {isModule2
                       ? module2SequenceComplete
                         ? 'Review final self-intro'
-                        : `Start mission ${nextModule2Mission.missionNumber.replace('Mission ', '')}`
+                        : completedMissionCount === 0 && nextModule2Mission.id === 'selfIntro'
+                          ? 'Start listening'
+                          : `Continue ${nextModule2Mission.missionNumber.replace('Mission ', '')}`
                       : isModule1
                         ? module1Complete
                           ? 'Start Module 2 speaking'
@@ -441,7 +443,7 @@
           className="rounded-[1.75rem] border border-[var(--foreground)]/10 bg-[var(--card)]/75 p-3 shadow-xl shadow-black/10 md:p-4"
         >
           <div className="flex items-center justify-between gap-3 px-1">
-            <p className="text-[11px] font-black uppercase tracking-[0.2em] text-[var(--foreground)]/46">5 speaking wins</p>
+            <p className="text-[11px] font-black uppercase tracking-[0.2em] text-[var(--foreground)]/46">5 exam lines</p>
             <span className="text-xs font-black text-[#3fbf75]">{completedMissionCount}/5</span>
           </div>
 
  ┊ review diff
a//shared/german-course/scripts/qa_mission_pilot.py → b//shared/german-course/scripts/qa_mission_pilot.py
@@ -385,19 +385,20 @@
         fail(f"/learn entry path missing guided Module 2 snippets: {missing_learn}")
     required_module_static = [
         "courseModule.titleGerman &&",
-        "['Hear', 'Speak + type', 'Repair']",
+        "['Hear', 'Say + type', 'Fix']",
         "module2NextOutput",
         "Ready for review",
-        "Say now",
+        "Your line",
         "20-second Goethe self-intro",
         "Say it, type it, repair one trap.",
         "readCompletedModule2Missions",
         "module2-mission-completed",
         "Module 2 · ${module2SequenceComplete ? 'review' : nextModule2Mission.missionNumber}",
-        "5 speaking wins",
+        "5 exam lines",
         "Compact Module 2 mission progress",
         "Mission map",
-        "Start mission ${nextModule2Mission.missionNumber.replace('Mission ', '')}",
+        "Start listening",
+        "Continue ${nextModule2Mission.missionNumber.replace('Mission ', '')}",
         "Replay final answer",
         "Preview Module 3",
         "nextModule2Mission.href",
  ┊ review diff
a//shared/german-course/scripts/qa_mission_pilot.py → b//shared/german-course/scripts/qa_mission_pilot.py
@@ -411,7 +411,7 @@
     missing_module_static = [snippet for snippet in required_module_static if snippet not in module]
     if missing_module_static:
         fail(f"module 2 path missing mission-sequence snippets: {missing_module_static}")
-    module2_crowding = [snippet for snippet in ["Start mission 1: name answer", "5 playable missions", ">Playable<", "Continue</span>", "Open step", "Do the next speaking win now.", "Do this now", "Launch current Module 2 mission", "One active mission is spotlighted", "Quiet path for review — main action is above.", "Tap any mission only if you want to jump or review.", "module2PathPreview", "One guided speaking arc", "Path: {module2PathPreview.join(' → ')}", "Recommended: start the next mission above; use this row to jump or review.", "Recommended start", "Five-mission sequence", "cards below are for review", "Module 2 · speaking mission sequence", "Module 2 path", "Your speaking mission sequence", "Speaking path", "Open mission map", "Start: ${nextModule2Mission.title}"] if snippet in module]
+    module2_crowding = [snippet for snippet in ["Start mission 1: name answer", "Start mission ${nextModule2Mission.missionNumber.replace('Mission ', '')}", "5 speaking wins", "Say now", "5 playable missions", ">Playable<", "Continue</span>", "Open step", "Do the next speaking win now.", "Do this now", "Launch current Module 2 mission", "One active mission is spotlighted", "Quiet path for review — main action is above.", "Tap any mission only if you want to jump or review.", "module2PathPreview", "One guided speaking arc", "Path: {module2PathPreview.join(' → ')}", "Recommended: start the next mission above; use this row to jump or review.", "Recommended start", "Five-mission sequence", "cards below are for review", "Module 2 · speaking mission sequence", "Module 2 path", "Your speaking mission sequence", "Speaking path", "Open mission map", "Start: ${nextModule2Mission.title}"] if snippet in module]
     if module2_crowding:
         fail(f"module 2 path reintroduced ambiguous CTA/system labels: {module2_crowding}")
     required_module_data = [
  ⟳ compacting context…
  ┊ review diff
a//tmp/append_adipoli_checkpoint_iter12.py → b//tmp/append_adipoli_checkpoint_iter12.py
@@ -0,0 +1,21 @@
+from pathlib import Path
+
+p = Path('/shared/german-course/GermanCourse_QC/adipoli-6h-uiux-m1-m2-checkpoint.md')
+entry = r'''
+
+## Iteration 12 — 2026-05-30T11:48:46+02:00
+
+- Time/iteration: Iteration 12, autonomous 6h UI/UX + M1/M2 loop.
+- Source/docs inspected: course operating brief, product reset, whole-course mission spine, autonomous execution plan, premium quality bar, prior M1/M2 checkpoint context, Module 1/2 mission data, `/learn`, `/learn/[moduleId]`, Module 2 MissionUI, mission QA script.
+- Files changed: `src/app/learn/[moduleId]/page.tsx`; `scripts/qa_mission_pilot.py`.
+- UX/text reductions made: Module 2 landing now uses shorter action labels (`Hear`, `Say + type`, `Fix`), a listening-first CTA (`Start listening`), compact progress, and removed old noisy copy such as `Say now`, `Repair`, `5 speaking wins`, and `Start mission 2.1`.
+- M1/M2 learner path status: `/learn/2` CTA browser-clicked to `/missions/module-2/self-intro?start=listen`; destination opened on `Hear the question.` with `Play` and `Catch meaning`; focused route kept nav/search hidden. M1/M2 builder and production gates passed in QA.
+- Images/video/animation work: no new generated image this run; existing calm Kerala classroom visual remains useful and avoids clutter. No video generation; M1/M2 video-basis adult-safety guard passed. Animation work limited to preserving purposeful CTA/progress transitions, no new motion clutter.
+- QA run + PASS/WEAK/FAIL: PASS for targeted lint/compile (`npx eslint 'src/app/learn/[moduleId]/page.tsx' scripts/qa_mission_pilot.py && python3 -m py_compile scripts/qa_mission_pilot.py`); PASS for `python3 scripts/qa_mission_pilot.py`; PASS route smoke for `/`, `/intro`, `/learn`, `/learn/1`, `/learn/2`, `/missions/module-1/greet-frau-weber`, `/missions/module-2/self-intro`; PASS browser console after CTA route (0 messages/errors). WEAK: full `npm run lint -- --quiet` still fails with 99 inherited repo errors outside this scoped change.
+- Kuttan/name recommendation: keep avoiding mass rename. Recommendation remains adult-safe public name `Arun` or `Kiran`, with `Kuttan` only as family/home nickname if Boss approves.
+- Next best lane: inspect `/learn/1` first screen next and cut any remaining dashboard/list feel so Module 1 matches the compact mission-first standard now applied to Module 2.
+'''
+p.parent.mkdir(parents=True, exist_ok=True)
+with p.open('a', encoding='utf-8') as f:
+    f.write(entry)
+print(p)

session_id: 20260530_115037_891b0d
Iteration 12 done.

Changed:
- `src/app/learn/[moduleId]/page.tsx`
  - Cut Module 2 landing copy.
  - CTA is now listening-first: `Start listening`.
  - Labels now: `Hear`, `Say + type`, `Fix`.
  - Removed old clutter: `Say now`, `Repair`, `5 speaking wins`, `Start mission 2.1`.
  - `/learn/2` now routes cleanly into `/missions/module-2/self-intro?start=listen`.

- `scripts/qa_mission_pilot.py`
  - Updated QA guards so the shorter Module 2 UI becomes the protected standard.

Verified:
- Targeted lint/compile: PASS.
- `python3 scripts/qa_mission_pilot.py`: PASS.
- Browser click: `/learn/2` → `Start listening` → `Hear the question.`
- Console after route: 0 JS errors/messages.
- Route smoke: `/`, `/intro`, `/learn`, `/learn/1`, `/learn/2`, M1 mission, M2 mission: PASS.
- Full repo lint: WEAK/blocked by 99 inherited unrelated errors.

Checkpoint appended:
`/shared/german-course/GermanCourse_QC/adipoli-6h-uiux-m1-m2-checkpoint.md`

Kuttan recommendation:
Do not mass rename. Best adult-safe direction is `Arun` or `Kiran` publicly, with `Kuttan` only as a family/home nickname if Boss approves.

Next: `/learn/1` first-screen cut, 45m.
