  ┊ review diff
a//shared/german-course/src/app/missions/module-2/self-intro/page.tsx → b//shared/german-course/src/app/missions/module-2/self-intro/page.tsx
@@ -14,29 +14,11 @@
 const missionSteps = mission.steps;
 const audioSources = module2MissionAudio.selfIntro;
 
-const catchCards = [
-  {
-    id: 'name',
-    prompt: 'Wie heißen Sie?',
-    answer: 'Your name?',
-    hint: 'heißen = to be called',
-    audio: audioSources.wieHeissenSie,
-  },
-  {
-    id: 'home',
-    prompt: 'Woher kommen Sie?',
-    answer: 'Where from?',
-    hint: 'kommen aus = come from',
-    audio: audioSources.ichKommeAusKerala,
-  },
-  {
-    id: 'languages',
-    prompt: 'Welche Sprachen sprechen Sie?',
-    answer: 'Languages?',
-    hint: 'sprechen = speak',
-    audio: audioSources.ichSpreche,
-  },
-];
+const currentQuestionReference = {
+  prompt: 'Wie heißen Sie?',
+  answer: 'Your name?',
+  audio: audioSources.wieHeissenSie,
+};
 
 const recognitionOptions = [
   { id: 'how-are-you', title: 'How are you?', subtitle: 'Wie geht es Ihnen?' },
@@ -143,18 +125,14 @@
             onContinue={next}
             continueDisabled={!canContinue}
             side={(
-              <div className="space-y-3 rounded-[1.8rem] border border-white/12 bg-white/[0.04] p-4">
-                {catchCards.map((card) => (
-                  <div key={card.id} className="rounded-2xl border border-white/10 bg-[#0f1d14]/65 p-4">
-                    <div className="mb-3 flex items-start justify-between gap-4">
-                      <div>
-                        <p className="text-xl font-black">{card.prompt}</p>
-                        <p className="mt-1 text-sm font-semibold text-[#f1d27a]">{card.answer} · {card.hint}</p>
-                      </div>
-                    </div>
-                    <NativeAudio src={card.audio} label="Native audio" compact />
+              <div className="rounded-[1.8rem] border border-white/12 bg-white/[0.04] p-4">
+                <div className="rounded-2xl border border-white/10 bg-[#0f1d14]/65 p-4">
+                  <p className="text-2xl font-black">{currentQuestionReference.prompt}</p>
+                  <p className="mt-1 text-sm font-black text-[#f1d27a]">{currentQuestionReference.answer}</p>
+                  <div className="mt-4">
+                    <NativeAudio src={currentQuestionReference.audio} label="Question" compact />
                   </div>
-                ))}
+                </div>
               </div>
             )}
           />
  ┊ review diff
a//shared/german-course/scripts/qa_mission_pilot.py → b//shared/german-course/scripts/qa_mission_pilot.py
@@ -556,6 +556,32 @@
         if "<Sparkles" in src or "Next pull" in src or "Next mission" in src:
             fail(f"mission page reintroduced custom next-pull card markup: {page}")
     print("module2_mission_data=shared sequence_progress=ok")
+
+
+def assert_self_intro_recognition_stays_focused() -> None:
+    src = MISSION_PAGE.read_text(encoding="utf-8")
+    banned = [
+        "catchCards.map",
+        "hint: 'heißen = to be called'",
+        "hint: 'kommen aus = come from'",
+        "hint: 'sprechen = speak'",
+        "Welche Sprachen sprechen Sie?",
+        "label=\"Native audio\"",
+    ]
+    hits = [snippet for snippet in banned if snippet in src]
+    if hits:
+        fail(f"self-intro recognition step reintroduced dense reference cards: {hits}")
+    required = [
+        "const currentQuestionReference = {",
+        "prompt: 'Wie heißen Sie?',",
+        "answer: 'Your name?',",
+        "src={currentQuestionReference.audio}",
+        "label=\"Question\"",
+    ]
+    missing = [snippet for snippet in required if snippet not in src]
+    if missing:
+        fail(f"self-intro recognition step lost compact current-question reference: {missing}")
+    print("self_intro_recognition_reference=focused")
 
 
 def assert_module1_first_mission_path() -> None:
  ┊ review diff
a//shared/german-course/scripts/qa_mission_pilot.py → b//shared/german-course/scripts/qa_mission_pilot.py
@@ -1137,6 +1137,7 @@
     assert_no_learner_facing_meta_labels()
     assert_start_path_source()
     assert_mission_data_drives_path()
+    assert_self_intro_recognition_stays_focused()
     assert_module1_first_mission_path()
     assert_mission_mobile_controls()
     assert_sequence_status_uses_completion_storage()
  ⟳ compacting context…
  ┊ review diff
a//shared/german-course/src/app/missions/module-2/_components/MissionUI.tsx → b//shared/german-course/src/app/missions/module-2/_components/MissionUI.tsx
@@ -1211,8 +1211,7 @@
   const currentMission = module1MissionCards[Math.max(currentIndex, 0)];
   const nextMission = currentMission?.next;
   const opensModule2 = nextMission?.href.startsWith('/missions/module-2');
-  const opensMission = nextMission?.href.startsWith('/missions/');
-  const href = opensMission && nextMission ? `${nextMission.href}?start=listen` : nextMission?.href ?? '/learn/2';
+  const href = opensModule2 && nextMission ? `${nextMission.href}?start=listen` : nextMission?.href ?? '/learn/2';
 
   return (
     <Link

session_id: 20260530_120518_5b46bf
Iteration 15 complete.

Changed:
- `src/app/missions/module-2/self-intro/page.tsx`
  - Cut the Module 2 self-intro recognition side panel from 3 dense reference cards to 1 focused current-question card:
    - `Wie heißen Sie?`
    - `Your name?`
    - compact audio button labelled `Question`
  - This removes later-question clutter from the active recognition step.

- `src/app/missions/module-2/_components/MissionUI.tsx`
  - Restored guarded M1→M2 direct handoff behavior:
    - final Module 1 next card opens Module 2 with `?start=listen`
    - intra-Module 1 next cards no longer get that direct-listen shortcut.

- `scripts/qa_mission_pilot.py`
  - Added guard: `self_intro_recognition_reference=focused`
  - Bans the old dense `catchCards` reference pattern from coming back.

- `GermanCourse_QC/adipoli-6h-uiux-m1-m2-checkpoint.md`
  - Appended Iteration 15 checkpoint.

QA:
- PASS: `python3 scripts/qa_mission_pilot.py`
  - intro/start-path browser QA
  - M1/M2 builder click gates
  - Module 2 mobile/audio production unlocks
  - local + Tailscale gold-slice first journey
  - 26 routes reachable
  - focused self-intro recognition guard

- WEAK inherited: `npm run lint`
  - still fails on broad pre-existing app issues: React compiler setState-in-effect/purity, older game pages, module variable naming, Remotion cursor mutation.
  - No scoped blocker found from this iteration’s mission change.

Kuttan note:
- Recommendation unchanged: don’t mass-rename. Best adult-safe public name is probably `Arun` or `Kiran`; keep `Kuttan` as a home nickname/flavor only if Boss approves.

Next: cut Module 2 ribbon/chrome density, 45m.
