  ┊ review diff
a//shared/german-course/src/app/missions/module-2/_components/MissionUI.tsx → b//shared/german-course/src/app/missions/module-2/_components/MissionUI.tsx
@@ -743,14 +743,30 @@
   onContinue: () => void;
   continueDisabled: boolean;
 }) {
+  const hasSelectedRepair = value !== null;
+
   return (
     <div className="grid gap-7 lg:grid-cols-[0.82fr_1fr] lg:items-center">
       <div>
         <ShieldCheck className="mb-4 h-11 w-11 text-[#f1d27a]" />
         <h2 className="text-3xl font-black leading-tight sm:text-5xl">{title}</h2>
-        <p className="mt-4 text-lg leading-8 text-white/70">{explanation}</p>
+        <p
+          className={clsx(
+            hasSelectedRepair ? 'mt-3 text-sm leading-6 text-white/56' : 'sr-only'
+          )}
+          data-testid="repair-explanation"
+        >
+          {explanation}
+        </p>
         {bridgeNote && (
-          <div className="mt-6 rounded-2xl border border-[#f1d27a]/22 bg-[#f1d27a]/9 p-4 text-white/72">
+          <div
+            className={clsx(
+              hasSelectedRepair
+                ? 'mt-4 rounded-2xl border border-[#f1d27a]/18 bg-[#f1d27a]/7 p-3 text-sm leading-6 text-white/64'
+                : 'sr-only'
+            )}
+            data-testid="repair-bridge-note"
+          >
             {bridgeNote}
           </div>
         )}
  ┊ review diff
a//shared/german-course/scripts/qa_mission_pilot.py → b//shared/german-course/scripts/qa_mission_pilot.py
@@ -268,6 +268,29 @@
     if always_visible_subtitle in mission_ui:
         fail("choice/repair option subtitles are always visible again")
     print("choice_subtitles=compact")
+
+
+def assert_repair_explainer_stays_compact() -> None:
+    mission_ui = MISSION_UI.read_text(encoding="utf-8")
+    required = [
+        "const hasSelectedRepair = value !== null;",
+        "data-testid=\"repair-explanation\"",
+        "hasSelectedRepair ? 'mt-3 text-sm leading-6 text-white/56' : 'sr-only'",
+        "data-testid=\"repair-bridge-note\"",
+        "? 'mt-4 rounded-2xl border border-[#f1d27a]/18 bg-[#f1d27a]/7 p-3 text-sm leading-6 text-white/64'",
+        ": 'sr-only'",
+    ]
+    missing = [snippet for snippet in required if snippet not in mission_ui]
+    if missing:
+        fail(f"repair left-panel explainer must stay hidden/compact until selection: {missing}")
+    banned_always_visible = [
+        "<p className=\"mt-4 text-lg leading-8 text-white/70\">{explanation}</p>",
+        "<div className=\"mt-6 rounded-2xl border border-[#f1d27a]/22 bg-[#f1d27a]/9 p-4 text-white/72\">",
+    ]
+    hits = [snippet for snippet in banned_always_visible if snippet in mission_ui]
+    if hits:
+        fail(f"repair explainer copy is always visible again: {hits}")
+    print("repair_explainer=compact")
 
 
 def assert_start_path_source() -> None:
  ┊ review diff
a//shared/german-course/scripts/qa_mission_pilot.py → b//shared/german-course/scripts/qa_mission_pilot.py
@@ -1261,6 +1261,7 @@
     assert_opening_text_light()
     assert_no_learner_facing_meta_labels()
     assert_choice_subtitles_stay_compact()
+    assert_repair_explainer_stays_compact()
     assert_start_path_source()
     assert_mission_data_drives_path()
     assert_self_intro_recognition_stays_focused()

session_id: 20260530_135825_16315e
Iteration 29 complete.

Changed:
- `src/app/missions/module-2/_components/MissionUI.tsx`
- `scripts/qa_mission_pilot.py`
- `GermanCourse_QC/adipoli-6h-uiux-m1-m2-checkpoint.md`

Product fix:
- Repair screens now show only the repair title + answer choices before selection.
- The explanation + Manglish bridge note stay visually hidden until the learner picks an answer.
- After selection, the helper text appears compactly as post-choice teaching.
- This reduces pre-choice text clutter across shared M1/M2 repair steps without removing accessibility context.

QA:
- PASS `npx eslint src/app/missions/module-2/_components/MissionUI.tsx`
- PASS `python3 -m py_compile scripts/qa_mission_pilot.py`
- PASS `git diff --check`
- PASS `npx tsc --noEmit --pretty false`
- PASS `python3 scripts/qa_mission_pilot.py`
- PASS browser visual QA on `/missions/module-1/please-thanks?adipoliQa=1&adipoliQaStep=5`
  - before selection: repair explanation/bridge note visually hidden
  - after selecting `Danke.`: compact helper text appears, CTA unlocks
  - console clean

Weak:
- App-wide `npm run lint -- --quiet` still fails with inherited unrelated errors in auth/games/components/remotion/lib files. Touched TSX passed targeted lint.

Checkpoint appended:
`/shared/german-course/GermanCourse_QC/adipoli-6h-uiux-m1-m2-checkpoint.md`

Next: strengthen M1/M2 video-basis scripts, 35m.
