  ┊ review diff
a//shared/german-course/GermanCourse_QC/adipoli-vision-smart-plan-20260531-1809.md → b//shared/german-course/GermanCourse_QC/adipoli-vision-smart-plan-20260531-1809.md
@@ -1,8 +1,8 @@
 # Adipoli German — vision-to-SMART execution plan
 
-Generated: 2026-05-31 18:03 Europe/Berlin
+Generated: 2026-05-31 18:09 Europe/Berlin
 Workdir: `/shared/german-course`
-Loop: 4h continuous vision reset, iteration 19
+Loop: 4h continuous vision reset, iteration 20
 
 This is the execution contract. It is not another vague strategy doc and it is not permission to keep polishing isolated UI. Boss’s vision is now specific enough to build against and reject against:
 
  ┊ review diff
a//shared/german-course/GermanCourse_QC/adipoli-vision-smart-plan-20260531-1809.md → b//shared/german-course/GermanCourse_QC/adipoli-vision-smart-plan-20260531-1809.md
@@ -47,15 +47,16 @@
 - QA scripts: `scripts/qa_mission_pilot.py`, `scripts/qa_intro_start_path.mjs`, `scripts/qa_gold_slice_first_journey.mjs`, `scripts/qa_module2_production_mobile.mjs`
 
 Latest verification baseline:
-- Time checked: `2026-05-31T18:03:07+02:00`.
+- Time checked: `2026-05-31T18:09:48+02:00`.
 - Branch: `adipoli-page-by-page-reset-20260523-1802`.
 - Commit: `b201d05`.
 - Dirty/untracked status entries: `262`. Do not commit/push this as one blob.
 - Current inventory: 8 mission routes, 23 mission-audio files, 134 Hören audio files, 24 video files, 6 QA scripts.
-- `npx tsc --noEmit --pretty false --incremental false` -> PASS, re-run in iteration 19.
 - Local dev server is listening on `0.0.0.0:3000`.
+- Route-status check -> PASS: HTTP 200 for `/`, `/intro`, `/learn`, `/learn/1`, `/learn/2`, all 3 Module 1 mission routes, and all 5 Module 2 mission routes.
+- `npx tsc --noEmit --pretty false --incremental false` -> PASS, re-run in iteration 20.
 - `ADIPOLI_QA_BASE_URL=http://127.0.0.1:3000 node scripts/qa_module2_production_mobile.mjs` -> PASS: 8 voice-first M1/M2 missions, 390px mobile viewport, nav/search hidden, no legacy builders on reviewed path.
-- `python3 scripts/qa_mission_pilot.py` -> FAIL on stale intro/start-path expectations, re-run in iteration 19. Its custom audio/opening/meta/cognitive-load checks pass first; it then expects old snippets like `Greet Frau Weber.`, `Guten Morgen, Frau Weber.`, `Start listening <ArrowRight`, `FIRST_MISSION_PATH`, and `?start=listen`.
+- `python3 scripts/qa_mission_pilot.py` -> FAIL on stale intro/start-path expectations, re-run in iteration 20. Its custom audio/opening/meta/cognitive-load checks pass first; it then expects old snippets like `Greet Frau Weber.`, `Guten Morgen, Frau Weber.`, `Start listening <ArrowRight`, `FIRST_MISSION_PATH`, and `?start=listen`.
 - `ADIPOLI_BASE_URL=http://127.0.0.1:3000 node scripts/qa_intro_start_path.mjs` -> FAIL on old root-page headline/direct-start contract.
 - `ADIPOLI_BASE_URL=http://127.0.0.1:3000 node scripts/qa_gold_slice_first_journey.mjs` -> FAIL on old intro copy/CTA expectations; current intro says `Your first German moment.` / `Begin lesson 1`.
 - Prior browser proof still stands from iteration 17/18: `/` shows `German for Malayalis.` and CTA `Enter the course`; click reaches `/intro`; click `BEGIN LESSON 1` reaches `/missions/module-1/greet-frau-weber`; mission route has one real `<audio>`, nav/search hidden, audio `readyState=4`, `duration=4.752`, progress reaches `0:04 / 0:04`, `error=null`.
  ┊ review diff
a//shared/german-course/GermanCourse_QC/adipoli-vision-smart-plan-20260531-1809.md → b//shared/german-course/GermanCourse_QC/adipoli-vision-smart-plan-20260531-1809.md
@@ -68,7 +68,14 @@
 - Re-ran git/server/TypeScript/QA checks: branch `adipoli-page-by-page-reset-20260523-1802`, commit `b201d05`, dirty/untracked entries `262`; dev server on `0.0.0.0:3000`; `tsc` PASS; M1/M2 mobile mission QA PASS; `qa_mission_pilot.py`, `qa_intro_start_path.mjs`, and `qa_gold_slice_first_journey.mjs` still FAIL because they assert old first-path copy/route contracts.
 - Tiny safe patch made: removed the `No builder, no typing` process phrase from `MissionUI.tsx`. This does not solve the main trust blocker; stale QA harness repair remains the next build lane.
 
-Current conclusion after iteration 19 re-check:
+Iteration 20 addendum:
+- Re-read the iteration-19 final plan, checkpoint tail, current root/intro source, Module 1/2 mission data, and shared mission UI.
+- Re-ran live checks: date `2026-05-31T18:09:48+02:00`; dev server on `0.0.0.0:3000`; branch `adipoli-page-by-page-reset-20260523-1802`; commit `b201d05`; dirty/untracked entries `262`.
+- Route-status PASS: `/`, `/intro`, `/learn`, `/learn/1`, `/learn/2`, all 3 M1 mission routes, and all 5 M2 mission routes return HTTP 200 locally.
+- `tsc` PASS and M1/M2 mobile mission QA PASS again.
+- The three failing QA scripts are still stale-contract failures, not proof that the current M1/M2 mission direction is wrong. Do not rewrite product copy to satisfy stale tests; repair the tests to behavior-based vision gates.
+
+Current conclusion after iteration 20 re-check:
 - M1/M2 are directionally good enough to preserve: real mission routes, real audio, and voice-first mobile QA passes.
 - The blocker is not TypeScript or route availability.
 - The blockers are source/QA contract drift, incomplete mission coverage beyond M2, and course-wide production/audio floors not yet guaranteed.
  ┊ review diff
a//shared/german-course/GermanCourse_QC/adipoli-vision-smart-plan-20260531-1809.md → b//shared/german-course/GermanCourse_QC/adipoli-vision-smart-plan-20260531-1809.md
@@ -792,7 +792,7 @@
 
 The vision is clear: Adipoli should be a Kerala-rooted Goethe A1 mission coach, not a dashboard, generic flashcard app, or pile of scripts.
 
-Current state: root/intro are cleaner; local routes load; TypeScript passes; browser path contract is `/` -> `/intro` -> first M1 mission; M1/M2 mobile mission QA passes; first mission audio plays with clean browser state.
+Current state: root/intro are cleaner; all first-path and M1/M2 mission routes return HTTP 200 locally; TypeScript passes; browser path contract is `/` -> `/intro` -> first M1 mission; M1/M2 mobile mission QA passes; prior browser proof showed first mission audio plays with clean browser state.
 
 Main weakness: coherence and trust. QA is partly stale, missions only cover M1/M2, course-wide production/audio floors are not guaranteed, and old dashboard/content systems still exist. I removed one concrete product-process phrase (`No builder, no typing`) from source; the bigger fix is making the harness reject this class of copy automatically.
 
  ┊ review diff
a//shared/german-course/GermanCourse_QC/adipoli-vision-smart-plan-20260531-1809.md → b//shared/german-course/GermanCourse_QC/adipoli-vision-smart-plan-20260531-1809.md
@@ -34,7 +34,7 @@
 
 Recent QC/run evidence inspected:
 - `GermanCourse_QC/adipoli-4h-vision-plan-checkpoint.md`
-- Prior drafts from this loop through `adipoli-vision-smart-plan-20260531-1742.md`
+- Prior drafts from this loop through `adipoli-vision-smart-plan-20260531-1803.md`
 - Recent continuous UI/UX checkpoints about conversation-scene-first, text reduction, M1/M2 audio gates, first-page reset, stale QA, and vision-alignment harnesses.
 
 Source inspected enough to judge feasibility:

session_id: 20260531_180914_d1ac4a
Done.

Final plan:
`/shared/german-course/GermanCourse_QC/adipoli-vision-smart-plan-20260531-1809.md`

Checkpoint appended:
`/shared/german-course/GermanCourse_QC/adipoli-4h-vision-plan-checkpoint.md`

Fresh verification run:
- `tsc` PASS
- Local route-status PASS for `/`, `/intro`, `/learn`, `/learn/1`, `/learn/2`, all 3 M1 missions, all 5 M2 missions
- M1/M2 mobile production QA PASS
- `qa_mission_pilot.py` FAIL, but as stale-contract failure
- `qa_intro_start_path.mjs` FAIL, stale root-page contract
- `qa_gold_slice_first_journey.mjs` FAIL, stale intro copy/CTA contract
- Git still dirty: 262 entries, branch `adipoli-page-by-page-reset-20260523-1802`, commit `b201d05`

Blunt conclusion in the plan:
M1/M2 direction is worth preserving. The blocker is not TypeScript, route availability, or basic mission structure. The blocker is stale QA + incomplete course-wide mission/audio/production coverage. More UI/container polish is avoidance.

Next: patch stale QA harness to behavior-based vision gates, 90m.
