  ┊ review diff
a/GermanCourse_QC/adipoli-vision-smart-plan-20260531-1626.md → b/GermanCourse_QC/adipoli-vision-smart-plan-20260531-1626.md
@@ -0,0 +1,845 @@
+# Adipoli German — Vision-to-SMART Reset Plan
+
+Generated: 2026-05-31T16:26:17+02:00
+Workdir: `/shared/german-course`
+Loop iteration: 7
+
+This is the execution contract after reading Boss’s course/product docs, recent QC loop outputs, source routes, mission data, content/audio inventory, git state, and QA scripts.
+
+This is not another strategy layer. Future agents should use this to build, verify, and reject their own work before Boss has to catch obvious misses.
+
+Evidence used:
+- Mandatory docs read/synthesized: `docs/README.md`, `COURSE_OPERATING_BRIEF_2026-05-19.md`, `PRODUCT_DIRECTION_RESET_2026-05-20.md`, `WHOLE_COURSE_MISSION_SPINE_2026-05-20.md`, `AUTONOMOUS_EXECUTION_PLAN_2026-05-21.md`, `PREMIUM_QUALITY_BAR_AND_ANTI_HALLUCINATION_PROTOCOL_2026-05-21.md`, `COURSE_GOALS_ENGAGEMENT_RETENTION_2026-05-20.md`, `COURSE_AUTOMATION_MARKETING_STRATEGY_2026-05-19.md`, `A1_STORY_BIBLE.md`, `COURSE_PLAN_10_10.md`, `GOETHE_A1_EXAM_MAP.md`, `EXERCISE_QUALITY_RULES.md`, `MODULE_BLUEPRINTS.md`, `SCRIPT_ARCHITECTURE.md`, `SERIES_ARC_PLAN.md`, `SERIES_FULL_SCRIPT.md`, `M1_AUDIT_REPORT.md`, `M2_M3_SETTING_AUDIT.md`, `GAME_AUDIT.md`, `LAUNCH_CHECKLIST.md`.
+- QC/run outputs inspected: `GermanCourse_QC/adipoli-4h-vision-plan-checkpoint.md`, `adipoli-vision-smart-plan-*`, `adipoli-6h-uiux-m1-m2-checkpoint.md`, recent continuous-loop prompts/reports.
+- Source inspected: `src/app/page.tsx`, `src/app/intro/page.tsx`, `src/app/learn/page.tsx`, `src/app/learn/[moduleId]/page.tsx`, all 8 mission routes under `src/app/missions/`, `src/app/missions/module-2/_components/MissionUI.tsx`, `src/lib/missions/module1.ts`, `src/lib/missions/module2.ts`, `src/lib/content/modules/`, QA scripts.
+- Inventory confirmed: 18 module files, 8 M1/M2 mission routes, 23 mission MP3s, 134 Hören MP3s, 24 video files, 6 QA scripts.
+- Git state: 262 dirty/untracked entries on branch `adipoli-page-by-page-reset-20260523-1802` at commit `b201d05`. Do not commit/push this as one blob.
+- Checks run this iteration:
+  - PASS: `npx tsc --noEmit --pretty false --incremental false`.
+  - PASS: local HTTP 200 for `/`, `/intro`, `/learn`, `/learn/1`, `/learn/2`, all M1/M2 mission routes.
+  - PASS: `ADIPOLI_QA_BASE_URL=http://127.0.0.1:3000 node scripts/qa_module2_production_mobile.mjs` — 8 voice-first missions, no legacy builders on reviewed M1/M2 path.
+  - FAIL/stale: `python3 scripts/qa_mission_pilot.py` still expects older intro constants/copy.
+  - FAIL/stale: `ADIPOLI_BASE_URL=http://127.0.0.1:3000 node scripts/qa_gold_slice_first_journey.mjs` still expects older `/intro` copy and `Start listening` CTA.
+  - FAIL/stale: `ADIPOLI_BASE_URL=http://127.0.0.1:3000 node scripts/qa_intro_start_path.mjs` still expects root `/` to go directly to first mission instead of compact framing -> `/intro`.
+
+## 1. Vision reconstruction
+
+Boss is trying to build a complete paid German A1 web-app course for Malayali adult beginners.
+
+Plain language:
+Adipoli German should take a zero-German Malayali learner to a credible Goethe A1 attempt through short, phone-first, Kerala-rooted story missions. The learner follows Kuttan’s Kerala-to-Germany pressure, but the product is not a cartoon, worksheet library, dashboard, or game catalog. It should feel like: “This is made for people like me, it is serious enough for Goethe A1, and I can actually say/write/use German after each small unit.”
+
+The core learner experience is:
+hear real German -> understand the situation -> answer aloud -> repair one predictable mistake -> write/type a tiny useful output only when it matters -> get an ability win -> get pulled into the next mission.
+
+The app should feel:
+- Malayali/Kerala-specific, not generic German with a Kerala skin;
+- Goethe-serious, not phrasebook entertainment;
+- adult-safe, warm, and grounded, not childish mascot theatre;
+- audio-first and production-first, not text-first;
+- self-sufficient, so a learner can use it without Boss explaining the route;
+- worth paying for, without pretending unfinished pieces are launch-ready.
+
+Core product promise:
+German A1 for Malayalis through short story missions: hear it, say it, fix it, use it, and prepare for Goethe.
+
+Hard rule:
+If a route can be completed without hearing real German, speaking aloud, writing/typing a useful output where needed, or proving a Goethe-relevant ability, it does not match Boss’s vision.
+
+## 2. Non-negotiables
+
+Malayali/Kerala identity
+- A1 physically stays in Kerala.
+- Kuttan does not live in Germany during A1. Germany can appear as goal, dream, cousin video call, mock exam, form/document simulation, future rehearsal, or takeoff payoff.
+- Kerala context must affect the task: Goethe Kochi, family pressure, migration ambition, documentation anxiety, Kerala classroom/cafe/home scenes, Malayalam/English transfer mistakes.
+- Manglish is a bridge for understanding errors, not joke garnish.
+- Cultural identity must show up in mission pressure and mistakes, not only copy.
+
+Goethe A1 seriousness
+- Every module must map to a real A1 ability.
+- Hören, Lesen, Schreiben, and Sprechen must all be practiced.
+- Hören requires real audio.
+- Schreiben requires forms, short messages, and tiny useful written outputs, not random word typing.
+- Sprechen requires repeated self-intro, spelling, requests, questions, polite answers, exam-room pressure, and short spoken replies.
+- Games and story are allowed only when they strengthen survival/exam skill.
+
+Adult-safe tone
+- Kuttan can be warm and relatable.
+- Kuttan/Appu cannot make the paid product feel like a kids app.
+- Appu should stay silent UI flavor unless Boss explicitly chooses otherwise.
+- Public use of “Kuttan” is a product identity risk before paid launch; use of an adult-safe public name like Arun/Kiran should remain on the decision list.
+
+Real audio
+- No browser `SpeechSynthesis` in reviewable German paths.
+- Audio must be real files served over HTTP, with browser playback proof.
+- Audio UI must show duration/progress or equivalent playback state.
+- Learner turn should unlock after required audio finishes, not after a fake “heard” click.
+- Technical playback is not accent-quality proof. Native/accent taste needs human review before paid launch.
+
… omitted 767 diff line(s) across 1 additional file(s)/section(s)
  ⟳ compacting context…
  ┊ review diff
a//shared/german-course/GermanCourse_QC/adipoli-4h-vision-plan-checkpoint.md → b//shared/german-course/GermanCourse_QC/adipoli-4h-vision-plan-checkpoint.md
@@ -1230,3 +1230,44 @@
 ?? scripts/repair_holdouts.py
 ?? scripts/review-template.html
 
+## Iteration 7 — 2026-05-31T16:26:17+02:00
+
+- Time/iteration:
+  - Iteration 7, 2026-05-31T16:24–16:26+02:00.
+- Docs/source inspected:
+  - Re-read current plan `GermanCourse_QC/adipoli-vision-smart-plan-20260531-1621.md` and the loop prompt for iteration 7.
+  - Re-read recent M1/M2 UI/UX checkpoint for Boss’s correction: voice-first, phone-first, not builder/chip/typing-heavy.
+  - Re-inspected source: `src/app/page.tsx`, `src/app/intro/page.tsx`, `src/app/learn/[moduleId]/page.tsx`, all current mission routes under `src/app/missions/`, `src/lib/missions/`, and current QA scripts.
+  - Refreshed mandatory doc inventory/headings for the requested vision/product docs.
+  - Refreshed content/media inventory: 18 module files, 8 mission routes, 23 mission MP3s, 134 Hören MP3s, 24 videos, 6 QA scripts.
+- Vision findings:
+  - The plan should stop hedging: recommended first-path contract is `/` compact professional framing -> `/intro` compact first moment -> first M1 audio mission.
+  - This preserves Boss’s “do German fast” rule without dumping cold buyers into an unexplained mission.
+  - The core product remains mission-based: hear real German -> answer aloud -> repair -> tiny write/proof -> ability win -> next pull.
+- Mismatch findings:
+  - M1/M2 product direction is now aligned enough to keep.
+  - Trust remains blocked by stale QA scripts that encode older direct-root/old-copy expectations.
+  - Dirty tree remains 262 dirty/untracked entries; no commit/push or broad code churn.
+- Verification run:
+  - PASS: `npx tsc --noEmit --pretty false --incremental false`.
+  - PASS: local HTTP 200 for `/`, `/intro`, `/learn`, `/learn/1`, `/learn/2`, all M1/M2 mission routes.
+  - PASS: `ADIPOLI_QA_BASE_URL=http://127.0.0.1:3000 node scripts/qa_module2_production_mobile.mjs`.
+  - FAIL/stale: `python3 scripts/qa_mission_pilot.py` on old intro/start-path snippets.
+  - FAIL/stale: `ADIPOLI_BASE_URL=http://127.0.0.1:3000 node scripts/qa_gold_slice_first_journey.mjs` on old intro copy/CTA.
+  - FAIL/stale: `ADIPOLI_BASE_URL=http://127.0.0.1:3000 node scripts/qa_intro_start_path.mjs` on old root-page direct-mission contract.
+- Plan sections drafted/refined:
+  - Created final iteration-7 artifact with all requested sections 1–12 and `## Boss summary`.
+  - Tightened the first 48h lane around QA/source contract repair, not source redesign.
+  - Added explicit launch-ready PASS/WEAK/FAIL and anti-hallucination gates.
+- Final artifact:
+  - `/shared/german-course/GermanCourse_QC/adipoli-vision-smart-plan-20260531-1626.md`
+- Remaining questions/risks:
+  - Public protagonist name remains the main launch identity decision.
+  - Audio accent/taste remains human-review; technical playback proof is not enough for paid launch.
+  - QA must be repaired before review links or Module 3 claims.
+- Next iteration focus:
+  - Patch stale start-path QA scripts to the chosen `/` -> `/intro` -> first M1 mission contract.
+  - Rerun all QA and browser-prove the path.
+  - Only then start Module 3 missions.
+===== ITERATION 7 END 2026-05-31T16:26:17+02:00 rc=0 =====
+

session_id: 20260531_163137_c978b5
Done.

Final artifact:
`/shared/german-course/GermanCourse_QC/adipoli-vision-smart-plan-20260531-1626.md`

Checkpoint updated:
`/shared/german-course/GermanCourse_QC/adipoli-4h-vision-plan-checkpoint.md`

Blunt summary:
- Boss’s vision is clear now: Kerala-rooted, Goethe-serious, adult-safe, phone-first mission course.
- Product unit: hear real German -> answer aloud -> repair -> tiny write/proof -> ability win -> next pull.
- M1/M2 direction is worth keeping.
- Trust blocker is not “more UI polish”; it’s stale proof. Three QA scripts still test older `/`/`/intro` expectations.
- First build lane is locked: repair QA/source contract for `/` -> `/intro` -> first M1 audio mission, then browser-prove it before Module 3 work.

Verified in the plan:
- TypeScript PASS.
- Core routes 200.
- M1/M2 mission routes exist.
- Module 2 production mobile QA PASS.
- Static/start-path QA failures explicitly marked stale, not ignored.

Next: Repair start-path QA, 90m.
