  ⟳ compacting context…
  ┊ review diff
a/GermanCourse_QC/adipoli-vision-smart-plan-20260531-1540.md → b/GermanCourse_QC/adipoli-vision-smart-plan-20260531-1540.md
@@ -0,0 +1,646 @@
+# Adipoli German — Vision-to-SMART Reset Plan
+
+Generated: 2026-05-31T15:40:26+02:00
+Workdir: `/shared/german-course`
+
+Evidence used before writing this plan:
+- Read/synthesized core docs: `docs/README.md`, `COURSE_OPERATING_BRIEF_2026-05-19.md`, `PRODUCT_DIRECTION_RESET_2026-05-20.md`, `WHOLE_COURSE_MISSION_SPINE_2026-05-20.md`, `AUTONOMOUS_EXECUTION_PLAN_2026-05-21.md`, `PREMIUM_QUALITY_BAR_AND_ANTI_HALLUCINATION_PROTOCOL_2026-05-21.md`, `COURSE_GOALS_ENGAGEMENT_RETENTION_2026-05-20.md`, `COURSE_AUTOMATION_MARKETING_STRATEGY_2026-05-19.md`, `A1_STORY_BIBLE.md`, `COURSE_PLAN_10_10.md`, `GOETHE_A1_EXAM_MAP.md`, `EXERCISE_QUALITY_RULES.md`, `MODULE_BLUEPRINTS.md`, `SCRIPT_ARCHITECTURE.md`, `SERIES_ARC_PLAN.md`, `SERIES_FULL_SCRIPT.md`, `M1_AUDIT_REPORT.md`, `M2_M3_SETTING_AUDIT.md`, `GAME_AUDIT.md`, `LAUNCH_CHECKLIST.md`.
+- Inspected current source routes: `/`, `/intro`, `/learn`, `/learn/[moduleId]`, Module 1 mission routes, Module 2 mission routes, shared mission UI, mission data.
+- Inspected current content/media structure: 18 module files, 9 mission route files, 2 mission data files, 23 mission audio files, 134 Hören audio files, 24 generated video files.
+- Checked current git state: branch `adipoli-page-by-page-reset-20260523-1802`, commit `b201d05`, 262 dirty/untracked entries. This is not safe to commit/push as one blob.
+- Ran checks:
+  - PASS: `npx tsc --noEmit --pretty false --incremental false`
+  - PASS: local curl returned HTTP 200 for `/`, `/intro`, `/learn`, `/learn/1`, `/learn/2`, `/missions/module-1/greet-frau-weber`, `/missions/module-2/self-intro`.
+  - FAIL: `python3 scripts/qa_mission_pilot.py` currently fails on intro start-path snippet expectations (`FIRST_MISSION_PATH` / `?start=listen`) that do not match the current `/intro` implementation. Treat the QA gate as stale until repaired, not as proof the route is broken.
+
+## 1. Vision reconstruction
+
+Boss is not trying to build a German content library.
+
+Boss is trying to build a complete, paid, phone-first German A1 course for Malayali adults that feels culturally specific, emotionally alive, and serious enough to prepare a beginner for Goethe A1.
+
+Plain language version:
+
+Adipoli German should take a Malayali beginner from zero German to a confident A1 exam attempt by putting them inside a Kerala-rooted story course. The learner follows Kuttan’s journey from Kerala toward Germany, but the learner is not just watching him. Each lesson should make the learner hear German, answer aloud, repair a real mistake, write or type a tiny useful line, and leave with one visible ability win.
+
+The product should feel like:
+- Duolingo momentum, but not childish.
+- Babbel adult usefulness, but not generic.
+- Kerala/Manglish warmth, but not parody.
+- Goethe A1 seriousness, but not textbook boredom.
+- A guided mission course, not a dashboard, not a pile of games, not a set of scripts.
+
+The core promise:
+
+“Learn German from Kerala through short story missions that make you speak, listen, write, and pass Goethe A1 tasks with confidence.”
+
+The course is useful only if a student can use it without Boss, without a teacher sitting next to them, and without guessing what to do next.
+
+## 2. Non-negotiables
+
+These must be preserved. If a feature conflicts with these, the feature loses.
+
+1. Malayali/Kerala identity
+- A1 physically happens in Kerala.
+- Kuttan is in Kerala until the end of A1.
+- Germany can appear as dream, future goal, video call, exam rehearsal, or learner imagination.
+- Named Kuttan scenes must not casually place him in Berlin, Munich, Frankfurt, German WGs, German supermarkets, or German universities during A1.
+- Manglish bridge is a feature, not decoration: it should help Malayalam/English-thinking learners avoid predictable German mistakes.
+
+2. Goethe A1 seriousness
+- Every module needs a concrete A1 ability win.
+- The learner must practice Hören, Lesen, Schreiben, and Sprechen.
+- The final course must map to Goethe A1 sections, not just teach random beginner German.
+- Warmth is allowed; exam usefulness is mandatory.
+
+3. Adult-safe tone
+- Kuttan can be warm and funny, but not childish.
+- Appu should not become a talking mascot or story driver.
+- Public-facing naming remains a decision risk: “Kuttan” has warmth but may feel childish to some adult buyers. Do not mass-rename without Boss approval.
+
+4. Real audio
+- Reviewable German audio must be pre-rendered or real files, not browser SpeechSynthesis.
+- Audio playback must be visible, controllable, and verifiable: play button, duration/progress, HTTP 200, clean browser state.
+- Speaking missions must unlock the learner’s turn only after relevant audio actually ends, not after a fake click.
+
+5. Production-first learning
+- Recognition is not enough.
+- Every mission must move toward output: say it aloud, write/type a small answer, fill a form, answer a question, repair a mistake, or complete a Goethe-style task.
+- Sentence builders and chip games are support/remediation, not the premium first path.
+
+6. Self-sufficient launch-ready course
+- The app must guide what to do next.
+- Onboarding, mission flow, review, checkpoints, remediation, and progress must be wired.
+- No dead links, broken assets, missing audio, unexplained dashboards, or “agent-made product theatre.”
+- If a learner cannot understand the next action within 5 seconds, the screen fails.
+
+## 3. Current mismatch diagnosis
+
… omitted 568 diff line(s) across 1 additional file(s)/section(s)
  ┊ review diff
a//shared/german-course/GermanCourse_QC/adipoli-4h-vision-plan-checkpoint.md → b//shared/german-course/GermanCourse_QC/adipoli-4h-vision-plan-checkpoint.md
@@ -4,6 +4,35 @@
 Hard stop target: 2026-05-31T19:12:35+02:00
 Run dir: /shared/german-course/GermanCourse_QC/continuous-4h-vision-plan-20260531-153735-vision-smart-plan
 Prompt: /shared/german-course/GermanCourse_QC/adipoli-4h-vision-plan-prompt.md
+
+## Iteration 1 — 2026-05-31T15:40:26+02:00
+
+- Docs/source inspected:
+  - Core vision docs already loaded in this loop: README, operating brief, product reset, whole-course mission spine, autonomous execution, premium quality, goals/retention, automation/marketing, story bible, course plan, Goethe exam map, exercise rules, module/script/series docs, M1/M2/game/launch audits.
+  - Source routes inspected: `/`, `/intro`, `/learn`, `/learn/[moduleId]`, Module 1 mission routes, Module 2 mission routes, shared mission UI.
+  - Data/media inspected: `src/lib/missions/`, `src/lib/content/modules/`, `public/audio/missions`, `public/audio/hoeren`, `public/videos`, existing QA scripts.
+- Vision findings:
+  - Boss wants a Kerala-rooted, adult-safe, mission-based A1 course for Malayali learners, not a dashboard/content library.
+  - Core loop: hear real German in a scene → understand → answer aloud → repair a Manglish/A1 trap → tiny writing only when useful → ability win → next pull.
+  - Goethe A1 seriousness and self-sufficient launch readiness beat mascot/story preservation when they conflict.
+- Mismatch findings:
+  - Current app has real M1/M2 mission pieces and real audio, but still carries old dashboard/lesson/game-library DNA.
+  - QA trust is damaged: `python3 scripts/qa_mission_pilot.py` fails on stale intro start-path snippets even though local key routes return 200.
+  - Git tree is very dirty (262 status entries), so no commit/push should happen without isolating intended changes.
+- Verification run:
+  - PASS: `npx tsc --noEmit --pretty false --incremental false`.
+  - PASS: local curl 200 for `/`, `/intro`, `/learn`, `/learn/1`, `/learn/2`, `/missions/module-1/greet-frau-weber`, `/missions/module-2/self-intro`.
+  - FAIL/stale: `python3 scripts/qa_mission_pilot.py` fails on intro snippet expectations.
+- Plan sections drafted/refined:
+  - Vision reconstruction, non-negotiables, mismatch diagnosis, product model, student-interest plan, SMART roadmap, 7-day plan, 48h lane, launch-ready definition, Boss decisions.
+- Final artifact:
+  - `/shared/german-course/GermanCourse_QC/adipoli-vision-smart-plan-20260531-1540.md`
+- Remaining questions/risks:
+  - Need Boss decision on public protagonist name (`Kuttan` vs Arun/Kiran with Kuttan as nickname).
+  - Need to repair QA before any further review link is trusted.
+  - Legacy browser SpeechSynthesis remains in practice pages outside reviewed mission path.
+- Next iteration focus:
+  - If loop continues, repair first-path QA/playthrough gates first; do not polish UI containers.
 
 
 
  ┊ review diff
a//shared/german-course/GermanCourse_QC/adipoli-vision-smart-plan-20260531-1540.md → b//shared/german-course/GermanCourse_QC/adipoli-vision-smart-plan-20260531-1540.md
@@ -604,7 +604,173 @@
 - QA script is stale and ignored.
 - Boss receives a link with broken audio, dead CTA, or hydration error.
 
-## 10. Boss decisions needed
+## 10. Reusable vision-alignment scorecard
+
+Agents must score every build output before calling it done. This is not optional.
+
+Use this scorecard on every changed route, lesson, mission, game, or report.
+
+### A. Vision fit
+PASS:
+- Clearly serves “German A1 for Malayali adults.”
+- Preserves Kerala/Manglish identity.
+- Connects to Kuttan/Goethe/Kerala/future Germany in a useful way.
+
+WEAK:
+- Correct German and useful, but feels generic.
+- Cultural/story tie exists only in copy, not in the activity.
+
+FAIL:
+- Could be any German app.
+- Childish mascot energy dominates.
+- Kuttan is physically placed in Germany during A1 named scenes.
+
+Required evidence:
+- Quote/source reference from relevant vision doc: operating brief, product reset, story bible, mission spine, Goethe map, or exercise rules.
+- One sentence explaining why the output serves the learner’s actual next ability.
+
+### B. First-action clarity
+PASS:
+- Within 5 seconds the learner knows who is speaking, what was said, and what to do.
+- One primary action is visible.
+
+WEAK:
+- Learner can proceed, but there is extra copy/status clutter.
+
+FAIL:
+- Text-heavy opening.
+- Dashboard-like screen.
+- Multiple competing CTAs.
+- Learner must read a paragraph before hearing/doing German.
+
+Required evidence:
+- Browser screenshot or text extraction for visual routes.
+- Visible word budget note for first screen.
+- Browser click proof for primary CTA.
+
+### C. Pedagogical loop
+PASS:
+- Hear -> understand -> answer aloud -> repair -> tiny write/proof -> win.
+- Every tap maps to hearing, meaning, production, repair, or Goethe proof.
+
+WEAK:
+- Has production but too much recognition around it.
+
+FAIL:
+- Mostly MC/matching.
+- Builder/chip/undo/clear is the hero experience.
+- Long typing burden before confidence is built.
+
+Required evidence:
+- List each step and its learning purpose.
+- Show the exact production action: spoken line, written answer, dictation, form, or Goethe response.
+
+### D. Goethe A1 usefulness
+PASS:
+- Maps to one Goethe skill or common A1 survival task.
+- Uses short, correct, high-probability German.
+
+WEAK:
+- Useful beginner German but not clearly exam-linked.
+
+FAIL:
+- Fancy/out-of-scope German.
+- Exam claim without practice proof.
+
+Required evidence:
… omitted 96 diff line(s) across 1 additional file(s)/section(s)
  ┊ review diff
a//shared/german-course/GermanCourse_QC/adipoli-4h-vision-plan-checkpoint.md → b//shared/german-course/GermanCourse_QC/adipoli-4h-vision-plan-checkpoint.md
@@ -33,6 +33,8 @@
   - Legacy browser SpeechSynthesis remains in practice pages outside reviewed mission path.
 - Next iteration focus:
   - If loop continues, repair first-path QA/playthrough gates first; do not polish UI containers.
+- Addendum incorporated:
+  - Final plan now includes a reusable vision-alignment scorecard, required evidence per output, objective rejection rules, and an agent self-judge protocol.
 
 
 

session_id: 20260531_153917_2f1a16
Done.

Final plan:
`/shared/german-course/GermanCourse_QC/adipoli-vision-smart-plan-20260531-1540.md`

Checkpoint updated:
`/shared/german-course/GermanCourse_QC/adipoli-4h-vision-plan-checkpoint.md`

Evidence:
- Read/synthesized required vision/product/course docs.
- Inspected `/`, `/intro`, `/learn`, `/learn/1`, `/learn/2`, M1/M2 mission routes, mission libs, module content, audio/video structure, and QA scripts.
- Checked git state: 262 dirty/untracked entries, not safe to commit as one blob.
- PASS: `npx tsc --noEmit --pretty false --incremental false`
- PASS: local curl 200 for key first-path routes.
- FAIL/stale: `python3 scripts/qa_mission_pilot.py` fails on outdated intro start-path assertions, so QA trust must be repaired before any review link.

The plan includes:
- Vision reconstruction
- Non-negotiables
- Current mismatch diagnosis
- Product model
- Student-interest plan
- SMART roadmap
- First 7 days execution plan
- First 48h exact build lane
- Launch-ready PASS/WEAK/FAIL gates
- Reusable vision-alignment scorecard
- Objective rejection rules
- Agent self-judge protocol
- Max 5 Boss decisions needed
- Telegram-ready Boss summary

Next: Repair `scripts/qa_mission_pilot.py` first-path assertions, 45m.
