  ⟳ compacting context…
  ┊ review diff
a/GermanCourse_QC/adipoli-vision-smart-plan-20260531-1547.md → b/GermanCourse_QC/adipoli-vision-smart-plan-20260531-1547.md
@@ -0,0 +1,930 @@
+# Adipoli German — Vision-to-SMART Reset Plan
+
+Generated: 2026-05-31T15:47:22+02:00
+Workdir: `/shared/german-course`
+
+This is the reset plan after reading Boss-written vision/product docs and inspecting the current app. It is not a UI-polish plan. It is a course/product execution plan.
+
+Evidence used before writing:
+- Core docs synthesized: `docs/README.md`, `COURSE_OPERATING_BRIEF_2026-05-19.md`, `PRODUCT_DIRECTION_RESET_2026-05-20.md`, `WHOLE_COURSE_MISSION_SPINE_2026-05-20.md`, `AUTONOMOUS_EXECUTION_PLAN_2026-05-21.md`, `PREMIUM_QUALITY_BAR_AND_ANTI_HALLUCINATION_PROTOCOL_2026-05-21.md`, `COURSE_GOALS_ENGAGEMENT_RETENTION_2026-05-20.md`, `COURSE_AUTOMATION_MARKETING_STRATEGY_2026-05-19.md`, `A1_STORY_BIBLE.md`, `COURSE_PLAN_10_10.md`, `GOETHE_A1_EXAM_MAP.md`, `EXERCISE_QUALITY_RULES.md`, `MODULE_BLUEPRINTS.md`, `SCRIPT_ARCHITECTURE.md`, `SERIES_ARC_PLAN.md`, `SERIES_FULL_SCRIPT.md`, `M1_AUDIT_REPORT.md`, `M2_M3_SETTING_AUDIT.md`, `GAME_AUDIT.md`, `LAUNCH_CHECKLIST.md`, `COURSE_AGENT_PRODUCT_QA_SYSTEM_2026-05-20.md`.
+- Source inspected: `src/app/page.tsx`, `src/app/intro/page.tsx`, `src/app/learn/page.tsx`, `src/app/learn/[moduleId]/page.tsx`, Module 1 mission routes, Module 2 mission routes, `src/app/missions/module-2/_components/MissionUI.tsx`, `src/lib/missions/module1.ts`, `src/lib/missions/module2.ts`, `src/lib/content/modules/`.
+- Current inventory: 18 module files, 8 mission routes, 23 mission MP3s, 134 Hören MP3s, 25 video files, QA scripts including `qa_mission_pilot.py`, `qa_gold_slice_first_journey.mjs`, `qa_intro_start_path.mjs`, `qa_module2_production_mobile.mjs`.
+- Git state: branch `adipoli-page-by-page-reset-20260523-1802`, commit `b201d05`, 262 dirty/untracked entries. Not safe to commit or push as one blob.
+- Checks run:
+  - PASS: `npx tsc --noEmit --pretty false --incremental false`
+  - PASS: local HTTP 200 for `/`, `/intro`, `/learn`, `/learn/1`, `/learn/2`, `/missions/module-1/greet-frau-weber`, `/missions/module-2/self-intro`
+  - FAIL: `python3 scripts/qa_mission_pilot.py` fails on stale intro start-path snippets.
+  - FAIL: `node scripts/qa_gold_slice_first_journey.mjs` fails because it expects old intro copy/CTA text.
+
+## 1. Vision reconstruction
+
+Boss is trying to build a complete paid web-app course, not a German content folder.
+
+Plain version:
+
+Adipoli German should take a Malayali adult beginner from zero German to a confident Goethe A1 attempt through short, phone-first story missions. The learner follows Kuttan’s Kerala-to-Germany pressure, but the learner is not passive. Every unit should make the student hear German, understand it, answer aloud, repair one real mistake, write/type only when useful, and leave with a visible ability win.
+
+The product should feel like:
+- Kerala-rooted and emotionally familiar, not generic German-app content.
+- Goethe A1 serious, not random phrase learning.
+- Adult-safe and useful, not childish mascot entertainment.
+- Audio-first and production-first, not text-first dashboards.
+- Cheap enough to scale, but polished enough to trust.
+- Self-sufficient: a learner should know what to do next without Boss explaining the course.
+
+Core promise:
+
+“German A1 for Malayalis through short story missions: hear it, say it, fix it, use it, and prepare for Goethe.”
+
+If the app does not create a usable spoken/listening/writing ability in the learner, it is not matching Boss’s vision no matter how nice the UI looks.
+
+## 2. Non-negotiables
+
+These are the hard rules. If a feature conflicts with these, cut the feature.
+
+1. Malayali/Kerala identity
+- A1 physically happens in Kerala.
+- Kuttan stays in Kerala during A1.
+- Germany appears as goal, dream, video call, exam rehearsal, or learner imagination — not casual physical placement.
+- Manglish is a learning bridge, not a joke. It should help learners notice Malayalam/English transfer mistakes.
+
+2. Goethe A1 seriousness
+- Every module needs a clear A1 ability win.
+- Hören, Lesen, Schreiben, and Sprechen must all be practiced.
+- The final course must map to Goethe A1 tasks, especially listening prompts, form filling, short messages, self-introduction, spelling, questions, requests, appointments, prices, numbers, and everyday notices.
+
+3. Adult-safe tone
+- Kuttan can be warm, relatable, and funny.
+- He cannot feel like a children’s mascot.
+- Appu/dog/mascot elements must not drive the course.
+- Public naming is still a risk: “Kuttan” is culturally warm but may read childish in a paid adult product.
+
+4. Real audio
+- No browser SpeechSynthesis for reviewable German.
+- Mission audio must be real files and browser-verifiable: file exists, HTTP 200, audio content type, duration/progress visible, browser readyState clean.
+- If a learner is supposed to respond after hearing German, the UI must unlock on actual audio completion, not fake “heard” clicks.
+
+5. Production-first learning
+- Recognition alone is not learning enough.
+- A mission must push output: answer aloud, write a tiny line, fill a form, spell a name, repair a mistake, or complete a Goethe-style response.
+- Sentence builders, chips, counters, undo/clear, and long typing are not the hero experience. They can be remediation only.
+
+6. Self-sufficient launch-ready course
+- One clear next action on every major screen.
+- No dead links, broken audio, hidden nav/search collisions, stale QA, dashboard walls, or vague progress percentages pretending to be learning.
+- If a learner cannot understand the next action within 5 seconds, the screen fails.
+
+## 3. Current mismatch diagnosis
+
… omitted 852 diff line(s) across 1 additional file(s)/section(s)
  ┊ review diff
a/GermanCourse_QC/adipoli-4h-vision-plan-checkpoint.md → b/GermanCourse_QC/adipoli-4h-vision-plan-checkpoint.md
@@ -52,245 +52,52 @@
 This is a hard requirement, not optional polish.
 ===== ITERATION 1 END 2026-05-31T15:44:03+02:00 rc=0 =====
 Output: /shared/german-course/GermanCourse_QC/continuous-4h-vision-plan-20260531-153735-vision-smart-plan/iteration-01.log
-Git status after iteration 1:
- M docs/A1_CURRICULUM_AUDIT.md
- D docs/AI_CINEMATIC_SCRIPTS.md
- D docs/AI_CINEMATIC_SCRIPTS_V3.md
- M docs/AI_CINEMATIC_SCRIPTS_V4.md
- M docs/AI_GENERATION_COSTS.md
- M docs/AI_GENERATION_LOG.md
- D docs/CINEMATIC_VIDEO_SERIES.md
- M docs/COURSE_PLAN_10_10.md
- M docs/EXERCISE_QUALITY_RULES.md
- M docs/GOETHE_A1_EXAM_MAP.md
- M docs/LESSON_BLUEPRINTS_PRIORITY.md
- M docs/MODULE_BLUEPRINTS.md
- M docs/SCRIPT_ARCHITECTURE.md
- M docs/SERIES_ARC_PLAN.md
- M docs/SERIES_FULL_SCRIPT.md
- D docs/VIDEO_PIPELINE_V3.md
- D docs/pilot-video-1-foundation.md
- M docs/scripts/v1-2-2_FULL_SCRIPT.md
- M docs/scripts/v1-4-2_FULL_SCRIPT.md
- M docs/scripts/v1-5-2_FULL_SCRIPT.md
- M docs/scripts/v1-6-1_FULL_SCRIPT.md
- M docs/scripts/v2-2-1_FULL_SCRIPT.md
- M package-lock.json
- M package.json
- M public/sw.js
- D scripts/build-100-prompts.py
- M scripts/cinematic-arc.json
- A scripts/qa_mission_pilot.py
- M src/app/auth/callback/page.tsx
- M src/app/auth/login/page.tsx
- M src/app/auth/signup/page.tsx
- M src/app/error.tsx
- M src/app/games/article-blitz/page.tsx
- M src/app/games/dialogue-dash/page.tsx
- M src/app/games/fill-the-gap/page.tsx
- M src/app/games/food-order/page.tsx
- M src/app/games/greeting-time/page.tsx
- M src/app/games/listen-act/page.tsx
- M src/app/games/number-blitz/page.tsx
- M src/app/games/page.tsx
- M src/app/games/sentence-builder/page.tsx
- M src/app/games/verb-rush/page.tsx
- D src/app/games/word-match/page.tsx
- M src/app/intro/page.tsx
- M src/app/landing/page.tsx
- M src/app/layout.tsx
- M src/app/learn/[moduleId]/[lessonId]/page.tsx
- M src/app/learn/[moduleId]/page.tsx
- M src/app/learn/page.tsx
- A src/app/missions/module-2/_components/MissionUI.tsx
- A src/app/missions/module-2/final-self-intro/page.tsx
- A src/app/missions/module-2/from-kerala/page.tsx
- A src/app/missions/module-2/job-languages/page.tsx
- A src/app/missions/module-2/self-intro/page.tsx
- A src/app/missions/module-2/spell-name/page.tsx
- M src/app/not-found.tsx
- M src/app/onboarding/page.tsx
- M src/app/page.tsx
- M src/app/plan/page.tsx
- M src/app/play/[moduleId]/[lessonId]/page.tsx
- M src/app/practice/chat/page.tsx
- M src/app/practice/conversation/page.tsx
- M src/app/practice/intro/page.tsx
- M src/app/practice/page.tsx
- M src/app/practice/pronunciation/page.tsx
- M src/app/practice/review/page.tsx
- M src/app/practice/shadowing/page.tsx
- M src/app/practice/speak/page.tsx
- M src/app/practice/write/page.tsx
- M src/app/pricing/page.tsx
- M src/app/privacy/page.tsx
- M src/app/profile/page.tsx
- M src/app/scripts/[moduleId]/page.tsx
- M src/app/scripts/page.tsx
… omitted 215 diff line(s) across 1 additional file(s)/section(s)

session_id: 20260531_154634_bd0b3e
Done.

Final plan created:
`/shared/german-course/GermanCourse_QC/adipoli-vision-smart-plan-20260531-1547.md`

Checkpoint updated:
`/shared/german-course/GermanCourse_QC/adipoli-4h-vision-plan-checkpoint.md`

What changed in this iteration:
- Reworked the final artifact into the exact requested 12-section shape.
- Added a concrete verification harness as section 11.
- Added the reusable vision-alignment scorecard as section 12.
- Re-ran evidence checks:
  - TypeScript: PASS
  - Local route 200 checks: PASS
  - `qa_mission_pilot.py`: FAIL on stale intro expectations
  - `qa_gold_slice_first_journey.mjs`: FAIL on stale intro copy/CTA expectations
- Confirmed current repo risk: 262 dirty/untracked entries, so no commit/push should happen as one blob.

Blunt bottom line: the plan now matches Boss’s request. The next real work is not more planning; it is fixing the stale QA/source contract before any UI polish.

Next step: Repair `qa_mission_pilot.py` + `qa_gold_slice_first_journey.mjs`, 45m.
