  ┊ review diff
a//shared/german-course/GermanCourse_QC/adipoli-vision-smart-plan-20260531-1904.md → b//shared/german-course/GermanCourse_QC/adipoli-vision-smart-plan-20260531-1904.md
@@ -47,7 +47,7 @@
 - Commit: `b201d05`.
 - Dirty/untracked status entries: `262`. Do not commit or push this as one blob.
 - Diff scale excluding `GermanCourse_QC/`: 113 changed tracked files, `40117 insertions(+)`, `12439 deletions(-)`. This is inherited loop work plus broad prior churn; separate before any commit.
-- Source inspected across the loop and refreshed in iteration 30: `/`, `/intro`, `/learn`, `/learn/[moduleId]`, all Module 1/2 mission routes, shared `MissionUI`, `src/lib/missions/module1.ts`, `src/lib/missions/module2.ts`, module content structure, audio folders, and QA scripts.
+- Source inspected across the loop and refreshed in iteration 31: `/`, `/intro`, `/learn`, `/learn/[moduleId]`, all Module 1/2 mission routes, shared `MissionUI`, `src/lib/missions/module1.ts`, `src/lib/missions/module2.ts`, module content structure, audio folders, and QA scripts.
 - Current route contract in source: `/` gives compact professional framing; `/intro` gives first-action setup; `/intro` routes to `/missions/module-1/greet-frau-weber`; `/learn` and `/learn/[moduleId]` put the next M1/M2 mission above old lesson queues.
 - Inventory from this loop: 3 Module 1 mission routes, 5 Module 2 mission routes, 18 module content files, 1808 audio files under `public/audio`, and 23 Module 2 mission MP3s in the inspected mission folders.
 - Course-content quick count: 18 module files; lesson/exercise structure is present across all modules, but the audit still needs to prove the production floor per lesson rather than trust raw counts.

session_id: 20260531_190310_66b20b
Done.

Final plan:
`/shared/german-course/GermanCourse_QC/adipoli-vision-smart-plan-20260531-1904.md`

Checkpoint appended:
`/shared/german-course/GermanCourse_QC/adipoli-4h-vision-plan-checkpoint.md`

Verified:
- Final plan has all requested sections 1–12 plus `## Boss summary`.
- Re-ran `python3 scripts/qa_mission_pilot.py`: still FAILs only on stale intro/start-path expectations after mission/audio/meta checks pass.
- Re-ran `ADIPOLI_QA_BASE_URL=http://127.0.0.1:3000 node scripts/qa_module2_production_mobile.mjs`: PASS for all 8 M1/M2 voice-first mobile missions.
- Rechecked git state: 262 dirty/untracked entries, 113 changed tracked files excluding QC; do not commit this as one blob.

Blunt conclusion in the plan:
M1/M2 direction is worth preserving. The immediate trust blocker is stale QA + incomplete course-wide mission/production/audio proof, not another UI polish pass.

Next: Patch stale QA harness, 2h — start there.
