  ┊ review diff
a//tmp/adipoli_finalize_iteration34.py → b//tmp/adipoli_finalize_iteration34.py
@@ -0,0 +1,18 @@
+from pathlib import Path
+src = Path('/shared/german-course/GermanCourse_QC/adipoli-vision-smart-plan-20260531-1907.md')
+dst = Path('/shared/german-course/GermanCourse_QC/adipoli-vision-smart-plan-20260531-1909.md')
+text = src.read_text(encoding='utf-8')
+text = text.replace('Generated: 2026-05-31 19:07 Europe/Berlin', 'Generated: 2026-05-31 19:09 Europe/Berlin')
+text = text.replace('Loop: 4h continuous vision reset, iteration 33 / final synthesis', 'Loop: 4h continuous vision reset, iteration 34 / hard-stop final synthesis')
+text = text.replace('Fresh iteration-33 final verification:', 'Fresh iteration-34 final verification:')
+text = text.replace('- Time checked: `2026-05-31T19:07:35+02:00`.', '- Time checked: `2026-05-31T19:09:14+02:00`.')
+text = text.replace('- Iteration 33 re-run: `python3 scripts/qa_mission_pilot.py` still fails only on stale intro/start-path snippets after audio/text/meta/choice/repair/scene checks pass.', '- Iteration 33 re-run: `python3 scripts/qa_mission_pilot.py` still fails only on stale intro/start-path snippets after audio/text/meta/choice/repair/scene checks pass.\n- Iteration 34 hard-stop refresh: branch/commit/dirty count and diff scale rechecked; unchanged at branch `adipoli-page-by-page-reset-20260523-1802`, commit `b201d05`, `262` dirty/untracked entries, 113 changed tracked files excluding `GermanCourse_QC/`, `40117 insertions(+)`, `12439 deletions(-)`.')
+text = text.replace('## Final iteration 33 addendum', '## Final iteration 34 addendum')
+text = text.replace('No product recommendation changed in the final minutes. The repeated evidence says the same thing:', 'No product recommendation changed at hard stop. The repeated evidence says the same thing:')
+text = text.replace('This plan is the execution contract. Future agents should not start new strategy docs from scratch; they should execute the first 48h lane and report PASS/WEAK/FAIL against the scorecard below.', 'This is the hard-stop execution contract. Future agents should not start new strategy docs from scratch; they should execute the first 48h lane and report PASS/WEAK/FAIL against the scorecard below.')
+dst.write_text(text, encoding='utf-8')
+
+checkpoint = Path('/shared/german-course/GermanCourse_QC/adipoli-4h-vision-plan-checkpoint.md')
+append = '''\n\n---\n\n## Iteration 34 — 2026-05-31T19:09+02:00\n\n### Time/iteration\n- Hard-stop final synthesis refresh.\n\n### Docs/source inspected\n- Re-read latest final artifact `GermanCourse_QC/adipoli-vision-smart-plan-20260531-1907.md`.\n- Re-read checkpoint tail for iterations 32-33.\n- Rechecked live git baseline with `date`, branch, commit, dirty count, and diff scale.\n\n### Vision findings\n- No change: Boss wants a Kerala-rooted, adult-safe, Goethe-serious, audio/production-first mission course, not dashboard polish or another strategy loop.\n- Current first-path contract remains `/` compact professional framing -> `/intro` first action -> Module 1 audio mission.\n\n### Mismatch findings\n- Dirty tree remains broad and high-risk: branch `adipoli-page-by-page-reset-20260523-1802`, commit `b201d05`, 262 dirty/untracked entries, 113 changed tracked files excluding `GermanCourse_QC/`.\n- Stale QA contract remains the first executable blocker; the product direction itself did not change in the final minutes.\n\n### Plan sections drafted/refined\n- Produced hard-stop final artifact with all requested sections 1-12 plus `## Boss summary`.\n- Refreshed timestamp/evidence and marked it as iteration 34 hard-stop final synthesis.\n\n### Final artifact\n- `/shared/german-course/GermanCourse_QC/adipoli-vision-smart-plan-20260531-1909.md`\n\n### Remaining questions/risks\n- Public protagonist name and audio quality bar remain Boss decisions.\n- First build lane must repair QA before more UI polish or Module 3 claims.\n- Paid launch remains blocked until first-path QA, mission coverage beyond M2, production/audio floor, and Goethe checkpoint gates pass.\n\n### Next iteration focus\n- Execute the first 48h lane from the final plan: patch stale QA, browser-prove first path, then harden Module 2 as the gold-standard mission module.\n===== ITERATION 34 END 2026-05-31T19:09:14+02:00 rc=0 =====\n'''
+checkpoint.write_text(checkpoint.read_text(encoding='utf-8') + append, encoding='utf-8')
+print(dst)

session_id: 20260531_190847_ed8774
Done.

Final plan:
`/shared/german-course/GermanCourse_QC/adipoli-vision-smart-plan-20260531-1909.md`

Checkpoint updated:
`/shared/german-course/GermanCourse_QC/adipoli-4h-vision-plan-checkpoint.md`

What changed in final iteration:
- Marked it as iteration 34 hard-stop final synthesis.
- Rechecked live baseline: branch `adipoli-page-by-page-reset-20260523-1802`, commit `b201d05`, 262 dirty/untracked entries, 113 changed tracked files excluding QC.
- Preserved all required sections 1–12 plus `## Boss summary`.
- No source/product code churn added.

Blunt final conclusion:
The current M1/M2 mission-first direction is worth keeping. The next blocker is not UI polish. It is trust: stale QA, incomplete mission coverage beyond M2, and unproven course-wide production/audio floors.

Next: patch stale QA harness, 2h.
