  Ôč│ compacting contextÔÇŽ
  ÔöŐ review diff
a/GermanCourse_QC/adipoli-vision-smart-plan-20260531-1710.md Ôćĺ b/GermanCourse_QC/adipoli-vision-smart-plan-20260531-1710.md
@@ -0,0 +1,820 @@
+# Adipoli German ÔÇö vision-to-SMART execution plan
+
+Generated: 2026-05-31 17:10 Europe/Berlin
+Workdir: `/shared/german-course`
+Loop: 4h continuous vision reset, iteration 12
+
+This is the execution contract. It is not another ÔÇťstrategy vibesÔÇŁ document. The product direction is now clear enough to build against, and future agents should be judged against this plan instead of inventing new UI polish loops.
+
+## Evidence inspected in this reset
+
+Mandatory vision/product docs synthesized:
+- `docs/README.md`
+- `docs/COURSE_OPERATING_BRIEF_2026-05-19.md`
+- `docs/PRODUCT_DIRECTION_RESET_2026-05-20.md`
+- `docs/WHOLE_COURSE_MISSION_SPINE_2026-05-20.md`
+- `docs/AUTONOMOUS_EXECUTION_PLAN_2026-05-21.md`
+- `docs/PREMIUM_QUALITY_BAR_AND_ANTI_HALLUCINATION_PROTOCOL_2026-05-21.md`
+- `docs/COURSE_GOALS_ENGAGEMENT_RETENTION_2026-05-20.md`
+- `docs/COURSE_AUTOMATION_MARKETING_STRATEGY_2026-05-19.md`
+- `docs/A1_STORY_BIBLE.md`
+- `docs/COURSE_PLAN_10_10.md`
+- `docs/GOETHE_A1_EXAM_MAP.md`
+- `docs/EXERCISE_QUALITY_RULES.md`
+- `docs/MODULE_BLUEPRINTS.md`
+- `docs/SCRIPT_ARCHITECTURE.md`
+- `docs/SERIES_ARC_PLAN.md`
+- `docs/SERIES_FULL_SCRIPT.md`
+- `docs/M1_AUDIT_REPORT.md`
+- `docs/M2_M3_SETTING_AUDIT.md`
+- `docs/GAME_AUDIT.md`
+- `docs/LAUNCH_CHECKLIST.md`
+
+Recent QC/run evidence inspected:
+- `GermanCourse_QC/adipoli-4h-vision-plan-checkpoint.md`
+- Iteration plans from this loop, especially the 16:41, 16:52, and 17:01 versions.
+- Recent continuous UI/UX loop checkpoints around conversation-scene-first, text reduction, audio gates, M1/M2 mission routes, and stale QA.
+
+Source inspected enough to judge feasibility:
+- Routes: `src/app/page.tsx`, `src/app/intro/page.tsx`, `src/app/learn/page.tsx`, `src/app/learn/[moduleId]/page.tsx`
+- Mission routes: `src/app/missions/module-1/*/page.tsx`, `src/app/missions/module-2/*/page.tsx`
+- Shared mission UI: `src/app/missions/module-2/_components/MissionUI.tsx`
+- Mission data: `src/lib/missions/module1.ts`, `src/lib/missions/module2.ts`
+- Course content: `src/lib/content/modules/module-01.ts` through `module-18.ts`
+- Audio/media structure: `public/audio/missions/`, `public/audio/hoeren/`, `public/audio/tts/`, `public/videos/`
+- QA scripts: `scripts/qa_mission_pilot.py`, `scripts/qa_gold_slice_first_journey.mjs`, `scripts/qa_intro_start_path.mjs`, `scripts/qa_module2_production_mobile.mjs`
+
+Live checks run in this iteration:
+- Branch: `adipoli-page-by-page-reset-20260523-1802`
+- Commit: `b201d05`
+- Dirty/untracked status entries: 262. Do not commit/push this as one blob.
+- `npx tsc --noEmit --pretty false --incremental false` Ôćĺ PASS.
+- Local route curl checks Ôćĺ HTTP 200 for `/`, `/intro`, `/learn`, `/learn/1`, `/learn/2`, all 3 Module 1 mission routes, all 5 Module 2 mission routes.
+- `ADIPOLI_QA_BASE_URL=http://127.0.0.1:3000 node scripts/qa_module2_production_mobile.mjs` Ôćĺ PASS: 8 voice-first M1/M2 missions, mobile width 390, nav/search hidden, no legacy builders on reviewed path.
+- `python3 scripts/qa_mission_pilot.py` Ôćĺ FAIL on stale intro/start-path expectations: it still expects older snippets like `Greet Frau Weber.`, `Start listening <ArrowRight`, and old constants. This is now a QA-harness mismatch, not proof that the current first path is broken.
+- Browser click path `/` Ôćĺ `/intro` Ôćĺ `/missions/module-1/greet-frau-weber` Ôćĺ PASS.
+- Browser audio proof on first mission: one real `<audio>`, `readyState=4`, `duration=4.752`, `currentTime` advanced after click, `error=null`, button changed to `Pause`.
+- Browser snapshot: `/` is concise, professional, one CTA; `/intro` is short and action-led; first mission route is low-text but still exposes some accessibility/progress text in the tree, so future visual QA must check actual visible screen and not overtrust snapshots.
+
+## 1. Vision reconstruction ÔÇö what Boss is trying to build
+
+Boss is not trying to build ÔÇťGerman lessons in an app.ÔÇŁ
+
+He is trying to build a premium, Kerala-rooted Goethe A1 course for Malayali beginners who want Germany but start with real beginner fear, low confidence, and limited patience for textbook boredom.
+
+Plain version:
+
+Adipoli German should feel like a guided Kerala-to-Germany A1 coach. The learner opens the app, enters a small situation, hears real German, replies aloud or writes something useful, repairs one likely beginner mistake, and leaves with a named ability that helps in Goethe A1 and real life.
+
+The course should feel made for Malayalis:
+- Kerala situations, names, family pressure, Goethe Kochi prep, visa/exam stakes.
+- Manglish-friendly support where it lowers fear.
+- Kuttan as peer/older-cousin companion, not a childish mascot.
+- Germany as dream/future/rehearsal during A1, not a fake physical setting for Kuttan.
+- Serious Goethe A1 readiness underneath the warmth.
+
+The product should not feel like:
+- a dashboard with lessons/games/search/practice tabs fighting for attention;
+- a generic Duolingo clone with Kerala words pasted on top;
ÔÇŽ omitted 742 diff line(s) across 1 additional file(s)/section(s)

session_id: 20260531_170842_7b6a28
Done.

Final plan:
`/shared/german-course/GermanCourse_QC/adipoli-vision-smart-plan-20260531-1710.md`

Checkpoint updated:
`/shared/german-course/GermanCourse_QC/adipoli-4h-vision-plan-checkpoint.md`

Verified:
- `tsc` PASS
- local routes PASS for `/`, `/intro`, `/learn`, `/learn/1`, `/learn/2`, all M1/M2 mission routes
- Module 2 mobile mission QA PASS
- browser path `/` Ôćĺ `/intro` Ôćĺ first M1 mission PASS
- first mission audio browser proof PASS: real audio, `readyState=4`, duration/progress works
- `qa_mission_pilot.py` still FAILS because it has stale first-path/copy expectations ÔÇö called out as the first build blocker

Blunt conclusion in the plan:
The vision is clear. The app is closer than before on M1/M2, but not launch-grade. The next work is not more UI polish; it is QA harness repair, first-path proof, Module 2 gold path hardening, then mission-engine expansion to Modules 3/14/17/18.

Next step: Fix stale QA harness, 2h.
