  ┊ review diff
a//shared/german-course/src/app/missions/module-2/_components/MissionUI.tsx → b//shared/german-course/src/app/missions/module-2/_components/MissionUI.tsx
@@ -1130,11 +1130,14 @@
           <p className="text-sm font-black uppercase tracking-[0.2em] text-[#bcf7d0]">Ability unlocked</p>
           <p className="mt-2 text-2xl font-black">{ability}</p>
         </div>
-        <Module2SequenceStatus currentMissionId={currentMissionId} />
         {children}
-        <ActionRow className="mt-8">
-          <PrimaryButton onClick={onReplay}>Replay mission</PrimaryButton>
-        </ActionRow>
+        <button
+          type="button"
+          onClick={onReplay}
+          className="mt-6 text-sm font-black text-white/45 underline-offset-4 transition hover:text-white/75 hover:underline"
+        >
+          Replay mission
+        </button>
       </div>
       {side}
     </div>
@@ -1152,13 +1155,15 @@
     return (
       <Link
         href={nextHref}
-        className="block rounded-[1.8rem] border border-[#f1d27a]/20 bg-gradient-to-br from-[#f1d27a]/16 to-white/[0.04] p-6 transition hover:border-[#f1d27a]/45 hover:bg-[#f1d27a]/10"
+        className="block rounded-[1.8rem] border border-[#f1d27a]/20 bg-gradient-to-br from-[#f1d27a]/16 to-white/[0.04] p-5 transition hover:border-[#f1d27a]/45 hover:bg-[#f1d27a]/10"
       >
-        <Sparkles className="mb-4 h-9 w-9 text-[#f1d27a]" />
-        <p className="text-sm font-black uppercase tracking-[0.22em] text-[#f1d27a]">Next mission</p>
-        <h3 className="mt-3 text-3xl font-black">{nextMission.title}</h3>
-        <p className="mt-4 leading-7 text-white/68">{nextMission.pull}</p>
-        <span className="mt-5 inline-flex items-center gap-2 font-black text-[#f1d27a]">{nextMission.cta}</span>
+        <Sparkles className="mb-3 h-8 w-8 text-[#f1d27a]" />
+        <p className="text-xs font-black uppercase tracking-[0.2em] text-[#f1d27a]">Next</p>
+        <h3 className="mt-2 text-2xl font-black leading-tight">{nextMission.title}</h3>
+        <p className="sr-only">{nextMission.pull} {nextMission.cta}</p>
+        <span className="mt-5 inline-flex min-h-12 items-center justify-center rounded-2xl bg-[#f1d27a] px-5 text-sm font-black text-[#162416] shadow-lg shadow-[#f1d27a]/15">
+          Start next
+        </span>
       </Link>
     );
   }
@@ -1166,13 +1171,15 @@
   return (
     <Link
       href="/learn/2"
-      className="block rounded-[1.8rem] border border-[#f1d27a]/20 bg-gradient-to-br from-[#f1d27a]/16 to-white/[0.04] p-6 transition hover:border-[#f1d27a]/45 hover:bg-[#f1d27a]/10"
+      className="block rounded-[1.8rem] border border-[#f1d27a]/20 bg-gradient-to-br from-[#f1d27a]/16 to-white/[0.04] p-5 transition hover:border-[#f1d27a]/45 hover:bg-[#f1d27a]/10"
     >
-      <Sparkles className="mb-4 h-9 w-9 text-[#f1d27a]" />
-      <p className="text-sm font-black uppercase tracking-[0.22em] text-[#f1d27a]">Module review</p>
-      <h3 className="mt-3 text-3xl font-black">{finalPull?.title ?? 'Module 2 complete.'}</h3>
-      <p className="mt-4 leading-7 text-white/68">{finalPull?.pull ?? 'Review the five-mission sequence before moving on.'}</p>
-      <span className="mt-5 inline-flex items-center gap-2 font-black text-[#f1d27a]">Review Module 2 path</span>
+      <Sparkles className="mb-3 h-8 w-8 text-[#f1d27a]" />
+      <p className="text-xs font-black uppercase tracking-[0.2em] text-[#f1d27a]">Review</p>
+      <h3 className="mt-2 text-2xl font-black leading-tight">{finalPull?.title ?? 'Module 2 complete.'}</h3>
+      <p className="sr-only">{finalPull?.pull ?? 'Review the five-mission sequence before moving on.'}</p>
+      <span className="mt-5 inline-flex min-h-12 items-center justify-center rounded-2xl bg-[#f1d27a] px-5 text-sm font-black text-[#162416] shadow-lg shadow-[#f1d27a]/15">
+        Review path
+      </span>
     </Link>
   );
 }
@@ -1209,9 +1216,13 @@
           <p className="mt-2 text-2xl font-black">{ability}</p>
         </div>
         {children}
-        <ActionRow className="mt-8">
-          <PrimaryButton onClick={onReplay}>Replay mission</PrimaryButton>
-        </ActionRow>
+        <button
+          type="button"
+          onClick={onReplay}
+          className="mt-6 text-sm font-black text-white/45 underline-offset-4 transition hover:text-white/75 hover:underline"
+        >
+          Replay mission
+        </button>
       </div>
       {side}
… omitted 1 diff line(s) across 1 additional file(s)/section(s)
  ┊ review diff
a//shared/german-course/scripts/qa_mission_pilot.py → b//shared/german-course/scripts/qa_mission_pilot.py
@@ -519,8 +519,8 @@
         "nextMission.pull",
         "finalPull?.title",
         "Next mission",
-        "Module review",
-        "Review Module 2 path",
+        "Start next",
+        "Review path",
         "MODULE2_COMPLETED_MISSIONS_STORAGE_KEY",
         "readCompletedModule2Missions",
         "writeCompletedModule2Mission",
  ┊ review diff
a//shared/german-course/scripts/qa_mission_pilot.py → b//shared/german-course/scripts/qa_mission_pilot.py
@@ -743,7 +743,6 @@
         "<ActionRow className=\"lg:col-span-2\">",
         "export function ProductionStep",
         "export function MissionWinStep",
-        "<Module2SequenceStatus currentMissionId={currentMissionId} />",
         "Replay mission",
         "textareaValue",
         "onTextareaChange",
  ┊ review diff
a//shared/german-course/scripts/qa_mission_pilot.py → b//shared/german-course/scripts/qa_mission_pilot.py
@@ -541,6 +541,8 @@
     ribbon_crowding_hits = [snippet for snippet in ribbon_crowding if snippet in mission_ui]
     if ribbon_crowding_hits:
         fail(f"mission win/ribbon reintroduced duplicate next CTA clutter: {ribbon_crowding_hits}")
+    if "<Module2SequenceStatus currentMissionId={currentMissionId} />" in mission_ui:
+        fail("mission win screen should not duplicate the top sequence ribbon with a second visible M2 progress block")
     for page in MISSION_PAGES:
         src = page.read_text(encoding="utf-8")
         if "module2MissionById" not in src or "module2MissionAudio" not in src:
  ⟳ compacting context…
  ┊ review diff
a//tmp/adipoli_iteration_17_checkpoint.md → b//tmp/adipoli_iteration_17_checkpoint.md
@@ -0,0 +1,16 @@
+
+## 2026-05-30T12:20:49+02:00 — Iteration 17
+
+- Source/docs inspected: course operating brief, product direction reset, whole-course mission spine, autonomous execution plan, premium anti-hallucination protocol; M1/M2 checkpoint history; Module 1/2 mission source and shared mission UI; mission QA guardrails.
+- Files changed: src/app/missions/module-2/_components/MissionUI.tsx, scripts/qa_mission_pilot.py.
+- UX/text reductions made: cleaned the Module 2 win screen by removing the duplicate in-card M2 progress block, demoting Replay mission from a yellow primary CTA to a subtle secondary text action, and simplifying the next-mission card to one short label/title plus Start next. Final Module 2 review card now uses one short Review path action.
+- M1/M2 learner path status: Module 1 sequence and Module 2 five-mission sequence remain guarded by shared data and QA. Module 2 production path still requires hearing native model audio before speak/type unlocks. Win screen now celebrates the ability without competing duplicate progress widgets.
+- Images/video/animation: skipped generated images and video work this run; the higher-leverage fix was reducing win-screen chrome/clutter. No paid/avatar generation. Animation scope unchanged; no frantic beginner games added.
+- QA run + status:
+  - PASS targeted lint/compile: npx eslint src/app/missions/module-2/_components/MissionUI.tsx scripts/qa_mission_pilot.py && python3 -m py_compile scripts/qa_mission_pilot.py exited 0; ESLint only warned that the Python file is ignored.
+  - PASS mission QA: python3 scripts/qa_mission_pilot.py -> PASS: mission pilot QA basics; includes local + Tailscale gold-slice first journey, M1/M2 builder gates, production audio gates, mobile route checks, and source guards.
+  - PASS route reachability: curl 200 for /, /intro, /learn, /learn/1, /learn/2, all 3 Module 1 mission routes, and all 5 Module 2 mission routes.
+  - PASS post-patch visual/browser QA: /missions/module-2/self-intro?adipoliQa=1&adipoliQaStep=6 shows no visible duplicate in-card progress, replay is secondary, next card is concise, and no visible Next.js error/hydration overlay.
+  - WEAK inherited app-wide lint: npm run lint -- --quiet still exits 1 with 99 inherited errors across auth/games/tests/components/remotion/content files; current changed mission UI file passed targeted lint.
+- Kuttan/name recommendation: unchanged. Do not mass-rename. Adult-safe product recommendation remains Arun or Kiran as the public learner name, with Kuttan preserved only as a home nickname/family flavor if Boss approves.
+- Next best lane: apply the same win-screen declutter pattern to Module 1 final mission, then visually QA /missions/module-1/polite-exit on mobile and guard against duplicate/replay-primary regressions.

session_id: 20260530_122020_8c5513
Iteration 17 done.

Changed:
- /shared/german-course/src/app/missions/module-2/_components/MissionUI.tsx
- /shared/german-course/scripts/qa_mission_pilot.py
- /shared/german-course/GermanCourse_QC/adipoli-6h-uiux-m1-m2-checkpoint.md

Product fix made:
- Cleaned the Module 2 win screen.
- Removed duplicate in-card Module 2 progress.
- Made “Replay mission” secondary instead of a yellow primary CTA.
- Simplified the next-mission card to:
  - “Next”
  - mission title
  - “Start next”
- Added QA guard so the duplicate Module 2 win-progress block doesn’t return.

QA:
- PASS targeted lint/compile:
  - npx eslint src/app/missions/module-2/_components/MissionUI.tsx scripts/qa_mission_pilot.py
  - python3 -m py_compile scripts/qa_mission_pilot.py
- PASS full mission QA:
  - python3 scripts/qa_mission_pilot.py
  - Included local + Tailscale gold-slice checks, audio gates, builder gates, mobile route checks.
- PASS curl route checks:
  - /, /intro, /learn, /learn/1, /learn/2
  - all 3 Module 1 mission routes
  - all 5 Module 2 mission routes
- PASS browser visual QA:
  - /missions/module-2/self-intro?adipoliQa=1&adipoliQaStep=6
  - no visible duplicate progress
  - no visible hydration/error overlay
  - next card is concise

Weak/inherited:
- npm run lint -- --quiet still fails with 99 inherited app-wide errors across auth/games/tests/components/remotion/content files.
- The changed mission UI file passed targeted lint.

Kuttan/name note:
- Recommendation unchanged: don’t mass-rename.
- Use Arun or Kiran as the public adult-safe learner name if Boss approves; keep Kuttan as home nickname/family flavor.

Checkpoint appended:
- /shared/german-course/GermanCourse_QC/adipoli-6h-uiux-m1-m2-checkpoint.md

Next best lane: declutter Module 1 final win screen, 45m.
