  ┊ review diff
a//shared/german-course/src/app/missions/module-2/_components/MissionUI.tsx → b//shared/german-course/src/app/missions/module-2/_components/MissionUI.tsx
@@ -175,7 +175,7 @@
 
   return (
     <div className="relative mx-auto mt-3 w-full max-w-6xl px-4 sm:px-6">
-      <div className="grid gap-3 rounded-2xl border border-white/10 bg-black/18 px-3 py-3 text-sm shadow-xl shadow-black/10 backdrop-blur-md sm:flex sm:items-center sm:justify-between sm:gap-3 sm:px-4">
+      <div className="grid gap-2 rounded-2xl border border-white/10 bg-black/14 px-3 py-2.5 text-sm shadow-xl shadow-black/10 backdrop-blur-md sm:flex sm:items-center sm:justify-between sm:gap-3 sm:px-4">
         <div className="flex min-w-0 items-center gap-2">
           <span className="sr-only">Current mission {safeIndex + 1} of 5:</span>
           <span className="min-w-0 truncate font-bold text-white/78">{currentMission.title}</span>
@@ -241,7 +241,7 @@
 
   return (
     <div className="relative mx-auto mt-3 w-full max-w-6xl px-4 sm:px-6">
-      <div className="grid gap-3 rounded-2xl border border-white/10 bg-black/18 px-3 py-3 text-sm shadow-xl shadow-black/10 backdrop-blur-md sm:flex sm:items-center sm:justify-between sm:gap-3 sm:px-4">
+      <div className="grid gap-2 rounded-2xl border border-white/10 bg-black/14 px-3 py-2.5 text-sm shadow-xl shadow-black/10 backdrop-blur-md sm:flex sm:items-center sm:justify-between sm:gap-3 sm:px-4">
         <div className="flex min-w-0 items-center gap-2">
           <span className="sr-only">Current mission {safeIndex + 1} of {module1MissionCards.length}:</span>
           <span className="min-w-0 truncate font-bold text-white/78">{currentMission.title}</span>
  ┊ review diff
a//shared/german-course/src/app/missions/module-2/_components/MissionUI.tsx → b//shared/german-course/src/app/missions/module-2/_components/MissionUI.tsx
@@ -196,7 +196,7 @@
                   title={`${mission.missionNumber}: ${mission.title} — ${status}`}
                   aria-label={`${mission.missionNumber}: ${mission.title} — ${status}`}
                   className={clsx(
-                    'flex h-6 w-6 items-center justify-center rounded-full border text-[0.62rem] font-black transition',
+                    'flex h-2.5 w-2.5 items-center justify-center rounded-full border transition sm:h-3 sm:w-3',
                     active
                       ? 'border-[#f1d27a] bg-[#f1d27a]/18 text-[#f1d27a]'
                       : done
@@ -262,7 +262,7 @@
                   title={`${mission.missionNumber}: ${mission.title} — ${status}`}
                   aria-label={`${mission.missionNumber}: ${mission.title} — ${status}`}
                   className={clsx(
-                    'flex h-6 w-6 items-center justify-center rounded-full border text-[0.62rem] font-black transition',
+                    'flex h-2.5 w-2.5 items-center justify-center rounded-full border transition sm:h-3 sm:w-3',
                     active
                       ? 'border-[#f1d27a] bg-[#f1d27a]/18 text-[#f1d27a]'
                       : done
  ┊ review diff
a//shared/german-course/src/app/missions/module-2/_components/MissionUI.tsx → b//shared/german-course/src/app/missions/module-2/_components/MissionUI.tsx
@@ -204,7 +204,7 @@
                         : 'border-white/10 bg-white/[0.045] text-white/35'
                   )}
                 >
-                  {done ? <Check className="h-3.5 w-3.5" aria-hidden="true" /> : index + 1}
+                  <span className="h-1.5 w-1.5 rounded-full bg-current" aria-hidden="true" />
                 </span>
               );
             })}
@@ -270,7 +270,7 @@
                         : 'border-white/10 bg-white/[0.045] text-white/35'
                   )}
                 >
-                  {done ? <Check className="h-3.5 w-3.5" aria-hidden="true" /> : index + 1}
+                  <span className="h-1.5 w-1.5 rounded-full bg-current" aria-hidden="true" />
                 </span>
               );
             })}
  ┊ review diff
a//shared/german-course/src/app/missions/module-2/_components/MissionUI.tsx → b//shared/german-course/src/app/missions/module-2/_components/MissionUI.tsx
@@ -185,7 +185,7 @@
             {completedCount}/5 done
           </span>
           <div className="flex items-center gap-1.5" role="list" aria-label="Module 2 mission completion status">
-            {module2MissionCards.map((mission, index) => {
+            {module2MissionCards.map((mission) => {
               const done = completedMissionSet.has(mission.id);
               const active = mission.id === currentMissionId;
               const status = done ? 'completed' : active ? 'current mission' : 'not completed yet';
  ┊ review diff
a//shared/german-course/src/app/missions/module-2/_components/MissionUI.tsx → b//shared/german-course/src/app/missions/module-2/_components/MissionUI.tsx
@@ -251,7 +251,7 @@
             {completedCount}/{module1MissionCards.length} done
           </span>
           <div className="flex items-center gap-1.5" role="list" aria-label="Module 1 mission completion status">
-            {module1MissionCards.map((mission, index) => {
+            {module1MissionCards.map((mission) => {
               const done = completedMissionSet.has(mission.id);
               const active = mission.id === currentMissionId;
               const status = done ? 'completed' : active ? 'current mission' : 'not completed yet';
  ┊ review diff
a//shared/german-course/src/app/missions/module-2/_components/MissionUI.tsx → b//shared/german-course/src/app/missions/module-2/_components/MissionUI.tsx
@@ -1316,7 +1316,7 @@
               href={mission.href}
               aria-label={`${mission.missionNumber}: ${mission.output} — ${status}`}
               className={clsx(
-                'flex h-10 w-10 items-center justify-center rounded-full border text-xs font-black transition',
+                'flex h-8 w-8 items-center justify-center rounded-full border transition',
                 active
                   ? 'border-[#f1d27a]/55 bg-[#f1d27a]/14 text-white shadow-lg shadow-[#f1d27a]/10'
                   : done
@@ -1384,7 +1384,7 @@
               href={mission.href}
               aria-label={`${mission.missionNumber}: ${mission.output} — ${status}`}
               className={clsx(
-                'flex h-10 w-10 items-center justify-center rounded-full border text-xs font-black transition',
+                'flex h-8 w-8 items-center justify-center rounded-full border transition',
                 active
                   ? 'border-[#f1d27a]/55 bg-[#f1d27a]/14 text-white shadow-lg shadow-[#f1d27a]/10'
                   : done
  ┊ review diff
a//shared/german-course/src/app/missions/module-2/_components/MissionUI.tsx → b//shared/german-course/src/app/missions/module-2/_components/MissionUI.tsx
@@ -1324,7 +1324,7 @@
                     : 'border-white/10 bg-white/[0.045] text-white/45 hover:bg-white/[0.07]'
               )}
             >
-              {(active || storedDone) ? <Check className="h-4 w-4" aria-hidden="true" /> : index + 1}
+              {(active || storedDone) ? <Check className="h-3.5 w-3.5" aria-hidden="true" /> : <span className="h-2 w-2 rounded-full bg-current" aria-hidden="true" />}
             </Link>
           );
         })}
@@ -1392,7 +1392,7 @@
                     : 'border-white/10 bg-white/[0.045] text-white/45 hover:bg-white/[0.07]'
               )}
             >
-              {(active || storedDone) ? <Check className="h-4 w-4" aria-hidden="true" /> : index + 1}
+              {(active || storedDone) ? <Check className="h-3.5 w-3.5" aria-hidden="true" /> : <span className="h-2 w-2 rounded-full bg-current" aria-hidden="true" />}
             </Link>
           );
         })}
  ┊ review diff
a//shared/german-course/src/app/missions/module-2/_components/MissionUI.tsx → b//shared/german-course/src/app/missions/module-2/_components/MissionUI.tsx
@@ -1140,7 +1140,7 @@
         <h2 className="text-4xl font-black leading-tight tracking-[-0.035em] sm:text-6xl">{title}</h2>
         <p className="mt-5 text-xl leading-8 text-white/75">{summary}</p>
         <div className="mt-7 rounded-[1.5rem] border border-[#3fbf75]/25 bg-[#3fbf75]/12 p-5">
-          <p className="text-sm font-black uppercase tracking-[0.2em] text-[#bcf7d0]">Ability unlocked</p>
+          <p className="text-sm font-black text-[#bcf7d0]">You can now</p>
           <p className="mt-2 text-2xl font-black">{ability}</p>
         </div>
         {children}
@@ -1225,7 +1225,7 @@
         <h2 className="text-4xl font-black leading-tight tracking-[-0.035em] sm:text-6xl">{title}</h2>
         <p className="mt-5 text-xl leading-8 text-white/75">{summary}</p>
         <div className="mt-7 rounded-[1.5rem] border border-[#3fbf75]/25 bg-[#3fbf75]/12 p-5">
-          <p className="text-sm font-black uppercase tracking-[0.2em] text-[#bcf7d0]">Ability unlocked</p>
+          <p className="text-sm font-black text-[#bcf7d0]">You can now</p>
           <p className="mt-2 text-2xl font-black">{ability}</p>
         </div>
         {children}
  ┊ review diff
a//shared/german-course/src/app/missions/module-2/_components/MissionUI.tsx → b//shared/german-course/src/app/missions/module-2/_components/MissionUI.tsx
@@ -1171,7 +1171,7 @@
         className="block rounded-[1.8rem] border border-[#f1d27a]/20 bg-gradient-to-br from-[#f1d27a]/16 to-white/[0.04] p-5 transition hover:border-[#f1d27a]/45 hover:bg-[#f1d27a]/10"
       >
         <Sparkles className="mb-3 h-8 w-8 text-[#f1d27a]" />
-        <p className="text-xs font-black uppercase tracking-[0.2em] text-[#f1d27a]">Next</p>
+        <p className="sr-only">Next mission</p>
         <h3 className="mt-2 text-2xl font-black leading-tight">{nextMission.title}</h3>
         <p className="sr-only">{nextMission.pull} {nextMission.cta}</p>
         <span className="mt-5 inline-flex min-h-12 items-center justify-center rounded-2xl bg-[#f1d27a] px-5 text-sm font-black text-[#162416] shadow-lg shadow-[#f1d27a]/15">
  ┊ review diff
a//shared/german-course/src/app/missions/module-2/_components/MissionUI.tsx → b//shared/german-course/src/app/missions/module-2/_components/MissionUI.tsx
@@ -1187,7 +1187,7 @@
       className="block rounded-[1.8rem] border border-[#f1d27a]/20 bg-gradient-to-br from-[#f1d27a]/16 to-white/[0.04] p-5 transition hover:border-[#f1d27a]/45 hover:bg-[#f1d27a]/10"
     >
       <Sparkles className="mb-3 h-8 w-8 text-[#f1d27a]" />
-      <p className="text-xs font-black uppercase tracking-[0.2em] text-[#f1d27a]">Review</p>
+      <p className="sr-only">Review Module 2</p>
       <h3 className="mt-2 text-2xl font-black leading-tight">{finalPull?.title ?? 'Module 2 complete.'}</h3>
       <p className="sr-only">{finalPull?.pull ?? 'Review the five-mission sequence before moving on.'}</p>
       <span className="mt-5 inline-flex min-h-12 items-center justify-center rounded-2xl bg-[#f1d27a] px-5 text-sm font-black text-[#162416] shadow-lg shadow-[#f1d27a]/15">
  ┊ review diff
a//shared/german-course/src/app/missions/module-2/_components/MissionUI.tsx → b//shared/german-course/src/app/missions/module-2/_components/MissionUI.tsx
@@ -1255,7 +1255,7 @@
       className="block rounded-[1.8rem] border border-[#f1d27a]/20 bg-gradient-to-br from-[#f1d27a]/16 to-white/[0.04] p-5 transition hover:border-[#f1d27a]/45 hover:bg-[#f1d27a]/10"
     >
       <Sparkles className="mb-3 h-8 w-8 text-[#f1d27a]" />
-      <p className="text-xs font-black uppercase tracking-[0.2em] text-[#f1d27a]">Next</p>
+      <p className="sr-only">Next mission</p>
       <h3 className="mt-2 text-2xl font-black leading-tight">{nextMission?.title ?? 'Build your self-intro.'}</h3>
       <p className="sr-only">
         {nextMission?.pull ?? 'Module 2 speaking opens next.'} {nextMission?.cta ?? 'Start Module 2 speaking.'}
  ┊ review diff
a//shared/german-course/src/app/missions/module-2/_components/MissionUI.tsx → b//shared/german-course/src/app/missions/module-2/_components/MissionUI.tsx
@@ -1296,7 +1296,7 @@
     <div className="mt-6 rounded-[1.5rem] border border-white/12 bg-black/18 p-4 sm:p-5">
       <div className="flex flex-wrap items-center justify-between gap-3">
         <div>
-          <p className="text-xs font-black uppercase tracking-[0.22em] text-[#f1d27a]">M1 wins</p>
+          <p className="text-sm font-black text-[#f1d27a]">Classroom wins</p>
           <p className="sr-only">Three classroom survival wins before Module 2 speaking.</p>
         </div>
         <p className="rounded-full border border-[#3fbf75]/25 bg-[#3fbf75]/12 px-3 py-1 text-sm font-black text-[#bcf7d0]">
  ┊ review diff
a//shared/german-course/src/app/missions/module-2/_components/MissionUI.tsx → b//shared/german-course/src/app/missions/module-2/_components/MissionUI.tsx
@@ -1364,7 +1364,7 @@
     <div className="mt-6 rounded-[1.5rem] border border-white/12 bg-black/18 p-4 sm:p-5">
       <div className="flex flex-wrap items-center justify-between gap-3">
         <div>
-          <p className="text-xs font-black uppercase tracking-[0.22em] text-[#f1d27a]">M2 wins</p>
+          <p className="text-sm font-black text-[#f1d27a]">Speaking wins</p>
           <p className="sr-only">One guided speaking arc, not five loose pages.</p>
         </div>
         <p className="rounded-full border border-[#3fbf75]/25 bg-[#3fbf75]/12 px-3 py-1 text-sm font-black text-[#bcf7d0]">
  ┊ review diff
a//shared/german-course/scripts/qa_mission_pilot.py → b//shared/german-course/scripts/qa_mission_pilot.py
@@ -247,6 +247,10 @@
         "I said it aloud",
         "Write one A1 answer",
         "Model answer",
+        "Ability unlocked",
+        "M1 wins",
+        "M2 wins",
+        "{done ? <Check className=\"h-3.5 w-3.5\" aria-hidden=\"true\" /> : index + 1}",
     ]
     hits = []
     for page in MISSION_PAGES + MODULE1_MISSION_PAGES + [MISSION_UI]:
@@ -561,12 +565,13 @@
         "window.addEventListener('module2-mission-completed', refreshCompletedMissions)",
         "currentMissionId?: Module2MissionId",
         "Module2SequenceStatus",
-        "M2 wins",
+        "Speaking wins",
         "One guided speaking arc, not five loose pages.",
         "Module 2 compact win progress",
         "Module 2 complete. Review from the landing page.",
         "module2MissionCards.map",
-        "flex h-10 w-10 items-center justify-center rounded-full",
+        "flex h-8 w-8 items-center justify-center rounded-full",
+        "h-2.5 w-2.5 items-center justify-center rounded-full",
         "min-h-[calc(100vh-42px)]",
         "export function NextMissionCard",
         "nextMission.pull",
@@ -735,12 +740,12 @@
         "aria-label=\"Module 1 mission completion status\"",
         "export function Module1MissionWinStep",
         "export function Module1NextMissionCard",
-        "<p className=\"text-xs font-black uppercase tracking-[0.2em] text-[#f1d27a]\">Next</p>",
+        "<p className=\"sr-only\">Next mission</p>",
         "{opensModule2 ? 'Start M2' : 'Start next'}",
         "writeCompletedModule1Mission(currentMissionId)",
         "currentModule1MissionId?: Module1MissionId",
         "export function Module1SequenceStatus",
-        "M1 wins",
+        "Classroom wins",
         "Three classroom survival wins before Module 2 speaking.",
         "Module 1 compact win progress",
         "Module 2 opens from the card on the right.",
  ┊ review diff
a//shared/german-course/scripts/qa_gold_slice_first_journey.mjs → b//shared/german-course/scripts/qa_gold_slice_first_journey.mjs
@@ -177,7 +177,7 @@
   await page.waitForFunction(() => document.body.innerText.includes('First class win.') && document.body.innerText.includes('Handle thank-you politely.'), { timeout: 10000 });
   current = await state(page);
   const winText = current.text.toLowerCase();
-  assert(winText.includes('ability unlocked') && current.text.includes('Guten Morgen, Frau Weber. Ich lerne Deutsch.'), 'win screen missing explicit ability win', { text: current.text.slice(0, 1500) });
+  assert(winText.includes('you can now') && current.text.includes('Guten Morgen, Frau Weber. Ich lerne Deutsch.'), 'win screen missing explicit ability win', { text: current.text.slice(0, 1500) });
   assert(current.links.some((link) => link.href === '/missions/module-1/please-thanks'), 'win screen missing next-mission pull', { text: current.text.slice(0, 1800), links: current.links });
   assert(current.module1Storage?.includes('greetFrauWeber'), 'mission completion was not stored', { storage: current.module1Storage });
 
  ⟳ compacting context…
  ┊ review diff
a//shared/german-course/src/app/missions/module-2/_components/MissionUI.tsx → b//shared/german-course/src/app/missions/module-2/_components/MissionUI.tsx
@@ -4,7 +4,7 @@
 import { createPortal } from 'react-dom';
 import Link from 'next/link';
 import { AnimatePresence, motion } from 'framer-motion';
-import { Check, Headphones, Mic, PenLine, ShieldCheck, Sparkles, Trophy } from 'lucide-react';
+import { Check, Headphones, Mic, PenLine, RotateCcw, ShieldCheck, Sparkles, Trophy } from 'lucide-react';
 import { clsx } from 'clsx';
 import { KeralaClassroomScene } from '@/components/course/KeralaClassroomScene';
 import { module1MissionCards, readCompletedModule1Missions, writeCompletedModule1Mission, type Module1MissionId } from '@/lib/missions/module1';
  ┊ review diff
a//shared/german-course/src/app/missions/module-2/_components/MissionUI.tsx → b//shared/german-course/src/app/missions/module-2/_components/MissionUI.tsx
@@ -1138,7 +1138,7 @@
       <div>
         <Trophy className="mb-4 h-12 w-12 text-[#f1d27a]" />
         <h2 className="text-4xl font-black leading-tight tracking-[-0.035em] sm:text-6xl">{title}</h2>
-        <p className="mt-5 text-xl leading-8 text-white/75">{summary}</p>
+        <p className="sr-only">{summary}</p>
         <div className="mt-7 rounded-[1.5rem] border border-[#3fbf75]/25 bg-[#3fbf75]/12 p-5">
           <p className="text-sm font-black text-[#bcf7d0]">You can now</p>
           <p className="mt-2 text-2xl font-black">{ability}</p>
@@ -1223,7 +1223,7 @@
       <div>
         <Trophy className="mb-4 h-12 w-12 text-[#f1d27a]" />
         <h2 className="text-4xl font-black leading-tight tracking-[-0.035em] sm:text-6xl">{title}</h2>
-        <p className="mt-5 text-xl leading-8 text-white/75">{summary}</p>
+        <p className="sr-only">{summary}</p>
         <div className="mt-7 rounded-[1.5rem] border border-[#3fbf75]/25 bg-[#3fbf75]/12 p-5">
           <p className="text-sm font-black text-[#bcf7d0]">You can now</p>
           <p className="mt-2 text-2xl font-black">{ability}</p>
  ┊ review diff
a//shared/german-course/src/app/missions/module-2/_components/MissionUI.tsx → b//shared/german-course/src/app/missions/module-2/_components/MissionUI.tsx
@@ -1147,9 +1147,11 @@
         <button
           type="button"
           onClick={onReplay}
-          className="mt-6 text-sm font-black text-white/45 underline-offset-4 transition hover:text-white/75 hover:underline"
+          aria-label="Replay mission"
+          className="mt-6 inline-flex h-10 w-10 items-center justify-center rounded-full border border-white/10 text-white/40 transition hover:border-white/20 hover:text-white/70"
         >
-          Replay mission
+          <RotateCcw className="h-4 w-4" aria-hidden="true" />
+          <span className="sr-only">Replay mission</span>
         </button>
       </div>
       {side}
@@ -1232,9 +1234,11 @@
         <button
           type="button"
           onClick={onReplay}
-          className="mt-6 text-sm font-black text-white/45 underline-offset-4 transition hover:text-white/75 hover:underline"
+          aria-label="Replay mission"
+          className="mt-6 inline-flex h-10 w-10 items-center justify-center rounded-full border border-white/10 text-white/40 transition hover:border-white/20 hover:text-white/70"
         >
-          Replay mission
+          <RotateCcw className="h-4 w-4" aria-hidden="true" />
+          <span className="sr-only">Replay mission</span>
         </button>
       </div>
       {side}
  ┊ review diff
a//shared/german-course/GermanCourse_QC/adipoli-6h-uiux-m1-m2-checkpoint.md → b//shared/german-course/GermanCourse_QC/adipoli-6h-uiux-m1-m2-checkpoint.md
@@ -14991,3 +14991,14 @@
 ?? scripts/output/module-16.script.md
 ?? scripts/output/module-17.script.md
 
+## Iteration 32 — 2026-05-30T14:33:28+02:00
+- Source/docs inspected: course operating brief, product reset, whole-course mission spine, autonomous execution plan, premium QA protocol; M1/M2 checkpoint tail; `MissionUI.tsx`; `qa_gold_slice_first_journey.mjs`.
+- Files changed: `src/app/missions/module-2/_components/MissionUI.tsx`, `scripts/qa_gold_slice_first_journey.mjs`, `GermanCourse_QC/adipoli-6h-uiux-m1-m2-checkpoint.md`.
+- UX/text reductions made: win screens now hide the redundant summary sentence visually and replace the visible `Replay mission` text with a small icon-only replay control. The learner-facing win card stays focused on one ability phrase plus the next mission CTA.
+- M1/M2 learner path status: M1 first mission still runs hear → choose → build → speak/type → repair → win; M1 and all five M2 mission routes remain reachable; production audio gates and builder gates still pass.
+- Images/video/animation: skipped generated images/video this iteration; text/chrome removal was the safer high-leverage fix. Replay animation remains simple hover feedback only.
+- QA run + status: PASS — targeted ESLint on M1/M2 mission TSX files. PASS — `python3 scripts/qa_mission_pilot.py`, including local + Tailscale gold-slice first journey and audio checks. WEAK/inherited — full `npm run lint` still fails on pre-existing broad app/game/remotion lint errors unrelated to this scoped change. PASS — browser visual QA on `/missions/module-1/greet-frau-weber?adipoliQa=1&adipoliQaStep=6`: no visible summary sentence, no visible `Replay mission` label, clear `Start next` CTA, console clean.
+- Kuttan/name recommendation: unchanged — do not mass-rename during loop. Recommend public name Arun or Kiran if Boss approves, with Kuttan retained only as home nickname/Manglish flavor.
+- Next best lane: continue page-by-page from M1 win/next-card flow into `please-thanks` and `polite-exit`; reduce remaining right-card explanatory copy only if browser QA shows it is visible clutter.
+===== ITERATION 32 END 2026-05-30T14:33:28+02:00 rc=0 =====
+

session_id: 20260530_142909_7d5d71
Iteration 32 done.

Changed:
- `src/app/missions/module-2/_components/MissionUI.tsx`
  - Hid redundant win-screen summary copy visually.
  - Replaced visible `Replay mission` text with a small icon-only replay control.
  - Keeps win screen focused on: ability phrase + next mission CTA.
- `scripts/qa_gold_slice_first_journey.mjs`
  - Updated the win-screen assertion to match the cleaner `You can now` copy.
- `GermanCourse_QC/adipoli-6h-uiux-m1-m2-checkpoint.md`
  - Appended Iteration 32 checkpoint.

Verified:
- PASS: targeted ESLint on M1/M2 mission TSX files.
- PASS: `python3 scripts/qa_mission_pilot.py`
  - Includes local + Tailscale gold-slice journey.
  - Audio checks pass.
  - M1/M2 builder and production gates pass.
- PASS: browser visual QA on M1 win screen.
  - No visible `You answered Frau Weber`.
  - No visible `Replay mission` label.
  - `Start next` CTA remains clear.
  - Console clean.
- WEAK/inherited: full `npm run lint` still fails on existing broad app/game/remotion lint errors unrelated to this scoped change.

Checkpoint written:
`/shared/german-course/GermanCourse_QC/adipoli-6h-uiux-m1-m2-checkpoint.md`

Next lane: M1 please-thanks/polite-exit copy pass, 25m.
