  ┊ review diff
a//shared/german-course/src/app/missions/module-2/_components/MissionUI.tsx → b//shared/german-course/src/app/missions/module-2/_components/MissionUI.tsx
@@ -3,7 +3,7 @@
 import { useEffect, useRef, useState } from 'react';
 import { createPortal } from 'react-dom';
 import Link from 'next/link';
-import { AnimatePresence, motion } from 'framer-motion';
+import { AnimatePresence, motion, useReducedMotion } from 'framer-motion';
 import { Check, Headphones, Mic, PenLine, RotateCcw, ShieldCheck, Sparkles, Trophy } from 'lucide-react';
 import { clsx } from 'clsx';
 import { KeralaClassroomScene } from '@/components/course/KeralaClassroomScene';
  ┊ review diff
a//shared/german-course/src/app/missions/module-2/_components/MissionUI.tsx → b//shared/german-course/src/app/missions/module-2/_components/MissionUI.tsx
@@ -135,6 +135,8 @@
 }
 
 function ProgressRail({ currentStep, steps, label }: { currentStep: number; steps: string[]; label: string }) {
+  const shouldReduceMotion = useReducedMotion();
+
   return (
     <div className="mx-auto w-full max-w-6xl px-4 pt-4 sm:px-6">
       <div className="sr-only">
@@ -145,7 +147,7 @@
           className="h-full rounded-full bg-gradient-to-r from-[#c9912c] via-[#f1d27a] to-[#3fbf75]"
           initial={false}
           animate={{ width: `${((currentStep + 1) / steps.length) * 100}%` }}
-          transition={{ duration: 0.35, ease: 'easeOut' }}
+          transition={shouldReduceMotion ? { duration: 0 } : { duration: 0.35, ease: 'easeOut' }}
         />
       </div>
     </div>
  ┊ review diff
a//shared/german-course/src/app/missions/module-2/_components/MissionUI.tsx → b//shared/german-course/src/app/missions/module-2/_components/MissionUI.tsx
@@ -304,6 +304,7 @@
   currentModule1MissionId?: Module1MissionId;
 }) {
   const isBlue = tone === 'blue';
+  const shouldReduceMotion = useReducedMotion();
 
   return (
     <section className={clsx('min-h-screen overflow-hidden text-[#fff8ea]', isBlue ? 'bg-[#101b26]' : 'bg-[#102018]')}>
  ┊ review diff
a//shared/german-course/src/app/missions/module-2/_components/MissionUI.tsx → b//shared/german-course/src/app/missions/module-2/_components/MissionUI.tsx
@@ -335,10 +335,10 @@
         <AnimatePresence mode="wait">
           <motion.section
             key={currentStep}
-            initial={{ opacity: 0, y: 14 }}
-            animate={{ opacity: 1, y: 0 }}
-            exit={{ opacity: 0, y: -10 }}
-            transition={{ duration: 0.22, ease: 'easeOut' }}
+            initial={shouldReduceMotion ? false : { opacity: 0, y: 14 }}
+            animate={shouldReduceMotion ? { opacity: 1 } : { opacity: 1, y: 0 }}
+            exit={shouldReduceMotion ? { opacity: 1 } : { opacity: 0, y: -10 }}
+            transition={shouldReduceMotion ? { duration: 0 } : { duration: 0.22, ease: 'easeOut' }}
             className="w-full"
           >
             {children}
  ┊ review diff
a//shared/german-course/scripts/qa_mission_pilot.py → b//shared/german-course/scripts/qa_mission_pilot.py
@@ -1281,6 +1281,23 @@
         print(result.stdout.strip())
 
 
+def assert_mission_motion_respects_preferences() -> None:
+    mission_ui = MISSION_UI.read_text(encoding="utf-8")
+    required = [
+        "import { AnimatePresence, motion, useReducedMotion } from 'framer-motion';",
+        "const shouldReduceMotion = useReducedMotion();",
+        "transition={shouldReduceMotion ? { duration: 0 } : { duration: 0.35, ease: 'easeOut' }}",
+        "initial={shouldReduceMotion ? false : { opacity: 0, y: 14 }}",
+        "animate={shouldReduceMotion ? { opacity: 1 } : { opacity: 1, y: 0 }}",
+        "exit={shouldReduceMotion ? { opacity: 1 } : { opacity: 0, y: -10 }}",
+        "transition={shouldReduceMotion ? { duration: 0 } : { duration: 0.22, ease: 'easeOut' }}",
+    ]
+    missing = [snippet for snippet in required if snippet not in mission_ui]
+    if missing:
+        fail(f"mission motion must honor prefers-reduced-motion: {missing}")
+    print("mission_motion=reduced_motion_safe")
+
+
 def assert_routes_reachable() -> None:
     for base in BASE_URLS:
         for path in ROUTE_PATHS:
  ┊ review diff
a//shared/german-course/scripts/qa_mission_pilot.py → b//shared/german-course/scripts/qa_mission_pilot.py
@@ -1334,6 +1334,7 @@
     assert_completed_ability_landings_browser_guard()
     assert_m1_m2_builder_browser_guard()
     assert_gold_slice_first_journey_browser_guard()
+    assert_mission_motion_respects_preferences()
     assert_routes_reachable()
     print("PASS: mission pilot QA basics")
 
  ┊ review diff
a//shared/german-course/src/app/missions/module-2/_components/MissionUI.tsx → b//shared/german-course/src/app/missions/module-2/_components/MissionUI.tsx
@@ -335,7 +335,7 @@
         <AnimatePresence mode="wait">
           <motion.section
             key={currentStep}
-            initial={shouldReduceMotion ? false : { opacity: 0, y: 14 }}
+            initial={false}
             animate={shouldReduceMotion ? { opacity: 1 } : { opacity: 1, y: 0 }}
             exit={shouldReduceMotion ? { opacity: 1 } : { opacity: 0, y: -10 }}
             transition={shouldReduceMotion ? { duration: 0 } : { duration: 0.22, ease: 'easeOut' }}
  ┊ review diff
a//shared/german-course/scripts/qa_mission_pilot.py → b//shared/german-course/scripts/qa_mission_pilot.py
@@ -1287,7 +1287,7 @@
         "import { AnimatePresence, motion, useReducedMotion } from 'framer-motion';",
         "const shouldReduceMotion = useReducedMotion();",
         "transition={shouldReduceMotion ? { duration: 0 } : { duration: 0.35, ease: 'easeOut' }}",
-        "initial={shouldReduceMotion ? false : { opacity: 0, y: 14 }}",
+        "initial={false}",
         "animate={shouldReduceMotion ? { opacity: 1 } : { opacity: 1, y: 0 }}",
         "exit={shouldReduceMotion ? { opacity: 1 } : { opacity: 0, y: -10 }}",
         "transition={shouldReduceMotion ? { duration: 0 } : { duration: 0.22, ease: 'easeOut' }}",
