  ┊ review diff
a//shared/german-course/src/app/missions/module-2/_components/MissionUI.tsx → b//shared/german-course/src/app/missions/module-2/_components/MissionUI.tsx
@@ -1239,14 +1239,17 @@
   return (
     <Link
       href={href}
-      className="block rounded-[1.8rem] border border-[#f1d27a]/20 bg-gradient-to-br from-[#f1d27a]/16 to-white/[0.04] p-6 transition hover:border-[#f1d27a]/45 hover:bg-[#f1d27a]/10"
+      className="block rounded-[1.8rem] border border-[#f1d27a]/20 bg-gradient-to-br from-[#f1d27a]/16 to-white/[0.04] p-5 transition hover:border-[#f1d27a]/45 hover:bg-[#f1d27a]/10"
     >
-      <Sparkles className="mb-4 h-9 w-9 text-[#f1d27a]" />
-      <p className="text-sm font-black uppercase tracking-[0.22em] text-[#f1d27a]">Next</p>
-      <h3 className="mt-3 text-3xl font-black">{nextMission?.title ?? 'Build your self-intro.'}</h3>
-      {opensModule2 && <span className="sr-only">Opens the examiner audio directly.</span>}
-      <span className="mt-5 inline-flex items-center gap-2 font-black text-[#f1d27a]">
-        {nextMission?.cta ?? 'Start Module 2 speaking'}
+      <Sparkles className="mb-3 h-8 w-8 text-[#f1d27a]" />
+      <p className="text-xs font-black uppercase tracking-[0.2em] text-[#f1d27a]">Next</p>
+      <h3 className="mt-2 text-2xl font-black leading-tight">{nextMission?.title ?? 'Build your self-intro.'}</h3>
+      <p className="sr-only">
+        {nextMission?.pull ?? 'Module 2 speaking opens next.'} {nextMission?.cta ?? 'Start Module 2 speaking.'}
+        {opensModule2 ? ' Opens the examiner audio directly.' : ''}
+      </p>
+      <span className="mt-5 inline-flex min-h-12 items-center justify-center rounded-2xl bg-[#f1d27a] px-5 text-sm font-black text-[#162416] shadow-lg shadow-[#f1d27a]/15">
+        {opensModule2 ? 'Start M2' : 'Start next'}
       </span>
     </Link>
   );
  ┊ review diff
a//shared/german-course/scripts/qa_mission_pilot.py → b//shared/german-course/scripts/qa_mission_pilot.py
@@ -672,7 +672,8 @@
         "aria-label=\"Module 1 mission completion status\"",
         "export function Module1MissionWinStep",
         "export function Module1NextMissionCard",
-        "<p className=\"text-sm font-black uppercase tracking-[0.22em] text-[#f1d27a]\">Next</p>",
+        "<p className=\"text-xs font-black uppercase tracking-[0.2em] text-[#f1d27a]\">Next</p>",
+        "{opensModule2 ? 'Start M2' : 'Start next'}",
         "writeCompletedModule1Mission(currentMissionId)",
         "currentModule1MissionId?: Module1MissionId",
         "export function Module1SequenceStatus",
  ┊ review diff
a//shared/german-course/scripts/qa_mission_pilot.py → b//shared/german-course/scripts/qa_mission_pilot.py
@@ -685,7 +685,12 @@
     missing_module1_shared = [snippet for snippet in required_module1_shared if snippet not in mission_ui]
     if missing_module1_shared:
         fail(f"shared Module 1 sequence UI missing snippets: {missing_module1_shared}")
-    module1_crowding = ["Continue sequence: {nextMission?.cta ?? 'Open Module 2'}", "<span className=\"hidden sm:inline\">Next: {nextMission?.title ?? 'Module 2'}</span>"]
+    module1_crowding = [
+        "Continue sequence: {nextMission?.cta ?? 'Open Module 2'}",
+        "<span className=\"hidden sm:inline\">Next: {nextMission?.title ?? 'Module 2'}</span>",
+        "className=\"mt-5 inline-flex items-center gap-2 font-black text-[#f1d27a]\"",
+        "{nextMission?.cta ?? 'Start Module 2 speaking'}",
+    ]
     module1_crowding_hits = [snippet for snippet in module1_crowding if snippet in mission_ui]
     if module1_crowding_hits:
         fail(f"Module 1 win/ribbon reintroduced duplicate next CTA clutter: {module1_crowding_hits}")
  ┊ review diff
a//shared/german-course/GermanCourse_QC/adipoli-6h-uiux-m1-m2-checkpoint.md → b//shared/german-course/GermanCourse_QC/adipoli-6h-uiux-m1-m2-checkpoint.md
@@ -11658,6 +11658,6 @@
   - PASS route reachability: curl 200 for `/`, `/intro`, `/learn`, `/learn/1`, `/learn/2`, all 3 Module 1 mission routes, and `/missions/module-2/self-intro`.
   - PASS browser visual QA: `/missions/module-1/polite-exit?adipoliQa=1&adipoliQaStep=6` shows a clean final win screen; next card visually shows only `NEXT`, `Introduce yourself in the Goethe room.`, and `Start M2`; no hydration/error overlay; console has no JS errors.
   - PASS browser click QA: clicked the final M1 next card and confirmed route changed to `/missions/module-2/self-intro?start=listen` with the listen step visible.
-  - WEAK inherited app-wide lint remains from prior runs; current changed files pass targeted lint.
+  - WEAK inherited app-wide lint: `npm run lint -- --quiet` still exits 1 with 99 existing errors across auth/games/tests/components/remotion/content; current changed files pass targeted lint.
 - Kuttan/name recommendation: unchanged. Do not mass-rename. Adult-safe recommendation remains Arun or Kiran as public learner name, keeping Kuttan only as home nickname/family flavor if Boss approves.
 - Next best lane: inspect Module 1 and Module 2 mobile first screens for any remaining visible status/ribbon clutter, then cut one more repeated label if found.

session_id: 20260530_122250_c7010b
Iteration 18 done.

Changed:
- /shared/german-course/src/app/missions/module-2/_components/MissionUI.tsx
- /shared/german-course/scripts/qa_mission_pilot.py
- /shared/german-course/GermanCourse_QC/adipoli-6h-uiux-m1-m2-checkpoint.md

Product fix made:
- Decluttered the Module 1 final win next-card.
- The visible next card now shows only:
  - NEXT
  - Introduce yourself in the Goethe room.
  - Start M2
- Longer pull/CTA copy moved to sr-only, so accessibility keeps context without adding visual clutter.
- M1 final card now visually matches the cleaner Module 2 win-card pattern.
- Added QA guard against the old visible CTA/text-heavy card style returning.

QA:
- PASS targeted lint/compile:
  - npx eslint src/app/missions/module-2/_components/MissionUI.tsx
  - python3 -m py_compile scripts/qa_mission_pilot.py
- PASS full mission QA:
  - python3 scripts/qa_mission_pilot.py
  - Includes local + Tailscale gold-slice checks, M1/M2 builder gates, audio gates, mobile route checks.
- PASS route reachability:
  - /, /intro, /learn, /learn/1, /learn/2
  - all 3 Module 1 mission routes
  - /missions/module-2/self-intro
- PASS browser visual QA:
  - /missions/module-1/polite-exit?adipoliQa=1&adipoliQaStep=6
  - visually clean final win screen
  - next card is short
  - no hydration overlay
  - no JS errors
- PASS browser click QA:
  - clicked final M1 next card
  - confirmed route changed to /missions/module-2/self-intro?start=listen
  - confirmed Module 2 listen step is visible

Weak/inherited:
- npm run lint -- --quiet still fails with 99 inherited errors across auth/games/tests/components/remotion/content.
- Current changed files pass targeted lint.

Kuttan/name note:
- Recommendation unchanged: do not mass-rename.
- Use Arun or Kiran as the public adult-safe learner name if Boss approves; keep Kuttan as home nickname/family flavor.

Checkpoint appended:
- /shared/german-course/GermanCourse_QC/adipoli-6h-uiux-m1-m2-checkpoint.md

Next lane: inspect M1/M2 mobile first screens, 45m.
